order= 3 nref= 1 baseN(quad=False)=6 | ndofs=  171116 | rel_resid[31]=8.83e-12 | overall_time(s)=2.494e+01 warm_time(s)=1.015e+01
order= 3 nref= 2 baseN(quad=False)=6 | ndofs=  683150 | rel_resid[30]=9.53e-12 | overall_time(s)=9.467e+01 warm_time(s)=4.296e+01
order= 3 nref= 3 baseN(quad=False)=6 | ndofs= 2729978 | rel_resid[30]=7.16e-12 | overall_time(s)=3.877e+02 warm_time(s)=1.785e+02
order= 4 nref= 1 baseN(quad=False)=6 | ndofs=  296338 | rel_resid[29]=6.01e-12 | overall_time(s)=2.345e+01 warm_time(s)=1.008e+01
order= 4 nref= 2 baseN(quad=False)=6 | ndofs= 1183602 | rel_resid[28]=9.78e-12 | overall_time(s)=9.622e+01 warm_time(s)=4.385e+01
order= 4 nref= 3 baseN(quad=False)=6 | ndofs= 4730914 | rel_resid[28]=7.22e-12 | overall_time(s)=4.088e+02 warm_time(s)=1.811e+02
order= 5 nref= 1 baseN(quad=False)=5 | ndofs=  244642 | rel_resid[29]=5.49e-12 | overall_time(s)=1.526e+01 warm_time(s)=6.432e+00
order= 5 nref= 2 baseN(quad=False)=5 | ndofs=  976962 | rel_resid[28]=8.43e-12 | overall_time(s)=6.073e+01 warm_time(s)=2.744e+01
order= 5 nref= 3 baseN(quad=False)=5 | ndofs= 3904642 | rel_resid[28]=6.06e-12 | overall_time(s)=2.577e+02 warm_time(s)=1.161e+02
order= 6 nref= 1 baseN(quad=False)=4 | ndofs=  190850 | rel_resid[29]=5.49e-12 | overall_time(s)=1.146e+01 warm_time(s)=4.559e+00
order= 6 nref= 2 baseN(quad=False)=4 | ndofs=  762002 | rel_resid[29]=4.46e-12 | overall_time(s)=4.339e+01 warm_time(s)=1.944e+01
order= 6 nref= 3 baseN(quad=False)=4 | ndofs= 3045218 | rel_resid[29]=3.33e-12 | overall_time(s)=2.290e+02 warm_time(s)=7.785e+01
order= 7 nref= 1 baseN(quad=False)=4 | ndofs=  257686 | rel_resid[28]=9.94e-12 | overall_time(s)=1.526e+01 warm_time(s)=5.858e+00
order= 7 nref= 2 baseN(quad=False)=4 | ndofs= 1029114 | rel_resid[29]=3.48e-12 | overall_time(s)=5.590e+01 warm_time(s)=2.466e+01
order= 7 nref= 3 baseN(quad=False)=4 | ndofs= 4113202 | rel_resid[28]=9.06e-12 | overall_time(s)=2.771e+02 warm_time(s)=9.405e+01
order= 8 nref= 1 baseN(quad=False)=4 | ndofs=  334530 | rel_resid[28]=7.80e-12 | overall_time(s)=1.868e+01 warm_time(s)=7.700e+00
order= 8 nref= 2 baseN(quad=False)=4 | ndofs= 1336258 | rel_resid[28]=8.17e-12 | overall_time(s)=6.983e+01 warm_time(s)=3.061e+01
order= 8 nref= 3 baseN(quad=False)=4 | ndofs= 5341314 | rel_resid[28]=7.15e-12 | overall_time(s)=3.885e+02 warm_time(s)=1.245e+02
order= 9 nref= 1 baseN(quad=False)=3 | ndofs=  215462 | rel_resid[28]=4.86e-12 | overall_time(s)=1.407e+01 warm_time(s)=5.486e+00
order= 9 nref= 2 baseN(quad=False)=3 | ndofs=  860330 | rel_resid[28]=3.96e-12 | overall_time(s)=4.960e+01 warm_time(s)=2.130e+01
order= 9 nref= 3 baseN(quad=False)=3 | ndofs= 3438290 | rel_resid[28]=2.78e-12 | overall_time(s)=2.196e+02 warm_time(s)=8.241e+01
order=10 nref= 1 baseN(quad=False)=3 | ndofs=  264962 | rel_resid[28]=4.15e-12 | overall_time(s)=1.970e+01 warm_time(s)=7.617e+00
order=10 nref= 2 baseN(quad=False)=3 | ndofs= 1058162 | rel_resid[28]=3.22e-12 | overall_time(s)=6.530e+01 warm_time(s)=2.807e+01
order=10 nref= 3 baseN(quad=False)=3 | ndofs= 4229282 | rel_resid[27]=8.79e-12 | overall_time(s)=2.809e+02 warm_time(s)=1.057e+02
Overall run-time: 0h 54min 6s
