order= 3 nref= 1 baseN(quad=False)=51 | ndofs=  230523 | rel_resid[11]=6.96e-12 | overall_time(s)=1.123e+01 warm_time(s)=2.473e+00
order= 3 nref= 2 baseN(quad=False)=51 | ndofs=  918819 | rel_resid[11]=6.30e-12 | overall_time(s)=3.183e+01 warm_time(s)=8.188e+00
order= 3 nref= 3 baseN(quad=False)=51 | ndofs= 3668739 | rel_resid[11]=7.07e-12 | overall_time(s)=1.075e+03 warm_time(s)=3.302e+01
order= 4 nref= 1 baseN(quad=False)=39 | ndofs=  251163 | rel_resid[11]=2.57e-12 | overall_time(s)=7.191e+00 warm_time(s)=1.618e+00
order= 4 nref= 2 baseN(quad=False)=39 | ndofs= 1001211 | rel_resid[11]=2.00e-12 | overall_time(s)=2.563e+01 warm_time(s)=6.852e+00
order= 4 nref= 3 baseN(quad=False)=39 | ndofs= 3997971 | rel_resid[11]=2.60e-12 | overall_time(s)=5.428e+02 warm_time(s)=2.575e+01
order= 5 nref= 1 baseN(quad=False)=31 | ndofs=  255443 | rel_resid[11]=8.42e-12 | overall_time(s)=6.332e+00 warm_time(s)=1.488e+00
order= 5 nref= 2 baseN(quad=False)=31 | ndofs= 1018291 | rel_resid[11]=8.16e-12 | overall_time(s)=2.192e+01 warm_time(s)=6.078e+00
order= 5 nref= 3 baseN(quad=False)=31 | ndofs= 4066211 | rel_resid[12]=1.41e-12 | overall_time(s)=3.779e+02 warm_time(s)=2.394e+01
order= 6 nref= 1 baseN(quad=False)=26 | ndofs=  264059 | rel_resid[11]=6.60e-12 | overall_time(s)=7.805e+00 warm_time(s)=1.754e+00
order= 6 nref= 2 baseN(quad=False)=26 | ndofs= 1052691 | rel_resid[11]=6.70e-12 | overall_time(s)=2.343e+01 warm_time(s)=6.536e+00
order= 6 nref= 3 baseN(quad=False)=26 | ndofs= 4203683 | rel_resid[11]=9.64e-12 | overall_time(s)=2.904e+02 warm_time(s)=2.370e+01
order= 7 nref= 1 baseN(quad=False)=22 | ndofs=  261187 | rel_resid[12]=8.53e-12 | overall_time(s)=8.839e+00 warm_time(s)=2.002e+00
order= 7 nref= 2 baseN(quad=False)=22 | ndofs= 1041219 | rel_resid[12]=4.73e-12 | overall_time(s)=2.627e+01 warm_time(s)=7.343e+00
order= 7 nref= 3 baseN(quad=False)=22 | ndofs= 4157827 | rel_resid[12]=5.84e-12 | overall_time(s)=2.483e+02 warm_time(s)=2.760e+01
order= 8 nref= 1 baseN(quad=False)=20 | ndofs=  285043 | rel_resid[13]=1.72e-12 | overall_time(s)=1.224e+01 warm_time(s)=2.668e+00
order= 8 nref= 2 baseN(quad=False)=20 | ndofs= 1136483 | rel_resid[12]=7.67e-12 | overall_time(s)=3.828e+01 warm_time(s)=8.426e+00
order= 8 nref= 3 baseN(quad=False)=20 | ndofs= 4538563 | rel_resid[12]=8.39e-12 | overall_time(s)=2.490e+02 warm_time(s)=3.311e+01
order= 9 nref= 1 baseN(quad=False)=18 | ndofs=  294771 | rel_resid[14]=1.81e-12 | overall_time(s)=1.366e+01 warm_time(s)=3.232e+00
order= 9 nref= 2 baseN(quad=False)=18 | ndofs= 1175331 | rel_resid[13]=8.06e-12 | overall_time(s)=4.539e+01 warm_time(s)=1.073e+01
order= 9 nref= 3 baseN(quad=False)=18 | ndofs= 4693827 | rel_resid[14]=1.80e-12 | overall_time(s)=2.771e+02 warm_time(s)=4.594e+01
order=10 nref= 1 baseN(quad=False)=16 | ndofs=  289603 | rel_resid[14]=4.57e-12 | overall_time(s)=1.448e+01 warm_time(s)=3.726e+00
order=10 nref= 2 baseN(quad=False)=16 | ndofs= 1154691 | rel_resid[14]=4.75e-12 | overall_time(s)=5.307e+01 warm_time(s)=1.355e+01
order=10 nref= 3 baseN(quad=False)=16 | ndofs= 4611331 | rel_resid[14]=6.81e-12 | overall_time(s)=2.677e+02 warm_time(s)=5.143e+01
Overall run-time: 1h 5min 27s
