order= 3 nref= 1 baseN(quad=False)=51 | ndofs=  230523 | rel_resid[10]=2.98e-12 | overall_time(s)=1.061e+01 warm_time(s)=2.548e+00
order= 3 nref= 2 baseN(quad=False)=51 | ndofs=  918819 | rel_resid[10]=2.78e-12 | overall_time(s)=3.311e+01 warm_time(s)=9.008e+00
order= 3 nref= 3 baseN(quad=False)=51 | ndofs= 3668739 | rel_resid[10]=5.01e-12 | overall_time(s)=1.070e+03 warm_time(s)=3.566e+01
order= 4 nref= 1 baseN(quad=False)=39 | ndofs=  251163 | rel_resid[ 8]=6.67e-12 | overall_time(s)=7.194e+00 warm_time(s)=1.552e+00
order= 4 nref= 2 baseN(quad=False)=39 | ndofs= 1001211 | rel_resid[ 8]=4.11e-12 | overall_time(s)=2.429e+01 warm_time(s)=6.257e+00
order= 4 nref= 3 baseN(quad=False)=39 | ndofs= 3997971 | rel_resid[ 8]=5.77e-12 | overall_time(s)=5.350e+02 warm_time(s)=2.319e+01
order= 5 nref= 1 baseN(quad=False)=31 | ndofs=  255443 | rel_resid[ 9]=8.66e-12 | overall_time(s)=6.530e+00 warm_time(s)=1.606e+00
order= 5 nref= 2 baseN(quad=False)=31 | ndofs= 1018291 | rel_resid[ 9]=8.04e-12 | overall_time(s)=2.318e+01 warm_time(s)=6.491e+00
order= 5 nref= 3 baseN(quad=False)=31 | ndofs= 4066211 | rel_resid[10]=2.45e-12 | overall_time(s)=3.745e+02 warm_time(s)=2.698e+01
order= 6 nref= 1 baseN(quad=False)=26 | ndofs=  264059 | rel_resid[ 8]=4.75e-12 | overall_time(s)=9.880e+00 warm_time(s)=2.566e+00
order= 6 nref= 2 baseN(quad=False)=26 | ndofs= 1052691 | rel_resid[ 8]=3.32e-12 | overall_time(s)=3.033e+01 warm_time(s)=8.213e+00
order= 6 nref= 3 baseN(quad=False)=26 | ndofs= 4203683 | rel_resid[ 8]=4.77e-12 | overall_time(s)=4.143e+02 warm_time(s)=3.011e+01
order= 7 nref= 1 baseN(quad=False)=22 | ndofs=  261187 | rel_resid[ 9]=1.66e-12 | overall_time(s)=9.775e+00 warm_time(s)=2.287e+00
order= 7 nref= 2 baseN(quad=False)=22 | ndofs= 1041219 | rel_resid[ 9]=1.69e-12 | overall_time(s)=3.197e+01 warm_time(s)=9.312e+00
order= 7 nref= 3 baseN(quad=False)=22 | ndofs= 4157827 | rel_resid[ 9]=4.07e-12 | overall_time(s)=2.714e+02 warm_time(s)=3.517e+01
order= 8 nref= 1 baseN(quad=False)=20 | ndofs=  285043 | rel_resid[ 9]=3.59e-12 | overall_time(s)=1.387e+01 warm_time(s)=3.566e+00
order= 8 nref= 2 baseN(quad=False)=20 | ndofs= 1136483 | rel_resid[ 9]=1.80e-12 | overall_time(s)=4.897e+01 warm_time(s)=1.134e+01
order= 8 nref= 3 baseN(quad=False)=20 | ndofs= 4538563 | rel_resid[ 9]=1.45e-12 | overall_time(s)=3.422e+02 warm_time(s)=4.580e+01
order= 9 nref= 1 baseN(quad=False)=18 | ndofs=  294771 | rel_resid[ 9]=2.67e-12 | overall_time(s)=1.381e+01 warm_time(s)=3.317e+00
order= 9 nref= 2 baseN(quad=False)=18 | ndofs= 1175331 | rel_resid[ 9]=2.13e-12 | overall_time(s)=5.325e+01 warm_time(s)=1.267e+01
order= 9 nref= 3 baseN(quad=False)=18 | ndofs= 4693827 | rel_resid[ 9]=4.99e-12 | overall_time(s)=3.211e+02 warm_time(s)=5.012e+01
order=10 nref= 1 baseN(quad=False)=16 | ndofs=  289603 | rel_resid[ 9]=4.96e-12 | overall_time(s)=1.586e+01 warm_time(s)=3.729e+00
order=10 nref= 2 baseN(quad=False)=16 | ndofs= 1154691 | rel_resid[ 9]=3.83e-12 | overall_time(s)=5.601e+01 warm_time(s)=1.388e+01
order=10 nref= 3 baseN(quad=False)=16 | ndofs= 4611331 | rel_resid[10]=9.55e-13 | overall_time(s)=2.991e+02 warm_time(s)=6.091e+01
Overall run-time: 1h 11min 10s
