order= 3 nref= 1 baseN(quad=False)=52 | ndofs=  243986 | rel_resid[21]=8.99e-12 | overall_time(s)=1.048e+01 warm_time(s)=3.036e+00
order= 3 nref= 2 baseN(quad=False)=52 | ndofs=  974690 | rel_resid[20]=8.22e-12 | overall_time(s)=3.315e+01 warm_time(s)=1.281e+01
order= 3 nref= 3 baseN(quad=False)=52 | ndofs= 3896258 | rel_resid[20]=4.15e-12 | overall_time(s)=1.353e+02 warm_time(s)=5.213e+01
order= 4 nref= 1 baseN(quad=False)=40 | ndofs=  250242 | rel_resid[19]=5.99e-12 | overall_time(s)=7.838e+00 warm_time(s)=2.588e+00
order= 4 nref= 2 baseN(quad=False)=40 | ndofs=  999682 | rel_resid[19]=4.48e-12 | overall_time(s)=2.746e+01 warm_time(s)=1.056e+01
order= 4 nref= 3 baseN(quad=False)=40 | ndofs= 3996162 | rel_resid[18]=5.83e-12 | overall_time(s)=1.051e+02 warm_time(s)=3.949e+01
order= 5 nref= 1 baseN(quad=False)=32 | ndofs=  246402 | rel_resid[19]=7.84e-12 | overall_time(s)=7.843e+00 warm_time(s)=2.586e+00
order= 5 nref= 2 baseN(quad=False)=32 | ndofs=  984322 | rel_resid[19]=4.67e-12 | overall_time(s)=2.667e+01 warm_time(s)=1.024e+01
order= 5 nref= 3 baseN(quad=False)=32 | ndofs= 3934722 | rel_resid[18]=9.71e-12 | overall_time(s)=9.553e+01 warm_time(s)=3.741e+01
order= 6 nref= 1 baseN(quad=False)=26 | ndofs=  231818 | rel_resid[18]=9.27e-12 | overall_time(s)=7.681e+00 warm_time(s)=2.504e+00
order= 6 nref= 2 baseN(quad=False)=26 | ndofs=  926018 | rel_resid[18]=6.10e-12 | overall_time(s)=2.650e+01 warm_time(s)=1.005e+01
order= 6 nref= 3 baseN(quad=False)=26 | ndofs= 3701570 | rel_resid[17]=6.84e-12 | overall_time(s)=9.480e+01 warm_time(s)=3.673e+01
order= 7 nref= 1 baseN(quad=False)=22 | ndofs=  224226 | rel_resid[19]=3.93e-12 | overall_time(s)=8.724e+00 warm_time(s)=3.040e+00
order= 7 nref= 2 baseN(quad=False)=22 | ndofs=  895666 | rel_resid[18]=7.04e-12 | overall_time(s)=2.966e+01 warm_time(s)=1.136e+01
order= 7 nref= 3 baseN(quad=False)=22 | ndofs= 3580194 | rel_resid[17]=6.56e-12 | overall_time(s)=1.026e+02 warm_time(s)=4.002e+01
order= 8 nref= 1 baseN(quad=False)=20 | ndofs=  240642 | rel_resid[18]=5.91e-12 | overall_time(s)=1.052e+01 warm_time(s)=3.732e+00
order= 8 nref= 2 baseN(quad=False)=20 | ndofs=  961282 | rel_resid[17]=6.92e-12 | overall_time(s)=3.523e+01 warm_time(s)=1.347e+01
order= 8 nref= 3 baseN(quad=False)=20 | ndofs= 3842562 | rel_resid[17]=4.24e-12 | overall_time(s)=1.320e+02 warm_time(s)=5.107e+01
order= 9 nref= 1 baseN(quad=False)=16 | ndofs=  194114 | rel_resid[18]=6.86e-12 | overall_time(s)=1.076e+01 warm_time(s)=3.695e+00
order= 9 nref= 2 baseN(quad=False)=16 | ndofs=  775298 | rel_resid[17]=7.22e-12 | overall_time(s)=3.321e+01 warm_time(s)=1.267e+01
order= 9 nref= 3 baseN(quad=False)=16 | ndofs= 3098882 | rel_resid[17]=4.05e-12 | overall_time(s)=1.223e+02 warm_time(s)=4.730e+01
order=10 nref= 1 baseN(quad=False)=16 | ndofs=  238722 | rel_resid[17]=6.16e-12 | overall_time(s)=1.686e+01 warm_time(s)=6.340e+00
order=10 nref= 2 baseN(quad=False)=16 | ndofs=  953602 | rel_resid[17]=4.02e-12 | overall_time(s)=4.913e+01 warm_time(s)=1.813e+01
order=10 nref= 3 baseN(quad=False)=16 | ndofs= 3811842 | rel_resid[16]=9.18e-12 | overall_time(s)=1.677e+02 warm_time(s)=6.337e+01
Overall run-time: 0h 23min 26s
