order= 3 nref= 1 baseN(quad=False)=52 | ndofs=  243986 | rel_resid[21]=4.80e-12 | overall_time(s)=2.170e+01 warm_time(s)=8.229e+00
order= 3 nref= 2 baseN(quad=False)=52 | ndofs=  974690 | rel_resid[20]=7.64e-12 | overall_time(s)=8.682e+01 warm_time(s)=3.748e+01
order= 3 nref= 3 baseN(quad=False)=52 | ndofs= 3896258 | rel_resid[19]=9.27e-12 | overall_time(s)=6.354e+02 warm_time(s)=1.463e+02
order= 4 nref= 1 baseN(quad=False)=40 | ndofs=  250242 | rel_resid[19]=6.02e-12 | overall_time(s)=1.347e+01 warm_time(s)=5.425e+00
order= 4 nref= 2 baseN(quad=False)=40 | ndofs=  999682 | rel_resid[18]=8.71e-12 | overall_time(s)=5.093e+01 warm_time(s)=2.186e+01
order= 4 nref= 3 baseN(quad=False)=40 | ndofs= 3996162 | rel_resid[17]=8.13e-12 | overall_time(s)=2.059e+02 warm_time(s)=8.313e+01
order= 5 nref= 1 baseN(quad=False)=32 | ndofs=  246402 | rel_resid[19]=7.72e-12 | overall_time(s)=1.232e+01 warm_time(s)=4.966e+00
order= 5 nref= 2 baseN(quad=False)=32 | ndofs=  984322 | rel_resid[18]=8.43e-12 | overall_time(s)=4.172e+01 warm_time(s)=1.795e+01
order= 5 nref= 3 baseN(quad=False)=32 | ndofs= 3934722 | rel_resid[18]=5.13e-12 | overall_time(s)=2.786e+02 warm_time(s)=6.998e+01
order= 6 nref= 1 baseN(quad=False)=26 | ndofs=  231818 | rel_resid[18]=6.38e-12 | overall_time(s)=1.012e+01 warm_time(s)=3.806e+00
order= 6 nref= 2 baseN(quad=False)=26 | ndofs=  926018 | rel_resid[17]=9.43e-12 | overall_time(s)=3.465e+01 warm_time(s)=1.455e+01
order= 6 nref= 3 baseN(quad=False)=26 | ndofs= 3701570 | rel_resid[17]=5.89e-12 | overall_time(s)=2.047e+02 warm_time(s)=5.584e+01
order= 7 nref= 1 baseN(quad=False)=22 | ndofs=  224226 | rel_resid[18]=7.33e-12 | overall_time(s)=1.047e+01 warm_time(s)=3.778e+00
order= 7 nref= 2 baseN(quad=False)=22 | ndofs=  895666 | rel_resid[18]=4.13e-12 | overall_time(s)=3.500e+01 warm_time(s)=1.485e+01
order= 7 nref= 3 baseN(quad=False)=22 | ndofs= 3580194 | rel_resid[17]=6.00e-12 | overall_time(s)=1.781e+02 warm_time(s)=5.339e+01
order= 8 nref= 1 baseN(quad=False)=20 | ndofs=  240642 | rel_resid[17]=9.66e-12 | overall_time(s)=1.137e+01 warm_time(s)=4.306e+00
order= 8 nref= 2 baseN(quad=False)=20 | ndofs=  961282 | rel_resid[17]=6.10e-12 | overall_time(s)=3.883e+01 warm_time(s)=1.620e+01
order= 8 nref= 3 baseN(quad=False)=20 | ndofs= 3842562 | rel_resid[17]=3.75e-12 | overall_time(s)=1.908e+02 warm_time(s)=6.104e+01
order= 9 nref= 1 baseN(quad=False)=16 | ndofs=  194114 | rel_resid[18]=4.30e-12 | overall_time(s)=1.170e+01 warm_time(s)=4.269e+00
order= 9 nref= 2 baseN(quad=False)=16 | ndofs=  775298 | rel_resid[17]=6.52e-12 | overall_time(s)=3.470e+01 warm_time(s)=1.425e+01
order= 9 nref= 3 baseN(quad=False)=16 | ndofs= 3098882 | rel_resid[17]=3.67e-12 | overall_time(s)=1.554e+02 warm_time(s)=5.381e+01
order=10 nref= 1 baseN(quad=False)=16 | ndofs=  238722 | rel_resid[17]=5.77e-12 | overall_time(s)=1.475e+01 warm_time(s)=5.296e+00
order=10 nref= 2 baseN(quad=False)=16 | ndofs=  953602 | rel_resid[17]=3.49e-12 | overall_time(s)=4.673e+01 warm_time(s)=1.925e+01
order=10 nref= 3 baseN(quad=False)=16 | ndofs= 3811842 | rel_resid[16]=8.80e-12 | overall_time(s)=2.001e+02 warm_time(s)=6.979e+01
Overall run-time: 0h 43min 54s
