order= 3 nref= 1 baseN(quad=False)=6 | ndofs=  171116 | rel_resid[28]=6.37e-12 | overall_time(s)=1.780e+01 warm_time(s)=6.545e+00
order= 3 nref= 2 baseN(quad=False)=6 | ndofs=  683150 | rel_resid[27]=7.39e-12 | overall_time(s)=6.653e+01 warm_time(s)=2.957e+01
order= 3 nref= 3 baseN(quad=False)=6 | ndofs= 2729978 | rel_resid[26]=8.00e-12 | overall_time(s)=2.649e+02 warm_time(s)=1.166e+02
order= 4 nref= 1 baseN(quad=False)=6 | ndofs=  296338 | rel_resid[26]=7.14e-12 | overall_time(s)=1.814e+01 warm_time(s)=7.549e+00
order= 4 nref= 2 baseN(quad=False)=6 | ndofs= 1183602 | rel_resid[26]=4.24e-12 | overall_time(s)=7.190e+01 warm_time(s)=3.169e+01
order= 4 nref= 3 baseN(quad=False)=6 | ndofs= 4730914 | rel_resid[25]=7.45e-12 | overall_time(s)=2.917e+02 warm_time(s)=1.244e+02
order= 5 nref= 1 baseN(quad=False)=5 | ndofs=  244642 | rel_resid[26]=5.52e-12 | overall_time(s)=1.340e+01 warm_time(s)=5.464e+00
order= 5 nref= 2 baseN(quad=False)=5 | ndofs=  976962 | rel_resid[25]=8.55e-12 | overall_time(s)=4.935e+01 warm_time(s)=2.186e+01
order= 5 nref= 3 baseN(quad=False)=5 | ndofs= 3904642 | rel_resid[25]=7.10e-12 | overall_time(s)=1.967e+02 warm_time(s)=8.569e+01
order= 6 nref= 1 baseN(quad=False)=4 | ndofs=  190850 | rel_resid[26]=6.68e-12 | overall_time(s)=1.025e+01 warm_time(s)=4.045e+00
order= 6 nref= 2 baseN(quad=False)=4 | ndofs=  762002 | rel_resid[26]=3.59e-12 | overall_time(s)=3.669e+01 warm_time(s)=1.614e+01
order= 6 nref= 3 baseN(quad=False)=4 | ndofs= 3045218 | rel_resid[25]=7.97e-12 | overall_time(s)=1.885e+02 warm_time(s)=5.915e+01
order= 7 nref= 1 baseN(quad=False)=4 | ndofs=  257686 | rel_resid[25]=9.61e-12 | overall_time(s)=1.470e+01 warm_time(s)=5.568e+00
order= 7 nref= 2 baseN(quad=False)=4 | ndofs= 1029114 | rel_resid[25]=9.12e-12 | overall_time(s)=4.992e+01 warm_time(s)=2.180e+01
order= 7 nref= 3 baseN(quad=False)=4 | ndofs= 4113202 | rel_resid[25]=7.07e-12 | overall_time(s)=2.527e+02 warm_time(s)=8.266e+01
order= 8 nref= 1 baseN(quad=False)=4 | ndofs=  334530 | rel_resid[25]=7.05e-12 | overall_time(s)=1.912e+01 warm_time(s)=7.873e+00
order= 8 nref= 2 baseN(quad=False)=4 | ndofs= 1336258 | rel_resid[25]=7.43e-12 | overall_time(s)=6.798e+01 warm_time(s)=2.972e+01
order= 8 nref= 3 baseN(quad=False)=4 | ndofs= 5341314 | rel_resid[25]=6.48e-12 | overall_time(s)=3.756e+02 warm_time(s)=1.167e+02
order= 9 nref= 1 baseN(quad=False)=3 | ndofs=  215462 | rel_resid[25]=5.90e-12 | overall_time(s)=1.427e+01 warm_time(s)=5.752e+00
order= 9 nref= 2 baseN(quad=False)=3 | ndofs=  860330 | rel_resid[25]=5.11e-12 | overall_time(s)=5.072e+01 warm_time(s)=2.202e+01
order= 9 nref= 3 baseN(quad=False)=3 | ndofs= 3438290 | rel_resid[24]=9.00e-12 | overall_time(s)=2.176e+02 warm_time(s)=8.165e+01
order=10 nref= 1 baseN(quad=False)=3 | ndofs=  264962 | rel_resid[25]=4.41e-12 | overall_time(s)=1.986e+01 warm_time(s)=8.114e+00
order=10 nref= 2 baseN(quad=False)=3 | ndofs= 1058162 | rel_resid[24]=8.40e-12 | overall_time(s)=6.699e+01 warm_time(s)=2.876e+01
order=10 nref= 3 baseN(quad=False)=3 | ndofs= 4229282 | rel_resid[24]=7.67e-12 | overall_time(s)=2.925e+02 warm_time(s)=1.113e+02
Overall run-time: 0h 46min 27s
