order= 3 nref= 1 baseN(quad=False)=51 | ndofs=  230523 | rel_resid[10]=2.54e-12 | overall_time(s)=1.316e+01 warm_time(s)=3.217e+00
order= 3 nref= 2 baseN(quad=False)=51 | ndofs=  918819 | rel_resid[10]=2.14e-12 | overall_time(s)=4.117e+01 warm_time(s)=1.300e+01
order= 3 nref= 3 baseN(quad=False)=51 | ndofs= 3668739 | rel_resid[10]=2.04e-12 | overall_time(s)=1.086e+03 warm_time(s)=5.262e+01
order= 4 nref= 1 baseN(quad=False)=39 | ndofs=  251163 | rel_resid[ 8]=5.36e-12 | overall_time(s)=7.433e+00 warm_time(s)=2.017e+00
order= 4 nref= 2 baseN(quad=False)=39 | ndofs= 1001211 | rel_resid[ 8]=3.97e-12 | overall_time(s)=2.852e+01 warm_time(s)=8.214e+00
order= 4 nref= 3 baseN(quad=False)=39 | ndofs= 3997971 | rel_resid[ 8]=2.19e-12 | overall_time(s)=5.501e+02 warm_time(s)=3.131e+01
order= 5 nref= 1 baseN(quad=False)=31 | ndofs=  255443 | rel_resid[ 9]=7.02e-12 | overall_time(s)=8.204e+00 warm_time(s)=2.159e+00
order= 5 nref= 2 baseN(quad=False)=31 | ndofs= 1018291 | rel_resid[ 9]=6.16e-12 | overall_time(s)=2.570e+01 warm_time(s)=7.843e+00
order= 5 nref= 3 baseN(quad=False)=31 | ndofs= 4066211 | rel_resid[ 9]=5.95e-12 | overall_time(s)=3.873e+02 warm_time(s)=2.870e+01
order= 6 nref= 1 baseN(quad=False)=26 | ndofs=  264059 | rel_resid[ 8]=3.95e-12 | overall_time(s)=1.011e+01 warm_time(s)=2.305e+00
order= 6 nref= 2 baseN(quad=False)=26 | ndofs= 1052691 | rel_resid[ 8]=2.61e-12 | overall_time(s)=3.236e+01 warm_time(s)=9.195e+00
order= 6 nref= 3 baseN(quad=False)=26 | ndofs= 4203683 | rel_resid[ 8]=2.11e-12 | overall_time(s)=4.177e+02 warm_time(s)=3.398e+01
order= 7 nref= 1 baseN(quad=False)=22 | ndofs=  261187 | rel_resid[ 9]=1.65e-12 | overall_time(s)=1.088e+01 warm_time(s)=2.551e+00
order= 7 nref= 2 baseN(quad=False)=22 | ndofs= 1041219 | rel_resid[ 9]=1.03e-12 | overall_time(s)=3.401e+01 warm_time(s)=1.016e+01
order= 7 nref= 3 baseN(quad=False)=22 | ndofs= 4157827 | rel_resid[ 9]=8.81e-13 | overall_time(s)=2.817e+02 warm_time(s)=3.858e+01
order= 8 nref= 1 baseN(quad=False)=20 | ndofs=  285043 | rel_resid[ 9]=3.48e-12 | overall_time(s)=1.267e+01 warm_time(s)=3.245e+00
order= 8 nref= 2 baseN(quad=False)=20 | ndofs= 1136483 | rel_resid[ 9]=1.79e-12 | overall_time(s)=5.106e+01 warm_time(s)=1.234e+01
order= 8 nref= 3 baseN(quad=False)=20 | ndofs= 4538563 | rel_resid[ 9]=1.30e-12 | overall_time(s)=3.439e+02 warm_time(s)=4.794e+01
order= 9 nref= 1 baseN(quad=False)=18 | ndofs=  294771 | rel_resid[ 9]=2.71e-12 | overall_time(s)=1.383e+01 warm_time(s)=3.593e+00
order= 9 nref= 2 baseN(quad=False)=18 | ndofs= 1175331 | rel_resid[ 9]=2.05e-12 | overall_time(s)=5.474e+01 warm_time(s)=1.367e+01
order= 9 nref= 3 baseN(quad=False)=18 | ndofs= 4693827 | rel_resid[ 9]=1.90e-12 | overall_time(s)=3.210e+02 warm_time(s)=5.174e+01
order=10 nref= 1 baseN(quad=False)=16 | ndofs=  289603 | rel_resid[ 9]=5.29e-12 | overall_time(s)=1.627e+01 warm_time(s)=3.751e+00
order=10 nref= 2 baseN(quad=False)=16 | ndofs= 1154691 | rel_resid[ 9]=3.96e-12 | overall_time(s)=5.719e+01 warm_time(s)=1.475e+01
order=10 nref= 3 baseN(quad=False)=16 | ndofs= 4611331 | rel_resid[ 9]=3.01e-12 | overall_time(s)=2.899e+02 warm_time(s)=5.702e+01
Overall run-time: 1h 12min 28s
