Scott Vogelius Problem has been set up
Setting up the solver..
{'fieldsplit_0': {'ksp_convergence_test': 'skip',
                  'ksp_max_it': 1,
                  'ksp_norm_type': 'unpreconditioned',
                  'ksp_richardson_self_scale': False,
                  'ksp_type': 'richardson',
                  'pc_python_type': 'phmg.Direct_Coarsening_Pk',
                  'pc_type': 'python',
                  'pmg_mg_coarse': {'degree': 2,
                                    'mg_coarse_assembled': {'mat_type': 'aij',
                                                            'pc_factor_mat_solver_type': 'mumps',
                                                            'pc_type': 'lu'},
                                    'mg_coarse_pc_python_type': 'firedrake.AssembledPC',
                                    'mg_coarse_pc_type': 'python',
                                    'mg_levels': {'ksp_chebyshev_esteig': '0,0.25,0,1.1',
                                                  'ksp_convergence_test': 'skip',
                                                  'ksp_max_it': '2',
                                                  'ksp_norm_type': 'unpreconditioned',
                                                  'ksp_type': 'chebyshev',
                                                  'pc_python_type': 'firedrake.ASMStarPC',
                                                  'pc_star': {'patch_precompute_element_tensors': True,
                                                              'patch_save_operators': True,
                                                              'patch_statistics': False,
                                                              'patch_sub_mat_type': 'seqaij',
                                                              'patch_symmetrise_sweep': False},
                                                  'pc_star_construct_dim': 0,
                                                  'pc_type': 'python'},
                                    'pc_cycle_type': 'V',
                                    'pc_mg_multiplicative_cycles': 2,
                                    'pc_mg_type': 'multiplicative',
                                    'pc_type': 'mg'},
                  'pmg_mg_levels': {'ksp_chebyshev_esteig': '0,0.25,0,1.1',
                                    'ksp_convergence_test': 'skip',
                                    'ksp_max_it': '2',
                                    'ksp_norm_type': 'unpreconditioned',
                                    'ksp_type': 'chebyshev',
                                    'pc_python_type': 'firedrake.ASMStarPC',
                                    'pc_star': {'patch_precompute_element_tensors': True,
                                                'patch_save_operators': True,
                                                'patch_statistics': False,
                                                'patch_sub_mat_type': 'seqaij',
                                                'patch_symmetrise_sweep': False},
                                    'pc_star_construct_dim': 0,
                                    'pc_type': 'python'}},
 'fieldsplit_1': {'ksp_type': 'preonly',
                  'pc_python_type': 'alfi.solver.DGMassInv',
                  'pc_type': 'python'},
 'ksp_atol': 1e-15,
 'ksp_error_if_not_converged': False,
 'ksp_max_it': 80,
 'ksp_rtol': 1e-11,
 'ksp_type': 'fgmres',
 'mat_type': 'nest',
 'pc_fieldsplit_schur_factorization_type': 'full',
 'pc_fieldsplit_schur_precondition': 'user',
 'pc_fieldsplit_type': 'schur',
 'pc_type': 'fieldsplit',
 'petscpartitioner_parmetis_debug': 'true',
 'petscpartitioner_type': 'parmetis',
 'snes_atol': 1e-10,
 'snes_convergence_test': 'skip',
 'snes_lag_jacobian': -2,
 'snes_lag_preconditioner': -2,
 'snes_max_it': 1,
 'snes_rtol': 1e-10,
 'snes_stol': 1e-10,
 'snes_type': 'ksponly'}
Warm-up run complete.
Warm run complete.
order= 3 nref= 1 baseN(quad=False)=52 | ndofs=  243986 | rel_resid[25]=9.74e-12 | overall_time(s)=2.243e+01 warm_time(s)=9.095e+00
Scott Vogelius Problem has been set up
Setting up the solver..
{'fieldsplit_0': {'ksp_convergence_test': 'skip',
                  'ksp_max_it': 1,
                  'ksp_norm_type': 'unpreconditioned',
                  'ksp_richardson_self_scale': False,
                  'ksp_type': 'richardson',
                  'pc_python_type': 'phmg.Direct_Coarsening_Pk',
                  'pc_type': 'python',
                  'pmg_mg_coarse': {'degree': 2,
                                    'mg_coarse_assembled': {'mat_type': 'aij',
                                                            'pc_factor_mat_solver_type': 'mumps',
                                                            'pc_type': 'lu'},
                                    'mg_coarse_pc_python_type': 'firedrake.AssembledPC',
                                    'mg_coarse_pc_type': 'python',
                                    'mg_levels': {'ksp_chebyshev_esteig': '0,0.25,0,1.1',
                                                  'ksp_convergence_test': 'skip',
                                                  'ksp_max_it': '2',
                                                  'ksp_norm_type': 'unpreconditioned',
                                                  'ksp_type': 'chebyshev',
                                                  'pc_python_type': 'firedrake.ASMStarPC',
                                                  'pc_star': {'patch_precompute_element_tensors': True,
                                                              'patch_save_operators': True,
                                                              'patch_statistics': False,
                                                              'patch_sub_mat_type': 'seqaij',
                                                              'patch_symmetrise_sweep': False},
                                                  'pc_star_construct_dim': 0,
                                                  'pc_type': 'python'},
                                    'pc_cycle_type': 'V',
                                    'pc_mg_multiplicative_cycles': 2,
                                    'pc_mg_type': 'multiplicative',
                                    'pc_type': 'mg'},
                  'pmg_mg_levels': {'ksp_chebyshev_esteig': '0,0.25,0,1.1',
                                    'ksp_convergence_test': 'skip',
                                    'ksp_max_it': '2',
                                    'ksp_norm_type': 'unpreconditioned',
                                    'ksp_type': 'chebyshev',
                                    'pc_python_type': 'firedrake.ASMStarPC',
                                    'pc_star': {'patch_precompute_element_tensors': True,
                                                'patch_save_operators': True,
                                                'patch_statistics': False,
                                                'patch_sub_mat_type': 'seqaij',
                                                'patch_symmetrise_sweep': False},
                                    'pc_star_construct_dim': 0,
                                    'pc_type': 'python'}},
 'fieldsplit_1': {'ksp_type': 'preonly',
                  'pc_python_type': 'alfi.solver.DGMassInv',
                  'pc_type': 'python'},
 'ksp_atol': 1e-15,
 'ksp_error_if_not_converged': False,
 'ksp_max_it': 80,
 'ksp_rtol': 1e-11,
 'ksp_type': 'fgmres',
 'mat_type': 'nest',
 'pc_fieldsplit_schur_factorization_type': 'full',
 'pc_fieldsplit_schur_precondition': 'user',
 'pc_fieldsplit_type': 'schur',
 'pc_type': 'fieldsplit',
 'petscpartitioner_parmetis_debug': 'true',
 'petscpartitioner_type': 'parmetis',
 'snes_atol': 1e-10,
 'snes_convergence_test': 'skip',
 'snes_lag_jacobian': -2,
 'snes_lag_preconditioner': -2,
 'snes_max_it': 1,
 'snes_rtol': 1e-10,
 'snes_stol': 1e-10,
 'snes_type': 'ksponly'}
Warm-up run complete.
Warm run complete.
order= 3 nref= 2 baseN(quad=False)=52 | ndofs=  974690 | rel_resid[25]=6.13e-12 | overall_time(s)=8.990e+01 warm_time(s)=3.870e+01
Scott Vogelius Problem has been set up
Setting up the solver..
{'fieldsplit_0': {'ksp_convergence_test': 'skip',
                  'ksp_max_it': 1,
                  'ksp_norm_type': 'unpreconditioned',
                  'ksp_richardson_self_scale': False,
                  'ksp_type': 'richardson',
                  'pc_python_type': 'phmg.Direct_Coarsening_Pk',
                  'pc_type': 'python',
                  'pmg_mg_coarse': {'degree': 2,
                                    'mg_coarse_assembled': {'mat_type': 'aij',
                                                            'pc_factor_mat_solver_type': 'mumps',
                                                            'pc_type': 'lu'},
                                    'mg_coarse_pc_python_type': 'firedrake.AssembledPC',
                                    'mg_coarse_pc_type': 'python',
                                    'mg_levels': {'ksp_chebyshev_esteig': '0,0.25,0,1.1',
                                                  'ksp_convergence_test': 'skip',
                                                  'ksp_max_it': '2',
                                                  'ksp_norm_type': 'unpreconditioned',
                                                  'ksp_type': 'chebyshev',
                                                  'pc_python_type': 'firedrake.ASMStarPC',
                                                  'pc_star': {'patch_precompute_element_tensors': True,
                                                              'patch_save_operators': True,
                                                              'patch_statistics': False,
                                                              'patch_sub_mat_type': 'seqaij',
                                                              'patch_symmetrise_sweep': False},
                                                  'pc_star_construct_dim': 0,
                                                  'pc_type': 'python'},
                                    'pc_cycle_type': 'V',
                                    'pc_mg_multiplicative_cycles': 2,
                                    'pc_mg_type': 'multiplicative',
                                    'pc_type': 'mg'},
                  'pmg_mg_levels': {'ksp_chebyshev_esteig': '0,0.25,0,1.1',
                                    'ksp_convergence_test': 'skip',
                                    'ksp_max_it': '2',
                                    'ksp_norm_type': 'unpreconditioned',
                                    'ksp_type': 'chebyshev',
                                    'pc_python_type': 'firedrake.ASMStarPC',
                                    'pc_star': {'patch_precompute_element_tensors': True,
                                                'patch_save_operators': True,
                                                'patch_statistics': False,
                                                'patch_sub_mat_type': 'seqaij',
                                                'patch_symmetrise_sweep': False},
                                    'pc_star_construct_dim': 0,
                                    'pc_type': 'python'}},
 'fieldsplit_1': {'ksp_type': 'preonly',
                  'pc_python_type': 'alfi.solver.DGMassInv',
                  'pc_type': 'python'},
 'ksp_atol': 1e-15,
 'ksp_error_if_not_converged': False,
 'ksp_max_it': 80,
 'ksp_rtol': 1e-11,
 'ksp_type': 'fgmres',
 'mat_type': 'nest',
 'pc_fieldsplit_schur_factorization_type': 'full',
 'pc_fieldsplit_schur_precondition': 'user',
 'pc_fieldsplit_type': 'schur',
 'pc_type': 'fieldsplit',
 'petscpartitioner_parmetis_debug': 'true',
 'petscpartitioner_type': 'parmetis',
 'snes_atol': 1e-10,
 'snes_convergence_test': 'skip',
 'snes_lag_jacobian': -2,
 'snes_lag_preconditioner': -2,
 'snes_max_it': 1,
 'snes_rtol': 1e-10,
 'snes_stol': 1e-10,
 'snes_type': 'ksponly'}
Warm-up run complete.
Warm run complete.
order= 3 nref= 3 baseN(quad=False)=52 | ndofs= 3896258 | rel_resid[24]=7.00e-12 | overall_time(s)=6.605e+02 warm_time(s)=1.628e+02
Scott Vogelius Problem has been set up
Setting up the solver..
{'fieldsplit_0': {'ksp_convergence_test': 'skip',
                  'ksp_max_it': 1,
                  'ksp_norm_type': 'unpreconditioned',
                  'ksp_richardson_self_scale': False,
                  'ksp_type': 'richardson',
                  'pc_python_type': 'phmg.Direct_Coarsening_Pk',
                  'pc_type': 'python',
                  'pmg_mg_coarse': {'degree': 2,
                                    'mg_coarse_assembled': {'mat_type': 'aij',
                                                            'pc_factor_mat_solver_type': 'mumps',
                                                            'pc_type': 'lu'},
                                    'mg_coarse_pc_python_type': 'firedrake.AssembledPC',
                                    'mg_coarse_pc_type': 'python',
                                    'mg_levels': {'ksp_chebyshev_esteig': '0,0.25,0,1.1',
                                                  'ksp_convergence_test': 'skip',
                                                  'ksp_max_it': '2',
                                                  'ksp_norm_type': 'unpreconditioned',
                                                  'ksp_type': 'chebyshev',
                                                  'pc_python_type': 'firedrake.ASMStarPC',
                                                  'pc_star': {'patch_precompute_element_tensors': True,
                                                              'patch_save_operators': True,
                                                              'patch_statistics': False,
                                                              'patch_sub_mat_type': 'seqaij',
                                                              'patch_symmetrise_sweep': False},
                                                  'pc_star_construct_dim': 0,
                                                  'pc_type': 'python'},
                                    'pc_cycle_type': 'V',
                                    'pc_mg_multiplicative_cycles': 2,
                                    'pc_mg_type': 'multiplicative',
                                    'pc_type': 'mg'},
                  'pmg_mg_levels': {'ksp_chebyshev_esteig': '0,0.25,0,1.1',
                                    'ksp_convergence_test': 'skip',
                                    'ksp_max_it': '2',
                                    'ksp_norm_type': 'unpreconditioned',
                                    'ksp_type': 'chebyshev',
                                    'pc_python_type': 'firedrake.ASMStarPC',
                                    'pc_star': {'patch_precompute_element_tensors': True,
                                                'patch_save_operators': True,
                                                'patch_statistics': False,
                                                'patch_sub_mat_type': 'seqaij',
                                                'patch_symmetrise_sweep': False},
                                    'pc_star_construct_dim': 0,
                                    'pc_type': 'python'}},
 'fieldsplit_1': {'ksp_type': 'preonly',
                  'pc_python_type': 'alfi.solver.DGMassInv',
                  'pc_type': 'python'},
 'ksp_atol': 1e-15,
 'ksp_error_if_not_converged': False,
 'ksp_max_it': 80,
 'ksp_rtol': 1e-11,
 'ksp_type': 'fgmres',
 'mat_type': 'nest',
 'pc_fieldsplit_schur_factorization_type': 'full',
 'pc_fieldsplit_schur_precondition': 'user',
 'pc_fieldsplit_type': 'schur',
 'pc_type': 'fieldsplit',
 'petscpartitioner_parmetis_debug': 'true',
 'petscpartitioner_type': 'parmetis',
 'snes_atol': 1e-10,
 'snes_convergence_test': 'skip',
 'snes_lag_jacobian': -2,
 'snes_lag_preconditioner': -2,
 'snes_max_it': 1,
 'snes_rtol': 1e-10,
 'snes_stol': 1e-10,
 'snes_type': 'ksponly'}
Warm-up run complete.
Warm run complete.
order= 4 nref= 1 baseN(quad=False)=40 | ndofs=  250242 | rel_resid[23]=4.30e-12 | overall_time(s)=1.423e+01 warm_time(s)=5.899e+00
Scott Vogelius Problem has been set up
Setting up the solver..
{'fieldsplit_0': {'ksp_convergence_test': 'skip',
                  'ksp_max_it': 1,
                  'ksp_norm_type': 'unpreconditioned',
                  'ksp_richardson_self_scale': False,
                  'ksp_type': 'richardson',
                  'pc_python_type': 'phmg.Direct_Coarsening_Pk',
                  'pc_type': 'python',
                  'pmg_mg_coarse': {'degree': 2,
                                    'mg_coarse_assembled': {'mat_type': 'aij',
                                                            'pc_factor_mat_solver_type': 'mumps',
                                                            'pc_type': 'lu'},
                                    'mg_coarse_pc_python_type': 'firedrake.AssembledPC',
                                    'mg_coarse_pc_type': 'python',
                                    'mg_levels': {'ksp_chebyshev_esteig': '0,0.25,0,1.1',
                                                  'ksp_convergence_test': 'skip',
                                                  'ksp_max_it': '2',
                                                  'ksp_norm_type': 'unpreconditioned',
                                                  'ksp_type': 'chebyshev',
                                                  'pc_python_type': 'firedrake.ASMStarPC',
                                                  'pc_star': {'patch_precompute_element_tensors': True,
                                                              'patch_save_operators': True,
                                                              'patch_statistics': False,
                                                              'patch_sub_mat_type': 'seqaij',
                                                              'patch_symmetrise_sweep': False},
                                                  'pc_star_construct_dim': 0,
                                                  'pc_type': 'python'},
                                    'pc_cycle_type': 'V',
                                    'pc_mg_multiplicative_cycles': 2,
                                    'pc_mg_type': 'multiplicative',
                                    'pc_type': 'mg'},
                  'pmg_mg_levels': {'ksp_chebyshev_esteig': '0,0.25,0,1.1',
                                    'ksp_convergence_test': 'skip',
                                    'ksp_max_it': '2',
                                    'ksp_norm_type': 'unpreconditioned',
                                    'ksp_type': 'chebyshev',
                                    'pc_python_type': 'firedrake.ASMStarPC',
                                    'pc_star': {'patch_precompute_element_tensors': True,
                                                'patch_save_operators': True,
                                                'patch_statistics': False,
                                                'patch_sub_mat_type': 'seqaij',
                                                'patch_symmetrise_sweep': False},
                                    'pc_star_construct_dim': 0,
                                    'pc_type': 'python'}},
 'fieldsplit_1': {'ksp_type': 'preonly',
                  'pc_python_type': 'alfi.solver.DGMassInv',
                  'pc_type': 'python'},
 'ksp_atol': 1e-15,
 'ksp_error_if_not_converged': False,
 'ksp_max_it': 80,
 'ksp_rtol': 1e-11,
 'ksp_type': 'fgmres',
 'mat_type': 'nest',
 'pc_fieldsplit_schur_factorization_type': 'full',
 'pc_fieldsplit_schur_precondition': 'user',
 'pc_fieldsplit_type': 'schur',
 'pc_type': 'fieldsplit',
 'petscpartitioner_parmetis_debug': 'true',
 'petscpartitioner_type': 'parmetis',
 'snes_atol': 1e-10,
 'snes_convergence_test': 'skip',
 'snes_lag_jacobian': -2,
 'snes_lag_preconditioner': -2,
 'snes_max_it': 1,
 'snes_rtol': 1e-10,
 'snes_stol': 1e-10,
 'snes_type': 'ksponly'}
Warm-up run complete.
Warm run complete.
order= 4 nref= 2 baseN(quad=False)=40 | ndofs=  999682 | rel_resid[23]=3.47e-12 | overall_time(s)=5.858e+01 warm_time(s)=2.578e+01
Scott Vogelius Problem has been set up
Setting up the solver..
{'fieldsplit_0': {'ksp_convergence_test': 'skip',
                  'ksp_max_it': 1,
                  'ksp_norm_type': 'unpreconditioned',
                  'ksp_richardson_self_scale': False,
                  'ksp_type': 'richardson',
                  'pc_python_type': 'phmg.Direct_Coarsening_Pk',
                  'pc_type': 'python',
                  'pmg_mg_coarse': {'degree': 2,
                                    'mg_coarse_assembled': {'mat_type': 'aij',
                                                            'pc_factor_mat_solver_type': 'mumps',
                                                            'pc_type': 'lu'},
                                    'mg_coarse_pc_python_type': 'firedrake.AssembledPC',
                                    'mg_coarse_pc_type': 'python',
                                    'mg_levels': {'ksp_chebyshev_esteig': '0,0.25,0,1.1',
                                                  'ksp_convergence_test': 'skip',
                                                  'ksp_max_it': '2',
                                                  'ksp_norm_type': 'unpreconditioned',
                                                  'ksp_type': 'chebyshev',
                                                  'pc_python_type': 'firedrake.ASMStarPC',
                                                  'pc_star': {'patch_precompute_element_tensors': True,
                                                              'patch_save_operators': True,
                                                              'patch_statistics': False,
                                                              'patch_sub_mat_type': 'seqaij',
                                                              'patch_symmetrise_sweep': False},
                                                  'pc_star_construct_dim': 0,
                                                  'pc_type': 'python'},
                                    'pc_cycle_type': 'V',
                                    'pc_mg_multiplicative_cycles': 2,
                                    'pc_mg_type': 'multiplicative',
                                    'pc_type': 'mg'},
                  'pmg_mg_levels': {'ksp_chebyshev_esteig': '0,0.25,0,1.1',
                                    'ksp_convergence_test': 'skip',
                                    'ksp_max_it': '2',
                                    'ksp_norm_type': 'unpreconditioned',
                                    'ksp_type': 'chebyshev',
                                    'pc_python_type': 'firedrake.ASMStarPC',
                                    'pc_star': {'patch_precompute_element_tensors': True,
                                                'patch_save_operators': True,
                                                'patch_statistics': False,
                                                'patch_sub_mat_type': 'seqaij',
                                                'patch_symmetrise_sweep': False},
                                    'pc_star_construct_dim': 0,
                                    'pc_type': 'python'}},
 'fieldsplit_1': {'ksp_type': 'preonly',
                  'pc_python_type': 'alfi.solver.DGMassInv',
                  'pc_type': 'python'},
 'ksp_atol': 1e-15,
 'ksp_error_if_not_converged': False,
 'ksp_max_it': 80,
 'ksp_rtol': 1e-11,
 'ksp_type': 'fgmres',
 'mat_type': 'nest',
 'pc_fieldsplit_schur_factorization_type': 'full',
 'pc_fieldsplit_schur_precondition': 'user',
 'pc_fieldsplit_type': 'schur',
 'pc_type': 'fieldsplit',
 'petscpartitioner_parmetis_debug': 'true',
 'petscpartitioner_type': 'parmetis',
 'snes_atol': 1e-10,
 'snes_convergence_test': 'skip',
 'snes_lag_jacobian': -2,
 'snes_lag_preconditioner': -2,
 'snes_max_it': 1,
 'snes_rtol': 1e-10,
 'snes_stol': 1e-10,
 'snes_type': 'ksponly'}
Warm-up run complete.
Warm run complete.
order= 4 nref= 3 baseN(quad=False)=40 | ndofs= 3996162 | rel_resid[22]=7.40e-12 | overall_time(s)=2.393e+02 warm_time(s)=9.937e+01
Scott Vogelius Problem has been set up
Setting up the solver..
{'fieldsplit_0': {'ksp_convergence_test': 'skip',
                  'ksp_max_it': 1,
                  'ksp_norm_type': 'unpreconditioned',
                  'ksp_richardson_self_scale': False,
                  'ksp_type': 'richardson',
                  'pc_python_type': 'phmg.Direct_Coarsening_Pk',
                  'pc_type': 'python',
                  'pmg_mg_coarse': {'degree': 2,
                                    'mg_coarse_assembled': {'mat_type': 'aij',
                                                            'pc_factor_mat_solver_type': 'mumps',
                                                            'pc_type': 'lu'},
                                    'mg_coarse_pc_python_type': 'firedrake.AssembledPC',
                                    'mg_coarse_pc_type': 'python',
                                    'mg_levels': {'ksp_chebyshev_esteig': '0,0.25,0,1.1',
                                                  'ksp_convergence_test': 'skip',
                                                  'ksp_max_it': '2',
                                                  'ksp_norm_type': 'unpreconditioned',
                                                  'ksp_type': 'chebyshev',
                                                  'pc_python_type': 'firedrake.ASMStarPC',
                                                  'pc_star': {'patch_precompute_element_tensors': True,
                                                              'patch_save_operators': True,
                                                              'patch_statistics': False,
                                                              'patch_sub_mat_type': 'seqaij',
                                                              'patch_symmetrise_sweep': False},
                                                  'pc_star_construct_dim': 0,
                                                  'pc_type': 'python'},
                                    'pc_cycle_type': 'V',
                                    'pc_mg_multiplicative_cycles': 2,
                                    'pc_mg_type': 'multiplicative',
                                    'pc_type': 'mg'},
                  'pmg_mg_levels': {'ksp_chebyshev_esteig': '0,0.25,0,1.1',
                                    'ksp_convergence_test': 'skip',
                                    'ksp_max_it': '2',
                                    'ksp_norm_type': 'unpreconditioned',
                                    'ksp_type': 'chebyshev',
                                    'pc_python_type': 'firedrake.ASMStarPC',
                                    'pc_star': {'patch_precompute_element_tensors': True,
                                                'patch_save_operators': True,
                                                'patch_statistics': False,
                                                'patch_sub_mat_type': 'seqaij',
                                                'patch_symmetrise_sweep': False},
                                    'pc_star_construct_dim': 0,
                                    'pc_type': 'python'}},
 'fieldsplit_1': {'ksp_type': 'preonly',
                  'pc_python_type': 'alfi.solver.DGMassInv',
                  'pc_type': 'python'},
 'ksp_atol': 1e-15,
 'ksp_error_if_not_converged': False,
 'ksp_max_it': 80,
 'ksp_rtol': 1e-11,
 'ksp_type': 'fgmres',
 'mat_type': 'nest',
 'pc_fieldsplit_schur_factorization_type': 'full',
 'pc_fieldsplit_schur_precondition': 'user',
 'pc_fieldsplit_type': 'schur',
 'pc_type': 'fieldsplit',
 'petscpartitioner_parmetis_debug': 'true',
 'petscpartitioner_type': 'parmetis',
 'snes_atol': 1e-10,
 'snes_convergence_test': 'skip',
 'snes_lag_jacobian': -2,
 'snes_lag_preconditioner': -2,
 'snes_max_it': 1,
 'snes_rtol': 1e-10,
 'snes_stol': 1e-10,
 'snes_type': 'ksponly'}
Warm-up run complete.
Warm run complete.
order= 5 nref= 1 baseN(quad=False)=32 | ndofs=  246402 | rel_resid[23]=5.86e-12 | overall_time(s)=1.139e+01 warm_time(s)=4.521e+00
Scott Vogelius Problem has been set up
Setting up the solver..
{'fieldsplit_0': {'ksp_convergence_test': 'skip',
                  'ksp_max_it': 1,
                  'ksp_norm_type': 'unpreconditioned',
                  'ksp_richardson_self_scale': False,
                  'ksp_type': 'richardson',
                  'pc_python_type': 'phmg.Direct_Coarsening_Pk',
                  'pc_type': 'python',
                  'pmg_mg_coarse': {'degree': 2,
                                    'mg_coarse_assembled': {'mat_type': 'aij',
                                                            'pc_factor_mat_solver_type': 'mumps',
                                                            'pc_type': 'lu'},
                                    'mg_coarse_pc_python_type': 'firedrake.AssembledPC',
                                    'mg_coarse_pc_type': 'python',
                                    'mg_levels': {'ksp_chebyshev_esteig': '0,0.25,0,1.1',
                                                  'ksp_convergence_test': 'skip',
                                                  'ksp_max_it': '2',
                                                  'ksp_norm_type': 'unpreconditioned',
                                                  'ksp_type': 'chebyshev',
                                                  'pc_python_type': 'firedrake.ASMStarPC',
                                                  'pc_star': {'patch_precompute_element_tensors': True,
                                                              'patch_save_operators': True,
                                                              'patch_statistics': False,
                                                              'patch_sub_mat_type': 'seqaij',
                                                              'patch_symmetrise_sweep': False},
                                                  'pc_star_construct_dim': 0,
                                                  'pc_type': 'python'},
                                    'pc_cycle_type': 'V',
                                    'pc_mg_multiplicative_cycles': 2,
                                    'pc_mg_type': 'multiplicative',
                                    'pc_type': 'mg'},
                  'pmg_mg_levels': {'ksp_chebyshev_esteig': '0,0.25,0,1.1',
                                    'ksp_convergence_test': 'skip',
                                    'ksp_max_it': '2',
                                    'ksp_norm_type': 'unpreconditioned',
                                    'ksp_type': 'chebyshev',
                                    'pc_python_type': 'firedrake.ASMStarPC',
                                    'pc_star': {'patch_precompute_element_tensors': True,
                                                'patch_save_operators': True,
                                                'patch_statistics': False,
                                                'patch_sub_mat_type': 'seqaij',
                                                'patch_symmetrise_sweep': False},
                                    'pc_star_construct_dim': 0,
                                    'pc_type': 'python'}},
 'fieldsplit_1': {'ksp_type': 'preonly',
                  'pc_python_type': 'alfi.solver.DGMassInv',
                  'pc_type': 'python'},
 'ksp_atol': 1e-15,
 'ksp_error_if_not_converged': False,
 'ksp_max_it': 80,
 'ksp_rtol': 1e-11,
 'ksp_type': 'fgmres',
 'mat_type': 'nest',
 'pc_fieldsplit_schur_factorization_type': 'full',
 'pc_fieldsplit_schur_precondition': 'user',
 'pc_fieldsplit_type': 'schur',
 'pc_type': 'fieldsplit',
 'petscpartitioner_parmetis_debug': 'true',
 'petscpartitioner_type': 'parmetis',
 'snes_atol': 1e-10,
 'snes_convergence_test': 'skip',
 'snes_lag_jacobian': -2,
 'snes_lag_preconditioner': -2,
 'snes_max_it': 1,
 'snes_rtol': 1e-10,
 'snes_stol': 1e-10,
 'snes_type': 'ksponly'}
Warm-up run complete.
Warm run complete.
order= 5 nref= 2 baseN(quad=False)=32 | ndofs=  984322 | rel_resid[22]=8.29e-12 | overall_time(s)=4.221e+01 warm_time(s)=1.808e+01
Scott Vogelius Problem has been set up
Setting up the solver..
{'fieldsplit_0': {'ksp_convergence_test': 'skip',
                  'ksp_max_it': 1,
                  'ksp_norm_type': 'unpreconditioned',
                  'ksp_richardson_self_scale': False,
                  'ksp_type': 'richardson',
                  'pc_python_type': 'phmg.Direct_Coarsening_Pk',
                  'pc_type': 'python',
                  'pmg_mg_coarse': {'degree': 2,
                                    'mg_coarse_assembled': {'mat_type': 'aij',
                                                            'pc_factor_mat_solver_type': 'mumps',
                                                            'pc_type': 'lu'},
                                    'mg_coarse_pc_python_type': 'firedrake.AssembledPC',
                                    'mg_coarse_pc_type': 'python',
                                    'mg_levels': {'ksp_chebyshev_esteig': '0,0.25,0,1.1',
                                                  'ksp_convergence_test': 'skip',
                                                  'ksp_max_it': '2',
                                                  'ksp_norm_type': 'unpreconditioned',
                                                  'ksp_type': 'chebyshev',
                                                  'pc_python_type': 'firedrake.ASMStarPC',
                                                  'pc_star': {'patch_precompute_element_tensors': True,
                                                              'patch_save_operators': True,
                                                              'patch_statistics': False,
                                                              'patch_sub_mat_type': 'seqaij',
                                                              'patch_symmetrise_sweep': False},
                                                  'pc_star_construct_dim': 0,
                                                  'pc_type': 'python'},
                                    'pc_cycle_type': 'V',
                                    'pc_mg_multiplicative_cycles': 2,
                                    'pc_mg_type': 'multiplicative',
                                    'pc_type': 'mg'},
                  'pmg_mg_levels': {'ksp_chebyshev_esteig': '0,0.25,0,1.1',
                                    'ksp_convergence_test': 'skip',
                                    'ksp_max_it': '2',
                                    'ksp_norm_type': 'unpreconditioned',
                                    'ksp_type': 'chebyshev',
                                    'pc_python_type': 'firedrake.ASMStarPC',
                                    'pc_star': {'patch_precompute_element_tensors': True,
                                                'patch_save_operators': True,
                                                'patch_statistics': False,
                                                'patch_sub_mat_type': 'seqaij',
                                                'patch_symmetrise_sweep': False},
                                    'pc_star_construct_dim': 0,
                                    'pc_type': 'python'}},
 'fieldsplit_1': {'ksp_type': 'preonly',
                  'pc_python_type': 'alfi.solver.DGMassInv',
                  'pc_type': 'python'},
 'ksp_atol': 1e-15,
 'ksp_error_if_not_converged': False,
 'ksp_max_it': 80,
 'ksp_rtol': 1e-11,
 'ksp_type': 'fgmres',
 'mat_type': 'nest',
 'pc_fieldsplit_schur_factorization_type': 'full',
 'pc_fieldsplit_schur_precondition': 'user',
 'pc_fieldsplit_type': 'schur',
 'pc_type': 'fieldsplit',
 'petscpartitioner_parmetis_debug': 'true',
 'petscpartitioner_type': 'parmetis',
 'snes_atol': 1e-10,
 'snes_convergence_test': 'skip',
 'snes_lag_jacobian': -2,
 'snes_lag_preconditioner': -2,
 'snes_max_it': 1,
 'snes_rtol': 1e-10,
 'snes_stol': 1e-10,
 'snes_type': 'ksponly'}
Warm-up run complete.
Warm run complete.
order= 5 nref= 3 baseN(quad=False)=32 | ndofs= 3934722 | rel_resid[22]=6.43e-12 | overall_time(s)=2.770e+02 warm_time(s)=6.918e+01
Scott Vogelius Problem has been set up
Setting up the solver..
{'fieldsplit_0': {'ksp_convergence_test': 'skip',
                  'ksp_max_it': 1,
                  'ksp_norm_type': 'unpreconditioned',
                  'ksp_richardson_self_scale': False,
                  'ksp_type': 'richardson',
                  'pc_python_type': 'phmg.Direct_Coarsening_Pk',
                  'pc_type': 'python',
                  'pmg_mg_coarse': {'degree': 2,
                                    'mg_coarse_assembled': {'mat_type': 'aij',
                                                            'pc_factor_mat_solver_type': 'mumps',
                                                            'pc_type': 'lu'},
                                    'mg_coarse_pc_python_type': 'firedrake.AssembledPC',
                                    'mg_coarse_pc_type': 'python',
                                    'mg_levels': {'ksp_chebyshev_esteig': '0,0.25,0,1.1',
                                                  'ksp_convergence_test': 'skip',
                                                  'ksp_max_it': '2',
                                                  'ksp_norm_type': 'unpreconditioned',
                                                  'ksp_type': 'chebyshev',
                                                  'pc_python_type': 'firedrake.ASMStarPC',
                                                  'pc_star': {'patch_precompute_element_tensors': True,
                                                              'patch_save_operators': True,
                                                              'patch_statistics': False,
                                                              'patch_sub_mat_type': 'seqaij',
                                                              'patch_symmetrise_sweep': False},
                                                  'pc_star_construct_dim': 0,
                                                  'pc_type': 'python'},
                                    'pc_cycle_type': 'V',
                                    'pc_mg_multiplicative_cycles': 2,
                                    'pc_mg_type': 'multiplicative',
                                    'pc_type': 'mg'},
                  'pmg_mg_levels': {'ksp_chebyshev_esteig': '0,0.25,0,1.1',
                                    'ksp_convergence_test': 'skip',
                                    'ksp_max_it': '2',
                                    'ksp_norm_type': 'unpreconditioned',
                                    'ksp_type': 'chebyshev',
                                    'pc_python_type': 'firedrake.ASMStarPC',
                                    'pc_star': {'patch_precompute_element_tensors': True,
                                                'patch_save_operators': True,
                                                'patch_statistics': False,
                                                'patch_sub_mat_type': 'seqaij',
                                                'patch_symmetrise_sweep': False},
                                    'pc_star_construct_dim': 0,
                                    'pc_type': 'python'}},
 'fieldsplit_1': {'ksp_type': 'preonly',
                  'pc_python_type': 'alfi.solver.DGMassInv',
                  'pc_type': 'python'},
 'ksp_atol': 1e-15,
 'ksp_error_if_not_converged': False,
 'ksp_max_it': 80,
 'ksp_rtol': 1e-11,
 'ksp_type': 'fgmres',
 'mat_type': 'nest',
 'pc_fieldsplit_schur_factorization_type': 'full',
 'pc_fieldsplit_schur_precondition': 'user',
 'pc_fieldsplit_type': 'schur',
 'pc_type': 'fieldsplit',
 'petscpartitioner_parmetis_debug': 'true',
 'petscpartitioner_type': 'parmetis',
 'snes_atol': 1e-10,
 'snes_convergence_test': 'skip',
 'snes_lag_jacobian': -2,
 'snes_lag_preconditioner': -2,
 'snes_max_it': 1,
 'snes_rtol': 1e-10,
 'snes_stol': 1e-10,
 'snes_type': 'ksponly'}
Warm-up run complete.
Warm run complete.
order= 6 nref= 1 baseN(quad=False)=26 | ndofs=  231818 | rel_resid[21]=9.91e-12 | overall_time(s)=9.278e+00 warm_time(s)=3.488e+00
Scott Vogelius Problem has been set up
Setting up the solver..
{'fieldsplit_0': {'ksp_convergence_test': 'skip',
                  'ksp_max_it': 1,
                  'ksp_norm_type': 'unpreconditioned',
                  'ksp_richardson_self_scale': False,
                  'ksp_type': 'richardson',
                  'pc_python_type': 'phmg.Direct_Coarsening_Pk',
                  'pc_type': 'python',
                  'pmg_mg_coarse': {'degree': 2,
                                    'mg_coarse_assembled': {'mat_type': 'aij',
                                                            'pc_factor_mat_solver_type': 'mumps',
                                                            'pc_type': 'lu'},
                                    'mg_coarse_pc_python_type': 'firedrake.AssembledPC',
                                    'mg_coarse_pc_type': 'python',
                                    'mg_levels': {'ksp_chebyshev_esteig': '0,0.25,0,1.1',
                                                  'ksp_convergence_test': 'skip',
                                                  'ksp_max_it': '2',
                                                  'ksp_norm_type': 'unpreconditioned',
                                                  'ksp_type': 'chebyshev',
                                                  'pc_python_type': 'firedrake.ASMStarPC',
                                                  'pc_star': {'patch_precompute_element_tensors': True,
                                                              'patch_save_operators': True,
                                                              'patch_statistics': False,
                                                              'patch_sub_mat_type': 'seqaij',
                                                              'patch_symmetrise_sweep': False},
                                                  'pc_star_construct_dim': 0,
                                                  'pc_type': 'python'},
                                    'pc_cycle_type': 'V',
                                    'pc_mg_multiplicative_cycles': 2,
                                    'pc_mg_type': 'multiplicative',
                                    'pc_type': 'mg'},
                  'pmg_mg_levels': {'ksp_chebyshev_esteig': '0,0.25,0,1.1',
                                    'ksp_convergence_test': 'skip',
                                    'ksp_max_it': '2',
                                    'ksp_norm_type': 'unpreconditioned',
                                    'ksp_type': 'chebyshev',
                                    'pc_python_type': 'firedrake.ASMStarPC',
                                    'pc_star': {'patch_precompute_element_tensors': True,
                                                'patch_save_operators': True,
                                                'patch_statistics': False,
                                                'patch_sub_mat_type': 'seqaij',
                                                'patch_symmetrise_sweep': False},
                                    'pc_star_construct_dim': 0,
                                    'pc_type': 'python'}},
 'fieldsplit_1': {'ksp_type': 'preonly',
                  'pc_python_type': 'alfi.solver.DGMassInv',
                  'pc_type': 'python'},
 'ksp_atol': 1e-15,
 'ksp_error_if_not_converged': False,
 'ksp_max_it': 80,
 'ksp_rtol': 1e-11,
 'ksp_type': 'fgmres',
 'mat_type': 'nest',
 'pc_fieldsplit_schur_factorization_type': 'full',
 'pc_fieldsplit_schur_precondition': 'user',
 'pc_fieldsplit_type': 'schur',
 'pc_type': 'fieldsplit',
 'petscpartitioner_parmetis_debug': 'true',
 'petscpartitioner_type': 'parmetis',
 'snes_atol': 1e-10,
 'snes_convergence_test': 'skip',
 'snes_lag_jacobian': -2,
 'snes_lag_preconditioner': -2,
 'snes_max_it': 1,
 'snes_rtol': 1e-10,
 'snes_stol': 1e-10,
 'snes_type': 'ksponly'}
Warm-up run complete.
Warm run complete.
order= 6 nref= 2 baseN(quad=False)=26 | ndofs=  926018 | rel_resid[21]=7.75e-12 | overall_time(s)=3.397e+01 warm_time(s)=1.431e+01
Scott Vogelius Problem has been set up
Setting up the solver..
{'fieldsplit_0': {'ksp_convergence_test': 'skip',
                  'ksp_max_it': 1,
                  'ksp_norm_type': 'unpreconditioned',
                  'ksp_richardson_self_scale': False,
                  'ksp_type': 'richardson',
                  'pc_python_type': 'phmg.Direct_Coarsening_Pk',
                  'pc_type': 'python',
                  'pmg_mg_coarse': {'degree': 2,
                                    'mg_coarse_assembled': {'mat_type': 'aij',
                                                            'pc_factor_mat_solver_type': 'mumps',
                                                            'pc_type': 'lu'},
                                    'mg_coarse_pc_python_type': 'firedrake.AssembledPC',
                                    'mg_coarse_pc_type': 'python',
                                    'mg_levels': {'ksp_chebyshev_esteig': '0,0.25,0,1.1',
                                                  'ksp_convergence_test': 'skip',
                                                  'ksp_max_it': '2',
                                                  'ksp_norm_type': 'unpreconditioned',
                                                  'ksp_type': 'chebyshev',
                                                  'pc_python_type': 'firedrake.ASMStarPC',
                                                  'pc_star': {'patch_precompute_element_tensors': True,
                                                              'patch_save_operators': True,
                                                              'patch_statistics': False,
                                                              'patch_sub_mat_type': 'seqaij',
                                                              'patch_symmetrise_sweep': False},
                                                  'pc_star_construct_dim': 0,
                                                  'pc_type': 'python'},
                                    'pc_cycle_type': 'V',
                                    'pc_mg_multiplicative_cycles': 2,
                                    'pc_mg_type': 'multiplicative',
                                    'pc_type': 'mg'},
                  'pmg_mg_levels': {'ksp_chebyshev_esteig': '0,0.25,0,1.1',
                                    'ksp_convergence_test': 'skip',
                                    'ksp_max_it': '2',
                                    'ksp_norm_type': 'unpreconditioned',
                                    'ksp_type': 'chebyshev',
                                    'pc_python_type': 'firedrake.ASMStarPC',
                                    'pc_star': {'patch_precompute_element_tensors': True,
                                                'patch_save_operators': True,
                                                'patch_statistics': False,
                                                'patch_sub_mat_type': 'seqaij',
                                                'patch_symmetrise_sweep': False},
                                    'pc_star_construct_dim': 0,
                                    'pc_type': 'python'}},
 'fieldsplit_1': {'ksp_type': 'preonly',
                  'pc_python_type': 'alfi.solver.DGMassInv',
                  'pc_type': 'python'},
 'ksp_atol': 1e-15,
 'ksp_error_if_not_converged': False,
 'ksp_max_it': 80,
 'ksp_rtol': 1e-11,
 'ksp_type': 'fgmres',
 'mat_type': 'nest',
 'pc_fieldsplit_schur_factorization_type': 'full',
 'pc_fieldsplit_schur_precondition': 'user',
 'pc_fieldsplit_type': 'schur',
 'pc_type': 'fieldsplit',
 'petscpartitioner_parmetis_debug': 'true',
 'petscpartitioner_type': 'parmetis',
 'snes_atol': 1e-10,
 'snes_convergence_test': 'skip',
 'snes_lag_jacobian': -2,
 'snes_lag_preconditioner': -2,
 'snes_max_it': 1,
 'snes_rtol': 1e-10,
 'snes_stol': 1e-10,
 'snes_type': 'ksponly'}
Warm-up run complete.
Warm run complete.
order= 6 nref= 3 baseN(quad=False)=26 | ndofs= 3701570 | rel_resid[21]=6.38e-12 | overall_time(s)=2.025e+02 warm_time(s)=5.478e+01
Scott Vogelius Problem has been set up
Setting up the solver..
{'fieldsplit_0': {'ksp_convergence_test': 'skip',
                  'ksp_max_it': 1,
                  'ksp_norm_type': 'unpreconditioned',
                  'ksp_richardson_self_scale': False,
                  'ksp_type': 'richardson',
                  'pc_python_type': 'phmg.Direct_Coarsening_Pk',
                  'pc_type': 'python',
                  'pmg_mg_coarse': {'degree': 2,
                                    'mg_coarse_assembled': {'mat_type': 'aij',
                                                            'pc_factor_mat_solver_type': 'mumps',
                                                            'pc_type': 'lu'},
                                    'mg_coarse_pc_python_type': 'firedrake.AssembledPC',
                                    'mg_coarse_pc_type': 'python',
                                    'mg_levels': {'ksp_chebyshev_esteig': '0,0.25,0,1.1',
                                                  'ksp_convergence_test': 'skip',
                                                  'ksp_max_it': '2',
                                                  'ksp_norm_type': 'unpreconditioned',
                                                  'ksp_type': 'chebyshev',
                                                  'pc_python_type': 'firedrake.ASMStarPC',
                                                  'pc_star': {'patch_precompute_element_tensors': True,
                                                              'patch_save_operators': True,
                                                              'patch_statistics': False,
                                                              'patch_sub_mat_type': 'seqaij',
                                                              'patch_symmetrise_sweep': False},
                                                  'pc_star_construct_dim': 0,
                                                  'pc_type': 'python'},
                                    'pc_cycle_type': 'V',
                                    'pc_mg_multiplicative_cycles': 2,
                                    'pc_mg_type': 'multiplicative',
                                    'pc_type': 'mg'},
                  'pmg_mg_levels': {'ksp_chebyshev_esteig': '0,0.25,0,1.1',
                                    'ksp_convergence_test': 'skip',
                                    'ksp_max_it': '2',
                                    'ksp_norm_type': 'unpreconditioned',
                                    'ksp_type': 'chebyshev',
                                    'pc_python_type': 'firedrake.ASMStarPC',
                                    'pc_star': {'patch_precompute_element_tensors': True,
                                                'patch_save_operators': True,
                                                'patch_statistics': False,
                                                'patch_sub_mat_type': 'seqaij',
                                                'patch_symmetrise_sweep': False},
                                    'pc_star_construct_dim': 0,
                                    'pc_type': 'python'}},
 'fieldsplit_1': {'ksp_type': 'preonly',
                  'pc_python_type': 'alfi.solver.DGMassInv',
                  'pc_type': 'python'},
 'ksp_atol': 1e-15,
 'ksp_error_if_not_converged': False,
 'ksp_max_it': 80,
 'ksp_rtol': 1e-11,
 'ksp_type': 'fgmres',
 'mat_type': 'nest',
 'pc_fieldsplit_schur_factorization_type': 'full',
 'pc_fieldsplit_schur_precondition': 'user',
 'pc_fieldsplit_type': 'schur',
 'pc_type': 'fieldsplit',
 'petscpartitioner_parmetis_debug': 'true',
 'petscpartitioner_type': 'parmetis',
 'snes_atol': 1e-10,
 'snes_convergence_test': 'skip',
 'snes_lag_jacobian': -2,
 'snes_lag_preconditioner': -2,
 'snes_max_it': 1,
 'snes_rtol': 1e-10,
 'snes_stol': 1e-10,
 'snes_type': 'ksponly'}
Warm-up run complete.
Warm run complete.
order= 7 nref= 1 baseN(quad=False)=22 | ndofs=  224226 | rel_resid[22]=5.56e-12 | overall_time(s)=9.941e+00 warm_time(s)=3.685e+00
Scott Vogelius Problem has been set up
Setting up the solver..
{'fieldsplit_0': {'ksp_convergence_test': 'skip',
                  'ksp_max_it': 1,
                  'ksp_norm_type': 'unpreconditioned',
                  'ksp_richardson_self_scale': False,
                  'ksp_type': 'richardson',
                  'pc_python_type': 'phmg.Direct_Coarsening_Pk',
                  'pc_type': 'python',
                  'pmg_mg_coarse': {'degree': 2,
                                    'mg_coarse_assembled': {'mat_type': 'aij',
                                                            'pc_factor_mat_solver_type': 'mumps',
                                                            'pc_type': 'lu'},
                                    'mg_coarse_pc_python_type': 'firedrake.AssembledPC',
                                    'mg_coarse_pc_type': 'python',
                                    'mg_levels': {'ksp_chebyshev_esteig': '0,0.25,0,1.1',
                                                  'ksp_convergence_test': 'skip',
                                                  'ksp_max_it': '2',
                                                  'ksp_norm_type': 'unpreconditioned',
                                                  'ksp_type': 'chebyshev',
                                                  'pc_python_type': 'firedrake.ASMStarPC',
                                                  'pc_star': {'patch_precompute_element_tensors': True,
                                                              'patch_save_operators': True,
                                                              'patch_statistics': False,
                                                              'patch_sub_mat_type': 'seqaij',
                                                              'patch_symmetrise_sweep': False},
                                                  'pc_star_construct_dim': 0,
                                                  'pc_type': 'python'},
                                    'pc_cycle_type': 'V',
                                    'pc_mg_multiplicative_cycles': 2,
                                    'pc_mg_type': 'multiplicative',
                                    'pc_type': 'mg'},
                  'pmg_mg_levels': {'ksp_chebyshev_esteig': '0,0.25,0,1.1',
                                    'ksp_convergence_test': 'skip',
                                    'ksp_max_it': '2',
                                    'ksp_norm_type': 'unpreconditioned',
                                    'ksp_type': 'chebyshev',
                                    'pc_python_type': 'firedrake.ASMStarPC',
                                    'pc_star': {'patch_precompute_element_tensors': True,
                                                'patch_save_operators': True,
                                                'patch_statistics': False,
                                                'patch_sub_mat_type': 'seqaij',
                                                'patch_symmetrise_sweep': False},
                                    'pc_star_construct_dim': 0,
                                    'pc_type': 'python'}},
 'fieldsplit_1': {'ksp_type': 'preonly',
                  'pc_python_type': 'alfi.solver.DGMassInv',
                  'pc_type': 'python'},
 'ksp_atol': 1e-15,
 'ksp_error_if_not_converged': False,
 'ksp_max_it': 80,
 'ksp_rtol': 1e-11,
 'ksp_type': 'fgmres',
 'mat_type': 'nest',
 'pc_fieldsplit_schur_factorization_type': 'full',
 'pc_fieldsplit_schur_precondition': 'user',
 'pc_fieldsplit_type': 'schur',
 'pc_type': 'fieldsplit',
 'petscpartitioner_parmetis_debug': 'true',
 'petscpartitioner_type': 'parmetis',
 'snes_atol': 1e-10,
 'snes_convergence_test': 'skip',
 'snes_lag_jacobian': -2,
 'snes_lag_preconditioner': -2,
 'snes_max_it': 1,
 'snes_rtol': 1e-10,
 'snes_stol': 1e-10,
 'snes_type': 'ksponly'}
Warm-up run complete.
Warm run complete.
order= 7 nref= 2 baseN(quad=False)=22 | ndofs=  895666 | rel_resid[21]=7.33e-12 | overall_time(s)=3.290e+01 warm_time(s)=1.378e+01
Scott Vogelius Problem has been set up
Setting up the solver..
{'fieldsplit_0': {'ksp_convergence_test': 'skip',
                  'ksp_max_it': 1,
                  'ksp_norm_type': 'unpreconditioned',
                  'ksp_richardson_self_scale': False,
                  'ksp_type': 'richardson',
                  'pc_python_type': 'phmg.Direct_Coarsening_Pk',
                  'pc_type': 'python',
                  'pmg_mg_coarse': {'degree': 2,
                                    'mg_coarse_assembled': {'mat_type': 'aij',
                                                            'pc_factor_mat_solver_type': 'mumps',
                                                            'pc_type': 'lu'},
                                    'mg_coarse_pc_python_type': 'firedrake.AssembledPC',
                                    'mg_coarse_pc_type': 'python',
                                    'mg_levels': {'ksp_chebyshev_esteig': '0,0.25,0,1.1',
                                                  'ksp_convergence_test': 'skip',
                                                  'ksp_max_it': '2',
                                                  'ksp_norm_type': 'unpreconditioned',
                                                  'ksp_type': 'chebyshev',
                                                  'pc_python_type': 'firedrake.ASMStarPC',
                                                  'pc_star': {'patch_precompute_element_tensors': True,
                                                              'patch_save_operators': True,
                                                              'patch_statistics': False,
                                                              'patch_sub_mat_type': 'seqaij',
                                                              'patch_symmetrise_sweep': False},
                                                  'pc_star_construct_dim': 0,
                                                  'pc_type': 'python'},
                                    'pc_cycle_type': 'V',
                                    'pc_mg_multiplicative_cycles': 2,
                                    'pc_mg_type': 'multiplicative',
                                    'pc_type': 'mg'},
                  'pmg_mg_levels': {'ksp_chebyshev_esteig': '0,0.25,0,1.1',
                                    'ksp_convergence_test': 'skip',
                                    'ksp_max_it': '2',
                                    'ksp_norm_type': 'unpreconditioned',
                                    'ksp_type': 'chebyshev',
                                    'pc_python_type': 'firedrake.ASMStarPC',
                                    'pc_star': {'patch_precompute_element_tensors': True,
                                                'patch_save_operators': True,
                                                'patch_statistics': False,
                                                'patch_sub_mat_type': 'seqaij',
                                                'patch_symmetrise_sweep': False},
                                    'pc_star_construct_dim': 0,
                                    'pc_type': 'python'}},
 'fieldsplit_1': {'ksp_type': 'preonly',
                  'pc_python_type': 'alfi.solver.DGMassInv',
                  'pc_type': 'python'},
 'ksp_atol': 1e-15,
 'ksp_error_if_not_converged': False,
 'ksp_max_it': 80,
 'ksp_rtol': 1e-11,
 'ksp_type': 'fgmres',
 'mat_type': 'nest',
 'pc_fieldsplit_schur_factorization_type': 'full',
 'pc_fieldsplit_schur_precondition': 'user',
 'pc_fieldsplit_type': 'schur',
 'pc_type': 'fieldsplit',
 'petscpartitioner_parmetis_debug': 'true',
 'petscpartitioner_type': 'parmetis',
 'snes_atol': 1e-10,
 'snes_convergence_test': 'skip',
 'snes_lag_jacobian': -2,
 'snes_lag_preconditioner': -2,
 'snes_max_it': 1,
 'snes_rtol': 1e-10,
 'snes_stol': 1e-10,
 'snes_type': 'ksponly'}
Warm-up run complete.
Warm run complete.
order= 7 nref= 3 baseN(quad=False)=22 | ndofs= 3580194 | rel_resid[21]=5.72e-12 | overall_time(s)=1.745e+02 warm_time(s)=5.140e+01
Scott Vogelius Problem has been set up
Setting up the solver..
{'fieldsplit_0': {'ksp_convergence_test': 'skip',
                  'ksp_max_it': 1,
                  'ksp_norm_type': 'unpreconditioned',
                  'ksp_richardson_self_scale': False,
                  'ksp_type': 'richardson',
                  'pc_python_type': 'phmg.Direct_Coarsening_Pk',
                  'pc_type': 'python',
                  'pmg_mg_coarse': {'degree': 2,
                                    'mg_coarse_assembled': {'mat_type': 'aij',
                                                            'pc_factor_mat_solver_type': 'mumps',
                                                            'pc_type': 'lu'},
                                    'mg_coarse_pc_python_type': 'firedrake.AssembledPC',
                                    'mg_coarse_pc_type': 'python',
                                    'mg_levels': {'ksp_chebyshev_esteig': '0,0.25,0,1.1',
                                                  'ksp_convergence_test': 'skip',
                                                  'ksp_max_it': '2',
                                                  'ksp_norm_type': 'unpreconditioned',
                                                  'ksp_type': 'chebyshev',
                                                  'pc_python_type': 'firedrake.ASMStarPC',
                                                  'pc_star': {'patch_precompute_element_tensors': True,
                                                              'patch_save_operators': True,
                                                              'patch_statistics': False,
                                                              'patch_sub_mat_type': 'seqaij',
                                                              'patch_symmetrise_sweep': False},
                                                  'pc_star_construct_dim': 0,
                                                  'pc_type': 'python'},
                                    'pc_cycle_type': 'V',
                                    'pc_mg_multiplicative_cycles': 2,
                                    'pc_mg_type': 'multiplicative',
                                    'pc_type': 'mg'},
                  'pmg_mg_levels': {'ksp_chebyshev_esteig': '0,0.25,0,1.1',
                                    'ksp_convergence_test': 'skip',
                                    'ksp_max_it': '2',
                                    'ksp_norm_type': 'unpreconditioned',
                                    'ksp_type': 'chebyshev',
                                    'pc_python_type': 'firedrake.ASMStarPC',
                                    'pc_star': {'patch_precompute_element_tensors': True,
                                                'patch_save_operators': True,
                                                'patch_statistics': False,
                                                'patch_sub_mat_type': 'seqaij',
                                                'patch_symmetrise_sweep': False},
                                    'pc_star_construct_dim': 0,
                                    'pc_type': 'python'}},
 'fieldsplit_1': {'ksp_type': 'preonly',
                  'pc_python_type': 'alfi.solver.DGMassInv',
                  'pc_type': 'python'},
 'ksp_atol': 1e-15,
 'ksp_error_if_not_converged': False,
 'ksp_max_it': 80,
 'ksp_rtol': 1e-11,
 'ksp_type': 'fgmres',
 'mat_type': 'nest',
 'pc_fieldsplit_schur_factorization_type': 'full',
 'pc_fieldsplit_schur_precondition': 'user',
 'pc_fieldsplit_type': 'schur',
 'pc_type': 'fieldsplit',
 'petscpartitioner_parmetis_debug': 'true',
 'petscpartitioner_type': 'parmetis',
 'snes_atol': 1e-10,
 'snes_convergence_test': 'skip',
 'snes_lag_jacobian': -2,
 'snes_lag_preconditioner': -2,
 'snes_max_it': 1,
 'snes_rtol': 1e-10,
 'snes_stol': 1e-10,
 'snes_type': 'ksponly'}
Warm-up run complete.
Warm run complete.
order= 8 nref= 1 baseN(quad=False)=20 | ndofs=  240642 | rel_resid[21]=5.49e-12 | overall_time(s)=1.199e+01 warm_time(s)=4.161e+00
Scott Vogelius Problem has been set up
Setting up the solver..
{'fieldsplit_0': {'ksp_convergence_test': 'skip',
                  'ksp_max_it': 1,
                  'ksp_norm_type': 'unpreconditioned',
                  'ksp_richardson_self_scale': False,
                  'ksp_type': 'richardson',
                  'pc_python_type': 'phmg.Direct_Coarsening_Pk',
                  'pc_type': 'python',
                  'pmg_mg_coarse': {'degree': 2,
                                    'mg_coarse_assembled': {'mat_type': 'aij',
                                                            'pc_factor_mat_solver_type': 'mumps',
                                                            'pc_type': 'lu'},
                                    'mg_coarse_pc_python_type': 'firedrake.AssembledPC',
                                    'mg_coarse_pc_type': 'python',
                                    'mg_levels': {'ksp_chebyshev_esteig': '0,0.25,0,1.1',
                                                  'ksp_convergence_test': 'skip',
                                                  'ksp_max_it': '2',
                                                  'ksp_norm_type': 'unpreconditioned',
                                                  'ksp_type': 'chebyshev',
                                                  'pc_python_type': 'firedrake.ASMStarPC',
                                                  'pc_star': {'patch_precompute_element_tensors': True,
                                                              'patch_save_operators': True,
                                                              'patch_statistics': False,
                                                              'patch_sub_mat_type': 'seqaij',
                                                              'patch_symmetrise_sweep': False},
                                                  'pc_star_construct_dim': 0,
                                                  'pc_type': 'python'},
                                    'pc_cycle_type': 'V',
                                    'pc_mg_multiplicative_cycles': 2,
                                    'pc_mg_type': 'multiplicative',
                                    'pc_type': 'mg'},
                  'pmg_mg_levels': {'ksp_chebyshev_esteig': '0,0.25,0,1.1',
                                    'ksp_convergence_test': 'skip',
                                    'ksp_max_it': '2',
                                    'ksp_norm_type': 'unpreconditioned',
                                    'ksp_type': 'chebyshev',
                                    'pc_python_type': 'firedrake.ASMStarPC',
                                    'pc_star': {'patch_precompute_element_tensors': True,
                                                'patch_save_operators': True,
                                                'patch_statistics': False,
                                                'patch_sub_mat_type': 'seqaij',
                                                'patch_symmetrise_sweep': False},
                                    'pc_star_construct_dim': 0,
                                    'pc_type': 'python'}},
 'fieldsplit_1': {'ksp_type': 'preonly',
                  'pc_python_type': 'alfi.solver.DGMassInv',
                  'pc_type': 'python'},
 'ksp_atol': 1e-15,
 'ksp_error_if_not_converged': False,
 'ksp_max_it': 80,
 'ksp_rtol': 1e-11,
 'ksp_type': 'fgmres',
 'mat_type': 'nest',
 'pc_fieldsplit_schur_factorization_type': 'full',
 'pc_fieldsplit_schur_precondition': 'user',
 'pc_fieldsplit_type': 'schur',
 'pc_type': 'fieldsplit',
 'petscpartitioner_parmetis_debug': 'true',
 'petscpartitioner_type': 'parmetis',
 'snes_atol': 1e-10,
 'snes_convergence_test': 'skip',
 'snes_lag_jacobian': -2,
 'snes_lag_preconditioner': -2,
 'snes_max_it': 1,
 'snes_rtol': 1e-10,
 'snes_stol': 1e-10,
 'snes_type': 'ksponly'}
Warm-up run complete.
Warm run complete.
order= 8 nref= 2 baseN(quad=False)=20 | ndofs=  961282 | rel_resid[21]=4.36e-12 | overall_time(s)=3.692e+01 warm_time(s)=1.530e+01
Scott Vogelius Problem has been set up
Setting up the solver..
{'fieldsplit_0': {'ksp_convergence_test': 'skip',
                  'ksp_max_it': 1,
                  'ksp_norm_type': 'unpreconditioned',
                  'ksp_richardson_self_scale': False,
                  'ksp_type': 'richardson',
                  'pc_python_type': 'phmg.Direct_Coarsening_Pk',
                  'pc_type': 'python',
                  'pmg_mg_coarse': {'degree': 2,
                                    'mg_coarse_assembled': {'mat_type': 'aij',
                                                            'pc_factor_mat_solver_type': 'mumps',
                                                            'pc_type': 'lu'},
                                    'mg_coarse_pc_python_type': 'firedrake.AssembledPC',
                                    'mg_coarse_pc_type': 'python',
                                    'mg_levels': {'ksp_chebyshev_esteig': '0,0.25,0,1.1',
                                                  'ksp_convergence_test': 'skip',
                                                  'ksp_max_it': '2',
                                                  'ksp_norm_type': 'unpreconditioned',
                                                  'ksp_type': 'chebyshev',
                                                  'pc_python_type': 'firedrake.ASMStarPC',
                                                  'pc_star': {'patch_precompute_element_tensors': True,
                                                              'patch_save_operators': True,
                                                              'patch_statistics': False,
                                                              'patch_sub_mat_type': 'seqaij',
                                                              'patch_symmetrise_sweep': False},
                                                  'pc_star_construct_dim': 0,
                                                  'pc_type': 'python'},
                                    'pc_cycle_type': 'V',
                                    'pc_mg_multiplicative_cycles': 2,
                                    'pc_mg_type': 'multiplicative',
                                    'pc_type': 'mg'},
                  'pmg_mg_levels': {'ksp_chebyshev_esteig': '0,0.25,0,1.1',
                                    'ksp_convergence_test': 'skip',
                                    'ksp_max_it': '2',
                                    'ksp_norm_type': 'unpreconditioned',
                                    'ksp_type': 'chebyshev',
                                    'pc_python_type': 'firedrake.ASMStarPC',
                                    'pc_star': {'patch_precompute_element_tensors': True,
                                                'patch_save_operators': True,
                                                'patch_statistics': False,
                                                'patch_sub_mat_type': 'seqaij',
                                                'patch_symmetrise_sweep': False},
                                    'pc_star_construct_dim': 0,
                                    'pc_type': 'python'}},
 'fieldsplit_1': {'ksp_type': 'preonly',
                  'pc_python_type': 'alfi.solver.DGMassInv',
                  'pc_type': 'python'},
 'ksp_atol': 1e-15,
 'ksp_error_if_not_converged': False,
 'ksp_max_it': 80,
 'ksp_rtol': 1e-11,
 'ksp_type': 'fgmres',
 'mat_type': 'nest',
 'pc_fieldsplit_schur_factorization_type': 'full',
 'pc_fieldsplit_schur_precondition': 'user',
 'pc_fieldsplit_type': 'schur',
 'pc_type': 'fieldsplit',
 'petscpartitioner_parmetis_debug': 'true',
 'petscpartitioner_type': 'parmetis',
 'snes_atol': 1e-10,
 'snes_convergence_test': 'skip',
 'snes_lag_jacobian': -2,
 'snes_lag_preconditioner': -2,
 'snes_max_it': 1,
 'snes_rtol': 1e-10,
 'snes_stol': 1e-10,
 'snes_type': 'ksponly'}
Warm-up run complete.
Warm run complete.
order= 8 nref= 3 baseN(quad=False)=20 | ndofs= 3842562 | rel_resid[21]=3.55e-12 | overall_time(s)=1.861e+02 warm_time(s)=5.778e+01
Scott Vogelius Problem has been set up
Setting up the solver..
{'fieldsplit_0': {'ksp_convergence_test': 'skip',
                  'ksp_max_it': 1,
                  'ksp_norm_type': 'unpreconditioned',
                  'ksp_richardson_self_scale': False,
                  'ksp_type': 'richardson',
                  'pc_python_type': 'phmg.Direct_Coarsening_Pk',
                  'pc_type': 'python',
                  'pmg_mg_coarse': {'degree': 2,
                                    'mg_coarse_assembled': {'mat_type': 'aij',
                                                            'pc_factor_mat_solver_type': 'mumps',
                                                            'pc_type': 'lu'},
                                    'mg_coarse_pc_python_type': 'firedrake.AssembledPC',
                                    'mg_coarse_pc_type': 'python',
                                    'mg_levels': {'ksp_chebyshev_esteig': '0,0.25,0,1.1',
                                                  'ksp_convergence_test': 'skip',
                                                  'ksp_max_it': '2',
                                                  'ksp_norm_type': 'unpreconditioned',
                                                  'ksp_type': 'chebyshev',
                                                  'pc_python_type': 'firedrake.ASMStarPC',
                                                  'pc_star': {'patch_precompute_element_tensors': True,
                                                              'patch_save_operators': True,
                                                              'patch_statistics': False,
                                                              'patch_sub_mat_type': 'seqaij',
                                                              'patch_symmetrise_sweep': False},
                                                  'pc_star_construct_dim': 0,
                                                  'pc_type': 'python'},
                                    'pc_cycle_type': 'V',
                                    'pc_mg_multiplicative_cycles': 2,
                                    'pc_mg_type': 'multiplicative',
                                    'pc_type': 'mg'},
                  'pmg_mg_levels': {'ksp_chebyshev_esteig': '0,0.25,0,1.1',
                                    'ksp_convergence_test': 'skip',
                                    'ksp_max_it': '2',
                                    'ksp_norm_type': 'unpreconditioned',
                                    'ksp_type': 'chebyshev',
                                    'pc_python_type': 'firedrake.ASMStarPC',
                                    'pc_star': {'patch_precompute_element_tensors': True,
                                                'patch_save_operators': True,
                                                'patch_statistics': False,
                                                'patch_sub_mat_type': 'seqaij',
                                                'patch_symmetrise_sweep': False},
                                    'pc_star_construct_dim': 0,
                                    'pc_type': 'python'}},
 'fieldsplit_1': {'ksp_type': 'preonly',
                  'pc_python_type': 'alfi.solver.DGMassInv',
                  'pc_type': 'python'},
 'ksp_atol': 1e-15,
 'ksp_error_if_not_converged': False,
 'ksp_max_it': 80,
 'ksp_rtol': 1e-11,
 'ksp_type': 'fgmres',
 'mat_type': 'nest',
 'pc_fieldsplit_schur_factorization_type': 'full',
 'pc_fieldsplit_schur_precondition': 'user',
 'pc_fieldsplit_type': 'schur',
 'pc_type': 'fieldsplit',
 'petscpartitioner_parmetis_debug': 'true',
 'petscpartitioner_type': 'parmetis',
 'snes_atol': 1e-10,
 'snes_convergence_test': 'skip',
 'snes_lag_jacobian': -2,
 'snes_lag_preconditioner': -2,
 'snes_max_it': 1,
 'snes_rtol': 1e-10,
 'snes_stol': 1e-10,
 'snes_type': 'ksponly'}
Warm-up run complete.
Warm run complete.
order= 9 nref= 1 baseN(quad=False)=16 | ndofs=  194114 | rel_resid[21]=6.38e-12 | overall_time(s)=1.014e+01 warm_time(s)=3.671e+00
Scott Vogelius Problem has been set up
Setting up the solver..
{'fieldsplit_0': {'ksp_convergence_test': 'skip',
                  'ksp_max_it': 1,
                  'ksp_norm_type': 'unpreconditioned',
                  'ksp_richardson_self_scale': False,
                  'ksp_type': 'richardson',
                  'pc_python_type': 'phmg.Direct_Coarsening_Pk',
                  'pc_type': 'python',
                  'pmg_mg_coarse': {'degree': 2,
                                    'mg_coarse_assembled': {'mat_type': 'aij',
                                                            'pc_factor_mat_solver_type': 'mumps',
                                                            'pc_type': 'lu'},
                                    'mg_coarse_pc_python_type': 'firedrake.AssembledPC',
                                    'mg_coarse_pc_type': 'python',
                                    'mg_levels': {'ksp_chebyshev_esteig': '0,0.25,0,1.1',
                                                  'ksp_convergence_test': 'skip',
                                                  'ksp_max_it': '2',
                                                  'ksp_norm_type': 'unpreconditioned',
                                                  'ksp_type': 'chebyshev',
                                                  'pc_python_type': 'firedrake.ASMStarPC',
                                                  'pc_star': {'patch_precompute_element_tensors': True,
                                                              'patch_save_operators': True,
                                                              'patch_statistics': False,
                                                              'patch_sub_mat_type': 'seqaij',
                                                              'patch_symmetrise_sweep': False},
                                                  'pc_star_construct_dim': 0,
                                                  'pc_type': 'python'},
                                    'pc_cycle_type': 'V',
                                    'pc_mg_multiplicative_cycles': 2,
                                    'pc_mg_type': 'multiplicative',
                                    'pc_type': 'mg'},
                  'pmg_mg_levels': {'ksp_chebyshev_esteig': '0,0.25,0,1.1',
                                    'ksp_convergence_test': 'skip',
                                    'ksp_max_it': '2',
                                    'ksp_norm_type': 'unpreconditioned',
                                    'ksp_type': 'chebyshev',
                                    'pc_python_type': 'firedrake.ASMStarPC',
                                    'pc_star': {'patch_precompute_element_tensors': True,
                                                'patch_save_operators': True,
                                                'patch_statistics': False,
                                                'patch_sub_mat_type': 'seqaij',
                                                'patch_symmetrise_sweep': False},
                                    'pc_star_construct_dim': 0,
                                    'pc_type': 'python'}},
 'fieldsplit_1': {'ksp_type': 'preonly',
                  'pc_python_type': 'alfi.solver.DGMassInv',
                  'pc_type': 'python'},
 'ksp_atol': 1e-15,
 'ksp_error_if_not_converged': False,
 'ksp_max_it': 80,
 'ksp_rtol': 1e-11,
 'ksp_type': 'fgmres',
 'mat_type': 'nest',
 'pc_fieldsplit_schur_factorization_type': 'full',
 'pc_fieldsplit_schur_precondition': 'user',
 'pc_fieldsplit_type': 'schur',
 'pc_type': 'fieldsplit',
 'petscpartitioner_parmetis_debug': 'true',
 'petscpartitioner_type': 'parmetis',
 'snes_atol': 1e-10,
 'snes_convergence_test': 'skip',
 'snes_lag_jacobian': -2,
 'snes_lag_preconditioner': -2,
 'snes_max_it': 1,
 'snes_rtol': 1e-10,
 'snes_stol': 1e-10,
 'snes_type': 'ksponly'}
Warm-up run complete.
Warm run complete.
order= 9 nref= 2 baseN(quad=False)=16 | ndofs=  775298 | rel_resid[21]=4.85e-12 | overall_time(s)=3.244e+01 warm_time(s)=1.339e+01
Scott Vogelius Problem has been set up
Setting up the solver..
{'fieldsplit_0': {'ksp_convergence_test': 'skip',
                  'ksp_max_it': 1,
                  'ksp_norm_type': 'unpreconditioned',
                  'ksp_richardson_self_scale': False,
                  'ksp_type': 'richardson',
                  'pc_python_type': 'phmg.Direct_Coarsening_Pk',
                  'pc_type': 'python',
                  'pmg_mg_coarse': {'degree': 2,
                                    'mg_coarse_assembled': {'mat_type': 'aij',
                                                            'pc_factor_mat_solver_type': 'mumps',
                                                            'pc_type': 'lu'},
                                    'mg_coarse_pc_python_type': 'firedrake.AssembledPC',
                                    'mg_coarse_pc_type': 'python',
                                    'mg_levels': {'ksp_chebyshev_esteig': '0,0.25,0,1.1',
                                                  'ksp_convergence_test': 'skip',
                                                  'ksp_max_it': '2',
                                                  'ksp_norm_type': 'unpreconditioned',
                                                  'ksp_type': 'chebyshev',
                                                  'pc_python_type': 'firedrake.ASMStarPC',
                                                  'pc_star': {'patch_precompute_element_tensors': True,
                                                              'patch_save_operators': True,
                                                              'patch_statistics': False,
                                                              'patch_sub_mat_type': 'seqaij',
                                                              'patch_symmetrise_sweep': False},
                                                  'pc_star_construct_dim': 0,
                                                  'pc_type': 'python'},
                                    'pc_cycle_type': 'V',
                                    'pc_mg_multiplicative_cycles': 2,
                                    'pc_mg_type': 'multiplicative',
                                    'pc_type': 'mg'},
                  'pmg_mg_levels': {'ksp_chebyshev_esteig': '0,0.25,0,1.1',
                                    'ksp_convergence_test': 'skip',
                                    'ksp_max_it': '2',
                                    'ksp_norm_type': 'unpreconditioned',
                                    'ksp_type': 'chebyshev',
                                    'pc_python_type': 'firedrake.ASMStarPC',
                                    'pc_star': {'patch_precompute_element_tensors': True,
                                                'patch_save_operators': True,
                                                'patch_statistics': False,
                                                'patch_sub_mat_type': 'seqaij',
                                                'patch_symmetrise_sweep': False},
                                    'pc_star_construct_dim': 0,
                                    'pc_type': 'python'}},
 'fieldsplit_1': {'ksp_type': 'preonly',
                  'pc_python_type': 'alfi.solver.DGMassInv',
                  'pc_type': 'python'},
 'ksp_atol': 1e-15,
 'ksp_error_if_not_converged': False,
 'ksp_max_it': 80,
 'ksp_rtol': 1e-11,
 'ksp_type': 'fgmres',
 'mat_type': 'nest',
 'pc_fieldsplit_schur_factorization_type': 'full',
 'pc_fieldsplit_schur_precondition': 'user',
 'pc_fieldsplit_type': 'schur',
 'pc_type': 'fieldsplit',
 'petscpartitioner_parmetis_debug': 'true',
 'petscpartitioner_type': 'parmetis',
 'snes_atol': 1e-10,
 'snes_convergence_test': 'skip',
 'snes_lag_jacobian': -2,
 'snes_lag_preconditioner': -2,
 'snes_max_it': 1,
 'snes_rtol': 1e-10,
 'snes_stol': 1e-10,
 'snes_type': 'ksponly'}
Warm-up run complete.
Warm run complete.
order= 9 nref= 3 baseN(quad=False)=16 | ndofs= 3098882 | rel_resid[21]=3.80e-12 | overall_time(s)=1.492e+02 warm_time(s)=5.073e+01
Scott Vogelius Problem has been set up
Setting up the solver..
{'fieldsplit_0': {'ksp_convergence_test': 'skip',
                  'ksp_max_it': 1,
                  'ksp_norm_type': 'unpreconditioned',
                  'ksp_richardson_self_scale': False,
                  'ksp_type': 'richardson',
                  'pc_python_type': 'phmg.Direct_Coarsening_Pk',
                  'pc_type': 'python',
                  'pmg_mg_coarse': {'degree': 2,
                                    'mg_coarse_assembled': {'mat_type': 'aij',
                                                            'pc_factor_mat_solver_type': 'mumps',
                                                            'pc_type': 'lu'},
                                    'mg_coarse_pc_python_type': 'firedrake.AssembledPC',
                                    'mg_coarse_pc_type': 'python',
                                    'mg_levels': {'ksp_chebyshev_esteig': '0,0.25,0,1.1',
                                                  'ksp_convergence_test': 'skip',
                                                  'ksp_max_it': '2',
                                                  'ksp_norm_type': 'unpreconditioned',
                                                  'ksp_type': 'chebyshev',
                                                  'pc_python_type': 'firedrake.ASMStarPC',
                                                  'pc_star': {'patch_precompute_element_tensors': True,
                                                              'patch_save_operators': True,
                                                              'patch_statistics': False,
                                                              'patch_sub_mat_type': 'seqaij',
                                                              'patch_symmetrise_sweep': False},
                                                  'pc_star_construct_dim': 0,
                                                  'pc_type': 'python'},
                                    'pc_cycle_type': 'V',
                                    'pc_mg_multiplicative_cycles': 2,
                                    'pc_mg_type': 'multiplicative',
                                    'pc_type': 'mg'},
                  'pmg_mg_levels': {'ksp_chebyshev_esteig': '0,0.25,0,1.1',
                                    'ksp_convergence_test': 'skip',
                                    'ksp_max_it': '2',
                                    'ksp_norm_type': 'unpreconditioned',
                                    'ksp_type': 'chebyshev',
                                    'pc_python_type': 'firedrake.ASMStarPC',
                                    'pc_star': {'patch_precompute_element_tensors': True,
                                                'patch_save_operators': True,
                                                'patch_statistics': False,
                                                'patch_sub_mat_type': 'seqaij',
                                                'patch_symmetrise_sweep': False},
                                    'pc_star_construct_dim': 0,
                                    'pc_type': 'python'}},
 'fieldsplit_1': {'ksp_type': 'preonly',
                  'pc_python_type': 'alfi.solver.DGMassInv',
                  'pc_type': 'python'},
 'ksp_atol': 1e-15,
 'ksp_error_if_not_converged': False,
 'ksp_max_it': 80,
 'ksp_rtol': 1e-11,
 'ksp_type': 'fgmres',
 'mat_type': 'nest',
 'pc_fieldsplit_schur_factorization_type': 'full',
 'pc_fieldsplit_schur_precondition': 'user',
 'pc_fieldsplit_type': 'schur',
 'pc_type': 'fieldsplit',
 'petscpartitioner_parmetis_debug': 'true',
 'petscpartitioner_type': 'parmetis',
 'snes_atol': 1e-10,
 'snes_convergence_test': 'skip',
 'snes_lag_jacobian': -2,
 'snes_lag_preconditioner': -2,
 'snes_max_it': 1,
 'snes_rtol': 1e-10,
 'snes_stol': 1e-10,
 'snes_type': 'ksponly'}
Warm-up run complete.
Warm run complete.
order=10 nref= 1 baseN(quad=False)=16 | ndofs=  238722 | rel_resid[20]=9.17e-12 | overall_time(s)=1.341e+01 warm_time(s)=4.697e+00
Scott Vogelius Problem has been set up
Setting up the solver..
{'fieldsplit_0': {'ksp_convergence_test': 'skip',
                  'ksp_max_it': 1,
                  'ksp_norm_type': 'unpreconditioned',
                  'ksp_richardson_self_scale': False,
                  'ksp_type': 'richardson',
                  'pc_python_type': 'phmg.Direct_Coarsening_Pk',
                  'pc_type': 'python',
                  'pmg_mg_coarse': {'degree': 2,
                                    'mg_coarse_assembled': {'mat_type': 'aij',
                                                            'pc_factor_mat_solver_type': 'mumps',
                                                            'pc_type': 'lu'},
                                    'mg_coarse_pc_python_type': 'firedrake.AssembledPC',
                                    'mg_coarse_pc_type': 'python',
                                    'mg_levels': {'ksp_chebyshev_esteig': '0,0.25,0,1.1',
                                                  'ksp_convergence_test': 'skip',
                                                  'ksp_max_it': '2',
                                                  'ksp_norm_type': 'unpreconditioned',
                                                  'ksp_type': 'chebyshev',
                                                  'pc_python_type': 'firedrake.ASMStarPC',
                                                  'pc_star': {'patch_precompute_element_tensors': True,
                                                              'patch_save_operators': True,
                                                              'patch_statistics': False,
                                                              'patch_sub_mat_type': 'seqaij',
                                                              'patch_symmetrise_sweep': False},
                                                  'pc_star_construct_dim': 0,
                                                  'pc_type': 'python'},
                                    'pc_cycle_type': 'V',
                                    'pc_mg_multiplicative_cycles': 2,
                                    'pc_mg_type': 'multiplicative',
                                    'pc_type': 'mg'},
                  'pmg_mg_levels': {'ksp_chebyshev_esteig': '0,0.25,0,1.1',
                                    'ksp_convergence_test': 'skip',
                                    'ksp_max_it': '2',
                                    'ksp_norm_type': 'unpreconditioned',
                                    'ksp_type': 'chebyshev',
                                    'pc_python_type': 'firedrake.ASMStarPC',
                                    'pc_star': {'patch_precompute_element_tensors': True,
                                                'patch_save_operators': True,
                                                'patch_statistics': False,
                                                'patch_sub_mat_type': 'seqaij',
                                                'patch_symmetrise_sweep': False},
                                    'pc_star_construct_dim': 0,
                                    'pc_type': 'python'}},
 'fieldsplit_1': {'ksp_type': 'preonly',
                  'pc_python_type': 'alfi.solver.DGMassInv',
                  'pc_type': 'python'},
 'ksp_atol': 1e-15,
 'ksp_error_if_not_converged': False,
 'ksp_max_it': 80,
 'ksp_rtol': 1e-11,
 'ksp_type': 'fgmres',
 'mat_type': 'nest',
 'pc_fieldsplit_schur_factorization_type': 'full',
 'pc_fieldsplit_schur_precondition': 'user',
 'pc_fieldsplit_type': 'schur',
 'pc_type': 'fieldsplit',
 'petscpartitioner_parmetis_debug': 'true',
 'petscpartitioner_type': 'parmetis',
 'snes_atol': 1e-10,
 'snes_convergence_test': 'skip',
 'snes_lag_jacobian': -2,
 'snes_lag_preconditioner': -2,
 'snes_max_it': 1,
 'snes_rtol': 1e-10,
 'snes_stol': 1e-10,
 'snes_type': 'ksponly'}
Warm-up run complete.
Warm run complete.
order=10 nref= 2 baseN(quad=False)=16 | ndofs=  953602 | rel_resid[20]=7.20e-12 | overall_time(s)=4.198e+01 warm_time(s)=1.684e+01
Scott Vogelius Problem has been set up
Setting up the solver..
{'fieldsplit_0': {'ksp_convergence_test': 'skip',
                  'ksp_max_it': 1,
                  'ksp_norm_type': 'unpreconditioned',
                  'ksp_richardson_self_scale': False,
                  'ksp_type': 'richardson',
                  'pc_python_type': 'phmg.Direct_Coarsening_Pk',
                  'pc_type': 'python',
                  'pmg_mg_coarse': {'degree': 2,
                                    'mg_coarse_assembled': {'mat_type': 'aij',
                                                            'pc_factor_mat_solver_type': 'mumps',
                                                            'pc_type': 'lu'},
                                    'mg_coarse_pc_python_type': 'firedrake.AssembledPC',
                                    'mg_coarse_pc_type': 'python',
                                    'mg_levels': {'ksp_chebyshev_esteig': '0,0.25,0,1.1',
                                                  'ksp_convergence_test': 'skip',
                                                  'ksp_max_it': '2',
                                                  'ksp_norm_type': 'unpreconditioned',
                                                  'ksp_type': 'chebyshev',
                                                  'pc_python_type': 'firedrake.ASMStarPC',
                                                  'pc_star': {'patch_precompute_element_tensors': True,
                                                              'patch_save_operators': True,
                                                              'patch_statistics': False,
                                                              'patch_sub_mat_type': 'seqaij',
                                                              'patch_symmetrise_sweep': False},
                                                  'pc_star_construct_dim': 0,
                                                  'pc_type': 'python'},
                                    'pc_cycle_type': 'V',
                                    'pc_mg_multiplicative_cycles': 2,
                                    'pc_mg_type': 'multiplicative',
                                    'pc_type': 'mg'},
                  'pmg_mg_levels': {'ksp_chebyshev_esteig': '0,0.25,0,1.1',
                                    'ksp_convergence_test': 'skip',
                                    'ksp_max_it': '2',
                                    'ksp_norm_type': 'unpreconditioned',
                                    'ksp_type': 'chebyshev',
                                    'pc_python_type': 'firedrake.ASMStarPC',
                                    'pc_star': {'patch_precompute_element_tensors': True,
                                                'patch_save_operators': True,
                                                'patch_statistics': False,
                                                'patch_sub_mat_type': 'seqaij',
                                                'patch_symmetrise_sweep': False},
                                    'pc_star_construct_dim': 0,
                                    'pc_type': 'python'}},
 'fieldsplit_1': {'ksp_type': 'preonly',
                  'pc_python_type': 'alfi.solver.DGMassInv',
                  'pc_type': 'python'},
 'ksp_atol': 1e-15,
 'ksp_error_if_not_converged': False,
 'ksp_max_it': 80,
 'ksp_rtol': 1e-11,
 'ksp_type': 'fgmres',
 'mat_type': 'nest',
 'pc_fieldsplit_schur_factorization_type': 'full',
 'pc_fieldsplit_schur_precondition': 'user',
 'pc_fieldsplit_type': 'schur',
 'pc_type': 'fieldsplit',
 'petscpartitioner_parmetis_debug': 'true',
 'petscpartitioner_type': 'parmetis',
 'snes_atol': 1e-10,
 'snes_convergence_test': 'skip',
 'snes_lag_jacobian': -2,
 'snes_lag_preconditioner': -2,
 'snes_max_it': 1,
 'snes_rtol': 1e-10,
 'snes_stol': 1e-10,
 'snes_type': 'ksponly'}
Warm-up run complete.
Warm run complete.
order=10 nref= 3 baseN(quad=False)=16 | ndofs= 3811842 | rel_resid[20]=6.24e-12 | overall_time(s)=1.912e+02 warm_time(s)=6.557e+01
