order= 2 nref= 1 baseN(quad=False)=7 | ndofs=  152482 | rel_resid[12]=8.48e-12 | overall_time(s)=8.936e+00 warm_time(s)=1.783e+00
order= 2 nref= 2 baseN(quad=False)=7 | ndofs=  608706 | rel_resid[14]=2.32e-12 | overall_time(s)=3.423e+01 warm_time(s)=9.251e+00
order= 2 nref= 3 baseN(quad=False)=7 | ndofs= 2432386 | rel_resid[14]=8.50e-12 | overall_time(s)=7.616e+02 warm_time(s)=3.376e+01
order= 3 nref= 1 baseN(quad=False)=6 | ndofs=  171116 | rel_resid[14]=3.09e-12 | overall_time(s)=6.007e+00 warm_time(s)=1.434e+00
order= 3 nref= 2 baseN(quad=False)=6 | ndofs=  683150 | rel_resid[14]=5.73e-12 | overall_time(s)=1.943e+01 warm_time(s)=5.645e+00
order= 3 nref= 3 baseN(quad=False)=6 | ndofs= 2729978 | rel_resid[14]=7.34e-12 | overall_time(s)=9.267e+01 warm_time(s)=2.255e+01
order= 4 nref= 1 baseN(quad=False)=6 | ndofs=  296338 | rel_resid[16]=8.22e-12 | overall_time(s)=8.332e+00 warm_time(s)=2.339e+00
order= 4 nref= 2 baseN(quad=False)=6 | ndofs= 1183602 | rel_resid[16]=5.81e-12 | overall_time(s)=3.023e+01 warm_time(s)=9.201e+00
order= 4 nref= 3 baseN(quad=False)=6 | ndofs= 4730914 | rel_resid[16]=8.04e-12 | overall_time(s)=1.427e+02 warm_time(s)=3.549e+01
order= 5 nref= 1 baseN(quad=False)=5 | ndofs=  244642 | rel_resid[19]=4.45e-12 | overall_time(s)=7.963e+00 warm_time(s)=2.406e+00
order= 5 nref= 2 baseN(quad=False)=5 | ndofs=  976962 | rel_resid[19]=6.00e-12 | overall_time(s)=2.637e+01 warm_time(s)=8.797e+00
order= 5 nref= 3 baseN(quad=False)=5 | ndofs= 3904642 | rel_resid[19]=6.24e-12 | overall_time(s)=1.139e+02 warm_time(s)=3.444e+01
order= 6 nref= 1 baseN(quad=False)=4 | ndofs=  190850 | rel_resid[23]=3.86e-12 | overall_time(s)=8.434e+00 warm_time(s)=2.387e+00
order= 6 nref= 2 baseN(quad=False)=4 | ndofs=  762002 | rel_resid[24]=6.28e-12 | overall_time(s)=2.597e+01 warm_time(s)=9.179e+00
order= 6 nref= 3 baseN(quad=False)=4 | ndofs= 3045218 | rel_resid[25]=5.73e-12 | overall_time(s)=2.054e+02 warm_time(s)=3.568e+01
order= 7 nref= 1 baseN(quad=False)=4 | ndofs=  257686 | rel_resid[25]=5.14e-12 | overall_time(s)=1.145e+01 warm_time(s)=3.722e+00
order= 7 nref= 2 baseN(quad=False)=4 | ndofs= 1029114 | rel_resid[27]=5.31e-12 | overall_time(s)=4.057e+01 warm_time(s)=1.494e+01
order= 7 nref= 3 baseN(quad=False)=4 | ndofs= 4113202 | rel_resid[28]=5.27e-12 | overall_time(s)=2.873e+02 warm_time(s)=6.031e+01
order= 8 nref= 1 baseN(quad=False)=4 | ndofs=  334530 | rel_resid[27]=6.46e-12 | overall_time(s)=1.949e+01 warm_time(s)=6.489e+00
order= 8 nref= 2 baseN(quad=False)=4 | ndofs= 1336258 | rel_resid[29]=7.28e-12 | overall_time(s)=6.319e+01 warm_time(s)=2.342e+01
order= 8 nref= 3 baseN(quad=False)=4 | ndofs= 5341314 | rel_resid[30]=8.62e-12 | overall_time(s)=3.994e+02 warm_time(s)=9.478e+01
order= 9 nref= 1 baseN(quad=False)=3 | ndofs=  215462 | rel_resid[30]=6.77e-12 | overall_time(s)=1.477e+01 warm_time(s)=5.039e+00
order= 9 nref= 2 baseN(quad=False)=3 | ndofs=  860330 | rel_resid[32]=5.86e-12 | overall_time(s)=5.167e+01 warm_time(s)=1.915e+01
order= 9 nref= 3 baseN(quad=False)=3 | ndofs= 3438290 | rel_resid[33]=8.46e-12 | overall_time(s)=2.599e+02 warm_time(s)=7.705e+01
order=10 nref= 1 baseN(quad=False)=3 | ndofs=  264962 | rel_resid[31]=7.43e-12 | overall_time(s)=2.008e+01 warm_time(s)=6.976e+00
order=10 nref= 2 baseN(quad=False)=3 | ndofs= 1058162 | rel_resid[35]=9.87e-12 | overall_time(s)=7.678e+01 warm_time(s)=2.906e+01
order=10 nref= 3 baseN(quad=False)=3 | ndofs= 4229282 | rel_resid[40]=6.17e-12 | overall_time(s)=3.992e+02 warm_time(s)=1.307e+02
Overall run-time: 0h 56min 24s
