KSP Object: (firedrake_0_) 72 MPI processes
  type: fgmres
    restart=30, using Classical (unmodified) Gram-Schmidt Orthogonalization with no iterative refinement
    happy breakdown tolerance 1e-30
  maximum iterations=80, initial guess is zero
  tolerances:  relative=1e-11, absolute=1e-15, divergence=10000.
  right preconditioning
  using UNPRECONDITIONED norm type for convergence test
PC Object: (firedrake_0_) 72 MPI processes
  type: python
    Python: phmg.Gradual_Coarsening_THk_TH2
  p-multigrid PC
  PC Object: (firedrake_0_pmg_) 72 MPI processes
    type: mg
      type is MULTIPLICATIVE, levels=3 cycles=v
        Cycles per PCApply=1
        Not using Galerkin computed coarse grid matrices
    Coarse grid solver -- level 0 -------------------------------
      KSP Object: (firedrake_0_pmg_mg_coarse_) 72 MPI processes
        type: preonly
        maximum iterations=10000, initial guess is zero
        tolerances:  relative=1e-05, absolute=1e-50, divergence=10000.
        left preconditioning
        using NONE norm type for convergence test
      PC Object: (firedrake_0_pmg_mg_coarse_) 72 MPI processes
        type: mg
          type is MULTIPLICATIVE, levels=2 cycles=v
            Cycles per PCApply=1
            Not using Galerkin computed coarse grid matrices
        Coarse grid solver -- level 0 -------------------------------
          KSP Object: (firedrake_0_pmg_mg_coarse_mg_coarse_) 72 MPI processes
            type: preonly
            maximum iterations=10000, initial guess is zero
            tolerances:  relative=1e-05, absolute=1e-50, divergence=10000.
            left preconditioning
            using NONE norm type for convergence test
          PC Object: (firedrake_0_pmg_mg_coarse_mg_coarse_) 72 MPI processes
            type: python
              Python: firedrake.AssembledPC
            Firedrake custom preconditioner AssembledPC
            PC to apply inverse
            PC Object: (firedrake_0_pmg_mg_coarse_mg_coarse_assembled_) 72 MPI processes
              type: lu
                out-of-place factorization
                tolerance for zero pivot 2.22045e-14
                matrix ordering: external
                factor fill ratio given 0., needed 0.
                  Factored matrix follows:
                    Mat Object: (firedrake_0_pmg_mg_coarse_mg_coarse_assembled_) 72 MPI processes
                      type: mumps
                      rows=4209, cols=4209
                      package used to perform factorization: mumps
                      total: nonzeros=2512111, allocated nonzeros=2512111
                        MUMPS run parameters:
                          Use -firedrake_0_pmg_mg_coarse_mg_coarse_assembled_ksp_view ::ascii_info_detail to display information for all processes
                          RINFOG(1) (global estimated flops for the elimination after analysis): 1.12079e+09
                          RINFOG(2) (global estimated flops for the assembly after factorization): 2.76441e+06
                          RINFOG(3) (global estimated flops for the elimination after factorization): 1.12095e+09
                          (RINFOG(12) RINFOG(13))*2^INFOG(34) (determinant): (0.,0.)*(2^0)
                          INFOG(3) (estimated real workspace for factors on all processors after analysis): 2512111
                          INFOG(4) (estimated integer workspace for factors on all processors after analysis): 38870
                          INFOG(5) (estimated maximum front size in the complete tree): 805
                          INFOG(6) (number of nodes in the complete tree): 114
                          INFOG(7) (ordering option effectively used after analysis): 2
                          INFOG(8) (structural symmetry in percent of the permuted matrix after analysis): -1
                          INFOG(9) (total real/complex workspace to store the matrix factors after factorization): 2513223
                          INFOG(10) (total integer space store the matrix factors after factorization): 38884
                          INFOG(11) (order of largest frontal matrix after factorization): 805
                          INFOG(12) (number of off-diagonal pivots): 9
                          INFOG(13) (number of delayed pivots after factorization): 7
                          INFOG(14) (number of memory compress after factorization): 0
                          INFOG(15) (number of steps of iterative refinement after solution): 0
                          INFOG(16) (estimated size (in MB) of all MUMPS internal data for factorization after analysis: value on the most memory consuming processor): 106
                          INFOG(17) (estimated size of all MUMPS internal data for factorization after analysis: sum over all processors): 6770
                          INFOG(18) (size of all MUMPS internal data allocated during factorization: value on the most memory consuming processor): 106
                          INFOG(19) (size of all MUMPS internal data allocated during factorization: sum over all processors): 6770
                          INFOG(20) (estimated number of entries in the factors): 2512111
                          INFOG(21) (size in MB of memory effectively used during factorization - value on the most memory consuming processor): 101
                          INFOG(22) (size in MB of memory effectively used during factorization - sum over all processors): 6740
                          INFOG(23) (after analysis: value of ICNTL(6) effectively used): 0
                          INFOG(24) (after analysis: value of ICNTL(12) effectively used): 1
                          INFOG(25) (after factorization: number of pivots modified by static pivoting): 0
                          INFOG(28) (after factorization: number of null pivots encountered): 0
                          INFOG(29) (after factorization: effective number of entries in the factors (sum over all processors)): 2513223
                          INFOG(30, 31) (after solution: size in Mbytes of memory used during solution phase): 32, 1380
                          INFOG(32) (after analysis: type of analysis done): 1
                          INFOG(33) (value used for ICNTL(8)): 7
                          INFOG(34) (exponent of the determinant if determinant is requested): 0
                          INFOG(35) (after factorization: number of entries taking into account BLR factor compression - sum over all processors): 2513223
                          INFOG(36) (after analysis: estimated size of all MUMPS internal data for running BLR in-core - value on the most memory consuming processor): 0
                          INFOG(37) (after analysis: estimated size of all MUMPS internal data for running BLR in-core - sum over all processors): 0
                          INFOG(38) (after analysis: estimated size of all MUMPS internal data for running BLR out-of-core - value on the most memory consuming processor): 0
                          INFOG(39) (after analysis: estimated size of all MUMPS internal data for running BLR out-of-core - sum over all processors): 0
              linear system matrix followed by preconditioner matrix:
              Mat Object: 72 MPI processes
                type: mpiaij
                rows=4209, cols=4209
                total: nonzeros=351091, allocated nonzeros=351091
                total number of mallocs used during MatSetValues calls=0
                  has attached null space
                  using I-node (on process 0) routines: found 5 nodes, limit used is 5
              Mat Object: (firedrake_0_pmg_mg_coarse_mg_coarse_assembled_) 72 MPI processes
                type: mpiaij
                rows=4209, cols=4209
                total: nonzeros=351091, allocated nonzeros=351091
                total number of mallocs used during MatSetValues calls=0
                  has attached null space
                  using I-node (on process 0) routines: found 5 nodes, limit used is 5
            linear system matrix = precond matrix:
            Mat Object: 72 MPI processes
              type: mpiaij
              rows=4209, cols=4209
              total: nonzeros=351091, allocated nonzeros=351091
              total number of mallocs used during MatSetValues calls=0
                has attached null space
                using I-node (on process 0) routines: found 5 nodes, limit used is 5
        Down solver (pre-smoother) on level 1 -------------------------------
          KSP Object: (firedrake_0_pmg_mg_coarse_mg_levels_1_) 72 MPI processes
            type: chebyshev
              Chebyshev polynomial of first kind
              eigenvalue targets used: min 2.33798, max 20.5742
              eigenvalues estimated via gmres: min 0.581769, max 18.7038
              eigenvalues estimated using gmres with transform: [0. 0.125; 0. 1.1]
              KSP Object: (firedrake_0_pmg_mg_coarse_mg_levels_1_esteig_) 72 MPI processes
                type: gmres
                  restart=30, using Classical (unmodified) Gram-Schmidt Orthogonalization with no iterative refinement
                  happy breakdown tolerance 1e-30
                maximum iterations=10, initial guess is zero
                tolerances:  relative=1e-12, absolute=1e-50, divergence=10000.
                left preconditioning
                using PRECONDITIONED norm type for convergence test
              estimating eigenvalues using noisy right hand side
            maximum iterations=3, nonzero initial guess
            tolerances:  relative=1e-05, absolute=1e-50, divergence=10000.
            left preconditioning
            using NONE norm type for convergence test
          PC Object: (firedrake_0_pmg_mg_coarse_mg_levels_1_) 72 MPI processes
            type: python
              Python: phmg.preconditioners.rlx_params.ASMVankaStarPC
            PC Object: (firedrake_0_pmg_mg_coarse_mg_levels_1_pc_vankastar_sub_) 72 MPI processes
              type: asm
                total subdomain blocks = 1331, user-defined overlap
                restriction/interpolation type - BASIC
                Local solver information for first block is in the following KSP and PC objects on rank 0:
                Use -firedrake_0_pmg_mg_coarse_mg_levels_1_pc_vankastar_sub_ksp_view ::ascii_info_detail to display information for all blocks
                KSP Object: (firedrake_0_pmg_mg_coarse_mg_levels_1_pc_vankastar_sub_sub_) 1 MPI process
                  type: preonly
                  maximum iterations=10000, initial guess is zero
                  tolerances:  relative=1e-05, absolute=1e-50, divergence=10000.
                  left preconditioning
                  using NONE norm type for convergence test
                PC Object: (firedrake_0_pmg_mg_coarse_mg_levels_1_pc_vankastar_sub_sub_) 1 MPI process
                  type: lu
                    out-of-place factorization
                    tolerance for zero pivot 2.22045e-14
                    using diagonal shift to prevent zero pivot [NONZERO]
                    matrix ordering: nd
                    factor fill ratio given 5., needed 1.42535
                      Factored matrix follows:
                        Mat Object: (firedrake_0_pmg_mg_coarse_mg_levels_1_pc_vankastar_sub_sub_) 1 MPI process
                          type: seqaij
                          rows=127, cols=127
                          package used to perform factorization: petsc
                          total: nonzeros=9289, allocated nonzeros=9289
                            using I-node routines: found 41 nodes, limit used is 5
                  linear system matrix = precond matrix:
                  Mat Object: (firedrake_0_pmg_mg_coarse_mg_levels_1_pc_vankastar_sub_sub_) 1 MPI process
                    type: seqaij
                    rows=127, cols=127
                    total: nonzeros=6517, allocated nonzeros=6517
                    total number of mallocs used during MatSetValues calls=0
                      using I-node routines: found 43 nodes, limit used is 5
              linear system matrix = precond matrix:
              Mat Object: (firedrake_0_) 72 MPI processes
                type: mpiaij
                rows=29114, cols=29114
                total: nonzeros=2638666, allocated nonzeros=2638666
                total number of mallocs used during MatSetValues calls=0
                  has attached null space
                  using I-node (on process 0) routines: found 75 nodes, limit used is 5
            linear system matrix = precond matrix:
            Mat Object: (firedrake_0_) 72 MPI processes
              type: mpiaij
              rows=29114, cols=29114
              total: nonzeros=2638666, allocated nonzeros=2638666
              total number of mallocs used during MatSetValues calls=0
                has attached null space
                using I-node (on process 0) routines: found 75 nodes, limit used is 5
        Up solver (post-smoother) same as down solver (pre-smoother)
        linear system matrix = precond matrix:
        Mat Object: (firedrake_0_) 72 MPI processes
          type: mpiaij
          rows=29114, cols=29114
          total: nonzeros=2638666, allocated nonzeros=2638666
          total number of mallocs used during MatSetValues calls=0
            has attached null space
            using I-node (on process 0) routines: found 75 nodes, limit used is 5
    Down solver (pre-smoother) on level 1 -------------------------------
      KSP Object: (firedrake_0_pmg_mg_levels_1_) 72 MPI processes
        type: chebyshev
          Chebyshev polynomial of first kind
          eigenvalue targets used: min 2.24183, max 19.7281
          eigenvalues estimated via gmres: min 0.460773, max 17.9346
          eigenvalues estimated using gmres with transform: [0. 0.125; 0. 1.1]
          KSP Object: (firedrake_0_pmg_mg_levels_1_esteig_) 72 MPI processes
            type: gmres
              restart=30, using Classical (unmodified) Gram-Schmidt Orthogonalization with no iterative refinement
              happy breakdown tolerance 1e-30
            maximum iterations=10, initial guess is zero
            tolerances:  relative=1e-12, absolute=1e-50, divergence=10000.
            left preconditioning
            using PRECONDITIONED norm type for convergence test
          estimating eigenvalues using noisy right hand side
        maximum iterations=3, nonzero initial guess
        tolerances:  relative=1e-05, absolute=1e-50, divergence=10000.
        left preconditioning
        using NONE norm type for convergence test
      PC Object: (firedrake_0_pmg_mg_levels_1_) 72 MPI processes
        type: python
          Python: phmg.preconditioners.rlx_params.ASMVankaStarPC
        PC Object: (firedrake_0_pmg_mg_levels_1_pc_vankastar_sub_) 72 MPI processes
          type: asm
            total subdomain blocks = 1331, user-defined overlap
            restriction/interpolation type - BASIC
            Local solver information for first block is in the following KSP and PC objects on rank 0:
            Use -firedrake_0_pmg_mg_levels_1_pc_vankastar_sub_ksp_view ::ascii_info_detail to display information for all blocks
            KSP Object: (firedrake_0_pmg_mg_levels_1_pc_vankastar_sub_sub_) 1 MPI process
              type: preonly
              maximum iterations=10000, initial guess is zero
              tolerances:  relative=1e-05, absolute=1e-50, divergence=10000.
              left preconditioning
              using NONE norm type for convergence test
            PC Object: (firedrake_0_pmg_mg_levels_1_pc_vankastar_sub_sub_) 1 MPI process
              type: lu
                out-of-place factorization
                tolerance for zero pivot 2.22045e-14
                using diagonal shift to prevent zero pivot [NONZERO]
                matrix ordering: nd
                factor fill ratio given 5., needed 1.27165
                  Factored matrix follows:
                    Mat Object: (firedrake_0_pmg_mg_levels_1_pc_vankastar_sub_sub_) 1 MPI process
                      type: seqaij
                      rows=687, cols=687
                      package used to perform factorization: petsc
                      total: nonzeros=153845, allocated nonzeros=153845
                        using I-node routines: found 170 nodes, limit used is 5
              linear system matrix = precond matrix:
              Mat Object: (firedrake_0_pmg_mg_levels_1_pc_vankastar_sub_sub_) 1 MPI process
                type: seqaij
                rows=687, cols=687
                total: nonzeros=120981, allocated nonzeros=120981
                total number of mallocs used during MatSetValues calls=0
                  using I-node routines: found 182 nodes, limit used is 5
          linear system matrix = precond matrix:
          Mat Object: (firedrake_0_) 72 MPI processes
            type: mpiaij
            rows=236554, cols=236554
            total: nonzeros=61466266, allocated nonzeros=61466266
            total number of mallocs used during MatSetValues calls=0
              has attached null space
              using I-node (on process 0) routines: found 704 nodes, limit used is 5
        linear system matrix = precond matrix:
        Mat Object: (firedrake_0_) 72 MPI processes
          type: mpiaij
          rows=236554, cols=236554
          total: nonzeros=61466266, allocated nonzeros=61466266
          total number of mallocs used during MatSetValues calls=0
            has attached null space
            using I-node (on process 0) routines: found 704 nodes, limit used is 5
    Up solver (post-smoother) same as down solver (pre-smoother)
    Down solver (pre-smoother) on level 2 -------------------------------
      KSP Object: (firedrake_0_pmg_mg_levels_2_) 72 MPI processes
        type: chebyshev
          Chebyshev polynomial of first kind
          eigenvalue targets used: min 2.21618, max 19.5024
          eigenvalues estimated via gmres: min 0.492604, max 17.7294
          eigenvalues estimated using gmres with transform: [0. 0.125; 0. 1.1]
          KSP Object: (firedrake_0_pmg_mg_levels_2_esteig_) 72 MPI processes
            type: gmres
              restart=30, using Classical (unmodified) Gram-Schmidt Orthogonalization with no iterative refinement
              happy breakdown tolerance 1e-30
            maximum iterations=10, initial guess is zero
            tolerances:  relative=1e-12, absolute=1e-50, divergence=10000.
            left preconditioning
            using PRECONDITIONED norm type for convergence test
          estimating eigenvalues using noisy right hand side
        maximum iterations=3, nonzero initial guess
        tolerances:  relative=1e-05, absolute=1e-50, divergence=10000.
        left preconditioning
        using NONE norm type for convergence test
      PC Object: (firedrake_0_pmg_mg_levels_2_) 72 MPI processes
        type: python
          Python: phmg.preconditioners.rlx_params.ASMVankaStarPC
        PC Object: (firedrake_0_pmg_mg_levels_2_pc_vankastar_sub_) 72 MPI processes
          type: asm
            total subdomain blocks = 1331, user-defined overlap
            restriction/interpolation type - BASIC
            Local solver information for first block is in the following KSP and PC objects on rank 0:
            Use -firedrake_0_pmg_mg_levels_2_pc_vankastar_sub_ksp_view ::ascii_info_detail to display information for all blocks
            KSP Object: (firedrake_0_pmg_mg_levels_2_pc_vankastar_sub_sub_) 1 MPI process
              type: preonly
              maximum iterations=10000, initial guess is zero
              tolerances:  relative=1e-05, absolute=1e-50, divergence=10000.
              left preconditioning
              using NONE norm type for convergence test
            PC Object: (firedrake_0_pmg_mg_levels_2_pc_vankastar_sub_sub_) 1 MPI process
              type: lu
                out-of-place factorization
                tolerance for zero pivot 2.22045e-14
                using diagonal shift to prevent zero pivot [NONZERO]
                matrix ordering: nd
                factor fill ratio given 5., needed 1.21046
                  Factored matrix follows:
                    Mat Object: (firedrake_0_pmg_mg_levels_2_pc_vankastar_sub_sub_) 1 MPI process
                      type: seqaij
                      rows=3177, cols=3177
                      package used to perform factorization: petsc
                      total: nonzeros=2215931, allocated nonzeros=2215931
                        using I-node routines: found 651 nodes, limit used is 5
              linear system matrix = precond matrix:
              Mat Object: (firedrake_0_pmg_mg_levels_2_pc_vankastar_sub_sub_) 1 MPI process
                type: seqaij
                rows=3177, cols=3177
                total: nonzeros=1830657, allocated nonzeros=1830657
                total number of mallocs used during MatSetValues calls=0
                  using I-node routines: found 653 nodes, limit used is 5
          linear system matrix = precond matrix:
          Mat Object: (firedrake_0_) 72 MPI processes
            type: mpiaij
            rows=1300714, cols=1300714
            total: nonzeros=977840866, allocated nonzeros=977840866
            total number of mallocs used during MatSetValues calls=0
              has attached null space
              using I-node (on process 0) routines: found 2995 nodes, limit used is 5
        linear system matrix = precond matrix:
        Mat Object: (firedrake_0_) 72 MPI processes
          type: mpiaij
          rows=1300714, cols=1300714
          total: nonzeros=977840866, allocated nonzeros=977840866
          total number of mallocs used during MatSetValues calls=0
            has attached null space
            using I-node (on process 0) routines: found 2995 nodes, limit used is 5
    Up solver (post-smoother) same as down solver (pre-smoother)
    linear system matrix = precond matrix:
    Mat Object: (firedrake_0_) 72 MPI processes
      type: mpiaij
      rows=1300714, cols=1300714
      total: nonzeros=977840866, allocated nonzeros=977840866
      total number of mallocs used during MatSetValues calls=0
        has attached null space
        using I-node (on process 0) routines: found 2995 nodes, limit used is 5
  linear system matrix = precond matrix:
  Mat Object: (firedrake_0_) 72 MPI processes
    type: mpiaij
    rows=1300714, cols=1300714
    total: nonzeros=977840866, allocated nonzeros=977840866
    total number of mallocs used during MatSetValues calls=0
      has attached null space
      using I-node (on process 0) routines: found 2995 nodes, limit used is 5
KSP Object: (firedrake_0_) 72 MPI processes
  type: fgmres
    restart=30, using Classical (unmodified) Gram-Schmidt Orthogonalization with no iterative refinement
    happy breakdown tolerance 1e-30
  maximum iterations=80, initial guess is zero
  tolerances:  relative=1e-11, absolute=1e-15, divergence=10000.
  right preconditioning
  using UNPRECONDITIONED norm type for convergence test
PC Object: (firedrake_0_) 72 MPI processes
  type: python
    Python: phmg.Gradual_Coarsening_THk_TH2
  p-multigrid PC
  PC Object: (firedrake_0_pmg_) 72 MPI processes
    type: mg
      type is MULTIPLICATIVE, levels=3 cycles=v
        Cycles per PCApply=1
        Not using Galerkin computed coarse grid matrices
    Coarse grid solver -- level 0 -------------------------------
      KSP Object: (firedrake_0_pmg_mg_coarse_) 72 MPI processes
        type: preonly
        maximum iterations=10000, initial guess is zero
        tolerances:  relative=1e-05, absolute=1e-50, divergence=10000.
        left preconditioning
        using NONE norm type for convergence test
      PC Object: (firedrake_0_pmg_mg_coarse_) 72 MPI processes
        type: mg
          type is MULTIPLICATIVE, levels=2 cycles=v
            Cycles per PCApply=1
            Not using Galerkin computed coarse grid matrices
        Coarse grid solver -- level 0 -------------------------------
          KSP Object: (firedrake_0_pmg_mg_coarse_mg_coarse_) 72 MPI processes
            type: preonly
            maximum iterations=10000, initial guess is zero
            tolerances:  relative=1e-05, absolute=1e-50, divergence=10000.
            left preconditioning
            using NONE norm type for convergence test
          PC Object: (firedrake_0_pmg_mg_coarse_mg_coarse_) 72 MPI processes
            type: python
              Python: firedrake.AssembledPC
            Firedrake custom preconditioner AssembledPC
            PC to apply inverse
            PC Object: (firedrake_0_pmg_mg_coarse_mg_coarse_assembled_) 72 MPI processes
              type: lu
                out-of-place factorization
                tolerance for zero pivot 2.22045e-14
                matrix ordering: external
                factor fill ratio given 0., needed 0.
                  Factored matrix follows:
                    Mat Object: (firedrake_0_pmg_mg_coarse_mg_coarse_assembled_) 72 MPI processes
                      type: mumps
                      rows=4209, cols=4209
                      package used to perform factorization: mumps
                      total: nonzeros=2512111, allocated nonzeros=2512111
                        MUMPS run parameters:
                          Use -firedrake_0_pmg_mg_coarse_mg_coarse_assembled_ksp_view ::ascii_info_detail to display information for all processes
                          RINFOG(1) (global estimated flops for the elimination after analysis): 1.12079e+09
                          RINFOG(2) (global estimated flops for the assembly after factorization): 2.76441e+06
                          RINFOG(3) (global estimated flops for the elimination after factorization): 1.12095e+09
                          (RINFOG(12) RINFOG(13))*2^INFOG(34) (determinant): (0.,0.)*(2^0)
                          INFOG(3) (estimated real workspace for factors on all processors after analysis): 2512111
                          INFOG(4) (estimated integer workspace for factors on all processors after analysis): 38870
                          INFOG(5) (estimated maximum front size in the complete tree): 805
                          INFOG(6) (number of nodes in the complete tree): 114
                          INFOG(7) (ordering option effectively used after analysis): 2
                          INFOG(8) (structural symmetry in percent of the permuted matrix after analysis): -1
                          INFOG(9) (total real/complex workspace to store the matrix factors after factorization): 2513223
                          INFOG(10) (total integer space store the matrix factors after factorization): 38884
                          INFOG(11) (order of largest frontal matrix after factorization): 805
                          INFOG(12) (number of off-diagonal pivots): 9
                          INFOG(13) (number of delayed pivots after factorization): 7
                          INFOG(14) (number of memory compress after factorization): 0
                          INFOG(15) (number of steps of iterative refinement after solution): 0
                          INFOG(16) (estimated size (in MB) of all MUMPS internal data for factorization after analysis: value on the most memory consuming processor): 106
                          INFOG(17) (estimated size of all MUMPS internal data for factorization after analysis: sum over all processors): 6770
                          INFOG(18) (size of all MUMPS internal data allocated during factorization: value on the most memory consuming processor): 106
                          INFOG(19) (size of all MUMPS internal data allocated during factorization: sum over all processors): 6770
                          INFOG(20) (estimated number of entries in the factors): 2512111
                          INFOG(21) (size in MB of memory effectively used during factorization - value on the most memory consuming processor): 101
                          INFOG(22) (size in MB of memory effectively used during factorization - sum over all processors): 6740
                          INFOG(23) (after analysis: value of ICNTL(6) effectively used): 0
                          INFOG(24) (after analysis: value of ICNTL(12) effectively used): 1
                          INFOG(25) (after factorization: number of pivots modified by static pivoting): 0
                          INFOG(28) (after factorization: number of null pivots encountered): 0
                          INFOG(29) (after factorization: effective number of entries in the factors (sum over all processors)): 2513223
                          INFOG(30, 31) (after solution: size in Mbytes of memory used during solution phase): 32, 1380
                          INFOG(32) (after analysis: type of analysis done): 1
                          INFOG(33) (value used for ICNTL(8)): 7
                          INFOG(34) (exponent of the determinant if determinant is requested): 0
                          INFOG(35) (after factorization: number of entries taking into account BLR factor compression - sum over all processors): 2513223
                          INFOG(36) (after analysis: estimated size of all MUMPS internal data for running BLR in-core - value on the most memory consuming processor): 0
                          INFOG(37) (after analysis: estimated size of all MUMPS internal data for running BLR in-core - sum over all processors): 0
                          INFOG(38) (after analysis: estimated size of all MUMPS internal data for running BLR out-of-core - value on the most memory consuming processor): 0
                          INFOG(39) (after analysis: estimated size of all MUMPS internal data for running BLR out-of-core - sum over all processors): 0
              linear system matrix followed by preconditioner matrix:
              Mat Object: 72 MPI processes
                type: mpiaij
                rows=4209, cols=4209
                total: nonzeros=351091, allocated nonzeros=351091
                total number of mallocs used during MatSetValues calls=0
                  has attached null space
                  using I-node (on process 0) routines: found 5 nodes, limit used is 5
              Mat Object: (firedrake_0_pmg_mg_coarse_mg_coarse_assembled_) 72 MPI processes
                type: mpiaij
                rows=4209, cols=4209
                total: nonzeros=351091, allocated nonzeros=351091
                total number of mallocs used during MatSetValues calls=0
                  has attached null space
                  using I-node (on process 0) routines: found 5 nodes, limit used is 5
            linear system matrix = precond matrix:
            Mat Object: 72 MPI processes
              type: mpiaij
              rows=4209, cols=4209
              total: nonzeros=351091, allocated nonzeros=351091
              total number of mallocs used during MatSetValues calls=0
                has attached null space
                using I-node (on process 0) routines: found 5 nodes, limit used is 5
        Down solver (pre-smoother) on level 1 -------------------------------
          KSP Object: (firedrake_0_pmg_mg_coarse_mg_levels_1_) 72 MPI processes
            type: chebyshev
              Chebyshev polynomial of first kind
              eigenvalue targets used: min 2.33798, max 20.5742
              eigenvalues estimated via gmres: min 0.581769, max 18.7038
              eigenvalues estimated using gmres with transform: [0. 0.125; 0. 1.1]
              KSP Object: (firedrake_0_pmg_mg_coarse_mg_levels_1_esteig_) 72 MPI processes
                type: gmres
                  restart=30, using Classical (unmodified) Gram-Schmidt Orthogonalization with no iterative refinement
                  happy breakdown tolerance 1e-30
                maximum iterations=10, initial guess is zero
                tolerances:  relative=1e-12, absolute=1e-50, divergence=10000.
                left preconditioning
                using PRECONDITIONED norm type for convergence test
              estimating eigenvalues using noisy right hand side
            maximum iterations=3, nonzero initial guess
            tolerances:  relative=1e-05, absolute=1e-50, divergence=10000.
            left preconditioning
            using NONE norm type for convergence test
          PC Object: (firedrake_0_pmg_mg_coarse_mg_levels_1_) 72 MPI processes
            type: python
              Python: phmg.preconditioners.rlx_params.ASMVankaStarPC
            PC Object: (firedrake_0_pmg_mg_coarse_mg_levels_1_pc_vankastar_sub_) 72 MPI processes
              type: asm
                total subdomain blocks = 1331, user-defined overlap
                restriction/interpolation type - BASIC
                Local solver information for first block is in the following KSP and PC objects on rank 0:
                Use -firedrake_0_pmg_mg_coarse_mg_levels_1_pc_vankastar_sub_ksp_view ::ascii_info_detail to display information for all blocks
                KSP Object: (firedrake_0_pmg_mg_coarse_mg_levels_1_pc_vankastar_sub_sub_) 1 MPI process
                  type: preonly
                  maximum iterations=10000, initial guess is zero
                  tolerances:  relative=1e-05, absolute=1e-50, divergence=10000.
                  left preconditioning
                  using NONE norm type for convergence test
                PC Object: (firedrake_0_pmg_mg_coarse_mg_levels_1_pc_vankastar_sub_sub_) 1 MPI process
                  type: lu
                    out-of-place factorization
                    tolerance for zero pivot 2.22045e-14
                    using diagonal shift to prevent zero pivot [NONZERO]
                    matrix ordering: nd
                    factor fill ratio given 5., needed 1.42535
                      Factored matrix follows:
                        Mat Object: (firedrake_0_pmg_mg_coarse_mg_levels_1_pc_vankastar_sub_sub_) 1 MPI process
                          type: seqaij
                          rows=127, cols=127
                          package used to perform factorization: petsc
                          total: nonzeros=9289, allocated nonzeros=9289
                            using I-node routines: found 41 nodes, limit used is 5
                  linear system matrix = precond matrix:
                  Mat Object: (firedrake_0_pmg_mg_coarse_mg_levels_1_pc_vankastar_sub_sub_) 1 MPI process
                    type: seqaij
                    rows=127, cols=127
                    total: nonzeros=6517, allocated nonzeros=6517
                    total number of mallocs used during MatSetValues calls=0
                      using I-node routines: found 43 nodes, limit used is 5
              linear system matrix = precond matrix:
              Mat Object: (firedrake_0_) 72 MPI processes
                type: mpiaij
                rows=29114, cols=29114
                total: nonzeros=2638666, allocated nonzeros=2638666
                total number of mallocs used during MatSetValues calls=0
                  has attached null space
                  using I-node (on process 0) routines: found 75 nodes, limit used is 5
            linear system matrix = precond matrix:
            Mat Object: (firedrake_0_) 72 MPI processes
              type: mpiaij
              rows=29114, cols=29114
              total: nonzeros=2638666, allocated nonzeros=2638666
              total number of mallocs used during MatSetValues calls=0
                has attached null space
                using I-node (on process 0) routines: found 75 nodes, limit used is 5
        Up solver (post-smoother) same as down solver (pre-smoother)
        linear system matrix = precond matrix:
        Mat Object: (firedrake_0_) 72 MPI processes
          type: mpiaij
          rows=29114, cols=29114
          total: nonzeros=2638666, allocated nonzeros=2638666
          total number of mallocs used during MatSetValues calls=0
            has attached null space
            using I-node (on process 0) routines: found 75 nodes, limit used is 5
    Down solver (pre-smoother) on level 1 -------------------------------
      KSP Object: (firedrake_0_pmg_mg_levels_1_) 72 MPI processes
        type: chebyshev
          Chebyshev polynomial of first kind
          eigenvalue targets used: min 2.24183, max 19.7281
          eigenvalues estimated via gmres: min 0.460773, max 17.9346
          eigenvalues estimated using gmres with transform: [0. 0.125; 0. 1.1]
          KSP Object: (firedrake_0_pmg_mg_levels_1_esteig_) 72 MPI processes
            type: gmres
              restart=30, using Classical (unmodified) Gram-Schmidt Orthogonalization with no iterative refinement
              happy breakdown tolerance 1e-30
            maximum iterations=10, initial guess is zero
            tolerances:  relative=1e-12, absolute=1e-50, divergence=10000.
            left preconditioning
            using PRECONDITIONED norm type for convergence test
          estimating eigenvalues using noisy right hand side
        maximum iterations=3, nonzero initial guess
        tolerances:  relative=1e-05, absolute=1e-50, divergence=10000.
        left preconditioning
        using NONE norm type for convergence test
      PC Object: (firedrake_0_pmg_mg_levels_1_) 72 MPI processes
        type: python
          Python: phmg.preconditioners.rlx_params.ASMVankaStarPC
        PC Object: (firedrake_0_pmg_mg_levels_1_pc_vankastar_sub_) 72 MPI processes
          type: asm
            total subdomain blocks = 1331, user-defined overlap
            restriction/interpolation type - BASIC
            Local solver information for first block is in the following KSP and PC objects on rank 0:
            Use -firedrake_0_pmg_mg_levels_1_pc_vankastar_sub_ksp_view ::ascii_info_detail to display information for all blocks
            KSP Object: (firedrake_0_pmg_mg_levels_1_pc_vankastar_sub_sub_) 1 MPI process
              type: preonly
              maximum iterations=10000, initial guess is zero
              tolerances:  relative=1e-05, absolute=1e-50, divergence=10000.
              left preconditioning
              using NONE norm type for convergence test
            PC Object: (firedrake_0_pmg_mg_levels_1_pc_vankastar_sub_sub_) 1 MPI process
              type: lu
                out-of-place factorization
                tolerance for zero pivot 2.22045e-14
                using diagonal shift to prevent zero pivot [NONZERO]
                matrix ordering: nd
                factor fill ratio given 5., needed 1.27165
                  Factored matrix follows:
                    Mat Object: (firedrake_0_pmg_mg_levels_1_pc_vankastar_sub_sub_) 1 MPI process
                      type: seqaij
                      rows=687, cols=687
                      package used to perform factorization: petsc
                      total: nonzeros=153845, allocated nonzeros=153845
                        using I-node routines: found 170 nodes, limit used is 5
              linear system matrix = precond matrix:
              Mat Object: (firedrake_0_pmg_mg_levels_1_pc_vankastar_sub_sub_) 1 MPI process
                type: seqaij
                rows=687, cols=687
                total: nonzeros=120981, allocated nonzeros=120981
                total number of mallocs used during MatSetValues calls=0
                  using I-node routines: found 182 nodes, limit used is 5
          linear system matrix = precond matrix:
          Mat Object: (firedrake_0_) 72 MPI processes
            type: mpiaij
            rows=236554, cols=236554
            total: nonzeros=61466266, allocated nonzeros=61466266
            total number of mallocs used during MatSetValues calls=0
              has attached null space
              using I-node (on process 0) routines: found 704 nodes, limit used is 5
        linear system matrix = precond matrix:
        Mat Object: (firedrake_0_) 72 MPI processes
          type: mpiaij
          rows=236554, cols=236554
          total: nonzeros=61466266, allocated nonzeros=61466266
          total number of mallocs used during MatSetValues calls=0
            has attached null space
            using I-node (on process 0) routines: found 704 nodes, limit used is 5
    Up solver (post-smoother) same as down solver (pre-smoother)
    Down solver (pre-smoother) on level 2 -------------------------------
      KSP Object: (firedrake_0_pmg_mg_levels_2_) 72 MPI processes
        type: chebyshev
          Chebyshev polynomial of first kind
          eigenvalue targets used: min 2.21618, max 19.5024
          eigenvalues estimated via gmres: min 0.492604, max 17.7294
          eigenvalues estimated using gmres with transform: [0. 0.125; 0. 1.1]
          KSP Object: (firedrake_0_pmg_mg_levels_2_esteig_) 72 MPI processes
            type: gmres
              restart=30, using Classical (unmodified) Gram-Schmidt Orthogonalization with no iterative refinement
              happy breakdown tolerance 1e-30
            maximum iterations=10, initial guess is zero
            tolerances:  relative=1e-12, absolute=1e-50, divergence=10000.
            left preconditioning
            using PRECONDITIONED norm type for convergence test
          estimating eigenvalues using noisy right hand side
        maximum iterations=3, nonzero initial guess
        tolerances:  relative=1e-05, absolute=1e-50, divergence=10000.
        left preconditioning
        using NONE norm type for convergence test
      PC Object: (firedrake_0_pmg_mg_levels_2_) 72 MPI processes
        type: python
          Python: phmg.preconditioners.rlx_params.ASMVankaStarPC
        PC Object: (firedrake_0_pmg_mg_levels_2_pc_vankastar_sub_) 72 MPI processes
          type: asm
            total subdomain blocks = 1331, user-defined overlap
            restriction/interpolation type - BASIC
            Local solver information for first block is in the following KSP and PC objects on rank 0:
            Use -firedrake_0_pmg_mg_levels_2_pc_vankastar_sub_ksp_view ::ascii_info_detail to display information for all blocks
            KSP Object: (firedrake_0_pmg_mg_levels_2_pc_vankastar_sub_sub_) 1 MPI process
              type: preonly
              maximum iterations=10000, initial guess is zero
              tolerances:  relative=1e-05, absolute=1e-50, divergence=10000.
              left preconditioning
              using NONE norm type for convergence test
            PC Object: (firedrake_0_pmg_mg_levels_2_pc_vankastar_sub_sub_) 1 MPI process
              type: lu
                out-of-place factorization
                tolerance for zero pivot 2.22045e-14
                using diagonal shift to prevent zero pivot [NONZERO]
                matrix ordering: nd
                factor fill ratio given 5., needed 1.21046
                  Factored matrix follows:
                    Mat Object: (firedrake_0_pmg_mg_levels_2_pc_vankastar_sub_sub_) 1 MPI process
                      type: seqaij
                      rows=3177, cols=3177
                      package used to perform factorization: petsc
                      total: nonzeros=2215931, allocated nonzeros=2215931
                        using I-node routines: found 651 nodes, limit used is 5
              linear system matrix = precond matrix:
              Mat Object: (firedrake_0_pmg_mg_levels_2_pc_vankastar_sub_sub_) 1 MPI process
                type: seqaij
                rows=3177, cols=3177
                total: nonzeros=1830657, allocated nonzeros=1830657
                total number of mallocs used during MatSetValues calls=0
                  using I-node routines: found 653 nodes, limit used is 5
          linear system matrix = precond matrix:
          Mat Object: (firedrake_0_) 72 MPI processes
            type: mpiaij
            rows=1300714, cols=1300714
            total: nonzeros=977840866, allocated nonzeros=977840866
            total number of mallocs used during MatSetValues calls=0
              has attached null space
              using I-node (on process 0) routines: found 2995 nodes, limit used is 5
        linear system matrix = precond matrix:
        Mat Object: (firedrake_0_) 72 MPI processes
          type: mpiaij
          rows=1300714, cols=1300714
          total: nonzeros=977840866, allocated nonzeros=977840866
          total number of mallocs used during MatSetValues calls=0
            has attached null space
            using I-node (on process 0) routines: found 2995 nodes, limit used is 5
    Up solver (post-smoother) same as down solver (pre-smoother)
    linear system matrix = precond matrix:
    Mat Object: (firedrake_0_) 72 MPI processes
      type: mpiaij
      rows=1300714, cols=1300714
      total: nonzeros=977840866, allocated nonzeros=977840866
      total number of mallocs used during MatSetValues calls=0
        has attached null space
        using I-node (on process 0) routines: found 2995 nodes, limit used is 5
  linear system matrix = precond matrix:
  Mat Object: (firedrake_0_) 72 MPI processes
    type: mpiaij
    rows=1300714, cols=1300714
    total: nonzeros=977840866, allocated nonzeros=977840866
    total number of mallocs used during MatSetValues calls=0
      has attached null space
      using I-node (on process 0) routines: found 2995 nodes, limit used is 5
