order= 2 nref= 1 baseN(quad=False)=80 | ndofs=  269442 | rel_resid[14]=3.03e-12 | overall_time(s)=2.227e+01 warm_time(s)=6.769e+00
order= 2 nref= 2 baseN(quad=False)=80 | ndofs= 1076482 | rel_resid[14]=2.67e-12 | overall_time(s)=9.582e+01 warm_time(s)=3.157e+01
order= 2 nref= 3 baseN(quad=False)=80 | ndofs= 4303362 | rel_resid[14]=2.54e-12 | overall_time(s)=2.573e+03 warm_time(s)=1.263e+02
order= 3 nref= 1 baseN(quad=False)=52 | ndofs=  243986 | rel_resid[12]=6.65e-12 | overall_time(s)=9.594e+00 warm_time(s)=2.865e+00
order= 3 nref= 2 baseN(quad=False)=52 | ndofs=  974690 | rel_resid[12]=4.40e-12 | overall_time(s)=3.921e+01 warm_time(s)=1.280e+01
order= 3 nref= 3 baseN(quad=False)=52 | ndofs= 3896258 | rel_resid[12]=3.59e-12 | overall_time(s)=8.726e+02 warm_time(s)=5.110e+01
order= 4 nref= 1 baseN(quad=False)=40 | ndofs=  250242 | rel_resid[15]=2.86e-12 | overall_time(s)=9.054e+00 warm_time(s)=2.889e+00
order= 4 nref= 2 baseN(quad=False)=40 | ndofs=  999682 | rel_resid[14]=6.40e-12 | overall_time(s)=3.201e+01 warm_time(s)=1.082e+01
order= 4 nref= 3 baseN(quad=False)=40 | ndofs= 3996162 | rel_resid[14]=4.03e-12 | overall_time(s)=4.722e+02 warm_time(s)=4.292e+01
order= 5 nref= 1 baseN(quad=False)=32 | ndofs=  246402 | rel_resid[17]=6.28e-12 | overall_time(s)=1.035e+01 warm_time(s)=2.991e+00
order= 5 nref= 2 baseN(quad=False)=32 | ndofs=  984322 | rel_resid[16]=8.78e-12 | overall_time(s)=2.938e+01 warm_time(s)=1.007e+01
order= 5 nref= 3 baseN(quad=False)=32 | ndofs= 3934722 | rel_resid[16]=6.45e-12 | overall_time(s)=3.412e+02 warm_time(s)=3.888e+01
order= 6 nref= 1 baseN(quad=False)=26 | ndofs=  231818 | rel_resid[19]=3.43e-12 | overall_time(s)=8.953e+00 warm_time(s)=2.896e+00
order= 6 nref= 2 baseN(quad=False)=26 | ndofs=  926018 | rel_resid[18]=4.72e-12 | overall_time(s)=2.953e+01 warm_time(s)=1.038e+01
order= 6 nref= 3 baseN(quad=False)=26 | ndofs= 3701570 | rel_resid[18]=2.66e-12 | overall_time(s)=2.563e+02 warm_time(s)=4.002e+01
order= 7 nref= 1 baseN(quad=False)=22 | ndofs=  224226 | rel_resid[21]=3.47e-12 | overall_time(s)=1.036e+01 warm_time(s)=3.078e+00
order= 7 nref= 2 baseN(quad=False)=22 | ndofs=  895666 | rel_resid[20]=5.11e-12 | overall_time(s)=3.189e+01 warm_time(s)=1.138e+01
order= 7 nref= 3 baseN(quad=False)=22 | ndofs= 3580194 | rel_resid[19]=8.33e-12 | overall_time(s)=2.240e+02 warm_time(s)=4.212e+01
order= 8 nref= 1 baseN(quad=False)=20 | ndofs=  240642 | rel_resid[22]=5.89e-12 | overall_time(s)=1.313e+01 warm_time(s)=4.319e+00
order= 8 nref= 2 baseN(quad=False)=20 | ndofs=  961282 | rel_resid[21]=7.66e-12 | overall_time(s)=4.052e+01 warm_time(s)=1.417e+01
order= 8 nref= 3 baseN(quad=False)=20 | ndofs= 3842562 | rel_resid[21]=4.26e-12 | overall_time(s)=2.420e+02 warm_time(s)=5.411e+01
order= 9 nref= 1 baseN(quad=False)=16 | ndofs=  194114 | rel_resid[24]=5.19e-12 | overall_time(s)=1.388e+01 warm_time(s)=4.246e+00
order= 9 nref= 2 baseN(quad=False)=16 | ndofs=  775298 | rel_resid[23]=7.01e-12 | overall_time(s)=3.933e+01 warm_time(s)=1.384e+01
order= 9 nref= 3 baseN(quad=False)=16 | ndofs= 3098882 | rel_resid[22]=9.56e-12 | overall_time(s)=1.978e+02 warm_time(s)=5.173e+01
order=10 nref= 1 baseN(quad=False)=16 | ndofs=  238722 | rel_resid[25]=6.07e-12 | overall_time(s)=1.774e+01 warm_time(s)=5.533e+00
order=10 nref= 2 baseN(quad=False)=16 | ndofs=  953602 | rel_resid[24]=8.03e-12 | overall_time(s)=5.639e+01 warm_time(s)=1.966e+01
order=10 nref= 3 baseN(quad=False)=16 | ndofs= 3811842 | rel_resid[24]=4.79e-12 | overall_time(s)=2.739e+02 warm_time(s)=7.489e+01
Overall run-time: 1h 43min 20s
