order= 3 nref= 1 baseN(quad=False)=6 | ndofs=  171116 | rel_resid[28]=5.68e-12 | overall_time(s)=1.221e+01 warm_time(s)=4.247e+00
order= 3 nref= 2 baseN(quad=False)=6 | ndofs=  683150 | rel_resid[27]=5.30e-12 | overall_time(s)=4.048e+01 warm_time(s)=1.689e+01
order= 3 nref= 3 baseN(quad=False)=6 | ndofs= 2729978 | rel_resid[26]=5.87e-12 | overall_time(s)=1.579e+02 warm_time(s)=6.752e+01
order= 4 nref= 1 baseN(quad=False)=6 | ndofs=  296338 | rel_resid[26]=6.00e-12 | overall_time(s)=1.399e+01 warm_time(s)=5.207e+00
order= 4 nref= 2 baseN(quad=False)=6 | ndofs= 1183602 | rel_resid[25]=7.98e-12 | overall_time(s)=4.953e+01 warm_time(s)=2.049e+01
order= 4 nref= 3 baseN(quad=False)=6 | ndofs= 4730914 | rel_resid[25]=4.75e-12 | overall_time(s)=1.969e+02 warm_time(s)=8.345e+01
order= 5 nref= 1 baseN(quad=False)=5 | ndofs=  244642 | rel_resid[26]=4.67e-12 | overall_time(s)=1.012e+01 warm_time(s)=3.819e+00
order= 5 nref= 2 baseN(quad=False)=5 | ndofs=  976962 | rel_resid[25]=6.07e-12 | overall_time(s)=3.832e+01 warm_time(s)=1.585e+01
order= 5 nref= 3 baseN(quad=False)=5 | ndofs= 3904642 | rel_resid[25]=3.83e-12 | overall_time(s)=1.521e+02 warm_time(s)=6.278e+01
order= 6 nref= 1 baseN(quad=False)=4 | ndofs=  190850 | rel_resid[26]=5.00e-12 | overall_time(s)=9.288e+00 warm_time(s)=3.368e+00
order= 6 nref= 2 baseN(quad=False)=4 | ndofs=  762002 | rel_resid[25]=8.45e-12 | overall_time(s)=3.132e+01 warm_time(s)=1.285e+01
order= 6 nref= 3 baseN(quad=False)=4 | ndofs= 3045218 | rel_resid[25]=7.34e-12 | overall_time(s)=1.244e+02 warm_time(s)=5.106e+01
order= 7 nref= 1 baseN(quad=False)=4 | ndofs=  257686 | rel_resid[25]=7.56e-12 | overall_time(s)=1.358e+01 warm_time(s)=5.013e+00
order= 7 nref= 2 baseN(quad=False)=4 | ndofs= 1029114 | rel_resid[25]=5.51e-12 | overall_time(s)=4.757e+01 warm_time(s)=1.942e+01
order= 7 nref= 3 baseN(quad=False)=4 | ndofs= 4113202 | rel_resid[25]=6.27e-12 | overall_time(s)=1.783e+02 warm_time(s)=7.365e+01
order= 8 nref= 1 baseN(quad=False)=4 | ndofs=  334530 | rel_resid[25]=5.67e-12 | overall_time(s)=1.869e+01 warm_time(s)=7.247e+00
order= 8 nref= 2 baseN(quad=False)=4 | ndofs= 1336258 | rel_resid[25]=4.28e-12 | overall_time(s)=6.933e+01 warm_time(s)=2.843e+01
order= 8 nref= 3 baseN(quad=False)=4 | ndofs= 5341314 | rel_resid[25]=5.32e-12 | overall_time(s)=2.586e+02 warm_time(s)=1.069e+02
order= 9 nref= 1 baseN(quad=False)=3 | ndofs=  215462 | rel_resid[25]=5.38e-12 | overall_time(s)=1.422e+01 warm_time(s)=5.479e+00
order= 9 nref= 2 baseN(quad=False)=3 | ndofs=  860330 | rel_resid[24]=9.49e-12 | overall_time(s)=4.925e+01 warm_time(s)=1.995e+01
order= 9 nref= 3 baseN(quad=False)=3 | ndofs= 3438290 | rel_resid[24]=7.99e-12 | overall_time(s)=1.867e+02 warm_time(s)=7.630e+01
order=10 nref= 1 baseN(quad=False)=3 | ndofs=  264962 | rel_resid[25]=4.01e-12 | overall_time(s)=2.150e+01 warm_time(s)=8.035e+00
order=10 nref= 2 baseN(quad=False)=3 | ndofs= 1058162 | rel_resid[24]=7.77e-12 | overall_time(s)=7.099e+01 warm_time(s)=2.859e+01
order=10 nref= 3 baseN(quad=False)=3 | ndofs= 4229282 | rel_resid[24]=7.00e-12 | overall_time(s)=2.622e+02 warm_time(s)=1.076e+02
Overall run-time: 0h 35min 45s
