order= 3 nref= 1 baseN(quad=False)=52 | ndofs=  243986 | rel_resid[21]=4.81e-12 | overall_time(s)=1.195e+01 warm_time(s)=3.736e+00
order= 3 nref= 2 baseN(quad=False)=52 | ndofs=  974690 | rel_resid[20]=7.65e-12 | overall_time(s)=3.911e+01 warm_time(s)=1.539e+01
order= 3 nref= 3 baseN(quad=False)=52 | ndofs= 3896258 | rel_resid[19]=9.29e-12 | overall_time(s)=1.486e+02 warm_time(s)=5.893e+01
order= 4 nref= 1 baseN(quad=False)=40 | ndofs=  250242 | rel_resid[19]=6.02e-12 | overall_time(s)=9.182e+00 warm_time(s)=3.284e+00
order= 4 nref= 2 baseN(quad=False)=40 | ndofs=  999682 | rel_resid[18]=8.72e-12 | overall_time(s)=2.957e+01 warm_time(s)=1.151e+01
order= 4 nref= 3 baseN(quad=False)=40 | ndofs= 3996162 | rel_resid[17]=8.13e-12 | overall_time(s)=1.127e+02 warm_time(s)=4.310e+01
order= 5 nref= 1 baseN(quad=False)=32 | ndofs=  246402 | rel_resid[19]=7.73e-12 | overall_time(s)=8.993e+00 warm_time(s)=3.353e+00
order= 5 nref= 2 baseN(quad=False)=32 | ndofs=  984322 | rel_resid[18]=8.44e-12 | overall_time(s)=2.688e+01 warm_time(s)=1.050e+01
order= 5 nref= 3 baseN(quad=False)=32 | ndofs= 3934722 | rel_resid[18]=5.14e-12 | overall_time(s)=1.010e+02 warm_time(s)=4.013e+01
order= 6 nref= 1 baseN(quad=False)=26 | ndofs=  231818 | rel_resid[18]=6.38e-12 | overall_time(s)=8.865e+00 warm_time(s)=2.795e+00
order= 6 nref= 2 baseN(quad=False)=26 | ndofs=  926018 | rel_resid[17]=9.43e-12 | overall_time(s)=2.751e+01 warm_time(s)=1.021e+01
order= 6 nref= 3 baseN(quad=False)=26 | ndofs= 3701570 | rel_resid[17]=5.89e-12 | overall_time(s)=9.766e+01 warm_time(s)=3.888e+01
order= 7 nref= 1 baseN(quad=False)=22 | ndofs=  224226 | rel_resid[18]=7.33e-12 | overall_time(s)=9.125e+00 warm_time(s)=3.129e+00
order= 7 nref= 2 baseN(quad=False)=22 | ndofs=  895666 | rel_resid[18]=4.13e-12 | overall_time(s)=3.050e+01 warm_time(s)=1.155e+01
order= 7 nref= 3 baseN(quad=False)=22 | ndofs= 3580194 | rel_resid[17]=6.00e-12 | overall_time(s)=1.053e+02 warm_time(s)=4.174e+01
order= 8 nref= 1 baseN(quad=False)=20 | ndofs=  240642 | rel_resid[17]=9.66e-12 | overall_time(s)=1.073e+01 warm_time(s)=3.758e+00
order= 8 nref= 2 baseN(quad=False)=20 | ndofs=  961282 | rel_resid[17]=6.10e-12 | overall_time(s)=3.624e+01 warm_time(s)=1.391e+01
order= 8 nref= 3 baseN(quad=False)=20 | ndofs= 3842562 | rel_resid[17]=3.75e-12 | overall_time(s)=1.319e+02 warm_time(s)=5.178e+01
order= 9 nref= 1 baseN(quad=False)=16 | ndofs=  194114 | rel_resid[18]=4.30e-12 | overall_time(s)=1.061e+01 warm_time(s)=3.739e+00
order= 9 nref= 2 baseN(quad=False)=16 | ndofs=  775298 | rel_resid[17]=6.52e-12 | overall_time(s)=3.358e+01 warm_time(s)=1.277e+01
order= 9 nref= 3 baseN(quad=False)=16 | ndofs= 3098882 | rel_resid[17]=3.67e-12 | overall_time(s)=1.238e+02 warm_time(s)=4.782e+01
order=10 nref= 1 baseN(quad=False)=16 | ndofs=  238722 | rel_resid[17]=5.78e-12 | overall_time(s)=1.415e+01 warm_time(s)=4.899e+00
order=10 nref= 2 baseN(quad=False)=16 | ndofs=  953602 | rel_resid[17]=3.49e-12 | overall_time(s)=4.904e+01 warm_time(s)=1.845e+01
order=10 nref= 3 baseN(quad=False)=16 | ndofs= 3811842 | rel_resid[16]=8.80e-12 | overall_time(s)=1.679e+02 warm_time(s)=6.424e+01
Overall run-time: 0h 24min 15s
