order= 3 nref= 1 baseN(quad=False)=51 | ndofs=  230523 | rel_resid[10]=2.54e-12 | overall_time(s)=1.361e+01 warm_time(s)=3.566e+00
order= 3 nref= 2 baseN(quad=False)=51 | ndofs=  918819 | rel_resid[10]=2.14e-12 | overall_time(s)=4.258e+01 warm_time(s)=1.357e+01
order= 3 nref= 3 baseN(quad=False)=51 | ndofs= 3668739 | rel_resid[10]=2.04e-12 | overall_time(s)=1.118e+03 warm_time(s)=5.387e+01
order= 4 nref= 1 baseN(quad=False)=39 | ndofs=  251163 | rel_resid[ 8]=5.36e-12 | overall_time(s)=7.891e+00 warm_time(s)=2.107e+00
order= 4 nref= 2 baseN(quad=False)=39 | ndofs= 1001211 | rel_resid[ 8]=3.97e-12 | overall_time(s)=2.874e+01 warm_time(s)=8.085e+00
order= 4 nref= 3 baseN(quad=False)=39 | ndofs= 3997971 | rel_resid[ 8]=2.19e-12 | overall_time(s)=5.464e+02 warm_time(s)=3.121e+01
order= 5 nref= 1 baseN(quad=False)=31 | ndofs=  255443 | rel_resid[ 9]=7.07e-12 | overall_time(s)=9.444e+00 warm_time(s)=2.229e+00
order= 5 nref= 2 baseN(quad=False)=31 | ndofs= 1018291 | rel_resid[ 9]=6.16e-12 | overall_time(s)=2.618e+01 warm_time(s)=8.025e+00
order= 5 nref= 3 baseN(quad=False)=31 | ndofs= 4066211 | rel_resid[ 9]=5.95e-12 | overall_time(s)=3.796e+02 warm_time(s)=3.005e+01
order= 6 nref= 1 baseN(quad=False)=26 | ndofs=  264059 | rel_resid[ 9]=1.45e-12 | overall_time(s)=8.995e+00 warm_time(s)=2.220e+00
order= 6 nref= 2 baseN(quad=False)=26 | ndofs= 1052691 | rel_resid[ 9]=8.46e-13 | overall_time(s)=2.675e+01 warm_time(s)=8.194e+00
order= 6 nref= 3 baseN(quad=False)=26 | ndofs= 4203683 | rel_resid[ 9]=6.28e-13 | overall_time(s)=3.044e+02 warm_time(s)=2.928e+01
order= 7 nref= 1 baseN(quad=False)=22 | ndofs=  261187 | rel_resid[10]=2.05e-12 | overall_time(s)=9.091e+00 warm_time(s)=2.523e+00
order= 7 nref= 2 baseN(quad=False)=22 | ndofs= 1041219 | rel_resid[10]=1.56e-12 | overall_time(s)=3.032e+01 warm_time(s)=9.225e+00
order= 7 nref= 3 baseN(quad=False)=22 | ndofs= 4157827 | rel_resid[10]=1.50e-12 | overall_time(s)=2.593e+02 warm_time(s)=3.555e+01
order= 8 nref= 1 baseN(quad=False)=20 | ndofs=  285043 | rel_resid[10]=6.00e-12 | overall_time(s)=1.062e+01 warm_time(s)=2.902e+00
order= 8 nref= 2 baseN(quad=False)=20 | ndofs= 1136483 | rel_resid[10]=4.41e-12 | overall_time(s)=4.300e+01 warm_time(s)=1.067e+01
order= 8 nref= 3 baseN(quad=False)=20 | ndofs= 4538563 | rel_resid[10]=3.96e-12 | overall_time(s)=2.681e+02 warm_time(s)=4.273e+01
order= 9 nref= 1 baseN(quad=False)=18 | ndofs=  294771 | rel_resid[11]=6.74e-12 | overall_time(s)=1.423e+01 warm_time(s)=3.688e+00
order= 9 nref= 2 baseN(quad=False)=18 | ndofs= 1175331 | rel_resid[11]=4.78e-12 | overall_time(s)=5.176e+01 warm_time(s)=1.354e+01
order= 9 nref= 3 baseN(quad=False)=18 | ndofs= 4693827 | rel_resid[11]=4.31e-12 | overall_time(s)=2.884e+02 warm_time(s)=5.462e+01
order=10 nref= 1 baseN(quad=False)=16 | ndofs=  289603 | rel_resid[12]=7.38e-12 | overall_time(s)=1.625e+01 warm_time(s)=4.737e+00
order=10 nref= 2 baseN(quad=False)=16 | ndofs= 1154691 | rel_resid[12]=4.81e-12 | overall_time(s)=6.017e+01 warm_time(s)=1.723e+01
order=10 nref= 3 baseN(quad=False)=16 | ndofs= 4611331 | rel_resid[12]=3.78e-12 | overall_time(s)=3.011e+02 warm_time(s)=6.606e+01
Overall run-time: 1h 8min 41s
