KSP Object: (firedrake_23_) 8 MPI processes
  type: fgmres
    restart=30, using Classical (unmodified) Gram-Schmidt Orthogonalization with no iterative refinement
    happy breakdown tolerance 1e-30
  maximum iterations=80, initial guess is zero
  tolerances:  relative=1e-11, absolute=1e-15, divergence=10000.
  right preconditioning
  using UNPRECONDITIONED norm type for convergence test
PC Object: (firedrake_23_) 8 MPI processes
  type: python
    Python: phmg.Direct_Coarsening_THk_TH2
  p-multigrid PC
  PC Object: (firedrake_23_pmg_) 8 MPI processes
    type: mg
      type is MULTIPLICATIVE, levels=2 cycles=v
        Cycles per PCApply=1
        Not using Galerkin computed coarse grid matrices
    Coarse grid solver -- level 0 -------------------------------
      KSP Object: (firedrake_23_pmg_mg_coarse_) 8 MPI processes
        type: preonly
        maximum iterations=10000, initial guess is zero
        tolerances:  relative=1e-05, absolute=1e-50, divergence=10000.
        left preconditioning
        using NONE norm type for convergence test
      PC Object: (firedrake_23_pmg_mg_coarse_) 8 MPI processes
        type: mg
          type is MULTIPLICATIVE, levels=4 cycles=v
            Cycles per PCApply=1
            Not using Galerkin computed coarse grid matrices
        Coarse grid solver -- level 0 -------------------------------
          KSP Object: (firedrake_23_pmg_mg_coarse_mg_coarse_) 8 MPI processes
            type: preonly
            maximum iterations=10000, initial guess is zero
            tolerances:  relative=1e-05, absolute=1e-50, divergence=10000.
            left preconditioning
            using NONE norm type for convergence test
          PC Object: (firedrake_23_pmg_mg_coarse_mg_coarse_) 8 MPI processes
            type: python
              Python: firedrake.AssembledPC
            Firedrake custom preconditioner AssembledPC
            PC to apply inverse
            PC Object: (firedrake_23_pmg_mg_coarse_mg_coarse_assembled_) 8 MPI processes
              type: lu
                out-of-place factorization
                tolerance for zero pivot 2.22045e-14
                matrix ordering: external
                factor fill ratio given 0., needed 0.
                  Factored matrix follows:
                    Mat Object: (firedrake_23_pmg_mg_coarse_mg_coarse_assembled_) 8 MPI processes
                      type: mumps
                      rows=2467, cols=2467
                      package used to perform factorization: mumps
                      total: nonzeros=290637, allocated nonzeros=290637
                        MUMPS run parameters:
                          Use -firedrake_23_pmg_mg_coarse_mg_coarse_assembled_ksp_view ::ascii_info_detail to display information for all processes
                          RINFOG(1) (global estimated flops for the elimination after analysis): 2.00638e+07
                          RINFOG(2) (global estimated flops for the assembly after factorization): 300682.
                          RINFOG(3) (global estimated flops for the elimination after factorization): 2.00638e+07
                          (RINFOG(12) RINFOG(13))*2^INFOG(34) (determinant): (0.,0.)*(2^0)
                          INFOG(3) (estimated real workspace for factors on all processors after analysis): 290637
                          INFOG(4) (estimated integer workspace for factors on all processors after analysis): 19042
                          INFOG(5) (estimated maximum front size in the complete tree): 146
                          INFOG(6) (number of nodes in the complete tree): 132
                          INFOG(7) (ordering option effectively used after analysis): 2
                          INFOG(8) (structural symmetry in percent of the permuted matrix after analysis): -1
                          INFOG(9) (total real/complex workspace to store the matrix factors after factorization): 290637
                          INFOG(10) (total integer space store the matrix factors after factorization): 19042
                          INFOG(11) (order of largest frontal matrix after factorization): 146
                          INFOG(12) (number of off-diagonal pivots): 6
                          INFOG(13) (number of delayed pivots after factorization): 0
                          INFOG(14) (number of memory compress after factorization): 0
                          INFOG(15) (number of steps of iterative refinement after solution): 0
                          INFOG(16) (estimated size (in MB) of all MUMPS internal data for factorization after analysis: value on the most memory consuming processor): 20
                          INFOG(17) (estimated size of all MUMPS internal data for factorization after analysis: sum over all processors): 155
                          INFOG(18) (size of all MUMPS internal data allocated during factorization: value on the most memory consuming processor): 20
                          INFOG(19) (size of all MUMPS internal data allocated during factorization: sum over all processors): 155
                          INFOG(20) (estimated number of entries in the factors): 290637
                          INFOG(21) (size in MB of memory effectively used during factorization - value on the most memory consuming processor): 20
                          INFOG(22) (size in MB of memory effectively used during factorization - sum over all processors): 154
                          INFOG(23) (after analysis: value of ICNTL(6) effectively used): 0
                          INFOG(24) (after analysis: value of ICNTL(12) effectively used): 1
                          INFOG(25) (after factorization: number of pivots modified by static pivoting): 0
                          INFOG(28) (after factorization: number of null pivots encountered): 0
                          INFOG(29) (after factorization: effective number of entries in the factors (sum over all processors)): 290637
                          INFOG(30, 31) (after solution: size in Mbytes of memory used during solution phase): 16, 121
                          INFOG(32) (after analysis: type of analysis done): 1
                          INFOG(33) (value used for ICNTL(8)): 7
                          INFOG(34) (exponent of the determinant if determinant is requested): 0
                          INFOG(35) (after factorization: number of entries taking into account BLR factor compression - sum over all processors): 290637
                          INFOG(36) (after analysis: estimated size of all MUMPS internal data for running BLR in-core - value on the most memory consuming processor): 0
                          INFOG(37) (after analysis: estimated size of all MUMPS internal data for running BLR in-core - sum over all processors): 0
                          INFOG(38) (after analysis: estimated size of all MUMPS internal data for running BLR out-of-core - value on the most memory consuming processor): 0
                          INFOG(39) (after analysis: estimated size of all MUMPS internal data for running BLR out-of-core - sum over all processors): 0
              linear system matrix = precond matrix:
              Mat Object: (firedrake_23_pmg_mg_coarse_mg_coarse_assembled_) 8 MPI processes
                type: mpiaij
                rows=2467, cols=2467
                total: nonzeros=70121, allocated nonzeros=70121
                total number of mallocs used during MatSetValues calls=0
                  has attached null space
                  using I-node (on process 0) routines: found 126 nodes, limit used is 5
            linear system matrix = precond matrix:
            Mat Object: 8 MPI processes
              type: mpiaij
              rows=2467, cols=2467
              total: nonzeros=70121, allocated nonzeros=70121
              total number of mallocs used during MatSetValues calls=0
                has attached null space
                using I-node (on process 0) routines: found 126 nodes, limit used is 5
        Down solver (pre-smoother) on level 1 -------------------------------
          KSP Object: (firedrake_23_pmg_mg_coarse_mg_levels_1_) 8 MPI processes
            type: chebyshev
              Chebyshev polynomial of first kind
              eigenvalue targets used: min 1.86736, max 8.2164
              eigenvalues estimated via gmres: min 0.49116, max 7.46945
              eigenvalues estimated using gmres with transform: [0. 0.25; 0. 1.1]
              KSP Object: (firedrake_23_pmg_mg_coarse_mg_levels_1_esteig_) 8 MPI processes
                type: gmres
                  restart=30, using Classical (unmodified) Gram-Schmidt Orthogonalization with no iterative refinement
                  happy breakdown tolerance 1e-30
                maximum iterations=10, initial guess is zero
                tolerances:  relative=1e-12, absolute=1e-50, divergence=10000.
                left preconditioning
                using PRECONDITIONED norm type for convergence test
              estimating eigenvalues using noisy right hand side
            maximum iterations=2, nonzero initial guess
            tolerances:  relative=1e-05, absolute=1e-50, divergence=10000.
            left preconditioning
            using NONE norm type for convergence test
          PC Object: (firedrake_23_pmg_mg_coarse_mg_levels_1_) 8 MPI processes
            type: python
              Python: phmg.preconditioners.rlx_params.ASMVankaStarPC
            PC Object: (firedrake_23_pmg_mg_coarse_mg_levels_1_pc_vankastar_sub_) 8 MPI processes
              type: asm
                total subdomain blocks = 1089, user-defined overlap
                restriction/interpolation type - BASIC
                Local solver information for first block is in the following KSP and PC objects on rank 0:
                Use -firedrake_23_pmg_mg_coarse_mg_levels_1_pc_vankastar_sub_ksp_view ::ascii_info_detail to display information for all blocks
                KSP Object: (firedrake_23_pmg_mg_coarse_mg_levels_1_pc_vankastar_sub_sub_) 1 MPI process
                  type: preonly
                  maximum iterations=10000, initial guess is zero
                  tolerances:  relative=1e-05, absolute=1e-50, divergence=10000.
                  left preconditioning
                  using NONE norm type for convergence test
                PC Object: (firedrake_23_pmg_mg_coarse_mg_levels_1_pc_vankastar_sub_sub_) 1 MPI process
                  type: lu
                    out-of-place factorization
                    tolerance for zero pivot 2.22045e-14
                    using diagonal shift to prevent zero pivot [NONZERO]
                    matrix ordering: nd
                    factor fill ratio given 5., needed 1.13169
                      Factored matrix follows:
                        Mat Object: (firedrake_23_pmg_mg_coarse_mg_levels_1_pc_vankastar_sub_sub_) 1 MPI process
                          type: seqaij
                          rows=39, cols=39
                          package used to perform factorization: petsc
                          total: nonzeros=825, allocated nonzeros=825
                            using I-node routines: found 15 nodes, limit used is 5
                  linear system matrix = precond matrix:
                  Mat Object: (firedrake_23_pmg_mg_coarse_mg_levels_1_pc_vankastar_sub_sub_) 1 MPI process
                    type: seqaij
                    rows=39, cols=39
                    total: nonzeros=729, allocated nonzeros=729
                    total number of mallocs used during MatSetValues calls=0
                      using I-node routines: found 20 nodes, limit used is 5
              linear system matrix = precond matrix:
              Mat Object: 8 MPI processes
                type: mpiaij
                rows=9539, cols=9539
                total: nonzeros=276937, allocated nonzeros=276937
                total number of mallocs used during MatSetValues calls=0
                  has attached null space
                  using I-node (on process 0) routines: found 570 nodes, limit used is 5
            linear system matrix = precond matrix:
            Mat Object: 8 MPI processes
              type: mpiaij
              rows=9539, cols=9539
              total: nonzeros=276937, allocated nonzeros=276937
              total number of mallocs used during MatSetValues calls=0
                has attached null space
                using I-node (on process 0) routines: found 570 nodes, limit used is 5
        Up solver (post-smoother) same as down solver (pre-smoother)
        Down solver (pre-smoother) on level 2 -------------------------------
          KSP Object: (firedrake_23_pmg_mg_coarse_mg_levels_2_) 8 MPI processes
            type: chebyshev
              Chebyshev polynomial of first kind
              eigenvalue targets used: min 1.81219, max 7.97363
              eigenvalues estimated via gmres: min 0.466633, max 7.24875
              eigenvalues estimated using gmres with transform: [0. 0.25; 0. 1.1]
              KSP Object: (firedrake_23_pmg_mg_coarse_mg_levels_2_esteig_) 8 MPI processes
                type: gmres
                  restart=30, using Classical (unmodified) Gram-Schmidt Orthogonalization with no iterative refinement
                  happy breakdown tolerance 1e-30
                maximum iterations=10, initial guess is zero
                tolerances:  relative=1e-12, absolute=1e-50, divergence=10000.
                left preconditioning
                using PRECONDITIONED norm type for convergence test
              estimating eigenvalues using noisy right hand side
            maximum iterations=2, nonzero initial guess
            tolerances:  relative=1e-05, absolute=1e-50, divergence=10000.
            left preconditioning
            using NONE norm type for convergence test
          PC Object: (firedrake_23_pmg_mg_coarse_mg_levels_2_) 8 MPI processes
            type: python
              Python: phmg.preconditioners.rlx_params.ASMVankaStarPC
            PC Object: (firedrake_23_pmg_mg_coarse_mg_levels_2_pc_vankastar_sub_) 8 MPI processes
              type: asm
                total subdomain blocks = 4225, user-defined overlap
                restriction/interpolation type - BASIC
                Local solver information for first block is in the following KSP and PC objects on rank 0:
                Use -firedrake_23_pmg_mg_coarse_mg_levels_2_pc_vankastar_sub_ksp_view ::ascii_info_detail to display information for all blocks
                KSP Object: (firedrake_23_pmg_mg_coarse_mg_levels_2_pc_vankastar_sub_sub_) 1 MPI process
                  type: preonly
                  maximum iterations=10000, initial guess is zero
                  tolerances:  relative=1e-05, absolute=1e-50, divergence=10000.
                  left preconditioning
                  using NONE norm type for convergence test
                PC Object: (firedrake_23_pmg_mg_coarse_mg_levels_2_pc_vankastar_sub_sub_) 1 MPI process
                  type: lu
                    out-of-place factorization
                    tolerance for zero pivot 2.22045e-14
                    using diagonal shift to prevent zero pivot [NONZERO]
                    matrix ordering: nd
                    factor fill ratio given 5., needed 1.13169
                      Factored matrix follows:
                        Mat Object: (firedrake_23_pmg_mg_coarse_mg_levels_2_pc_vankastar_sub_sub_) 1 MPI process
                          type: seqaij
                          rows=39, cols=39
                          package used to perform factorization: petsc
                          total: nonzeros=825, allocated nonzeros=825
                            using I-node routines: found 15 nodes, limit used is 5
                  linear system matrix = precond matrix:
                  Mat Object: (firedrake_23_pmg_mg_coarse_mg_levels_2_pc_vankastar_sub_sub_) 1 MPI process
                    type: seqaij
                    rows=39, cols=39
                    total: nonzeros=729, allocated nonzeros=729
                    total number of mallocs used during MatSetValues calls=0
                      using I-node routines: found 19 nodes, limit used is 5
              linear system matrix = precond matrix:
              Mat Object: 8 MPI processes
                type: mpiaij
                rows=37507, cols=37507
                total: nonzeros=1100681, allocated nonzeros=1100681
                total number of mallocs used during MatSetValues calls=0
                  has attached null space
                  using I-node (on process 0) routines: found 2418 nodes, limit used is 5
            linear system matrix = precond matrix:
            Mat Object: 8 MPI processes
              type: mpiaij
              rows=37507, cols=37507
              total: nonzeros=1100681, allocated nonzeros=1100681
              total number of mallocs used during MatSetValues calls=0
                has attached null space
                using I-node (on process 0) routines: found 2418 nodes, limit used is 5
        Up solver (post-smoother) same as down solver (pre-smoother)
        Down solver (pre-smoother) on level 3 -------------------------------
          KSP Object: (firedrake_23_pmg_mg_coarse_mg_levels_3_) 8 MPI processes
            type: chebyshev
              Chebyshev polynomial of first kind
              eigenvalue targets used: min 1.7804, max 7.83377
              eigenvalues estimated via gmres: min 0.417713, max 7.12161
              eigenvalues estimated using gmres with transform: [0. 0.25; 0. 1.1]
              KSP Object: (firedrake_23_pmg_mg_coarse_mg_levels_3_esteig_) 8 MPI processes
                type: gmres
                  restart=30, using Classical (unmodified) Gram-Schmidt Orthogonalization with no iterative refinement
                  happy breakdown tolerance 1e-30
                maximum iterations=10, initial guess is zero
                tolerances:  relative=1e-12, absolute=1e-50, divergence=10000.
                left preconditioning
                using PRECONDITIONED norm type for convergence test
              estimating eigenvalues using noisy right hand side
            maximum iterations=2, nonzero initial guess
            tolerances:  relative=1e-05, absolute=1e-50, divergence=10000.
            left preconditioning
            using NONE norm type for convergence test
          PC Object: (firedrake_23_pmg_mg_coarse_mg_levels_3_) 8 MPI processes
            type: python
              Python: phmg.preconditioners.rlx_params.ASMVankaStarPC
            PC Object: (firedrake_23_pmg_mg_coarse_mg_levels_3_pc_vankastar_sub_) 8 MPI processes
              type: asm
                total subdomain blocks = 16641, user-defined overlap
                restriction/interpolation type - BASIC
                Local solver information for first block is in the following KSP and PC objects on rank 0:
                Use -firedrake_23_pmg_mg_coarse_mg_levels_3_pc_vankastar_sub_ksp_view ::ascii_info_detail to display information for all blocks
                KSP Object: (firedrake_23_pmg_mg_coarse_mg_levels_3_pc_vankastar_sub_sub_) 1 MPI process
                  type: preonly
                  maximum iterations=10000, initial guess is zero
                  tolerances:  relative=1e-05, absolute=1e-50, divergence=10000.
                  left preconditioning
                  using NONE norm type for convergence test
                PC Object: (firedrake_23_pmg_mg_coarse_mg_levels_3_pc_vankastar_sub_sub_) 1 MPI process
                  type: lu
                    out-of-place factorization
                    tolerance for zero pivot 2.22045e-14
                    using diagonal shift to prevent zero pivot [NONZERO]
                    matrix ordering: nd
                    factor fill ratio given 5., needed 1.13169
                      Factored matrix follows:
                        Mat Object: (firedrake_23_pmg_mg_coarse_mg_levels_3_pc_vankastar_sub_sub_) 1 MPI process
                          type: seqaij
                          rows=39, cols=39
                          package used to perform factorization: petsc
                          total: nonzeros=825, allocated nonzeros=825
                            using I-node routines: found 15 nodes, limit used is 5
                  linear system matrix = precond matrix:
                  Mat Object: (firedrake_23_pmg_mg_coarse_mg_levels_3_pc_vankastar_sub_sub_) 1 MPI process
                    type: seqaij
                    rows=39, cols=39
                    total: nonzeros=729, allocated nonzeros=729
                    total number of mallocs used during MatSetValues calls=0
                      using I-node routines: found 19 nodes, limit used is 5
              linear system matrix = precond matrix:
              Mat Object: (firedrake_23_) 8 MPI processes
                type: mpiaij
                rows=148739, cols=148739
                total: nonzeros=4388617, allocated nonzeros=4388617
                total number of mallocs used during MatSetValues calls=0
                  has attached null space
                  using I-node (on process 0) routines: found 9954 nodes, limit used is 5
            linear system matrix = precond matrix:
            Mat Object: (firedrake_23_) 8 MPI processes
              type: mpiaij
              rows=148739, cols=148739
              total: nonzeros=4388617, allocated nonzeros=4388617
              total number of mallocs used during MatSetValues calls=0
                has attached null space
                using I-node (on process 0) routines: found 9954 nodes, limit used is 5
        Up solver (post-smoother) same as down solver (pre-smoother)
        linear system matrix = precond matrix:
        Mat Object: (firedrake_23_) 8 MPI processes
          type: mpiaij
          rows=148739, cols=148739
          total: nonzeros=4388617, allocated nonzeros=4388617
          total number of mallocs used during MatSetValues calls=0
            has attached null space
            using I-node (on process 0) routines: found 9954 nodes, limit used is 5
    Down solver (pre-smoother) on level 1 -------------------------------
      KSP Object: (firedrake_23_pmg_mg_levels_1_) 8 MPI processes
        type: chebyshev
          Chebyshev polynomial of first kind
          eigenvalue targets used: min 1.687, max 7.42278
          eigenvalues estimated via gmres: min 0.585353, max 6.74798
          eigenvalues estimated using gmres with transform: [0. 0.25; 0. 1.1]
          KSP Object: (firedrake_23_pmg_mg_levels_1_esteig_) 8 MPI processes
            type: gmres
              restart=30, using Classical (unmodified) Gram-Schmidt Orthogonalization with no iterative refinement
              happy breakdown tolerance 1e-30
            maximum iterations=10, initial guess is zero
            tolerances:  relative=1e-12, absolute=1e-50, divergence=10000.
            left preconditioning
            using PRECONDITIONED norm type for convergence test
          estimating eigenvalues using noisy right hand side
        maximum iterations=2, nonzero initial guess
        tolerances:  relative=1e-05, absolute=1e-50, divergence=10000.
        left preconditioning
        using NONE norm type for convergence test
      PC Object: (firedrake_23_pmg_mg_levels_1_) 8 MPI processes
        type: python
          Python: phmg.preconditioners.rlx_params.ASMVankaStarPC
        PC Object: (firedrake_23_pmg_mg_levels_1_pc_vankastar_sub_) 8 MPI processes
          type: asm
            total subdomain blocks = 16641, user-defined overlap
            restriction/interpolation type - BASIC
            Local solver information for first block is in the following KSP and PC objects on rank 0:
            Use -firedrake_23_pmg_mg_levels_1_pc_vankastar_sub_ksp_view ::ascii_info_detail to display information for all blocks
            KSP Object: (firedrake_23_pmg_mg_levels_1_pc_vankastar_sub_sub_) 1 MPI process
              type: preonly
              maximum iterations=10000, initial guess is zero
              tolerances:  relative=1e-05, absolute=1e-50, divergence=10000.
              left preconditioning
              using NONE norm type for convergence test
            PC Object: (firedrake_23_pmg_mg_levels_1_pc_vankastar_sub_sub_) 1 MPI process
              type: lu
                out-of-place factorization
                tolerance for zero pivot 2.22045e-14
                using diagonal shift to prevent zero pivot [NONZERO]
                matrix ordering: nd
                factor fill ratio given 5., needed 1.02582
                  Factored matrix follows:
                    Mat Object: (firedrake_23_pmg_mg_levels_1_pc_vankastar_sub_sub_) 1 MPI process
                      type: seqaij
                      rows=879, cols=879
                      package used to perform factorization: petsc
                      total: nonzeros=186921, allocated nonzeros=186921
                        using I-node routines: found 183 nodes, limit used is 5
              linear system matrix = precond matrix:
              Mat Object: (firedrake_23_pmg_mg_levels_1_pc_vankastar_sub_sub_) 1 MPI process
                type: seqaij
                rows=879, cols=879
                total: nonzeros=182217, allocated nonzeros=182217
                total number of mallocs used during MatSetValues calls=0
                  using I-node routines: found 191 nodes, limit used is 5
          linear system matrix = precond matrix:
          Mat Object: (firedrake_23_) 8 MPI processes
            type: mpiaij
            rows=4611331, cols=4611331
            total: nonzeros=1095939849, allocated nonzeros=1095939849
            total number of mallocs used during MatSetValues calls=0
              has attached null space
              using I-node (on process 0) routines: found 126210 nodes, limit used is 5
        linear system matrix = precond matrix:
        Mat Object: (firedrake_23_) 8 MPI processes
          type: mpiaij
          rows=4611331, cols=4611331
          total: nonzeros=1095939849, allocated nonzeros=1095939849
          total number of mallocs used during MatSetValues calls=0
            has attached null space
            using I-node (on process 0) routines: found 126210 nodes, limit used is 5
    Up solver (post-smoother) same as down solver (pre-smoother)
    linear system matrix = precond matrix:
    Mat Object: (firedrake_23_) 8 MPI processes
      type: mpiaij
      rows=4611331, cols=4611331
      total: nonzeros=1095939849, allocated nonzeros=1095939849
      total number of mallocs used during MatSetValues calls=0
        has attached null space
        using I-node (on process 0) routines: found 126210 nodes, limit used is 5
  linear system matrix = precond matrix:
  Mat Object: (firedrake_23_) 8 MPI processes
    type: mpiaij
    rows=4611331, cols=4611331
    total: nonzeros=1095939849, allocated nonzeros=1095939849
    total number of mallocs used during MatSetValues calls=0
      has attached null space
      using I-node (on process 0) routines: found 126210 nodes, limit used is 5
KSP Object: (firedrake_23_) 8 MPI processes
  type: fgmres
    restart=30, using Classical (unmodified) Gram-Schmidt Orthogonalization with no iterative refinement
    happy breakdown tolerance 1e-30
  maximum iterations=80, initial guess is zero
  tolerances:  relative=1e-11, absolute=1e-15, divergence=10000.
  right preconditioning
  using UNPRECONDITIONED norm type for convergence test
PC Object: (firedrake_23_) 8 MPI processes
  type: python
    Python: phmg.Direct_Coarsening_THk_TH2
  p-multigrid PC
  PC Object: (firedrake_23_pmg_) 8 MPI processes
    type: mg
      type is MULTIPLICATIVE, levels=2 cycles=v
        Cycles per PCApply=1
        Not using Galerkin computed coarse grid matrices
    Coarse grid solver -- level 0 -------------------------------
      KSP Object: (firedrake_23_pmg_mg_coarse_) 8 MPI processes
        type: preonly
        maximum iterations=10000, initial guess is zero
        tolerances:  relative=1e-05, absolute=1e-50, divergence=10000.
        left preconditioning
        using NONE norm type for convergence test
      PC Object: (firedrake_23_pmg_mg_coarse_) 8 MPI processes
        type: mg
          type is MULTIPLICATIVE, levels=4 cycles=v
            Cycles per PCApply=1
            Not using Galerkin computed coarse grid matrices
        Coarse grid solver -- level 0 -------------------------------
          KSP Object: (firedrake_23_pmg_mg_coarse_mg_coarse_) 8 MPI processes
            type: preonly
            maximum iterations=10000, initial guess is zero
            tolerances:  relative=1e-05, absolute=1e-50, divergence=10000.
            left preconditioning
            using NONE norm type for convergence test
          PC Object: (firedrake_23_pmg_mg_coarse_mg_coarse_) 8 MPI processes
            type: python
              Python: firedrake.AssembledPC
            Firedrake custom preconditioner AssembledPC
            PC to apply inverse
            PC Object: (firedrake_23_pmg_mg_coarse_mg_coarse_assembled_) 8 MPI processes
              type: lu
                out-of-place factorization
                tolerance for zero pivot 2.22045e-14
                matrix ordering: external
                factor fill ratio given 0., needed 0.
                  Factored matrix follows:
                    Mat Object: (firedrake_23_pmg_mg_coarse_mg_coarse_assembled_) 8 MPI processes
                      type: mumps
                      rows=2467, cols=2467
                      package used to perform factorization: mumps
                      total: nonzeros=290637, allocated nonzeros=290637
                        MUMPS run parameters:
                          Use -firedrake_23_pmg_mg_coarse_mg_coarse_assembled_ksp_view ::ascii_info_detail to display information for all processes
                          RINFOG(1) (global estimated flops for the elimination after analysis): 2.00638e+07
                          RINFOG(2) (global estimated flops for the assembly after factorization): 300682.
                          RINFOG(3) (global estimated flops for the elimination after factorization): 2.00638e+07
                          (RINFOG(12) RINFOG(13))*2^INFOG(34) (determinant): (0.,0.)*(2^0)
                          INFOG(3) (estimated real workspace for factors on all processors after analysis): 290637
                          INFOG(4) (estimated integer workspace for factors on all processors after analysis): 19042
                          INFOG(5) (estimated maximum front size in the complete tree): 146
                          INFOG(6) (number of nodes in the complete tree): 132
                          INFOG(7) (ordering option effectively used after analysis): 2
                          INFOG(8) (structural symmetry in percent of the permuted matrix after analysis): -1
                          INFOG(9) (total real/complex workspace to store the matrix factors after factorization): 290637
                          INFOG(10) (total integer space store the matrix factors after factorization): 19042
                          INFOG(11) (order of largest frontal matrix after factorization): 146
                          INFOG(12) (number of off-diagonal pivots): 6
                          INFOG(13) (number of delayed pivots after factorization): 0
                          INFOG(14) (number of memory compress after factorization): 0
                          INFOG(15) (number of steps of iterative refinement after solution): 0
                          INFOG(16) (estimated size (in MB) of all MUMPS internal data for factorization after analysis: value on the most memory consuming processor): 20
                          INFOG(17) (estimated size of all MUMPS internal data for factorization after analysis: sum over all processors): 155
                          INFOG(18) (size of all MUMPS internal data allocated during factorization: value on the most memory consuming processor): 20
                          INFOG(19) (size of all MUMPS internal data allocated during factorization: sum over all processors): 155
                          INFOG(20) (estimated number of entries in the factors): 290637
                          INFOG(21) (size in MB of memory effectively used during factorization - value on the most memory consuming processor): 20
                          INFOG(22) (size in MB of memory effectively used during factorization - sum over all processors): 154
                          INFOG(23) (after analysis: value of ICNTL(6) effectively used): 0
                          INFOG(24) (after analysis: value of ICNTL(12) effectively used): 1
                          INFOG(25) (after factorization: number of pivots modified by static pivoting): 0
                          INFOG(28) (after factorization: number of null pivots encountered): 0
                          INFOG(29) (after factorization: effective number of entries in the factors (sum over all processors)): 290637
                          INFOG(30, 31) (after solution: size in Mbytes of memory used during solution phase): 16, 121
                          INFOG(32) (after analysis: type of analysis done): 1
                          INFOG(33) (value used for ICNTL(8)): 7
                          INFOG(34) (exponent of the determinant if determinant is requested): 0
                          INFOG(35) (after factorization: number of entries taking into account BLR factor compression - sum over all processors): 290637
                          INFOG(36) (after analysis: estimated size of all MUMPS internal data for running BLR in-core - value on the most memory consuming processor): 0
                          INFOG(37) (after analysis: estimated size of all MUMPS internal data for running BLR in-core - sum over all processors): 0
                          INFOG(38) (after analysis: estimated size of all MUMPS internal data for running BLR out-of-core - value on the most memory consuming processor): 0
                          INFOG(39) (after analysis: estimated size of all MUMPS internal data for running BLR out-of-core - sum over all processors): 0
              linear system matrix = precond matrix:
              Mat Object: (firedrake_23_pmg_mg_coarse_mg_coarse_assembled_) 8 MPI processes
                type: mpiaij
                rows=2467, cols=2467
                total: nonzeros=70121, allocated nonzeros=70121
                total number of mallocs used during MatSetValues calls=0
                  has attached null space
                  using I-node (on process 0) routines: found 126 nodes, limit used is 5
            linear system matrix = precond matrix:
            Mat Object: 8 MPI processes
              type: mpiaij
              rows=2467, cols=2467
              total: nonzeros=70121, allocated nonzeros=70121
              total number of mallocs used during MatSetValues calls=0
                has attached null space
                using I-node (on process 0) routines: found 126 nodes, limit used is 5
        Down solver (pre-smoother) on level 1 -------------------------------
          KSP Object: (firedrake_23_pmg_mg_coarse_mg_levels_1_) 8 MPI processes
            type: chebyshev
              Chebyshev polynomial of first kind
              eigenvalue targets used: min 1.86736, max 8.2164
              eigenvalues estimated via gmres: min 0.49116, max 7.46945
              eigenvalues estimated using gmres with transform: [0. 0.25; 0. 1.1]
              KSP Object: (firedrake_23_pmg_mg_coarse_mg_levels_1_esteig_) 8 MPI processes
                type: gmres
                  restart=30, using Classical (unmodified) Gram-Schmidt Orthogonalization with no iterative refinement
                  happy breakdown tolerance 1e-30
                maximum iterations=10, initial guess is zero
                tolerances:  relative=1e-12, absolute=1e-50, divergence=10000.
                left preconditioning
                using PRECONDITIONED norm type for convergence test
              estimating eigenvalues using noisy right hand side
            maximum iterations=2, nonzero initial guess
            tolerances:  relative=1e-05, absolute=1e-50, divergence=10000.
            left preconditioning
            using NONE norm type for convergence test
          PC Object: (firedrake_23_pmg_mg_coarse_mg_levels_1_) 8 MPI processes
            type: python
              Python: phmg.preconditioners.rlx_params.ASMVankaStarPC
            PC Object: (firedrake_23_pmg_mg_coarse_mg_levels_1_pc_vankastar_sub_) 8 MPI processes
              type: asm
                total subdomain blocks = 1089, user-defined overlap
                restriction/interpolation type - BASIC
                Local solver information for first block is in the following KSP and PC objects on rank 0:
                Use -firedrake_23_pmg_mg_coarse_mg_levels_1_pc_vankastar_sub_ksp_view ::ascii_info_detail to display information for all blocks
                KSP Object: (firedrake_23_pmg_mg_coarse_mg_levels_1_pc_vankastar_sub_sub_) 1 MPI process
                  type: preonly
                  maximum iterations=10000, initial guess is zero
                  tolerances:  relative=1e-05, absolute=1e-50, divergence=10000.
                  left preconditioning
                  using NONE norm type for convergence test
                PC Object: (firedrake_23_pmg_mg_coarse_mg_levels_1_pc_vankastar_sub_sub_) 1 MPI process
                  type: lu
                    out-of-place factorization
                    tolerance for zero pivot 2.22045e-14
                    using diagonal shift to prevent zero pivot [NONZERO]
                    matrix ordering: nd
                    factor fill ratio given 5., needed 1.13169
                      Factored matrix follows:
                        Mat Object: (firedrake_23_pmg_mg_coarse_mg_levels_1_pc_vankastar_sub_sub_) 1 MPI process
                          type: seqaij
                          rows=39, cols=39
                          package used to perform factorization: petsc
                          total: nonzeros=825, allocated nonzeros=825
                            using I-node routines: found 15 nodes, limit used is 5
                  linear system matrix = precond matrix:
                  Mat Object: (firedrake_23_pmg_mg_coarse_mg_levels_1_pc_vankastar_sub_sub_) 1 MPI process
                    type: seqaij
                    rows=39, cols=39
                    total: nonzeros=729, allocated nonzeros=729
                    total number of mallocs used during MatSetValues calls=0
                      using I-node routines: found 20 nodes, limit used is 5
              linear system matrix = precond matrix:
              Mat Object: 8 MPI processes
                type: mpiaij
                rows=9539, cols=9539
                total: nonzeros=276937, allocated nonzeros=276937
                total number of mallocs used during MatSetValues calls=0
                  has attached null space
                  using I-node (on process 0) routines: found 570 nodes, limit used is 5
            linear system matrix = precond matrix:
            Mat Object: 8 MPI processes
              type: mpiaij
              rows=9539, cols=9539
              total: nonzeros=276937, allocated nonzeros=276937
              total number of mallocs used during MatSetValues calls=0
                has attached null space
                using I-node (on process 0) routines: found 570 nodes, limit used is 5
        Up solver (post-smoother) same as down solver (pre-smoother)
        Down solver (pre-smoother) on level 2 -------------------------------
          KSP Object: (firedrake_23_pmg_mg_coarse_mg_levels_2_) 8 MPI processes
            type: chebyshev
              Chebyshev polynomial of first kind
              eigenvalue targets used: min 1.81219, max 7.97363
              eigenvalues estimated via gmres: min 0.466633, max 7.24875
              eigenvalues estimated using gmres with transform: [0. 0.25; 0. 1.1]
              KSP Object: (firedrake_23_pmg_mg_coarse_mg_levels_2_esteig_) 8 MPI processes
                type: gmres
                  restart=30, using Classical (unmodified) Gram-Schmidt Orthogonalization with no iterative refinement
                  happy breakdown tolerance 1e-30
                maximum iterations=10, initial guess is zero
                tolerances:  relative=1e-12, absolute=1e-50, divergence=10000.
                left preconditioning
                using PRECONDITIONED norm type for convergence test
              estimating eigenvalues using noisy right hand side
            maximum iterations=2, nonzero initial guess
            tolerances:  relative=1e-05, absolute=1e-50, divergence=10000.
            left preconditioning
            using NONE norm type for convergence test
          PC Object: (firedrake_23_pmg_mg_coarse_mg_levels_2_) 8 MPI processes
            type: python
              Python: phmg.preconditioners.rlx_params.ASMVankaStarPC
            PC Object: (firedrake_23_pmg_mg_coarse_mg_levels_2_pc_vankastar_sub_) 8 MPI processes
              type: asm
                total subdomain blocks = 4225, user-defined overlap
                restriction/interpolation type - BASIC
                Local solver information for first block is in the following KSP and PC objects on rank 0:
                Use -firedrake_23_pmg_mg_coarse_mg_levels_2_pc_vankastar_sub_ksp_view ::ascii_info_detail to display information for all blocks
                KSP Object: (firedrake_23_pmg_mg_coarse_mg_levels_2_pc_vankastar_sub_sub_) 1 MPI process
                  type: preonly
                  maximum iterations=10000, initial guess is zero
                  tolerances:  relative=1e-05, absolute=1e-50, divergence=10000.
                  left preconditioning
                  using NONE norm type for convergence test
                PC Object: (firedrake_23_pmg_mg_coarse_mg_levels_2_pc_vankastar_sub_sub_) 1 MPI process
                  type: lu
                    out-of-place factorization
                    tolerance for zero pivot 2.22045e-14
                    using diagonal shift to prevent zero pivot [NONZERO]
                    matrix ordering: nd
                    factor fill ratio given 5., needed 1.13169
                      Factored matrix follows:
                        Mat Object: (firedrake_23_pmg_mg_coarse_mg_levels_2_pc_vankastar_sub_sub_) 1 MPI process
                          type: seqaij
                          rows=39, cols=39
                          package used to perform factorization: petsc
                          total: nonzeros=825, allocated nonzeros=825
                            using I-node routines: found 15 nodes, limit used is 5
                  linear system matrix = precond matrix:
                  Mat Object: (firedrake_23_pmg_mg_coarse_mg_levels_2_pc_vankastar_sub_sub_) 1 MPI process
                    type: seqaij
                    rows=39, cols=39
                    total: nonzeros=729, allocated nonzeros=729
                    total number of mallocs used during MatSetValues calls=0
                      using I-node routines: found 19 nodes, limit used is 5
              linear system matrix = precond matrix:
              Mat Object: 8 MPI processes
                type: mpiaij
                rows=37507, cols=37507
                total: nonzeros=1100681, allocated nonzeros=1100681
                total number of mallocs used during MatSetValues calls=0
                  has attached null space
                  using I-node (on process 0) routines: found 2418 nodes, limit used is 5
            linear system matrix = precond matrix:
            Mat Object: 8 MPI processes
              type: mpiaij
              rows=37507, cols=37507
              total: nonzeros=1100681, allocated nonzeros=1100681
              total number of mallocs used during MatSetValues calls=0
                has attached null space
                using I-node (on process 0) routines: found 2418 nodes, limit used is 5
        Up solver (post-smoother) same as down solver (pre-smoother)
        Down solver (pre-smoother) on level 3 -------------------------------
          KSP Object: (firedrake_23_pmg_mg_coarse_mg_levels_3_) 8 MPI processes
            type: chebyshev
              Chebyshev polynomial of first kind
              eigenvalue targets used: min 1.7804, max 7.83377
              eigenvalues estimated via gmres: min 0.417713, max 7.12161
              eigenvalues estimated using gmres with transform: [0. 0.25; 0. 1.1]
              KSP Object: (firedrake_23_pmg_mg_coarse_mg_levels_3_esteig_) 8 MPI processes
                type: gmres
                  restart=30, using Classical (unmodified) Gram-Schmidt Orthogonalization with no iterative refinement
                  happy breakdown tolerance 1e-30
                maximum iterations=10, initial guess is zero
                tolerances:  relative=1e-12, absolute=1e-50, divergence=10000.
                left preconditioning
                using PRECONDITIONED norm type for convergence test
              estimating eigenvalues using noisy right hand side
            maximum iterations=2, nonzero initial guess
            tolerances:  relative=1e-05, absolute=1e-50, divergence=10000.
            left preconditioning
            using NONE norm type for convergence test
          PC Object: (firedrake_23_pmg_mg_coarse_mg_levels_3_) 8 MPI processes
            type: python
              Python: phmg.preconditioners.rlx_params.ASMVankaStarPC
            PC Object: (firedrake_23_pmg_mg_coarse_mg_levels_3_pc_vankastar_sub_) 8 MPI processes
              type: asm
                total subdomain blocks = 16641, user-defined overlap
                restriction/interpolation type - BASIC
                Local solver information for first block is in the following KSP and PC objects on rank 0:
                Use -firedrake_23_pmg_mg_coarse_mg_levels_3_pc_vankastar_sub_ksp_view ::ascii_info_detail to display information for all blocks
                KSP Object: (firedrake_23_pmg_mg_coarse_mg_levels_3_pc_vankastar_sub_sub_) 1 MPI process
                  type: preonly
                  maximum iterations=10000, initial guess is zero
                  tolerances:  relative=1e-05, absolute=1e-50, divergence=10000.
                  left preconditioning
                  using NONE norm type for convergence test
                PC Object: (firedrake_23_pmg_mg_coarse_mg_levels_3_pc_vankastar_sub_sub_) 1 MPI process
                  type: lu
                    out-of-place factorization
                    tolerance for zero pivot 2.22045e-14
                    using diagonal shift to prevent zero pivot [NONZERO]
                    matrix ordering: nd
                    factor fill ratio given 5., needed 1.13169
                      Factored matrix follows:
                        Mat Object: (firedrake_23_pmg_mg_coarse_mg_levels_3_pc_vankastar_sub_sub_) 1 MPI process
                          type: seqaij
                          rows=39, cols=39
                          package used to perform factorization: petsc
                          total: nonzeros=825, allocated nonzeros=825
                            using I-node routines: found 15 nodes, limit used is 5
                  linear system matrix = precond matrix:
                  Mat Object: (firedrake_23_pmg_mg_coarse_mg_levels_3_pc_vankastar_sub_sub_) 1 MPI process
                    type: seqaij
                    rows=39, cols=39
                    total: nonzeros=729, allocated nonzeros=729
                    total number of mallocs used during MatSetValues calls=0
                      using I-node routines: found 19 nodes, limit used is 5
              linear system matrix = precond matrix:
              Mat Object: (firedrake_23_) 8 MPI processes
                type: mpiaij
                rows=148739, cols=148739
                total: nonzeros=4388617, allocated nonzeros=4388617
                total number of mallocs used during MatSetValues calls=0
                  has attached null space
                  using I-node (on process 0) routines: found 9954 nodes, limit used is 5
            linear system matrix = precond matrix:
            Mat Object: (firedrake_23_) 8 MPI processes
              type: mpiaij
              rows=148739, cols=148739
              total: nonzeros=4388617, allocated nonzeros=4388617
              total number of mallocs used during MatSetValues calls=0
                has attached null space
                using I-node (on process 0) routines: found 9954 nodes, limit used is 5
        Up solver (post-smoother) same as down solver (pre-smoother)
        linear system matrix = precond matrix:
        Mat Object: (firedrake_23_) 8 MPI processes
          type: mpiaij
          rows=148739, cols=148739
          total: nonzeros=4388617, allocated nonzeros=4388617
          total number of mallocs used during MatSetValues calls=0
            has attached null space
            using I-node (on process 0) routines: found 9954 nodes, limit used is 5
    Down solver (pre-smoother) on level 1 -------------------------------
      KSP Object: (firedrake_23_pmg_mg_levels_1_) 8 MPI processes
        type: chebyshev
          Chebyshev polynomial of first kind
          eigenvalue targets used: min 1.687, max 7.42278
          eigenvalues estimated via gmres: min 0.585353, max 6.74798
          eigenvalues estimated using gmres with transform: [0. 0.25; 0. 1.1]
          KSP Object: (firedrake_23_pmg_mg_levels_1_esteig_) 8 MPI processes
            type: gmres
              restart=30, using Classical (unmodified) Gram-Schmidt Orthogonalization with no iterative refinement
              happy breakdown tolerance 1e-30
            maximum iterations=10, initial guess is zero
            tolerances:  relative=1e-12, absolute=1e-50, divergence=10000.
            left preconditioning
            using PRECONDITIONED norm type for convergence test
          estimating eigenvalues using noisy right hand side
        maximum iterations=2, nonzero initial guess
        tolerances:  relative=1e-05, absolute=1e-50, divergence=10000.
        left preconditioning
        using NONE norm type for convergence test
      PC Object: (firedrake_23_pmg_mg_levels_1_) 8 MPI processes
        type: python
          Python: phmg.preconditioners.rlx_params.ASMVankaStarPC
        PC Object: (firedrake_23_pmg_mg_levels_1_pc_vankastar_sub_) 8 MPI processes
          type: asm
            total subdomain blocks = 16641, user-defined overlap
            restriction/interpolation type - BASIC
            Local solver information for first block is in the following KSP and PC objects on rank 0:
            Use -firedrake_23_pmg_mg_levels_1_pc_vankastar_sub_ksp_view ::ascii_info_detail to display information for all blocks
            KSP Object: (firedrake_23_pmg_mg_levels_1_pc_vankastar_sub_sub_) 1 MPI process
              type: preonly
              maximum iterations=10000, initial guess is zero
              tolerances:  relative=1e-05, absolute=1e-50, divergence=10000.
              left preconditioning
              using NONE norm type for convergence test
            PC Object: (firedrake_23_pmg_mg_levels_1_pc_vankastar_sub_sub_) 1 MPI process
              type: lu
                out-of-place factorization
                tolerance for zero pivot 2.22045e-14
                using diagonal shift to prevent zero pivot [NONZERO]
                matrix ordering: nd
                factor fill ratio given 5., needed 1.02582
                  Factored matrix follows:
                    Mat Object: (firedrake_23_pmg_mg_levels_1_pc_vankastar_sub_sub_) 1 MPI process
                      type: seqaij
                      rows=879, cols=879
                      package used to perform factorization: petsc
                      total: nonzeros=186921, allocated nonzeros=186921
                        using I-node routines: found 183 nodes, limit used is 5
              linear system matrix = precond matrix:
              Mat Object: (firedrake_23_pmg_mg_levels_1_pc_vankastar_sub_sub_) 1 MPI process
                type: seqaij
                rows=879, cols=879
                total: nonzeros=182217, allocated nonzeros=182217
                total number of mallocs used during MatSetValues calls=0
                  using I-node routines: found 191 nodes, limit used is 5
          linear system matrix = precond matrix:
          Mat Object: (firedrake_23_) 8 MPI processes
            type: mpiaij
            rows=4611331, cols=4611331
            total: nonzeros=1095939849, allocated nonzeros=1095939849
            total number of mallocs used during MatSetValues calls=0
              has attached null space
              using I-node (on process 0) routines: found 126210 nodes, limit used is 5
        linear system matrix = precond matrix:
        Mat Object: (firedrake_23_) 8 MPI processes
          type: mpiaij
          rows=4611331, cols=4611331
          total: nonzeros=1095939849, allocated nonzeros=1095939849
          total number of mallocs used during MatSetValues calls=0
            has attached null space
            using I-node (on process 0) routines: found 126210 nodes, limit used is 5
    Up solver (post-smoother) same as down solver (pre-smoother)
    linear system matrix = precond matrix:
    Mat Object: (firedrake_23_) 8 MPI processes
      type: mpiaij
      rows=4611331, cols=4611331
      total: nonzeros=1095939849, allocated nonzeros=1095939849
      total number of mallocs used during MatSetValues calls=0
        has attached null space
        using I-node (on process 0) routines: found 126210 nodes, limit used is 5
  linear system matrix = precond matrix:
  Mat Object: (firedrake_23_) 8 MPI processes
    type: mpiaij
    rows=4611331, cols=4611331
    total: nonzeros=1095939849, allocated nonzeros=1095939849
    total number of mallocs used during MatSetValues calls=0
      has attached null space
      using I-node (on process 0) routines: found 126210 nodes, limit used is 5
