order= 3 nref= 1 baseN(quad=False)=6 | ndofs=  171116 | rel_resid[31]=8.82e-12 | overall_time(s)=1.158e+01 warm_time(s)=3.999e+00
order= 3 nref= 2 baseN(quad=False)=6 | ndofs=  683150 | rel_resid[30]=9.53e-12 | overall_time(s)=4.181e+01 warm_time(s)=1.764e+01
order= 3 nref= 3 baseN(quad=False)=6 | ndofs= 2729978 | rel_resid[30]=7.14e-12 | overall_time(s)=1.707e+02 warm_time(s)=7.014e+01
order= 4 nref= 1 baseN(quad=False)=6 | ndofs=  296338 | rel_resid[29]=6.01e-12 | overall_time(s)=1.301e+01 warm_time(s)=5.033e+00
order= 4 nref= 2 baseN(quad=False)=6 | ndofs= 1183602 | rel_resid[28]=9.78e-12 | overall_time(s)=4.999e+01 warm_time(s)=2.064e+01
order= 4 nref= 3 baseN(quad=False)=6 | ndofs= 4730914 | rel_resid[28]=7.21e-12 | overall_time(s)=1.919e+02 warm_time(s)=8.019e+01
order= 5 nref= 1 baseN(quad=False)=5 | ndofs=  244642 | rel_resid[29]=5.49e-12 | overall_time(s)=9.675e+00 warm_time(s)=3.562e+00
order= 5 nref= 2 baseN(quad=False)=5 | ndofs=  976962 | rel_resid[28]=8.43e-12 | overall_time(s)=3.790e+01 warm_time(s)=1.482e+01
order= 5 nref= 3 baseN(quad=False)=5 | ndofs= 3904642 | rel_resid[28]=6.06e-12 | overall_time(s)=1.431e+02 warm_time(s)=5.906e+01
order= 6 nref= 1 baseN(quad=False)=4 | ndofs=  190850 | rel_resid[29]=5.49e-12 | overall_time(s)=8.750e+00 warm_time(s)=2.973e+00
order= 6 nref= 2 baseN(quad=False)=4 | ndofs=  762002 | rel_resid[29]=4.46e-12 | overall_time(s)=2.949e+01 warm_time(s)=1.192e+01
order= 6 nref= 3 baseN(quad=False)=4 | ndofs= 3045218 | rel_resid[29]=3.33e-12 | overall_time(s)=1.165e+02 warm_time(s)=4.730e+01
order= 7 nref= 1 baseN(quad=False)=4 | ndofs=  257686 | rel_resid[28]=9.94e-12 | overall_time(s)=1.180e+01 warm_time(s)=4.228e+00
order= 7 nref= 2 baseN(quad=False)=4 | ndofs= 1029114 | rel_resid[29]=3.48e-12 | overall_time(s)=4.544e+01 warm_time(s)=1.771e+01
order= 7 nref= 3 baseN(quad=False)=4 | ndofs= 4113202 | rel_resid[28]=9.06e-12 | overall_time(s)=1.601e+02 warm_time(s)=6.560e+01
order= 8 nref= 1 baseN(quad=False)=4 | ndofs=  334530 | rel_resid[28]=7.80e-12 | overall_time(s)=1.686e+01 warm_time(s)=6.245e+00
order= 8 nref= 2 baseN(quad=False)=4 | ndofs= 1336258 | rel_resid[28]=8.18e-12 | overall_time(s)=6.244e+01 warm_time(s)=2.488e+01
order= 8 nref= 3 baseN(quad=False)=4 | ndofs= 5341314 | rel_resid[28]=7.15e-12 | overall_time(s)=2.349e+02 warm_time(s)=9.435e+01
order= 9 nref= 1 baseN(quad=False)=3 | ndofs=  215462 | rel_resid[28]=4.86e-12 | overall_time(s)=1.302e+01 warm_time(s)=4.820e+00
order= 9 nref= 2 baseN(quad=False)=3 | ndofs=  860330 | rel_resid[28]=3.96e-12 | overall_time(s)=4.524e+01 warm_time(s)=1.805e+01
order= 9 nref= 3 baseN(quad=False)=3 | ndofs= 3438290 | rel_resid[28]=2.78e-12 | overall_time(s)=1.710e+02 warm_time(s)=6.879e+01
order=10 nref= 1 baseN(quad=False)=3 | ndofs=  264962 | rel_resid[28]=4.15e-12 | overall_time(s)=1.775e+01 warm_time(s)=6.613e+00
order=10 nref= 2 baseN(quad=False)=3 | ndofs= 1058162 | rel_resid[28]=3.22e-12 | overall_time(s)=6.423e+01 warm_time(s)=2.535e+01
order=10 nref= 3 baseN(quad=False)=3 | ndofs= 4229282 | rel_resid[27]=8.79e-12 | overall_time(s)=2.311e+02 warm_time(s)=9.083e+01
Overall run-time: 0h 33min 36s
