Scott Vogelius Problem has been set up
Setting up the solver..
{'fieldsplit_0': {'ksp_type': 'preonly',
                  'mat_type': 'aij',
                  'mg_coarse_assembled': {'mat_type': 'aij',
                                          'pc_factor_mat_solver_type': 'mumps',
                                          'pc_type': 'lu'},
                  'mg_coarse_pc_python_type': 'firedrake.AssembledPC',
                  'mg_coarse_pc_type': 'python',
                  'mg_levels': {'ksp_chebyshev_esteig': '0,0.25,0,1.1',
                                'ksp_convergence_test': 'skip',
                                'ksp_max_it': '3',
                                'ksp_norm_type': 'unpreconditioned',
                                'ksp_type': 'chebyshev',
                                'pc_python_type': 'firedrake.ASMStarPC',
                                'pc_star': {'patch_precompute_element_tensors': True,
                                            'patch_save_operators': True,
                                            'patch_statistics': False,
                                            'patch_sub_mat_type': 'seqaij',
                                            'patch_symmetrise_sweep': False},
                                'pc_star_construct_dim': 0,
                                'pc_type': 'python'},
                  'pc_cycle_type': 'V',
                  'pc_mg_type': 'multiplicative',
                  'pc_type': 'mg'},
 'fieldsplit_1': {'ksp_type': 'preonly',
                  'pc_python_type': 'alfi.solver.DGMassInv',
                  'pc_type': 'python'},
 'ksp_atol': 1e-15,
 'ksp_error_if_not_converged': False,
 'ksp_max_it': 80,
 'ksp_monitor': None,
 'ksp_rtol': 1e-11,
 'ksp_type': 'fgmres',
 'mat_type': 'nest',
 'pc_fieldsplit_schur_factorization_type': 'full',
 'pc_fieldsplit_schur_precondition': 'user',
 'pc_fieldsplit_type': 'schur',
 'pc_type': 'fieldsplit',
 'petscpartitioner_type': 'parmetis',
 'snes_atol': 1e-10,
 'snes_convergence_test': 'skip',
 'snes_lag_jacobian': -2,
 'snes_lag_preconditioner': -2,
 'snes_max_it': 1,
 'snes_rtol': 1e-10,
 'snes_stol': 1e-10,
 'snes_type': 'ksponly'}
Warm-up run complete.
Warm run complete.
order= 6 nref= 1 baseN(quad=False)=10 | ndofs= 4022943 | rel_resid[30]=7.02e-12 | overall_time(s)=4.248e+02 warm_time(s)=1.332e+02
