order= 2 nref= 1 baseN(quad=False)=7 | ndofs=  152482 | rel_resid[10]=2.31e-12 | overall_time(s)=9.188e+00 warm_time(s)=2.015e+00
order= 2 nref= 2 baseN(quad=False)=7 | ndofs=  608706 | rel_resid[10]=6.25e-12 | overall_time(s)=3.337e+01 warm_time(s)=9.172e+00
order= 2 nref= 3 baseN(quad=False)=7 | ndofs= 2432386 | rel_resid[10]=8.34e-12 | overall_time(s)=7.536e+02 warm_time(s)=3.304e+01
order= 3 nref= 1 baseN(quad=False)=6 | ndofs=  171116 | rel_resid[10]=8.55e-12 | overall_time(s)=5.585e+00 warm_time(s)=1.396e+00
order= 3 nref= 2 baseN(quad=False)=6 | ndofs=  683150 | rel_resid[10]=5.36e-12 | overall_time(s)=1.976e+01 warm_time(s)=5.873e+00
order= 3 nref= 3 baseN(quad=False)=6 | ndofs= 2729978 | rel_resid[10]=3.69e-12 | overall_time(s)=9.400e+01 warm_time(s)=2.370e+01
order= 4 nref= 1 baseN(quad=False)=6 | ndofs=  296338 | rel_resid[12]=6.79e-12 | overall_time(s)=8.206e+00 warm_time(s)=2.319e+00
order= 4 nref= 2 baseN(quad=False)=6 | ndofs= 1183602 | rel_resid[12]=1.38e-12 | overall_time(s)=3.050e+01 warm_time(s)=9.572e+00
order= 4 nref= 3 baseN(quad=False)=6 | ndofs= 4730914 | rel_resid[11]=7.41e-12 | overall_time(s)=1.389e+02 warm_time(s)=3.390e+01
order= 5 nref= 1 baseN(quad=False)=5 | ndofs=  244642 | rel_resid[14]=3.45e-12 | overall_time(s)=8.355e+00 warm_time(s)=2.622e+00
order= 5 nref= 2 baseN(quad=False)=5 | ndofs=  976962 | rel_resid[14]=1.67e-12 | overall_time(s)=2.673e+01 warm_time(s)=9.083e+00
order= 5 nref= 3 baseN(quad=False)=5 | ndofs= 3904642 | rel_resid[13]=7.70e-12 | overall_time(s)=1.101e+02 warm_time(s)=3.338e+01
order= 6 nref= 1 baseN(quad=False)=4 | ndofs=  190850 | rel_resid[16]=7.25e-12 | overall_time(s)=7.735e+00 warm_time(s)=2.262e+00
order= 6 nref= 2 baseN(quad=False)=4 | ndofs=  762002 | rel_resid[17]=3.06e-12 | overall_time(s)=2.580e+01 warm_time(s)=9.315e+00
order= 6 nref= 3 baseN(quad=False)=4 | ndofs= 3045218 | rel_resid[17]=3.32e-12 | overall_time(s)=2.050e+02 warm_time(s)=3.531e+01
order= 7 nref= 1 baseN(quad=False)=4 | ndofs=  257686 | rel_resid[18]=2.42e-12 | overall_time(s)=1.136e+01 warm_time(s)=3.782e+00
order= 7 nref= 2 baseN(quad=False)=4 | ndofs= 1029114 | rel_resid[18]=7.18e-12 | overall_time(s)=3.981e+01 warm_time(s)=1.455e+01
order= 7 nref= 3 baseN(quad=False)=4 | ndofs= 4113202 | rel_resid[18]=8.80e-12 | overall_time(s)=2.825e+02 warm_time(s)=5.783e+01
order= 8 nref= 1 baseN(quad=False)=4 | ndofs=  334530 | rel_resid[18]=9.05e-12 | overall_time(s)=1.658e+01 warm_time(s)=5.636e+00
order= 8 nref= 2 baseN(quad=False)=4 | ndofs= 1336258 | rel_resid[19]=7.96e-12 | overall_time(s)=6.070e+01 warm_time(s)=2.225e+01
order= 8 nref= 3 baseN(quad=False)=4 | ndofs= 5341314 | rel_resid[20]=3.80e-12 | overall_time(s)=3.937e+02 warm_time(s)=9.091e+01
order= 9 nref= 1 baseN(quad=False)=3 | ndofs=  215462 | rel_resid[22]=6.45e-12 | overall_time(s)=1.544e+01 warm_time(s)=5.444e+00
order= 9 nref= 2 baseN(quad=False)=3 | ndofs=  860330 | rel_resid[20]=6.91e-12 | overall_time(s)=4.794e+01 warm_time(s)=1.749e+01
order= 9 nref= 3 baseN(quad=False)=3 | ndofs= 3438290 | rel_resid[20]=4.48e-12 | overall_time(s)=2.422e+02 warm_time(s)=6.830e+01
order=10 nref= 1 baseN(quad=False)=3 | ndofs=  264962 | rel_resid[22]=3.33e-12 | overall_time(s)=2.042e+01 warm_time(s)=7.187e+00
order=10 nref= 2 baseN(quad=False)=3 | ndofs= 1058162 | rel_resid[22]=3.67e-12 | overall_time(s)=7.208e+01 warm_time(s)=2.683e+01
order=10 nref= 3 baseN(quad=False)=3 | ndofs= 4229282 | rel_resid[21]=5.61e-12 | overall_time(s)=3.369e+02 warm_time(s)=1.005e+02
Overall run-time: 0h 54min 37s
