order= 3 nref= 1 baseN(quad=False)=8 | ndofs=  154151 | rel_resid[12]=8.38e-12 | overall_time(s)=7.461e+00 warm_time(s)=1.410e+00
order= 3 nref= 2 baseN(quad=False)=8 | ndofs=  613219 | rel_resid[12]=8.37e-12 | overall_time(s)=2.027e+01 warm_time(s)=5.301e+00
order= 3 nref= 3 baseN(quad=False)=8 | ndofs= 2446115 | rel_resid[14]=2.11e-12 | overall_time(s)=3.455e+02 warm_time(s)=2.288e+01
order= 4 nref= 1 baseN(quad=False)=7 | ndofs=  149931 | rel_resid[11]=6.98e-12 | overall_time(s)=4.245e+00 warm_time(s)=9.340e-01
order= 4 nref= 2 baseN(quad=False)=7 | ndofs=  596371 | rel_resid[12]=4.95e-12 | overall_time(s)=1.400e+01 warm_time(s)=3.880e+00
order= 4 nref= 3 baseN(quad=False)=7 | ndofs= 2378787 | rel_resid[14]=2.94e-12 | overall_time(s)=6.715e+01 warm_time(s)=1.778e+01
order= 5 nref= 1 baseN(quad=False)=6 | ndofs=  126533 | rel_resid[12]=5.07e-12 | overall_time(s)=3.875e+00 warm_time(s)=7.884e-01
order= 5 nref= 2 baseN(quad=False)=6 | ndofs=  503071 | rel_resid[14]=7.54e-12 | overall_time(s)=1.197e+01 warm_time(s)=3.574e+00
order= 5 nref= 3 baseN(quad=False)=6 | ndofs= 2006171 | rel_resid[17]=4.28e-12 | overall_time(s)=5.391e+01 warm_time(s)=1.639e+01
order= 6 nref= 1 baseN(quad=False)=6 | ndofs=  185574 | rel_resid[10]=5.38e-12 | overall_time(s)=6.872e+00 warm_time(s)=1.481e+00
order= 6 nref= 2 baseN(quad=False)=6 | ndofs=  738581 | rel_resid[11]=1.82e-12 | overall_time(s)=2.038e+01 warm_time(s)=5.454e+00
order= 6 nref= 3 baseN(quad=False)=6 | ndofs= 2946903 | rel_resid[13]=3.44e-12 | overall_time(s)=9.066e+01 warm_time(s)=2.406e+01
order= 7 nref= 1 baseN(quad=False)=5 | ndofs=  137747 | rel_resid[11]=3.36e-12 | overall_time(s)=6.481e+00 warm_time(s)=1.296e+00
order= 7 nref= 2 baseN(quad=False)=5 | ndofs=  547779 | rel_resid[12]=1.46e-12 | overall_time(s)=1.652e+01 warm_time(s)=4.433e+00
order= 7 nref= 3 baseN(quad=False)=5 | ndofs= 2184707 | rel_resid[15]=2.61e-12 | overall_time(s)=1.054e+02 warm_time(s)=2.072e+01
order= 8 nref= 1 baseN(quad=False)=4 | ndofs=   99749 | rel_resid[11]=1.46e-12 | overall_time(s)=5.871e+00 warm_time(s)=9.822e-01
order= 8 nref= 2 baseN(quad=False)=4 | ndofs=  396319 | rel_resid[12]=2.09e-12 | overall_time(s)=1.482e+01 warm_time(s)=3.830e+00
order= 8 nref= 3 baseN(quad=False)=4 | ndofs= 1579931 | rel_resid[16]=4.37e-12 | overall_time(s)=6.386e+01 warm_time(s)=1.924e+01
order= 9 nref= 1 baseN(quad=False)=3 | ndofs=   65279 | rel_resid[12]=2.33e-12 | overall_time(s)=4.656e+00 warm_time(s)=9.094e-01
order= 9 nref= 2 baseN(quad=False)=3 | ndofs=  258923 | rel_resid[15]=8.54e-12 | overall_time(s)=1.211e+01 warm_time(s)=3.371e+00
order= 9 nref= 3 baseN(quad=False)=3 | ndofs= 1031315 | rel_resid[25]=7.96e-12 | overall_time(s)=6.097e+01 warm_time(s)=2.112e+01
order=10 nref= 1 baseN(quad=False)=3 | ndofs=   81025 | rel_resid[13]=2.50e-12 | overall_time(s)=6.051e+00 warm_time(s)=1.142e+00
order=10 nref= 2 baseN(quad=False)=3 | ndofs=  321655 | rel_resid[15]=4.18e-12 | overall_time(s)=1.644e+01 warm_time(s)=4.491e+00
order=10 nref= 3 baseN(quad=False)=3 | ndofs= 1281739 | rel_resid[24]=5.27e-12 | overall_time(s)=8.119e+01 warm_time(s)=2.739e+01
Overall run-time: 0h 19min 29s
