order= 3 nref= 1 baseN(quad=False)=51 | ndofs=  230523 | rel_resid[10]=4.10e-12 | overall_time(s)=1.009e+01 warm_time(s)=2.355e+00
order= 3 nref= 2 baseN(quad=False)=51 | ndofs=  918819 | rel_resid[11]=1.52e-12 | overall_time(s)=3.274e+01 warm_time(s)=8.741e+00
order= 3 nref= 3 baseN(quad=False)=51 | ndofs= 3668739 | rel_resid[11]=6.52e-12 | overall_time(s)=1.083e+03 warm_time(s)=3.339e+01
order= 4 nref= 1 baseN(quad=False)=39 | ndofs=  251163 | rel_resid[ 8]=9.73e-12 | overall_time(s)=6.668e+00 warm_time(s)=1.380e+00
order= 4 nref= 2 baseN(quad=False)=39 | ndofs= 1001211 | rel_resid[ 9]=8.82e-12 | overall_time(s)=2.449e+01 warm_time(s)=6.330e+00
order= 4 nref= 3 baseN(quad=False)=39 | ndofs= 3997971 | rel_resid[10]=3.11e-12 | overall_time(s)=5.392e+02 warm_time(s)=2.616e+01
order= 5 nref= 1 baseN(quad=False)=31 | ndofs=  255443 | rel_resid[10]=2.36e-12 | overall_time(s)=7.204e+00 warm_time(s)=1.791e+00
order= 5 nref= 2 baseN(quad=False)=31 | ndofs= 1018291 | rel_resid[11]=2.54e-12 | overall_time(s)=2.490e+01 warm_time(s)=7.401e+00
order= 5 nref= 3 baseN(quad=False)=31 | ndofs= 4066211 | rel_resid[12]=3.11e-12 | overall_time(s)=3.793e+02 warm_time(s)=2.947e+01
order= 6 nref= 1 baseN(quad=False)=26 | ndofs=  264059 | rel_resid[ 8]=5.83e-12 | overall_time(s)=8.827e+00 warm_time(s)=2.072e+00
order= 6 nref= 2 baseN(quad=False)=26 | ndofs= 1052691 | rel_resid[ 9]=2.22e-12 | overall_time(s)=3.130e+01 warm_time(s)=8.762e+00
order= 6 nref= 3 baseN(quad=False)=26 | ndofs= 4203683 | rel_resid[10]=1.97e-12 | overall_time(s)=4.142e+02 warm_time(s)=3.618e+01
order= 7 nref= 1 baseN(quad=False)=22 | ndofs=  261187 | rel_resid[ 9]=1.93e-12 | overall_time(s)=1.064e+01 warm_time(s)=2.641e+00
order= 7 nref= 2 baseN(quad=False)=22 | ndofs= 1041219 | rel_resid[10]=1.02e-12 | overall_time(s)=3.388e+01 warm_time(s)=1.013e+01
order= 7 nref= 3 baseN(quad=False)=22 | ndofs= 4157827 | rel_resid[11]=1.52e-12 | overall_time(s)=2.860e+02 warm_time(s)=4.271e+01
order= 8 nref= 1 baseN(quad=False)=20 | ndofs=  285043 | rel_resid[ 9]=3.98e-12 | overall_time(s)=1.538e+01 warm_time(s)=3.667e+00
order= 8 nref= 2 baseN(quad=False)=20 | ndofs= 1136483 | rel_resid[10]=1.92e-12 | overall_time(s)=5.093e+01 warm_time(s)=1.242e+01
order= 8 nref= 3 baseN(quad=False)=20 | ndofs= 4538563 | rel_resid[12]=2.85e-12 | overall_time(s)=3.703e+02 warm_time(s)=5.991e+01
order= 9 nref= 1 baseN(quad=False)=18 | ndofs=  294771 | rel_resid[ 9]=2.64e-12 | overall_time(s)=1.465e+01 warm_time(s)=3.735e+00
order= 9 nref= 2 baseN(quad=False)=18 | ndofs= 1175331 | rel_resid[10]=2.03e-12 | overall_time(s)=5.666e+01 warm_time(s)=1.412e+01
order= 9 nref= 3 baseN(quad=False)=18 | ndofs= 4693827 | rel_resid[12]=6.45e-12 | overall_time(s)=3.501e+02 warm_time(s)=6.594e+01
order=10 nref= 1 baseN(quad=False)=16 | ndofs=  289603 | rel_resid[10]=6.72e-13 | overall_time(s)=1.786e+01 warm_time(s)=4.693e+00
order=10 nref= 2 baseN(quad=False)=16 | ndofs= 1154691 | rel_resid[10]=7.93e-12 | overall_time(s)=5.878e+01 warm_time(s)=1.525e+01
order=10 nref= 3 baseN(quad=False)=16 | ndofs= 4611331 | rel_resid[13]=4.72e-12 | overall_time(s)=3.293e+02 warm_time(s)=7.774e+01
Overall run-time: 1h 13min 31s
