order= 2 nref= 1 baseN(quad=False)=80 | ndofs=  269442 | rel_resid[11]=8.64e-12 | overall_time(s)=1.800e+01 warm_time(s)=4.503e+00
order= 2 nref= 2 baseN(quad=False)=80 | ndofs= 1076482 | rel_resid[11]=6.82e-12 | overall_time(s)=6.551e+01 warm_time(s)=1.695e+01
order= 2 nref= 3 baseN(quad=False)=80 | ndofs= 4303362 | rel_resid[11]=5.82e-12 | overall_time(s)=2.440e+03 warm_time(s)=6.585e+01
order= 3 nref= 1 baseN(quad=False)=52 | ndofs=  243986 | rel_resid[10]=9.03e-13 | overall_time(s)=7.453e+00 warm_time(s)=1.904e+00
order= 3 nref= 2 baseN(quad=False)=52 | ndofs=  974690 | rel_resid[10]=7.39e-13 | overall_time(s)=2.946e+01 warm_time(s)=8.148e+00
order= 3 nref= 3 baseN(quad=False)=52 | ndofs= 3896258 | rel_resid[ 9]=9.37e-12 | overall_time(s)=8.541e+02 warm_time(s)=2.875e+01
order= 4 nref= 1 baseN(quad=False)=40 | ndofs=  250242 | rel_resid[12]=3.35e-12 | overall_time(s)=7.705e+00 warm_time(s)=1.970e+00
order= 4 nref= 2 baseN(quad=False)=40 | ndofs=  999682 | rel_resid[12]=2.21e-12 | overall_time(s)=2.658e+01 warm_time(s)=8.082e+00
order= 4 nref= 3 baseN(quad=False)=40 | ndofs= 3996162 | rel_resid[11]=8.06e-12 | overall_time(s)=4.468e+02 warm_time(s)=2.933e+01
order= 5 nref= 1 baseN(quad=False)=32 | ndofs=  246402 | rel_resid[14]=5.74e-12 | overall_time(s)=7.896e+00 warm_time(s)=2.263e+00
order= 5 nref= 2 baseN(quad=False)=32 | ndofs=  984322 | rel_resid[14]=3.38e-12 | overall_time(s)=2.729e+01 warm_time(s)=9.252e+00
order= 5 nref= 3 baseN(quad=False)=32 | ndofs= 3934722 | rel_resid[14]=2.51e-12 | overall_time(s)=3.401e+02 warm_time(s)=3.633e+01
order= 6 nref= 1 baseN(quad=False)=26 | ndofs=  231818 | rel_resid[15]=7.72e-12 | overall_time(s)=8.307e+00 warm_time(s)=2.560e+00
order= 6 nref= 2 baseN(quad=False)=26 | ndofs=  926018 | rel_resid[15]=4.78e-12 | overall_time(s)=2.840e+01 warm_time(s)=9.871e+00
order= 6 nref= 3 baseN(quad=False)=26 | ndofs= 3701570 | rel_resid[15]=3.14e-12 | overall_time(s)=2.584e+02 warm_time(s)=3.864e+01
order= 7 nref= 1 baseN(quad=False)=22 | ndofs=  224226 | rel_resid[17]=6.25e-12 | overall_time(s)=9.810e+00 warm_time(s)=3.125e+00
order= 7 nref= 2 baseN(quad=False)=22 | ndofs=  895666 | rel_resid[17]=4.55e-12 | overall_time(s)=3.270e+01 warm_time(s)=1.181e+01
order= 7 nref= 3 baseN(quad=False)=22 | ndofs= 3580194 | rel_resid[17]=2.86e-12 | overall_time(s)=2.296e+02 warm_time(s)=4.698e+01
order= 8 nref= 1 baseN(quad=False)=20 | ndofs=  240642 | rel_resid[18]=5.75e-12 | overall_time(s)=1.378e+01 warm_time(s)=4.738e+00
order= 8 nref= 2 baseN(quad=False)=20 | ndofs=  961282 | rel_resid[18]=4.23e-12 | overall_time(s)=4.369e+01 warm_time(s)=1.559e+01
order= 8 nref= 3 baseN(quad=False)=20 | ndofs= 3842562 | rel_resid[17]=9.21e-12 | overall_time(s)=2.495e+02 warm_time(s)=5.727e+01
order= 9 nref= 1 baseN(quad=False)=16 | ndofs=  194114 | rel_resid[20]=4.28e-12 | overall_time(s)=1.339e+01 warm_time(s)=4.505e+00
order= 9 nref= 2 baseN(quad=False)=16 | ndofs=  775298 | rel_resid[19]=9.13e-12 | overall_time(s)=4.210e+01 warm_time(s)=1.542e+01
order= 9 nref= 3 baseN(quad=False)=16 | ndofs= 3098882 | rel_resid[19]=5.18e-12 | overall_time(s)=2.128e+02 warm_time(s)=5.893e+01
order=10 nref= 1 baseN(quad=False)=16 | ndofs=  238722 | rel_resid[20]=7.55e-12 | overall_time(s)=1.799e+01 warm_time(s)=6.068e+00
order=10 nref= 2 baseN(quad=False)=16 | ndofs=  953602 | rel_resid[20]=5.67e-12 | overall_time(s)=6.216e+01 warm_time(s)=2.245e+01
order=10 nref= 3 baseN(quad=False)=16 | ndofs= 3811842 | rel_resid[19]=8.83e-12 | overall_time(s)=2.879e+02 warm_time(s)=8.226e+01
Overall run-time: 1h 40min 21s
