order= 3 nref= 1 baseN(quad=False)=6 | ndofs=  171116 | rel_resid[28]=7.97e-12 | overall_time(s)=7.260e+00 warm_time(s)=1.943e+00
order= 3 nref= 2 baseN(quad=False)=6 | ndofs=  683150 | rel_resid[27]=9.09e-12 | overall_time(s)=2.219e+01 warm_time(s)=8.829e+00
order= 3 nref= 3 baseN(quad=False)=6 | ndofs= 2729978 | rel_resid[27]=4.68e-12 | overall_time(s)=8.802e+01 warm_time(s)=3.619e+01
order= 4 nref= 1 baseN(quad=False)=6 | ndofs=  296338 | rel_resid[26]=6.83e-12 | overall_time(s)=1.168e+01 warm_time(s)=3.454e+00
order= 4 nref= 2 baseN(quad=False)=6 | ndofs= 1183602 | rel_resid[25]=8.63e-12 | overall_time(s)=3.883e+01 warm_time(s)=1.497e+01
order= 4 nref= 3 baseN(quad=False)=6 | ndofs= 4730914 | rel_resid[25]=4.84e-12 | overall_time(s)=1.468e+02 warm_time(s)=5.993e+01
order= 5 nref= 1 baseN(quad=False)=5 | ndofs=  244642 | rel_resid[26]=4.97e-12 | overall_time(s)=1.344e+01 warm_time(s)=3.318e+00
order= 5 nref= 2 baseN(quad=False)=5 | ndofs=  976962 | rel_resid[25]=6.42e-12 | overall_time(s)=4.271e+01 warm_time(s)=1.477e+01
order= 5 nref= 3 baseN(quad=False)=5 | ndofs= 3904642 | rel_resid[25]=3.83e-12 | overall_time(s)=1.497e+02 warm_time(s)=6.007e+01
order= 6 nref= 1 baseN(quad=False)=4 | ndofs=  190850 | rel_resid[26]=4.61e-12 | overall_time(s)=1.617e+01 warm_time(s)=3.203e+00
order= 6 nref= 2 baseN(quad=False)=4 | ndofs=  762002 | rel_resid[25]=5.45e-12 | overall_time(s)=4.092e+01 warm_time(s)=1.425e+01
order= 6 nref= 3 baseN(quad=False)=4 | ndofs= 3045218 | rel_resid[24]=8.62e-12 | overall_time(s)=1.422e+02 warm_time(s)=5.541e+01
order= 7 nref= 1 baseN(quad=False)=4 | ndofs=  257686 | rel_resid[25]=6.52e-12 | overall_time(s)=2.563e+01 warm_time(s)=5.256e+00
order= 7 nref= 2 baseN(quad=False)=4 | ndofs= 1029114 | rel_resid[24]=9.46e-12 | overall_time(s)=6.798e+01 warm_time(s)=2.343e+01
order= 7 nref= 3 baseN(quad=False)=4 | ndofs= 4113202 | rel_resid[24]=6.36e-12 | overall_time(s)=2.395e+02 warm_time(s)=9.441e+01
order= 8 nref= 1 baseN(quad=False)=4 | ndofs=  334530 | rel_resid[25]=4.22e-12 | overall_time(s)=4.114e+01 warm_time(s)=8.555e+00
order= 8 nref= 2 baseN(quad=False)=4 | ndofs= 1336258 | rel_resid[24]=7.06e-12 | overall_time(s)=1.136e+02 warm_time(s)=3.944e+01
order= 8 nref= 3 baseN(quad=False)=4 | ndofs= 5341314 | rel_resid[24]=4.86e-12 | overall_time(s)=3.951e+02 warm_time(s)=1.611e+02
order= 9 nref= 1 baseN(quad=False)=3 | ndofs=  215462 | rel_resid[25]=3.95e-12 | overall_time(s)=5.009e+01 warm_time(s)=7.229e+00
order= 9 nref= 2 baseN(quad=False)=3 | ndofs=  860330 | rel_resid[24]=6.31e-12 | overall_time(s)=1.135e+02 warm_time(s)=3.392e+01
order= 9 nref= 3 baseN(quad=False)=3 | ndofs= 3438290 | rel_resid[23]=9.25e-12 | overall_time(s)=3.508e+02 warm_time(s)=1.338e+02
order=10 nref= 1 baseN(quad=False)=3 | ndofs=  264962 | rel_resid[24]=9.19e-12 | overall_time(s)=7.803e+01 warm_time(s)=1.073e+01
order=10 nref= 2 baseN(quad=False)=3 | ndofs= 1058162 | rel_resid[24]=4.85e-12 | overall_time(s)=1.716e+02 warm_time(s)=5.279e+01
order=10 nref= 3 baseN(quad=False)=3 | ndofs= 4229282 | rel_resid[23]=7.38e-12 | overall_time(s)=5.408e+02 warm_time(s)=2.131e+02
Overall run-time: 0h 50min 19s
