order= 3 nref= 1 baseN(quad=False)=8 | ndofs=  154151 | rel_resid[11]=1.29e-12 | overall_time(s)=8.166e+00 warm_time(s)=1.728e+00
order= 3 nref= 2 baseN(quad=False)=8 | ndofs=  613219 | rel_resid[11]=2.38e-12 | overall_time(s)=2.283e+01 warm_time(s)=6.643e+00
order= 3 nref= 3 baseN(quad=False)=8 | ndofs= 2446115 | rel_resid[11]=3.48e-12 | overall_time(s)=3.514e+02 warm_time(s)=2.664e+01
order= 4 nref= 1 baseN(quad=False)=7 | ndofs=  149931 | rel_resid[ 9]=1.27e-12 | overall_time(s)=4.564e+00 warm_time(s)=1.120e+00
order= 4 nref= 2 baseN(quad=False)=7 | ndofs=  596371 | rel_resid[ 9]=1.21e-12 | overall_time(s)=1.516e+01 warm_time(s)=4.282e+00
order= 4 nref= 3 baseN(quad=False)=7 | ndofs= 2378787 | rel_resid[ 9]=4.82e-12 | overall_time(s)=6.494e+01 warm_time(s)=1.660e+01
order= 5 nref= 1 baseN(quad=False)=6 | ndofs=  126533 | rel_resid[10]=2.48e-12 | overall_time(s)=4.355e+00 warm_time(s)=1.010e+00
order= 5 nref= 2 baseN(quad=False)=6 | ndofs=  503071 | rel_resid[10]=9.55e-12 | overall_time(s)=1.185e+01 warm_time(s)=3.585e+00
order= 5 nref= 3 baseN(quad=False)=6 | ndofs= 2006171 | rel_resid[11]=5.66e-12 | overall_time(s)=5.130e+01 warm_time(s)=1.515e+01
order= 6 nref= 1 baseN(quad=False)=6 | ndofs=  185574 | rel_resid[ 9]=4.06e-12 | overall_time(s)=6.015e+00 warm_time(s)=1.303e+00
order= 6 nref= 2 baseN(quad=False)=6 | ndofs=  738581 | rel_resid[ 9]=4.30e-12 | overall_time(s)=1.672e+01 warm_time(s)=4.835e+00
order= 6 nref= 3 baseN(quad=False)=6 | ndofs= 2946903 | rel_resid[10]=1.13e-12 | overall_time(s)=7.438e+01 warm_time(s)=2.156e+01
order= 7 nref= 1 baseN(quad=False)=5 | ndofs=  137747 | rel_resid[10]=7.11e-12 | overall_time(s)=5.681e+00 warm_time(s)=1.288e+00
order= 7 nref= 2 baseN(quad=False)=5 | ndofs=  547779 | rel_resid[10]=9.98e-12 | overall_time(s)=1.551e+01 warm_time(s)=4.576e+00
order= 7 nref= 3 baseN(quad=False)=5 | ndofs= 2184707 | rel_resid[11]=2.42e-12 | overall_time(s)=9.467e+01 warm_time(s)=1.836e+01
order= 8 nref= 1 baseN(quad=False)=4 | ndofs=   99749 | rel_resid[11]=8.20e-13 | overall_time(s)=5.272e+00 warm_time(s)=1.289e+00
order= 8 nref= 2 baseN(quad=False)=4 | ndofs=  396319 | rel_resid[11]=2.16e-12 | overall_time(s)=1.366e+01 warm_time(s)=4.128e+00
order= 8 nref= 3 baseN(quad=False)=4 | ndofs= 1579931 | rel_resid[11]=4.41e-12 | overall_time(s)=5.079e+01 warm_time(s)=1.552e+01
order= 9 nref= 1 baseN(quad=False)=3 | ndofs=   65279 | rel_resid[12]=1.77e-12 | overall_time(s)=5.116e+00 warm_time(s)=9.778e-01
order= 9 nref= 2 baseN(quad=False)=3 | ndofs=  258923 | rel_resid[15]=6.36e-12 | overall_time(s)=1.323e+01 warm_time(s)=4.129e+00
order= 9 nref= 3 baseN(quad=False)=3 | ndofs= 1031315 | rel_resid[16]=7.11e-12 | overall_time(s)=5.018e+01 warm_time(s)=1.665e+01
order=10 nref= 1 baseN(quad=False)=3 | ndofs=   81025 | rel_resid[15]=1.67e-12 | overall_time(s)=5.975e+00 warm_time(s)=1.619e+00
order=10 nref= 2 baseN(quad=False)=3 | ndofs=  321655 | rel_resid[16]=2.37e-12 | overall_time(s)=1.846e+01 warm_time(s)=6.103e+00
order=10 nref= 3 baseN(quad=False)=3 | ndofs= 1281739 | rel_resid[15]=5.52e-12 | overall_time(s)=6.729e+01 warm_time(s)=2.221e+01
Overall run-time: 0h 18min 28s
