order= 3 nref= 1 baseN(quad=False)=51 | ndofs=  230523 | rel_resid[11]=6.66e-12 | overall_time(s)=1.167e+01 warm_time(s)=2.947e+00
order= 3 nref= 2 baseN(quad=False)=51 | ndofs=  918819 | rel_resid[11]=5.84e-12 | overall_time(s)=3.929e+01 warm_time(s)=1.205e+01
order= 3 nref= 3 baseN(quad=False)=51 | ndofs= 3668739 | rel_resid[11]=3.59e-12 | overall_time(s)=1.124e+03 warm_time(s)=5.467e+01
order= 4 nref= 1 baseN(quad=False)=39 | ndofs=  251163 | rel_resid[11]=1.82e-12 | overall_time(s)=8.240e+00 warm_time(s)=2.268e+00
order= 4 nref= 2 baseN(quad=False)=39 | ndofs= 1001211 | rel_resid[11]=1.15e-12 | overall_time(s)=3.112e+01 warm_time(s)=9.259e+00
order= 4 nref= 3 baseN(quad=False)=39 | ndofs= 3997971 | rel_resid[10]=9.28e-12 | overall_time(s)=5.768e+02 warm_time(s)=3.176e+01
order= 5 nref= 1 baseN(quad=False)=31 | ndofs=  255443 | rel_resid[11]=6.09e-12 | overall_time(s)=7.373e+00 warm_time(s)=1.858e+00
order= 5 nref= 2 baseN(quad=False)=31 | ndofs= 1018291 | rel_resid[11]=4.84e-12 | overall_time(s)=2.543e+01 warm_time(s)=7.785e+00
order= 5 nref= 3 baseN(quad=False)=31 | ndofs= 4066211 | rel_resid[11]=3.91e-12 | overall_time(s)=3.889e+02 warm_time(s)=2.860e+01
order= 6 nref= 1 baseN(quad=False)=26 | ndofs=  264059 | rel_resid[11]=4.10e-12 | overall_time(s)=8.242e+00 warm_time(s)=1.900e+00
order= 6 nref= 2 baseN(quad=False)=26 | ndofs= 1052691 | rel_resid[11]=3.29e-12 | overall_time(s)=2.574e+01 warm_time(s)=7.671e+00
order= 6 nref= 3 baseN(quad=False)=26 | ndofs= 4203683 | rel_resid[11]=2.98e-12 | overall_time(s)=3.096e+02 warm_time(s)=2.861e+01
order= 7 nref= 1 baseN(quad=False)=22 | ndofs=  261187 | rel_resid[12]=6.37e-12 | overall_time(s)=8.457e+00 warm_time(s)=2.342e+00
order= 7 nref= 2 baseN(quad=False)=22 | ndofs= 1041219 | rel_resid[12]=3.84e-12 | overall_time(s)=2.862e+01 warm_time(s)=8.273e+00
order= 7 nref= 3 baseN(quad=False)=22 | ndofs= 4157827 | rel_resid[12]=2.31e-12 | overall_time(s)=2.548e+02 warm_time(s)=3.104e+01
order= 8 nref= 1 baseN(quad=False)=20 | ndofs=  285043 | rel_resid[12]=7.33e-12 | overall_time(s)=1.020e+01 warm_time(s)=2.643e+00
order= 8 nref= 2 baseN(quad=False)=20 | ndofs= 1136483 | rel_resid[12]=3.97e-12 | overall_time(s)=4.054e+01 warm_time(s)=9.391e+00
order= 8 nref= 3 baseN(quad=False)=20 | ndofs= 4538563 | rel_resid[12]=3.51e-12 | overall_time(s)=2.604e+02 warm_time(s)=3.782e+01
order= 9 nref= 1 baseN(quad=False)=18 | ndofs=  294771 | rel_resid[13]=7.92e-12 | overall_time(s)=1.458e+01 warm_time(s)=3.876e+00
order= 9 nref= 2 baseN(quad=False)=18 | ndofs= 1175331 | rel_resid[13]=5.23e-12 | overall_time(s)=4.840e+01 warm_time(s)=1.175e+01
order= 9 nref= 3 baseN(quad=False)=18 | ndofs= 4693827 | rel_resid[13]=4.06e-12 | overall_time(s)=2.759e+02 warm_time(s)=4.646e+01
order=10 nref= 1 baseN(quad=False)=16 | ndofs=  289603 | rel_resid[14]=2.83e-12 | overall_time(s)=1.532e+01 warm_time(s)=4.081e+00
order=10 nref= 2 baseN(quad=False)=16 | ndofs= 1154691 | rel_resid[14]=2.42e-12 | overall_time(s)=5.364e+01 warm_time(s)=1.348e+01
order=10 nref= 3 baseN(quad=False)=16 | ndofs= 4611331 | rel_resid[14]=2.19e-12 | overall_time(s)=2.783e+02 warm_time(s)=5.379e+01
Overall run-time: 1h 8min 16s
