order= 3 nref= 1 baseN(quad=False)=8 | ndofs=  154151 | rel_resid[12]=7.13e-12 | overall_time(s)=7.987e+00 warm_time(s)=1.547e+00
order= 3 nref= 2 baseN(quad=False)=8 | ndofs=  613219 | rel_resid[12]=3.45e-12 | overall_time(s)=2.173e+01 warm_time(s)=6.086e+00
order= 3 nref= 3 baseN(quad=False)=8 | ndofs= 2446115 | rel_resid[12]=2.50e-12 | overall_time(s)=3.494e+02 warm_time(s)=2.355e+01
order= 4 nref= 1 baseN(quad=False)=7 | ndofs=  149931 | rel_resid[11]=4.03e-12 | overall_time(s)=4.274e+00 warm_time(s)=9.434e-01
order= 4 nref= 2 baseN(quad=False)=7 | ndofs=  596371 | rel_resid[11]=4.56e-12 | overall_time(s)=1.412e+01 warm_time(s)=4.023e+00
order= 4 nref= 3 baseN(quad=False)=7 | ndofs= 2378787 | rel_resid[11]=8.63e-12 | overall_time(s)=6.199e+01 warm_time(s)=1.534e+01
order= 5 nref= 1 baseN(quad=False)=6 | ndofs=  126533 | rel_resid[12]=3.25e-12 | overall_time(s)=4.686e+00 warm_time(s)=1.071e+00
order= 5 nref= 2 baseN(quad=False)=6 | ndofs=  503071 | rel_resid[12]=8.53e-12 | overall_time(s)=1.165e+01 warm_time(s)=3.389e+00
order= 5 nref= 3 baseN(quad=False)=6 | ndofs= 2006171 | rel_resid[13]=2.99e-12 | overall_time(s)=4.841e+01 warm_time(s)=1.368e+01
order= 6 nref= 1 baseN(quad=False)=6 | ndofs=  185574 | rel_resid[12]=1.99e-12 | overall_time(s)=5.995e+00 warm_time(s)=1.328e+00
order= 6 nref= 2 baseN(quad=False)=6 | ndofs=  738581 | rel_resid[11]=9.52e-12 | overall_time(s)=1.603e+01 warm_time(s)=4.486e+00
order= 6 nref= 3 baseN(quad=False)=6 | ndofs= 2946903 | rel_resid[12]=2.36e-12 | overall_time(s)=6.945e+01 warm_time(s)=1.919e+01
order= 7 nref= 1 baseN(quad=False)=5 | ndofs=  137747 | rel_resid[13]=1.85e-12 | overall_time(s)=5.339e+00 warm_time(s)=1.096e+00
order= 7 nref= 2 baseN(quad=False)=5 | ndofs=  547779 | rel_resid[13]=1.77e-12 | overall_time(s)=1.460e+01 warm_time(s)=4.182e+00
order= 7 nref= 3 baseN(quad=False)=5 | ndofs= 2184707 | rel_resid[13]=2.18e-12 | overall_time(s)=8.838e+01 warm_time(s)=1.565e+01
order= 8 nref= 1 baseN(quad=False)=4 | ndofs=   99749 | rel_resid[13]=2.01e-12 | overall_time(s)=4.542e+00 warm_time(s)=1.055e+00
order= 8 nref= 2 baseN(quad=False)=4 | ndofs=  396319 | rel_resid[13]=3.69e-12 | overall_time(s)=1.240e+01 warm_time(s)=3.481e+00
order= 8 nref= 3 baseN(quad=False)=4 | ndofs= 1579931 | rel_resid[13]=4.34e-12 | overall_time(s)=4.580e+01 warm_time(s)=1.305e+01
order= 9 nref= 1 baseN(quad=False)=3 | ndofs=   65279 | rel_resid[15]=1.87e-12 | overall_time(s)=4.828e+00 warm_time(s)=8.634e-01
order= 9 nref= 2 baseN(quad=False)=3 | ndofs=  258923 | rel_resid[18]=5.34e-12 | overall_time(s)=1.173e+01 warm_time(s)=3.519e+00
order= 9 nref= 3 baseN(quad=False)=3 | ndofs= 1031315 | rel_resid[19]=1.98e-12 | overall_time(s)=4.381e+01 warm_time(s)=1.398e+01
order=10 nref= 1 baseN(quad=False)=3 | ndofs=   81025 | rel_resid[17]=4.38e-12 | overall_time(s)=5.425e+00 warm_time(s)=1.316e+00
order=10 nref= 2 baseN(quad=False)=3 | ndofs=  321655 | rel_resid[18]=4.91e-12 | overall_time(s)=1.594e+01 warm_time(s)=4.833e+00
order=10 nref= 3 baseN(quad=False)=3 | ndofs= 1281739 | rel_resid[18]=2.66e-12 | overall_time(s)=6.036e+01 warm_time(s)=1.867e+01
Overall run-time: 0h 17min 40s
