order= 3 nref= 1 baseN(quad=False)=8 | ndofs=  154151 | rel_resid[12]=5.07e-12 | overall_time(s)=9.701e+00 warm_time(s)=2.329e+00
order= 3 nref= 2 baseN(quad=False)=8 | ndofs=  613219 | rel_resid[12]=1.68e-12 | overall_time(s)=2.849e+01 warm_time(s)=9.438e+00
order= 3 nref= 3 baseN(quad=False)=8 | ndofs= 2446115 | rel_resid[11]=8.71e-12 | overall_time(s)=3.691e+02 warm_time(s)=3.435e+01
order= 4 nref= 1 baseN(quad=False)=7 | ndofs=  149931 | rel_resid[11]=1.90e-12 | overall_time(s)=5.161e+00 warm_time(s)=1.430e+00
order= 4 nref= 2 baseN(quad=False)=7 | ndofs=  596371 | rel_resid[11]=1.99e-12 | overall_time(s)=1.736e+01 warm_time(s)=5.605e+00
order= 4 nref= 3 baseN(quad=False)=7 | ndofs= 2378787 | rel_resid[11]=5.26e-12 | overall_time(s)=7.477e+01 warm_time(s)=2.195e+01
order= 5 nref= 1 baseN(quad=False)=6 | ndofs=  126533 | rel_resid[12]=1.58e-12 | overall_time(s)=4.827e+00 warm_time(s)=1.209e+00
order= 5 nref= 2 baseN(quad=False)=6 | ndofs=  503071 | rel_resid[12]=5.42e-12 | overall_time(s)=1.359e+01 warm_time(s)=4.403e+00
order= 5 nref= 3 baseN(quad=False)=6 | ndofs= 2006171 | rel_resid[13]=1.61e-12 | overall_time(s)=5.695e+01 warm_time(s)=1.793e+01
order= 6 nref= 1 baseN(quad=False)=6 | ndofs=  185574 | rel_resid[10]=2.73e-12 | overall_time(s)=7.453e+00 warm_time(s)=1.640e+00
order= 6 nref= 2 baseN(quad=False)=6 | ndofs=  738581 | rel_resid[10]=1.14e-12 | overall_time(s)=2.177e+01 warm_time(s)=6.128e+00
order= 6 nref= 3 baseN(quad=False)=6 | ndofs= 2946903 | rel_resid[10]=2.72e-12 | overall_time(s)=8.987e+01 warm_time(s)=2.310e+01
order= 7 nref= 1 baseN(quad=False)=5 | ndofs=  137747 | rel_resid[11]=2.47e-12 | overall_time(s)=6.361e+00 warm_time(s)=1.321e+00
order= 7 nref= 2 baseN(quad=False)=5 | ndofs=  547779 | rel_resid[11]=1.21e-12 | overall_time(s)=1.699e+01 warm_time(s)=4.775e+00
order= 7 nref= 3 baseN(quad=False)=5 | ndofs= 2184707 | rel_resid[11]=2.14e-12 | overall_time(s)=9.829e+01 warm_time(s)=1.806e+01
order= 8 nref= 1 baseN(quad=False)=4 | ndofs=   99749 | rel_resid[10]=7.89e-12 | overall_time(s)=5.808e+00 warm_time(s)=1.007e+00
order= 8 nref= 2 baseN(quad=False)=4 | ndofs=  396319 | rel_resid[10]=3.16e-12 | overall_time(s)=1.427e+01 warm_time(s)=3.615e+00
order= 8 nref= 3 baseN(quad=False)=4 | ndofs= 1579931 | rel_resid[10]=8.73e-12 | overall_time(s)=5.197e+01 warm_time(s)=1.347e+01
order= 9 nref= 1 baseN(quad=False)=3 | ndofs=   65279 | rel_resid[11]=9.68e-12 | overall_time(s)=4.757e+00 warm_time(s)=9.378e-01
order= 9 nref= 2 baseN(quad=False)=3 | ndofs=  258923 | rel_resid[13]=9.64e-12 | overall_time(s)=1.169e+01 warm_time(s)=3.220e+00
order= 9 nref= 3 baseN(quad=False)=3 | ndofs= 1031315 | rel_resid[15]=4.08e-12 | overall_time(s)=4.595e+01 warm_time(s)=1.384e+01
order=10 nref= 1 baseN(quad=False)=3 | ndofs=   81025 | rel_resid[12]=9.70e-12 | overall_time(s)=5.647e+00 warm_time(s)=1.134e+00
order=10 nref= 2 baseN(quad=False)=3 | ndofs=  321655 | rel_resid[13]=1.50e-12 | overall_time(s)=1.665e+01 warm_time(s)=4.181e+00
order=10 nref= 3 baseN(quad=False)=3 | ndofs= 1281739 | rel_resid[13]=4.15e-12 | overall_time(s)=5.728e+01 warm_time(s)=1.605e+01
Overall run-time: 0h 19min 28s
