order= 3 nref= 1 baseN(quad=False)=8 | ndofs=  154151 | rel_resid[11]=7.91e-13 | overall_time(s)=9.414e+00 warm_time(s)=2.365e+00
order= 3 nref= 2 baseN(quad=False)=8 | ndofs=  613219 | rel_resid[11]=1.11e-12 | overall_time(s)=2.838e+01 warm_time(s)=9.622e+00
order= 3 nref= 3 baseN(quad=False)=8 | ndofs= 2446115 | rel_resid[11]=1.86e-12 | overall_time(s)=3.754e+02 warm_time(s)=3.741e+01
order= 4 nref= 1 baseN(quad=False)=7 | ndofs=  149931 | rel_resid[ 9]=7.04e-13 | overall_time(s)=5.212e+00 warm_time(s)=1.415e+00
order= 4 nref= 2 baseN(quad=False)=7 | ndofs=  596371 | rel_resid[ 8]=9.15e-12 | overall_time(s)=1.637e+01 warm_time(s)=5.066e+00
order= 4 nref= 3 baseN(quad=False)=7 | ndofs= 2378787 | rel_resid[ 9]=1.54e-12 | overall_time(s)=7.552e+01 warm_time(s)=2.203e+01
order= 5 nref= 1 baseN(quad=False)=6 | ndofs=  126533 | rel_resid[10]=1.85e-12 | overall_time(s)=5.035e+00 warm_time(s)=1.316e+00
order= 5 nref= 2 baseN(quad=False)=6 | ndofs=  503071 | rel_resid[10]=3.96e-12 | overall_time(s)=1.372e+01 warm_time(s)=4.456e+00
order= 5 nref= 3 baseN(quad=False)=6 | ndofs= 2006171 | rel_resid[11]=1.87e-12 | overall_time(s)=5.719e+01 warm_time(s)=1.834e+01
order= 6 nref= 1 baseN(quad=False)=6 | ndofs=  185574 | rel_resid[ 8]=3.01e-12 | overall_time(s)=7.478e+00 warm_time(s)=1.704e+00
order= 6 nref= 2 baseN(quad=False)=6 | ndofs=  738581 | rel_resid[ 8]=2.81e-12 | overall_time(s)=2.186e+01 warm_time(s)=6.320e+00
order= 6 nref= 3 baseN(quad=False)=6 | ndofs= 2946903 | rel_resid[ 9]=4.78e-13 | overall_time(s)=9.605e+01 warm_time(s)=2.660e+01
order= 7 nref= 1 baseN(quad=False)=5 | ndofs=  137747 | rel_resid[ 9]=3.48e-12 | overall_time(s)=6.334e+00 warm_time(s)=1.332e+00
order= 7 nref= 2 baseN(quad=False)=5 | ndofs=  547779 | rel_resid[ 9]=2.89e-12 | overall_time(s)=1.794e+01 warm_time(s)=5.231e+00
order= 7 nref= 3 baseN(quad=False)=5 | ndofs= 2184707 | rel_resid[ 9]=7.26e-12 | overall_time(s)=1.027e+02 warm_time(s)=1.961e+01
order= 8 nref= 1 baseN(quad=False)=4 | ndofs=   99749 | rel_resid[ 9]=1.33e-12 | overall_time(s)=5.392e+00 warm_time(s)=1.211e+00
order= 8 nref= 2 baseN(quad=False)=4 | ndofs=  396319 | rel_resid[ 9]=1.75e-12 | overall_time(s)=1.593e+01 warm_time(s)=4.457e+00
order= 8 nref= 3 baseN(quad=False)=4 | ndofs= 1579931 | rel_resid[ 9]=3.26e-12 | overall_time(s)=5.839e+01 warm_time(s)=1.656e+01
order= 9 nref= 1 baseN(quad=False)=3 | ndofs=   65279 | rel_resid[ 9]=8.34e-12 | overall_time(s)=4.657e+00 warm_time(s)=9.163e-01
order= 9 nref= 2 baseN(quad=False)=3 | ndofs=  258923 | rel_resid[12]=7.62e-13 | overall_time(s)=1.358e+01 warm_time(s)=4.184e+00
order= 9 nref= 3 baseN(quad=False)=3 | ndofs= 1031315 | rel_resid[13]=2.83e-12 | overall_time(s)=5.256e+01 warm_time(s)=1.694e+01
order=10 nref= 1 baseN(quad=False)=3 | ndofs=   81025 | rel_resid[10]=9.59e-12 | overall_time(s)=6.039e+00 warm_time(s)=1.366e+00
order=10 nref= 2 baseN(quad=False)=3 | ndofs=  321655 | rel_resid[11]=1.83e-12 | overall_time(s)=1.819e+01 warm_time(s)=4.964e+00
order=10 nref= 3 baseN(quad=False)=3 | ndofs= 1281739 | rel_resid[11]=2.87e-12 | overall_time(s)=6.359e+01 warm_time(s)=1.891e+01
Overall run-time: 0h 20min 11s
