order= 3 nref= 1 baseN(quad=False)=6 | ndofs=  171116 | rel_resid[32]=7.30e-12 | overall_time(s)=8.815e+00 warm_time(s)=2.842e+00
order= 3 nref= 2 baseN(quad=False)=6 | ndofs=  683150 | rel_resid[32]=6.96e-12 | overall_time(s)=2.002e+01 warm_time(s)=7.735e+00
order= 3 nref= 3 baseN(quad=False)=6 | ndofs= 2729978 | rel_resid[32]=5.79e-12 | overall_time(s)=7.644e+01 warm_time(s)=3.067e+01
order= 4 nref= 1 baseN(quad=False)=6 | ndofs=  296338 | rel_resid[29]=6.03e-12 | overall_time(s)=1.082e+01 warm_time(s)=3.050e+00
order= 4 nref= 2 baseN(quad=False)=6 | ndofs= 1183602 | rel_resid[29]=5.72e-12 | overall_time(s)=3.515e+01 warm_time(s)=1.325e+01
order= 4 nref= 3 baseN(quad=False)=6 | ndofs= 4730914 | rel_resid[28]=7.48e-12 | overall_time(s)=1.278e+02 warm_time(s)=4.986e+01
order= 5 nref= 1 baseN(quad=False)=5 | ndofs=  244642 | rel_resid[28]=9.96e-12 | overall_time(s)=1.291e+01 warm_time(s)=2.912e+00
order= 5 nref= 2 baseN(quad=False)=5 | ndofs=  976962 | rel_resid[28]=8.61e-12 | overall_time(s)=3.539e+01 warm_time(s)=1.253e+01
order= 5 nref= 3 baseN(quad=False)=5 | ndofs= 3904642 | rel_resid[28]=6.43e-12 | overall_time(s)=1.312e+02 warm_time(s)=5.102e+01
order= 6 nref= 1 baseN(quad=False)=4 | ndofs=  190850 | rel_resid[28]=8.22e-12 | overall_time(s)=1.510e+01 warm_time(s)=2.796e+00
order= 6 nref= 2 baseN(quad=False)=4 | ndofs=  762002 | rel_resid[28]=6.61e-12 | overall_time(s)=3.742e+01 warm_time(s)=1.256e+01
order= 6 nref= 3 baseN(quad=False)=4 | ndofs= 3045218 | rel_resid[28]=5.03e-12 | overall_time(s)=1.334e+02 warm_time(s)=5.131e+01
order= 7 nref= 1 baseN(quad=False)=4 | ndofs=  257686 | rel_resid[28]=6.64e-12 | overall_time(s)=2.426e+01 warm_time(s)=4.660e+00
order= 7 nref= 2 baseN(quad=False)=4 | ndofs= 1029114 | rel_resid[28]=5.16e-12 | overall_time(s)=6.427e+01 warm_time(s)=2.159e+01
order= 7 nref= 3 baseN(quad=False)=4 | ndofs= 4113202 | rel_resid[28]=4.05e-12 | overall_time(s)=2.188e+02 warm_time(s)=8.605e+01
order= 8 nref= 1 baseN(quad=False)=4 | ndofs=  334530 | rel_resid[28]=5.34e-12 | overall_time(s)=3.955e+01 warm_time(s)=7.815e+00
order= 8 nref= 2 baseN(quad=False)=4 | ndofs= 1336258 | rel_resid[28]=4.13e-12 | overall_time(s)=1.105e+02 warm_time(s)=3.672e+01
order= 8 nref= 3 baseN(quad=False)=4 | ndofs= 5341314 | rel_resid[28]=3.21e-12 | overall_time(s)=3.753e+02 warm_time(s)=1.512e+02
order= 9 nref= 1 baseN(quad=False)=3 | ndofs=  215462 | rel_resid[28]=4.16e-12 | overall_time(s)=5.215e+01 warm_time(s)=6.572e+00
order= 9 nref= 2 baseN(quad=False)=3 | ndofs=  860330 | rel_resid[28]=3.57e-12 | overall_time(s)=1.083e+02 warm_time(s)=3.123e+01
order= 9 nref= 3 baseN(quad=False)=3 | ndofs= 3438290 | rel_resid[27]=8.37e-12 | overall_time(s)=3.376e+02 warm_time(s)=1.275e+02
order=10 nref= 1 baseN(quad=False)=3 | ndofs=  264962 | rel_resid[28]=3.60e-12 | overall_time(s)=7.589e+01 warm_time(s)=1.055e+01
order=10 nref= 2 baseN(quad=False)=3 | ndofs= 1058162 | rel_resid[27]=8.64e-12 | overall_time(s)=1.772e+02 warm_time(s)=4.992e+01
order=10 nref= 3 baseN(quad=False)=3 | ndofs= 4229282 | rel_resid[27]=6.55e-12 | overall_time(s)=5.368e+02 warm_time(s)=2.100e+02
Overall run-time: 0h 48min 1s
