order= 2 nref= 1 baseN(quad=False)=7 | ndofs=  152482 | rel_resid[10]=3.25e-12 | overall_time(s)=8.630e+00 warm_time(s)=1.977e+00
order= 2 nref= 2 baseN(quad=False)=7 | ndofs=  608706 | rel_resid[11]=3.47e-12 | overall_time(s)=3.278e+01 warm_time(s)=8.599e+00
order= 2 nref= 3 baseN(quad=False)=7 | ndofs= 2432386 | rel_resid[12]=2.50e-12 | overall_time(s)=7.645e+02 warm_time(s)=3.386e+01
order= 3 nref= 1 baseN(quad=False)=6 | ndofs=  171116 | rel_resid[11]=1.70e-12 | overall_time(s)=6.107e+00 warm_time(s)=1.461e+00
order= 3 nref= 2 baseN(quad=False)=6 | ndofs=  683150 | rel_resid[11]=5.83e-12 | overall_time(s)=1.890e+01 warm_time(s)=5.437e+00
order= 3 nref= 3 baseN(quad=False)=6 | ndofs= 2729978 | rel_resid[12]=3.58e-12 | overall_time(s)=9.490e+01 warm_time(s)=2.416e+01
order= 4 nref= 1 baseN(quad=False)=6 | ndofs=  296338 | rel_resid[13]=2.60e-12 | overall_time(s)=8.177e+00 warm_time(s)=2.357e+00
order= 4 nref= 2 baseN(quad=False)=6 | ndofs= 1183602 | rel_resid[13]=3.20e-12 | overall_time(s)=3.031e+01 warm_time(s)=9.447e+00
order= 4 nref= 3 baseN(quad=False)=6 | ndofs= 4730914 | rel_resid[14]=2.62e-12 | overall_time(s)=1.489e+02 warm_time(s)=3.921e+01
order= 5 nref= 1 baseN(quad=False)=5 | ndofs=  244642 | rel_resid[14]=9.03e-12 | overall_time(s)=7.710e+00 warm_time(s)=2.179e+00
order= 5 nref= 2 baseN(quad=False)=5 | ndofs=  976962 | rel_resid[15]=6.34e-12 | overall_time(s)=2.666e+01 warm_time(s)=9.051e+00
order= 5 nref= 3 baseN(quad=False)=5 | ndofs= 3904642 | rel_resid[17]=2.07e-12 | overall_time(s)=1.248e+02 warm_time(s)=4.041e+01
order= 6 nref= 1 baseN(quad=False)=4 | ndofs=  190850 | rel_resid[17]=3.28e-12 | overall_time(s)=8.177e+00 warm_time(s)=2.406e+00
order= 6 nref= 2 baseN(quad=False)=4 | ndofs=  762002 | rel_resid[19]=6.69e-12 | overall_time(s)=2.702e+01 warm_time(s)=9.848e+00
order= 6 nref= 3 baseN(quad=False)=4 | ndofs= 3045218 | rel_resid[21]=5.31e-12 | overall_time(s)=2.161e+02 warm_time(s)=4.137e+01
order= 7 nref= 1 baseN(quad=False)=4 | ndofs=  257686 | rel_resid[18]=6.23e-12 | overall_time(s)=1.279e+01 warm_time(s)=3.845e+00
order= 7 nref= 2 baseN(quad=False)=4 | ndofs= 1029114 | rel_resid[21]=8.80e-12 | overall_time(s)=4.325e+01 warm_time(s)=1.634e+01
order= 7 nref= 3 baseN(quad=False)=4 | ndofs= 4113202 | rel_resid[24]=4.07e-12 | overall_time(s)=3.135e+02 warm_time(s)=7.451e+01
order= 8 nref= 1 baseN(quad=False)=4 | ndofs=  334530 | rel_resid[19]=6.84e-12 | overall_time(s)=1.911e+01 warm_time(s)=6.319e+00
order= 8 nref= 2 baseN(quad=False)=4 | ndofs= 1336258 | rel_resid[23]=7.62e-12 | overall_time(s)=6.941e+01 warm_time(s)=2.657e+01
order= 8 nref= 3 baseN(quad=False)=4 | ndofs= 5341314 | rel_resid[26]=6.65e-12 | overall_time(s)=4.442e+02 warm_time(s)=1.176e+02
order= 9 nref= 1 baseN(quad=False)=3 | ndofs=  215462 | rel_resid[23]=5.32e-12 | overall_time(s)=1.528e+01 warm_time(s)=5.336e+00
order= 9 nref= 2 baseN(quad=False)=3 | ndofs=  860330 | rel_resid[26]=5.53e-12 | overall_time(s)=5.799e+01 warm_time(s)=2.238e+01
order= 9 nref= 3 baseN(quad=False)=3 | ndofs= 3438290 | rel_resid[39]=5.41e-12 | overall_time(s)=3.690e+02 warm_time(s)=1.316e+02
order=10 nref= 1 baseN(quad=False)=3 | ndofs=  264962 | rel_resid[22]=8.65e-12 | overall_time(s)=2.188e+01 warm_time(s)=7.654e+00
order=10 nref= 2 baseN(quad=False)=3 | ndofs= 1058162 | rel_resid[28]=6.85e-12 | overall_time(s)=8.635e+01 warm_time(s)=3.388e+01
order=10 nref= 3 baseN(quad=False)=3 | ndofs= 4229282 | rel_resid[50]=6.98e-12 | overall_time(s)=6.130e+02 warm_time(s)=2.384e+02
Overall run-time: 1h 4min 2s
