order= 3 nref= 1 baseN(quad=False)=6 | ndofs=  171116 | rel_resid[31]=8.80e-12 | overall_time(s)=1.073e+01 warm_time(s)=3.519e+00
order= 3 nref= 2 baseN(quad=False)=6 | ndofs=  683150 | rel_resid[30]=9.56e-12 | overall_time(s)=3.399e+01 warm_time(s)=1.389e+01
order= 3 nref= 3 baseN(quad=False)=6 | ndofs= 2729978 | rel_resid[30]=7.15e-12 | overall_time(s)=1.365e+02 warm_time(s)=5.584e+01
order= 4 nref= 1 baseN(quad=False)=6 | ndofs=  296338 | rel_resid[29]=6.07e-12 | overall_time(s)=1.170e+01 warm_time(s)=4.277e+00
order= 4 nref= 2 baseN(quad=False)=6 | ndofs= 1183602 | rel_resid[28]=9.78e-12 | overall_time(s)=4.340e+01 warm_time(s)=1.757e+01
order= 4 nref= 3 baseN(quad=False)=6 | ndofs= 4730914 | rel_resid[28]=7.22e-12 | overall_time(s)=1.623e+02 warm_time(s)=6.686e+01
order= 5 nref= 1 baseN(quad=False)=5 | ndofs=  244642 | rel_resid[29]=5.49e-12 | overall_time(s)=9.115e+00 warm_time(s)=3.317e+00
order= 5 nref= 2 baseN(quad=False)=5 | ndofs=  976962 | rel_resid[28]=8.42e-12 | overall_time(s)=3.193e+01 warm_time(s)=1.302e+01
order= 5 nref= 3 baseN(quad=False)=5 | ndofs= 3904642 | rel_resid[28]=6.05e-12 | overall_time(s)=1.246e+02 warm_time(s)=5.006e+01
order= 6 nref= 1 baseN(quad=False)=4 | ndofs=  190850 | rel_resid[29]=5.50e-12 | overall_time(s)=8.413e+00 warm_time(s)=2.875e+00
order= 6 nref= 2 baseN(quad=False)=4 | ndofs=  762002 | rel_resid[29]=4.46e-12 | overall_time(s)=2.787e+01 warm_time(s)=1.110e+01
order= 6 nref= 3 baseN(quad=False)=4 | ndofs= 3045218 | rel_resid[29]=3.34e-12 | overall_time(s)=1.057e+02 warm_time(s)=4.282e+01
order= 7 nref= 1 baseN(quad=False)=4 | ndofs=  257686 | rel_resid[29]=4.60e-12 | overall_time(s)=1.144e+01 warm_time(s)=4.335e+00
order= 7 nref= 2 baseN(quad=False)=4 | ndofs= 1029114 | rel_resid[29]=3.48e-12 | overall_time(s)=4.141e+01 warm_time(s)=1.646e+01
order= 7 nref= 3 baseN(quad=False)=4 | ndofs= 4113202 | rel_resid[28]=9.25e-12 | overall_time(s)=1.513e+02 warm_time(s)=6.069e+01
order= 8 nref= 1 baseN(quad=False)=4 | ndofs=  334530 | rel_resid[28]=7.93e-12 | overall_time(s)=1.567e+01 warm_time(s)=6.075e+00
order= 8 nref= 2 baseN(quad=False)=4 | ndofs= 1336258 | rel_resid[28]=7.81e-12 | overall_time(s)=5.991e+01 warm_time(s)=2.362e+01
order= 8 nref= 3 baseN(quad=False)=4 | ndofs= 5341314 | rel_resid[28]=7.33e-12 | overall_time(s)=2.213e+02 warm_time(s)=8.844e+01
order= 9 nref= 1 baseN(quad=False)=3 | ndofs=  215462 | rel_resid[28]=4.86e-12 | overall_time(s)=1.396e+01 warm_time(s)=5.258e+00
order= 9 nref= 2 baseN(quad=False)=3 | ndofs=  860330 | rel_resid[28]=3.99e-12 | overall_time(s)=4.430e+01 warm_time(s)=1.751e+01
order= 9 nref= 3 baseN(quad=False)=3 | ndofs= 3438290 | rel_resid[28]=2.78e-12 | overall_time(s)=1.697e+02 warm_time(s)=6.742e+01
order=10 nref= 1 baseN(quad=False)=3 | ndofs=  264962 | rel_resid[28]=4.15e-12 | overall_time(s)=1.697e+01 warm_time(s)=6.442e+00
order=10 nref= 2 baseN(quad=False)=3 | ndofs= 1058162 | rel_resid[28]=3.23e-12 | overall_time(s)=6.228e+01 warm_time(s)=2.458e+01
order=10 nref= 3 baseN(quad=False)=3 | ndofs= 4229282 | rel_resid[27]=8.78e-12 | overall_time(s)=2.247e+02 warm_time(s)=8.822e+01
Overall run-time: 0h 30min 58s
