order= 3 nref= 1 baseN(quad=False)=6 | ndofs=  171116 | rel_resid[31]=9.08e-12 | overall_time(s)=8.527e+00 warm_time(s)=2.410e+00
order= 3 nref= 2 baseN(quad=False)=6 | ndofs=  683150 | rel_resid[31]=7.17e-12 | overall_time(s)=2.535e+01 warm_time(s)=9.735e+00
order= 3 nref= 3 baseN(quad=False)=6 | ndofs= 2729978 | rel_resid[30]=9.95e-12 | overall_time(s)=9.811e+01 warm_time(s)=3.819e+01
order= 4 nref= 1 baseN(quad=False)=6 | ndofs=  296338 | rel_resid[29]=6.72e-12 | overall_time(s)=9.423e+00 warm_time(s)=3.374e+00
order= 4 nref= 2 baseN(quad=False)=6 | ndofs= 1183602 | rel_resid[29]=6.06e-12 | overall_time(s)=3.680e+01 warm_time(s)=1.434e+01
order= 4 nref= 3 baseN(quad=False)=6 | ndofs= 4730914 | rel_resid[29]=4.67e-12 | overall_time(s)=1.339e+02 warm_time(s)=5.240e+01
order= 5 nref= 1 baseN(quad=False)=5 | ndofs=  244642 | rel_resid[29]=5.57e-12 | overall_time(s)=8.315e+00 warm_time(s)=2.877e+00
order= 5 nref= 2 baseN(quad=False)=5 | ndofs=  976962 | rel_resid[28]=9.69e-12 | overall_time(s)=2.795e+01 warm_time(s)=1.088e+01
order= 5 nref= 3 baseN(quad=False)=5 | ndofs= 3904642 | rel_resid[28]=8.29e-12 | overall_time(s)=1.082e+02 warm_time(s)=4.230e+01
order= 6 nref= 1 baseN(quad=False)=4 | ndofs=  190850 | rel_resid[29]=5.48e-12 | overall_time(s)=8.396e+00 warm_time(s)=2.765e+00
order= 6 nref= 2 baseN(quad=False)=4 | ndofs=  762002 | rel_resid[29]=5.90e-12 | overall_time(s)=2.466e+01 warm_time(s)=9.946e+00
order= 6 nref= 3 baseN(quad=False)=4 | ndofs= 3045218 | rel_resid[29]=6.29e-12 | overall_time(s)=9.599e+01 warm_time(s)=3.817e+01
order= 7 nref= 1 baseN(quad=False)=4 | ndofs=  257686 | rel_resid[29]=4.62e-12 | overall_time(s)=1.066e+01 warm_time(s)=4.023e+00
order= 7 nref= 2 baseN(quad=False)=4 | ndofs= 1029114 | rel_resid[29]=4.13e-12 | overall_time(s)=3.930e+01 warm_time(s)=1.546e+01
order= 7 nref= 3 baseN(quad=False)=4 | ndofs= 4113202 | rel_resid[28]=9.93e-12 | overall_time(s)=1.399e+02 warm_time(s)=5.592e+01
order= 8 nref= 1 baseN(quad=False)=4 | ndofs=  334530 | rel_resid[29]=3.86e-12 | overall_time(s)=1.554e+01 warm_time(s)=5.976e+00
order= 8 nref= 2 baseN(quad=False)=4 | ndofs= 1336258 | rel_resid[29]=3.30e-12 | overall_time(s)=5.945e+01 warm_time(s)=2.317e+01
order= 8 nref= 3 baseN(quad=False)=4 | ndofs= 5341314 | rel_resid[28]=7.95e-12 | overall_time(s)=2.079e+02 warm_time(s)=8.286e+01
order= 9 nref= 1 baseN(quad=False)=3 | ndofs=  215462 | rel_resid[28]=5.08e-12 | overall_time(s)=1.266e+01 warm_time(s)=4.525e+00
order= 9 nref= 2 baseN(quad=False)=3 | ndofs=  860330 | rel_resid[28]=6.32e-12 | overall_time(s)=4.264e+01 warm_time(s)=1.694e+01
order= 9 nref= 3 baseN(quad=False)=3 | ndofs= 3438290 | rel_resid[28]=4.89e-12 | overall_time(s)=1.626e+02 warm_time(s)=6.382e+01
order=10 nref= 1 baseN(quad=False)=3 | ndofs=  264962 | rel_resid[28]=4.28e-12 | overall_time(s)=1.678e+01 warm_time(s)=6.272e+00
order=10 nref= 2 baseN(quad=False)=3 | ndofs= 1058162 | rel_resid[28]=4.83e-12 | overall_time(s)=6.181e+01 warm_time(s)=2.379e+01
order=10 nref= 3 baseN(quad=False)=3 | ndofs= 4229282 | rel_resid[27]=8.80e-12 | overall_time(s)=2.164e+02 warm_time(s)=8.556e+01
Overall run-time: 0h 28min 6s
