order= 2 nref= 1 baseN(quad=False)=7 | ndofs=  152482 | rel_resid[12]=6.26e-12 | overall_time(s)=9.460e+00 warm_time(s)=2.075e+00
order= 2 nref= 2 baseN(quad=False)=7 | ndofs=  608706 | rel_resid[13]=2.88e-12 | overall_time(s)=3.698e+01 warm_time(s)=1.059e+01
order= 2 nref= 3 baseN(quad=False)=7 | ndofs= 2432386 | rel_resid[13]=6.18e-12 | overall_time(s)=7.704e+02 warm_time(s)=3.845e+01
order= 3 nref= 1 baseN(quad=False)=6 | ndofs=  171116 | rel_resid[14]=1.52e-12 | overall_time(s)=6.318e+00 warm_time(s)=1.549e+00
order= 3 nref= 2 baseN(quad=False)=6 | ndofs=  683150 | rel_resid[13]=7.68e-12 | overall_time(s)=1.996e+01 warm_time(s)=5.991e+00
order= 3 nref= 3 baseN(quad=False)=6 | ndofs= 2729978 | rel_resid[13]=6.09e-12 | overall_time(s)=9.491e+01 warm_time(s)=2.455e+01
order= 4 nref= 1 baseN(quad=False)=6 | ndofs=  296338 | rel_resid[16]=3.91e-12 | overall_time(s)=8.686e+00 warm_time(s)=2.540e+00
order= 4 nref= 2 baseN(quad=False)=6 | ndofs= 1183602 | rel_resid[15]=7.58e-12 | overall_time(s)=3.040e+01 warm_time(s)=9.333e+00
order= 4 nref= 3 baseN(quad=False)=6 | ndofs= 4730914 | rel_resid[15]=6.77e-12 | overall_time(s)=1.432e+02 warm_time(s)=3.651e+01
order= 5 nref= 1 baseN(quad=False)=5 | ndofs=  244642 | rel_resid[18]=6.50e-12 | overall_time(s)=8.053e+00 warm_time(s)=2.447e+00
order= 5 nref= 2 baseN(quad=False)=5 | ndofs=  976962 | rel_resid[18]=5.89e-12 | overall_time(s)=2.613e+01 warm_time(s)=8.786e+00
order= 5 nref= 3 baseN(quad=False)=5 | ndofs= 3904642 | rel_resid[18]=4.97e-12 | overall_time(s)=1.131e+02 warm_time(s)=3.458e+01
order= 6 nref= 1 baseN(quad=False)=4 | ndofs=  190850 | rel_resid[22]=4.02e-12 | overall_time(s)=8.203e+00 warm_time(s)=2.406e+00
order= 6 nref= 2 baseN(quad=False)=4 | ndofs=  762002 | rel_resid[22]=6.31e-12 | overall_time(s)=2.538e+01 warm_time(s)=8.852e+00
order= 6 nref= 3 baseN(quad=False)=4 | ndofs= 3045218 | rel_resid[22]=8.43e-12 | overall_time(s)=2.019e+02 warm_time(s)=3.383e+01
order= 7 nref= 1 baseN(quad=False)=4 | ndofs=  257686 | rel_resid[24]=4.58e-12 | overall_time(s)=1.164e+01 warm_time(s)=3.865e+00
order= 7 nref= 2 baseN(quad=False)=4 | ndofs= 1029114 | rel_resid[24]=9.91e-12 | overall_time(s)=3.838e+01 warm_time(s)=1.389e+01
order= 7 nref= 3 baseN(quad=False)=4 | ndofs= 4113202 | rel_resid[25]=5.92e-12 | overall_time(s)=2.779e+02 warm_time(s)=5.688e+01
order= 8 nref= 1 baseN(quad=False)=4 | ndofs=  334530 | rel_resid[26]=4.89e-12 | overall_time(s)=1.894e+01 warm_time(s)=6.816e+00
order= 8 nref= 2 baseN(quad=False)=4 | ndofs= 1336258 | rel_resid[27]=5.10e-12 | overall_time(s)=6.107e+01 warm_time(s)=2.240e+01
order= 8 nref= 3 baseN(quad=False)=4 | ndofs= 5341314 | rel_resid[27]=6.99e-12 | overall_time(s)=3.839e+02 warm_time(s)=8.781e+01
order= 9 nref= 1 baseN(quad=False)=3 | ndofs=  215462 | rel_resid[29]=5.00e-12 | overall_time(s)=1.500e+01 warm_time(s)=5.205e+00
order= 9 nref= 2 baseN(quad=False)=3 | ndofs=  860330 | rel_resid[28]=5.55e-12 | overall_time(s)=4.766e+01 warm_time(s)=1.711e+01
order= 9 nref= 3 baseN(quad=False)=3 | ndofs= 3438290 | rel_resid[28]=4.96e-12 | overall_time(s)=2.390e+02 warm_time(s)=6.655e+01
order=10 nref= 1 baseN(quad=False)=3 | ndofs=  264962 | rel_resid[29]=9.85e-12 | overall_time(s)=2.104e+01 warm_time(s)=7.349e+00
order=10 nref= 2 baseN(quad=False)=3 | ndofs= 1058162 | rel_resid[31]=6.59e-12 | overall_time(s)=7.075e+01 warm_time(s)=2.619e+01
order=10 nref= 3 baseN(quad=False)=3 | ndofs= 4229282 | rel_resid[29]=9.44e-12 | overall_time(s)=3.290e+02 warm_time(s)=9.593e+01
Overall run-time: 0h 54min 33s
