order= 3 nref= 1 baseN(quad=False)=51 | ndofs=  230523 | rel_resid[10]=2.54e-12 | overall_time(s)=1.412e+01 warm_time(s)=3.318e+00
order= 3 nref= 2 baseN(quad=False)=51 | ndofs=  918819 | rel_resid[10]=2.14e-12 | overall_time(s)=4.003e+01 warm_time(s)=1.250e+01
order= 3 nref= 3 baseN(quad=False)=51 | ndofs= 3668739 | rel_resid[10]=2.04e-12 | overall_time(s)=1.076e+03 warm_time(s)=4.980e+01
order= 4 nref= 1 baseN(quad=False)=39 | ndofs=  251163 | rel_resid[ 8]=5.36e-12 | overall_time(s)=7.918e+00 warm_time(s)=2.155e+00
order= 4 nref= 2 baseN(quad=False)=39 | ndofs= 1001211 | rel_resid[ 8]=3.97e-12 | overall_time(s)=2.913e+01 warm_time(s)=8.419e+00
order= 4 nref= 3 baseN(quad=False)=39 | ndofs= 3997971 | rel_resid[ 8]=2.19e-12 | overall_time(s)=5.661e+02 warm_time(s)=3.201e+01
order= 5 nref= 1 baseN(quad=False)=31 | ndofs=  255443 | rel_resid[ 9]=7.01e-12 | overall_time(s)=8.283e+00 warm_time(s)=2.278e+00
order= 5 nref= 2 baseN(quad=False)=31 | ndofs= 1018291 | rel_resid[ 9]=6.16e-12 | overall_time(s)=2.659e+01 warm_time(s)=8.237e+00
order= 5 nref= 3 baseN(quad=False)=31 | ndofs= 4066211 | rel_resid[ 9]=5.95e-12 | overall_time(s)=3.797e+02 warm_time(s)=3.018e+01
order= 6 nref= 1 baseN(quad=False)=26 | ndofs=  264059 | rel_resid[ 8]=3.95e-12 | overall_time(s)=9.754e+00 warm_time(s)=2.317e+00
order= 6 nref= 2 baseN(quad=False)=26 | ndofs= 1052691 | rel_resid[ 8]=2.60e-12 | overall_time(s)=3.273e+01 warm_time(s)=9.496e+00
order= 6 nref= 3 baseN(quad=False)=26 | ndofs= 4203683 | rel_resid[ 8]=2.11e-12 | overall_time(s)=4.181e+02 warm_time(s)=3.383e+01
order= 7 nref= 1 baseN(quad=False)=22 | ndofs=  261187 | rel_resid[ 9]=1.65e-12 | overall_time(s)=1.151e+01 warm_time(s)=2.637e+00
order= 7 nref= 2 baseN(quad=False)=22 | ndofs= 1041219 | rel_resid[ 9]=1.03e-12 | overall_time(s)=3.373e+01 warm_time(s)=1.012e+01
order= 7 nref= 3 baseN(quad=False)=22 | ndofs= 4157827 | rel_resid[ 9]=8.81e-13 | overall_time(s)=2.741e+02 warm_time(s)=3.751e+01
order= 8 nref= 1 baseN(quad=False)=20 | ndofs=  285043 | rel_resid[ 9]=3.48e-12 | overall_time(s)=1.421e+01 warm_time(s)=3.948e+00
order= 8 nref= 2 baseN(quad=False)=20 | ndofs= 1136483 | rel_resid[ 9]=1.79e-12 | overall_time(s)=5.133e+01 warm_time(s)=1.243e+01
order= 8 nref= 3 baseN(quad=False)=20 | ndofs= 4538563 | rel_resid[ 9]=1.30e-12 | overall_time(s)=3.450e+02 warm_time(s)=4.732e+01
order= 9 nref= 1 baseN(quad=False)=18 | ndofs=  294771 | rel_resid[ 9]=2.71e-12 | overall_time(s)=1.498e+01 warm_time(s)=3.694e+00
order= 9 nref= 2 baseN(quad=False)=18 | ndofs= 1175331 | rel_resid[ 9]=2.05e-12 | overall_time(s)=5.542e+01 warm_time(s)=1.353e+01
order= 9 nref= 3 baseN(quad=False)=18 | ndofs= 4693827 | rel_resid[ 9]=1.90e-12 | overall_time(s)=3.255e+02 warm_time(s)=5.224e+01
order=10 nref= 1 baseN(quad=False)=16 | ndofs=  289603 | rel_resid[ 9]=5.29e-12 | overall_time(s)=1.838e+01 warm_time(s)=4.550e+00
order=10 nref= 2 baseN(quad=False)=16 | ndofs= 1154691 | rel_resid[ 9]=3.96e-12 | overall_time(s)=5.729e+01 warm_time(s)=1.437e+01
order=10 nref= 3 baseN(quad=False)=16 | ndofs= 4611331 | rel_resid[ 9]=3.01e-12 | overall_time(s)=2.908e+02 warm_time(s)=5.651e+01
Overall run-time: 1h 12min 33s
