order= 3 nref= 1 baseN(quad=False)=8 | ndofs=  154151 | rel_resid[11]=7.86e-13 | overall_time(s)=1.113e+01 warm_time(s)=2.995e+00
order= 3 nref= 2 baseN(quad=False)=8 | ndofs=  613219 | rel_resid[10]=9.89e-12 | overall_time(s)=3.274e+01 warm_time(s)=1.148e+01
order= 3 nref= 3 baseN(quad=False)=8 | ndofs= 2446115 | rel_resid[10]=9.99e-12 | overall_time(s)=3.903e+02 warm_time(s)=4.506e+01
order= 4 nref= 1 baseN(quad=False)=7 | ndofs=  149931 | rel_resid[ 9]=6.81e-13 | overall_time(s)=5.749e+00 warm_time(s)=1.663e+00
order= 4 nref= 2 baseN(quad=False)=7 | ndofs=  596371 | rel_resid[ 8]=8.25e-12 | overall_time(s)=1.823e+01 warm_time(s)=6.029e+00
order= 4 nref= 3 baseN(quad=False)=7 | ndofs= 2378787 | rel_resid[ 9]=5.45e-13 | overall_time(s)=8.517e+01 warm_time(s)=2.687e+01
order= 5 nref= 1 baseN(quad=False)=6 | ndofs=  126533 | rel_resid[10]=1.76e-12 | overall_time(s)=4.851e+00 warm_time(s)=1.289e+00
order= 5 nref= 2 baseN(quad=False)=6 | ndofs=  503071 | rel_resid[10]=3.47e-12 | overall_time(s)=1.494e+01 warm_time(s)=5.143e+00
order= 5 nref= 3 baseN(quad=False)=6 | ndofs= 2006171 | rel_resid[10]=7.03e-12 | overall_time(s)=5.919e+01 warm_time(s)=1.937e+01
order= 6 nref= 1 baseN(quad=False)=6 | ndofs=  185574 | rel_resid[ 8]=2.99e-12 | overall_time(s)=7.413e+00 warm_time(s)=1.803e+00
order= 6 nref= 2 baseN(quad=False)=6 | ndofs=  738581 | rel_resid[ 8]=2.68e-12 | overall_time(s)=2.291e+01 warm_time(s)=6.872e+00
order= 6 nref= 3 baseN(quad=False)=6 | ndofs= 2946903 | rel_resid[ 8]=3.83e-12 | overall_time(s)=9.557e+01 warm_time(s)=2.598e+01
order= 7 nref= 1 baseN(quad=False)=5 | ndofs=  137747 | rel_resid[ 9]=3.36e-12 | overall_time(s)=6.568e+00 warm_time(s)=1.414e+00
order= 7 nref= 2 baseN(quad=False)=5 | ndofs=  547779 | rel_resid[ 9]=2.77e-12 | overall_time(s)=1.855e+01 warm_time(s)=5.607e+00
order= 7 nref= 3 baseN(quad=False)=5 | ndofs= 2184707 | rel_resid[ 9]=3.08e-12 | overall_time(s)=1.066e+02 warm_time(s)=2.144e+01
order= 8 nref= 1 baseN(quad=False)=4 | ndofs=   99749 | rel_resid[ 9]=1.31e-12 | overall_time(s)=5.579e+00 warm_time(s)=1.303e+00
order= 8 nref= 2 baseN(quad=False)=4 | ndofs=  396319 | rel_resid[ 9]=1.62e-12 | overall_time(s)=1.631e+01 warm_time(s)=4.608e+00
order= 8 nref= 3 baseN(quad=False)=4 | ndofs= 1579931 | rel_resid[ 9]=2.31e-12 | overall_time(s)=6.065e+01 warm_time(s)=1.741e+01
order= 9 nref= 1 baseN(quad=False)=3 | ndofs=   65279 | rel_resid[ 9]=8.26e-12 | overall_time(s)=4.580e+00 warm_time(s)=9.189e-01
order= 9 nref= 2 baseN(quad=False)=3 | ndofs=  258923 | rel_resid[12]=7.14e-13 | overall_time(s)=1.359e+01 warm_time(s)=4.219e+00
order= 9 nref= 3 baseN(quad=False)=3 | ndofs= 1031315 | rel_resid[12]=6.27e-12 | overall_time(s)=5.004e+01 warm_time(s)=1.581e+01
order=10 nref= 1 baseN(quad=False)=3 | ndofs=   81025 | rel_resid[10]=9.57e-12 | overall_time(s)=6.030e+00 warm_time(s)=1.337e+00
order=10 nref= 2 baseN(quad=False)=3 | ndofs=  321655 | rel_resid[11]=1.77e-12 | overall_time(s)=1.838e+01 warm_time(s)=5.124e+00
order=10 nref= 3 baseN(quad=False)=3 | ndofs= 1281739 | rel_resid[10]=4.57e-12 | overall_time(s)=6.086e+01 warm_time(s)=1.760e+01
Overall run-time: 0h 20min 52s
