order= 3 nref= 1 baseN(quad=False)=6 | ndofs=  171116 | rel_resid[31]=8.81e-12 | overall_time(s)=1.874e+01 warm_time(s)=7.506e+00
order= 3 nref= 2 baseN(quad=False)=6 | ndofs=  683150 | rel_resid[30]=9.56e-12 | overall_time(s)=7.301e+01 warm_time(s)=3.234e+01
order= 3 nref= 3 baseN(quad=False)=6 | ndofs= 2729978 | rel_resid[30]=7.16e-12 | overall_time(s)=2.979e+02 warm_time(s)=1.335e+02
order= 4 nref= 1 baseN(quad=False)=6 | ndofs=  296338 | rel_resid[29]=6.06e-12 | overall_time(s)=2.001e+01 warm_time(s)=8.618e+00
order= 4 nref= 2 baseN(quad=False)=6 | ndofs= 1183602 | rel_resid[28]=9.78e-12 | overall_time(s)=8.120e+01 warm_time(s)=3.620e+01
order= 4 nref= 3 baseN(quad=False)=6 | ndofs= 4730914 | rel_resid[28]=7.22e-12 | overall_time(s)=3.409e+02 warm_time(s)=1.486e+02
order= 5 nref= 1 baseN(quad=False)=5 | ndofs=  244642 | rel_resid[29]=5.48e-12 | overall_time(s)=1.367e+01 warm_time(s)=5.667e+00
order= 5 nref= 2 baseN(quad=False)=5 | ndofs=  976962 | rel_resid[28]=8.43e-12 | overall_time(s)=5.248e+01 warm_time(s)=2.339e+01
order= 5 nref= 3 baseN(quad=False)=5 | ndofs= 3904642 | rel_resid[28]=6.05e-12 | overall_time(s)=2.106e+02 warm_time(s)=9.211e+01
order= 6 nref= 1 baseN(quad=False)=4 | ndofs=  190850 | rel_resid[29]=5.50e-12 | overall_time(s)=1.041e+01 warm_time(s)=4.109e+00
order= 6 nref= 2 baseN(quad=False)=4 | ndofs=  762002 | rel_resid[29]=4.46e-12 | overall_time(s)=3.789e+01 warm_time(s)=1.678e+01
order= 6 nref= 3 baseN(quad=False)=4 | ndofs= 3045218 | rel_resid[29]=3.34e-12 | overall_time(s)=1.984e+02 warm_time(s)=6.401e+01
order= 7 nref= 1 baseN(quad=False)=4 | ndofs=  257686 | rel_resid[29]=4.60e-12 | overall_time(s)=1.498e+01 warm_time(s)=5.453e+00
order= 7 nref= 2 baseN(quad=False)=4 | ndofs= 1029114 | rel_resid[29]=3.48e-12 | overall_time(s)=5.011e+01 warm_time(s)=2.182e+01
order= 7 nref= 3 baseN(quad=False)=4 | ndofs= 4113202 | rel_resid[28]=9.25e-12 | overall_time(s)=2.502e+02 warm_time(s)=8.125e+01
order= 8 nref= 1 baseN(quad=False)=4 | ndofs=  334530 | rel_resid[28]=7.93e-12 | overall_time(s)=1.791e+01 warm_time(s)=7.296e+00
order= 8 nref= 2 baseN(quad=False)=4 | ndofs= 1336258 | rel_resid[28]=7.81e-12 | overall_time(s)=6.441e+01 warm_time(s)=2.795e+01
order= 8 nref= 3 baseN(quad=False)=4 | ndofs= 5341314 | rel_resid[28]=7.33e-12 | overall_time(s)=3.616e+02 warm_time(s)=1.106e+02
order= 9 nref= 1 baseN(quad=False)=3 | ndofs=  215462 | rel_resid[28]=4.86e-12 | overall_time(s)=1.443e+01 warm_time(s)=5.717e+00
order= 9 nref= 2 baseN(quad=False)=3 | ndofs=  860330 | rel_resid[28]=3.99e-12 | overall_time(s)=4.644e+01 warm_time(s)=1.975e+01
order= 9 nref= 3 baseN(quad=False)=3 | ndofs= 3438290 | rel_resid[28]=2.78e-12 | overall_time(s)=2.047e+02 warm_time(s)=7.517e+01
order=10 nref= 1 baseN(quad=False)=3 | ndofs=  264962 | rel_resid[28]=4.15e-12 | overall_time(s)=1.775e+01 warm_time(s)=7.064e+00
order=10 nref= 2 baseN(quad=False)=3 | ndofs= 1058162 | rel_resid[28]=3.23e-12 | overall_time(s)=6.267e+01 warm_time(s)=2.666e+01
order=10 nref= 3 baseN(quad=False)=3 | ndofs= 4229282 | rel_resid[27]=8.78e-12 | overall_time(s)=2.654e+02 warm_time(s)=9.785e+01
Overall run-time: 0h 47min 23s
