order= 3 nref= 1 baseN(quad=False)=51 | ndofs=  230523 | rel_resid[11]=6.66e-12 | overall_time(s)=1.329e+01 warm_time(s)=3.108e+00
order= 3 nref= 2 baseN(quad=False)=51 | ndofs=  918819 | rel_resid[11]=5.84e-12 | overall_time(s)=4.094e+01 warm_time(s)=1.268e+01
order= 3 nref= 3 baseN(quad=False)=51 | ndofs= 3668739 | rel_resid[11]=3.59e-12 | overall_time(s)=1.108e+03 warm_time(s)=5.151e+01
order= 4 nref= 1 baseN(quad=False)=39 | ndofs=  251163 | rel_resid[11]=1.82e-12 | overall_time(s)=8.682e+00 warm_time(s)=2.379e+00
order= 4 nref= 2 baseN(quad=False)=39 | ndofs= 1001211 | rel_resid[11]=1.15e-12 | overall_time(s)=3.009e+01 warm_time(s)=8.986e+00
order= 4 nref= 3 baseN(quad=False)=39 | ndofs= 3997971 | rel_resid[10]=9.28e-12 | overall_time(s)=5.482e+02 warm_time(s)=3.133e+01
order= 5 nref= 1 baseN(quad=False)=31 | ndofs=  255443 | rel_resid[11]=6.09e-12 | overall_time(s)=7.740e+00 warm_time(s)=2.077e+00
order= 5 nref= 2 baseN(quad=False)=31 | ndofs= 1018291 | rel_resid[11]=4.84e-12 | overall_time(s)=2.597e+01 warm_time(s)=7.842e+00
order= 5 nref= 3 baseN(quad=False)=31 | ndofs= 4066211 | rel_resid[11]=3.91e-12 | overall_time(s)=3.738e+02 warm_time(s)=2.912e+01
order= 6 nref= 1 baseN(quad=False)=26 | ndofs=  264059 | rel_resid[10]=4.14e-12 | overall_time(s)=9.176e+00 warm_time(s)=2.144e+00
order= 6 nref= 2 baseN(quad=False)=26 | ndofs= 1052691 | rel_resid[10]=2.59e-12 | overall_time(s)=3.045e+01 warm_time(s)=8.448e+00
order= 6 nref= 3 baseN(quad=False)=26 | ndofs= 4203683 | rel_resid[10]=2.13e-12 | overall_time(s)=4.135e+02 warm_time(s)=3.099e+01
order= 7 nref= 1 baseN(quad=False)=22 | ndofs=  261187 | rel_resid[11]=2.39e-12 | overall_time(s)=1.009e+01 warm_time(s)=2.316e+00
order= 7 nref= 2 baseN(quad=False)=22 | ndofs= 1041219 | rel_resid[11]=1.52e-12 | overall_time(s)=3.126e+01 warm_time(s)=9.045e+00
order= 7 nref= 3 baseN(quad=False)=22 | ndofs= 4157827 | rel_resid[10]=8.46e-12 | overall_time(s)=2.613e+02 warm_time(s)=3.095e+01
order= 8 nref= 1 baseN(quad=False)=20 | ndofs=  285043 | rel_resid[10]=6.62e-12 | overall_time(s)=1.168e+01 warm_time(s)=2.697e+00
order= 8 nref= 2 baseN(quad=False)=20 | ndofs= 1136483 | rel_resid[10]=4.02e-12 | overall_time(s)=4.558e+01 warm_time(s)=9.739e+00
order= 8 nref= 3 baseN(quad=False)=20 | ndofs= 4538563 | rel_resid[10]=3.63e-12 | overall_time(s)=3.242e+02 warm_time(s)=3.779e+01
order= 9 nref= 1 baseN(quad=False)=18 | ndofs=  294771 | rel_resid[11]=1.48e-12 | overall_time(s)=1.458e+01 warm_time(s)=3.870e+00
order= 9 nref= 2 baseN(quad=False)=18 | ndofs= 1175331 | rel_resid[10]=7.51e-12 | overall_time(s)=4.968e+01 warm_time(s)=1.117e+01
order= 9 nref= 3 baseN(quad=False)=18 | ndofs= 4693827 | rel_resid[10]=6.28e-12 | overall_time(s)=2.995e+02 warm_time(s)=4.113e+01
order=10 nref= 1 baseN(quad=False)=16 | ndofs=  289603 | rel_resid[10]=7.54e-12 | overall_time(s)=1.564e+01 warm_time(s)=3.107e+00
order=10 nref= 2 baseN(quad=False)=16 | ndofs= 1154691 | rel_resid[10]=4.70e-12 | overall_time(s)=5.063e+01 warm_time(s)=1.116e+01
order=10 nref= 3 baseN(quad=False)=16 | ndofs= 4611331 | rel_resid[10]=3.80e-12 | overall_time(s)=2.656e+02 warm_time(s)=4.419e+01
Overall run-time: 1h 10min 46s
