order= 3 nref= 1 baseN(quad=False)=51 | ndofs=  230523 | rel_resid[11]=6.96e-12 | overall_time(s)=1.021e+01 warm_time(s)=2.381e+00
order= 3 nref= 2 baseN(quad=False)=51 | ndofs=  918819 | rel_resid[11]=6.30e-12 | overall_time(s)=3.234e+01 warm_time(s)=8.466e+00
order= 3 nref= 3 baseN(quad=False)=51 | ndofs= 3668739 | rel_resid[11]=7.07e-12 | overall_time(s)=1.068e+03 warm_time(s)=3.686e+01
order= 4 nref= 1 baseN(quad=False)=39 | ndofs=  251163 | rel_resid[11]=2.57e-12 | overall_time(s)=7.127e+00 warm_time(s)=1.623e+00
order= 4 nref= 2 baseN(quad=False)=39 | ndofs= 1001211 | rel_resid[11]=2.00e-12 | overall_time(s)=2.519e+01 warm_time(s)=6.576e+00
order= 4 nref= 3 baseN(quad=False)=39 | ndofs= 3997971 | rel_resid[11]=2.60e-12 | overall_time(s)=5.387e+02 warm_time(s)=2.414e+01
order= 5 nref= 1 baseN(quad=False)=31 | ndofs=  255443 | rel_resid[11]=8.42e-12 | overall_time(s)=6.733e+00 warm_time(s)=1.613e+00
order= 5 nref= 2 baseN(quad=False)=31 | ndofs= 1018291 | rel_resid[11]=8.16e-12 | overall_time(s)=2.213e+01 warm_time(s)=6.046e+00
order= 5 nref= 3 baseN(quad=False)=31 | ndofs= 4066211 | rel_resid[12]=1.41e-12 | overall_time(s)=3.715e+02 warm_time(s)=2.345e+01
order= 6 nref= 1 baseN(quad=False)=26 | ndofs=  264059 | rel_resid[10]=4.39e-12 | overall_time(s)=9.492e+00 warm_time(s)=2.187e+00
order= 6 nref= 2 baseN(quad=False)=26 | ndofs= 1052691 | rel_resid[10]=3.49e-12 | overall_time(s)=2.862e+01 warm_time(s)=7.460e+00
order= 6 nref= 3 baseN(quad=False)=26 | ndofs= 4203683 | rel_resid[10]=7.36e-12 | overall_time(s)=4.077e+02 warm_time(s)=2.710e+01
order= 7 nref= 1 baseN(quad=False)=22 | ndofs=  261187 | rel_resid[11]=2.26e-12 | overall_time(s)=9.653e+00 warm_time(s)=2.270e+00
order= 7 nref= 2 baseN(quad=False)=22 | ndofs= 1041219 | rel_resid[11]=1.81e-12 | overall_time(s)=2.986e+01 warm_time(s)=7.976e+00
order= 7 nref= 3 baseN(quad=False)=22 | ndofs= 4157827 | rel_resid[11]=3.51e-12 | overall_time(s)=2.612e+02 warm_time(s)=3.104e+01
order= 8 nref= 1 baseN(quad=False)=20 | ndofs=  285043 | rel_resid[10]=6.72e-12 | overall_time(s)=1.174e+01 warm_time(s)=2.474e+00
order= 8 nref= 2 baseN(quad=False)=20 | ndofs= 1136483 | rel_resid[10]=5.30e-12 | overall_time(s)=4.437e+01 warm_time(s)=9.052e+00
order= 8 nref= 3 baseN(quad=False)=20 | ndofs= 4538563 | rel_resid[11]=2.33e-12 | overall_time(s)=3.283e+02 warm_time(s)=3.901e+01
order= 9 nref= 1 baseN(quad=False)=18 | ndofs=  294771 | rel_resid[11]=1.49e-12 | overall_time(s)=1.827e+01 warm_time(s)=4.311e+00
order= 9 nref= 2 baseN(quad=False)=18 | ndofs= 1175331 | rel_resid[10]=8.40e-12 | overall_time(s)=4.766e+01 warm_time(s)=9.828e+00
order= 9 nref= 3 baseN(quad=False)=18 | ndofs= 4693827 | rel_resid[11]=5.17e-12 | overall_time(s)=3.050e+02 warm_time(s)=4.223e+01
order=10 nref= 1 baseN(quad=False)=16 | ndofs=  289603 | rel_resid[10]=7.72e-12 | overall_time(s)=1.427e+01 warm_time(s)=3.370e+00
order=10 nref= 2 baseN(quad=False)=16 | ndofs= 1154691 | rel_resid[10]=6.11e-12 | overall_time(s)=5.028e+01 warm_time(s)=1.094e+01
order=10 nref= 3 baseN(quad=False)=16 | ndofs= 4611331 | rel_resid[11]=4.58e-12 | overall_time(s)=2.715e+02 warm_time(s)=4.685e+01
Overall run-time: 1h 9min 37s
