Taylor Hood Problem has been set up
Setting up the solver..
{'ksp_atol': 1e-15,
 'ksp_error_if_not_converged': False,
 'ksp_max_it': 80,
 'ksp_rtol': 1e-11,
 'ksp_type': 'fgmres',
 'mat_type': 'aij',
 'pc_python_type': 'phmg.Direct_Coarsening_THk_TH2',
 'pc_type': 'python',
 'petscpartitioner_parmetis_debug': 'true',
 'petscpartitioner_type': 'parmetis',
 'pmg': {'mg_levels': {'ksp_chebyshev_esteig': '0,0.25,0,1.1',
                       'ksp_convergence_test': 'skip',
                       'ksp_max_it': 2,
                       'ksp_type': 'chebyshev',
                       'pc_python_type': 'phmg.preconditioners.rlx_params.ASMVankaStarPC',
                       'pc_type': 'python',
                       'pc_vankastar_construct_dim': 0,
                       'pc_vankastar_exclude_subspaces': '1',
                       'pc_vankastar_sub_sub_pc_factor_shift_type': 'nonzero'},
         'pc_mg_type': 'multiplicative'},
 'pmg_mg_coarse': {'ksp_convergence_test': 'skip',
                   'ksp_norm': 'none',
                   'ksp_type': 'preonly',
                   'mg_coarse': {'assembled': {'pc_factor_mat_solver_type': 'mumps',
                                               'pc_type': 'lu'},
                                 'ksp_type': 'preonly',
                                 'pc_python_type': 'firedrake.AssembledPC',
                                 'pc_type': 'python'},
                   'mg_levels': {'ksp_chebyshev_esteig': '0,0.25,0,1.1',
                                 'ksp_convergence_test': 'skip',
                                 'ksp_max_it': 2,
                                 'ksp_type': 'chebyshev',
                                 'pc_python_type': 'phmg.preconditioners.rlx_params.ASMVankaStarPC',
                                 'pc_type': 'python',
                                 'pc_vankastar_construct_dim': 0,
                                 'pc_vankastar_exclude_subspaces': '1',
                                 'pc_vankastar_sub_sub_pc_factor_shift_type': 'nonzero'},
                   'pc_mg_multiplicative_cycles': 1,
                   'pc_type': 'mg'},
 'snes_atol': 1e-10,
 'snes_convergence_test': 'skip',
 'snes_lag_jacobian': -2,
 'snes_lag_preconditioner': -2,
 'snes_max_it': 1,
 'snes_rtol': 1e-10,
 'snes_stol': 1e-10,
 'snes_type': 'ksponly'}
Warm-up run complete.
Warm run complete.
order= 3 nref= 1 baseN(quad=False)=8 | ndofs=  154151 | rel_resid[12]=8.38e-12 | overall_time(s)=7.300e+00 warm_time(s)=1.297e+00
Taylor Hood Problem has been set up
Setting up the solver..
{'ksp_atol': 1e-15,
 'ksp_error_if_not_converged': False,
 'ksp_max_it': 80,
 'ksp_rtol': 1e-11,
 'ksp_type': 'fgmres',
 'mat_type': 'aij',
 'pc_python_type': 'phmg.Direct_Coarsening_THk_TH2',
 'pc_type': 'python',
 'petscpartitioner_parmetis_debug': 'true',
 'petscpartitioner_type': 'parmetis',
 'pmg': {'mg_levels': {'ksp_chebyshev_esteig': '0,0.25,0,1.1',
                       'ksp_convergence_test': 'skip',
                       'ksp_max_it': 2,
                       'ksp_type': 'chebyshev',
                       'pc_python_type': 'phmg.preconditioners.rlx_params.ASMVankaStarPC',
                       'pc_type': 'python',
                       'pc_vankastar_construct_dim': 0,
                       'pc_vankastar_exclude_subspaces': '1',
                       'pc_vankastar_sub_sub_pc_factor_shift_type': 'nonzero'},
         'pc_mg_type': 'multiplicative'},
 'pmg_mg_coarse': {'ksp_convergence_test': 'skip',
                   'ksp_norm': 'none',
                   'ksp_type': 'preonly',
                   'mg_coarse': {'assembled': {'pc_factor_mat_solver_type': 'mumps',
                                               'pc_type': 'lu'},
                                 'ksp_type': 'preonly',
                                 'pc_python_type': 'firedrake.AssembledPC',
                                 'pc_type': 'python'},
                   'mg_levels': {'ksp_chebyshev_esteig': '0,0.25,0,1.1',
                                 'ksp_convergence_test': 'skip',
                                 'ksp_max_it': 2,
                                 'ksp_type': 'chebyshev',
                                 'pc_python_type': 'phmg.preconditioners.rlx_params.ASMVankaStarPC',
                                 'pc_type': 'python',
                                 'pc_vankastar_construct_dim': 0,
                                 'pc_vankastar_exclude_subspaces': '1',
                                 'pc_vankastar_sub_sub_pc_factor_shift_type': 'nonzero'},
                   'pc_mg_multiplicative_cycles': 1,
                   'pc_type': 'mg'},
 'snes_atol': 1e-10,
 'snes_convergence_test': 'skip',
 'snes_lag_jacobian': -2,
 'snes_lag_preconditioner': -2,
 'snes_max_it': 1,
 'snes_rtol': 1e-10,
 'snes_stol': 1e-10,
 'snes_type': 'ksponly'}
Warm-up run complete.
Warm run complete.
order= 3 nref= 2 baseN(quad=False)=8 | ndofs=  613219 | rel_resid[12]=8.37e-12 | overall_time(s)=1.965e+01 warm_time(s)=5.091e+00
Taylor Hood Problem has been set up
Setting up the solver..
{'ksp_atol': 1e-15,
 'ksp_error_if_not_converged': False,
 'ksp_max_it': 80,
 'ksp_rtol': 1e-11,
 'ksp_type': 'fgmres',
 'mat_type': 'aij',
 'pc_python_type': 'phmg.Direct_Coarsening_THk_TH2',
 'pc_type': 'python',
 'petscpartitioner_parmetis_debug': 'true',
 'petscpartitioner_type': 'parmetis',
 'pmg': {'mg_levels': {'ksp_chebyshev_esteig': '0,0.25,0,1.1',
                       'ksp_convergence_test': 'skip',
                       'ksp_max_it': 2,
                       'ksp_type': 'chebyshev',
                       'pc_python_type': 'phmg.preconditioners.rlx_params.ASMVankaStarPC',
                       'pc_type': 'python',
                       'pc_vankastar_construct_dim': 0,
                       'pc_vankastar_exclude_subspaces': '1',
                       'pc_vankastar_sub_sub_pc_factor_shift_type': 'nonzero'},
         'pc_mg_type': 'multiplicative'},
 'pmg_mg_coarse': {'ksp_convergence_test': 'skip',
                   'ksp_norm': 'none',
                   'ksp_type': 'preonly',
                   'mg_coarse': {'assembled': {'pc_factor_mat_solver_type': 'mumps',
                                               'pc_type': 'lu'},
                                 'ksp_type': 'preonly',
                                 'pc_python_type': 'firedrake.AssembledPC',
                                 'pc_type': 'python'},
                   'mg_levels': {'ksp_chebyshev_esteig': '0,0.25,0,1.1',
                                 'ksp_convergence_test': 'skip',
                                 'ksp_max_it': 2,
                                 'ksp_type': 'chebyshev',
                                 'pc_python_type': 'phmg.preconditioners.rlx_params.ASMVankaStarPC',
                                 'pc_type': 'python',
                                 'pc_vankastar_construct_dim': 0,
                                 'pc_vankastar_exclude_subspaces': '1',
                                 'pc_vankastar_sub_sub_pc_factor_shift_type': 'nonzero'},
                   'pc_mg_multiplicative_cycles': 1,
                   'pc_type': 'mg'},
 'snes_atol': 1e-10,
 'snes_convergence_test': 'skip',
 'snes_lag_jacobian': -2,
 'snes_lag_preconditioner': -2,
 'snes_max_it': 1,
 'snes_rtol': 1e-10,
 'snes_stol': 1e-10,
 'snes_type': 'ksponly'}
Warm-up run complete.
Warm run complete.
order= 3 nref= 3 baseN(quad=False)=8 | ndofs= 2446115 | rel_resid[14]=2.11e-12 | overall_time(s)=3.443e+02 warm_time(s)=2.242e+01
Taylor Hood Problem has been set up
Setting up the solver..
{'ksp_atol': 1e-15,
 'ksp_error_if_not_converged': False,
 'ksp_max_it': 80,
 'ksp_rtol': 1e-11,
 'ksp_type': 'fgmres',
 'mat_type': 'aij',
 'pc_python_type': 'phmg.Direct_Coarsening_THk_TH2',
 'pc_type': 'python',
 'petscpartitioner_parmetis_debug': 'true',
 'petscpartitioner_type': 'parmetis',
 'pmg': {'mg_levels': {'ksp_chebyshev_esteig': '0,0.25,0,1.1',
                       'ksp_convergence_test': 'skip',
                       'ksp_max_it': 2,
                       'ksp_type': 'chebyshev',
                       'pc_python_type': 'phmg.preconditioners.rlx_params.ASMVankaStarPC',
                       'pc_type': 'python',
                       'pc_vankastar_construct_dim': 0,
                       'pc_vankastar_exclude_subspaces': '1',
                       'pc_vankastar_sub_sub_pc_factor_shift_type': 'nonzero'},
         'pc_mg_type': 'multiplicative'},
 'pmg_mg_coarse': {'ksp_convergence_test': 'skip',
                   'ksp_norm': 'none',
                   'ksp_type': 'preonly',
                   'mg_coarse': {'assembled': {'pc_factor_mat_solver_type': 'mumps',
                                               'pc_type': 'lu'},
                                 'ksp_type': 'preonly',
                                 'pc_python_type': 'firedrake.AssembledPC',
                                 'pc_type': 'python'},
                   'mg_levels': {'ksp_chebyshev_esteig': '0,0.25,0,1.1',
                                 'ksp_convergence_test': 'skip',
                                 'ksp_max_it': 2,
                                 'ksp_type': 'chebyshev',
                                 'pc_python_type': 'phmg.preconditioners.rlx_params.ASMVankaStarPC',
                                 'pc_type': 'python',
                                 'pc_vankastar_construct_dim': 0,
                                 'pc_vankastar_exclude_subspaces': '1',
                                 'pc_vankastar_sub_sub_pc_factor_shift_type': 'nonzero'},
                   'pc_mg_multiplicative_cycles': 1,
                   'pc_type': 'mg'},
 'snes_atol': 1e-10,
 'snes_convergence_test': 'skip',
 'snes_lag_jacobian': -2,
 'snes_lag_preconditioner': -2,
 'snes_max_it': 1,
 'snes_rtol': 1e-10,
 'snes_stol': 1e-10,
 'snes_type': 'ksponly'}
Warm-up run complete.
Warm run complete.
order= 4 nref= 1 baseN(quad=False)=7 | ndofs=  149931 | rel_resid[11]=6.98e-12 | overall_time(s)=3.926e+00 warm_time(s)=8.415e-01
Taylor Hood Problem has been set up
Setting up the solver..
{'ksp_atol': 1e-15,
 'ksp_error_if_not_converged': False,
 'ksp_max_it': 80,
 'ksp_rtol': 1e-11,
 'ksp_type': 'fgmres',
 'mat_type': 'aij',
 'pc_python_type': 'phmg.Direct_Coarsening_THk_TH2',
 'pc_type': 'python',
 'petscpartitioner_parmetis_debug': 'true',
 'petscpartitioner_type': 'parmetis',
 'pmg': {'mg_levels': {'ksp_chebyshev_esteig': '0,0.25,0,1.1',
                       'ksp_convergence_test': 'skip',
                       'ksp_max_it': 2,
                       'ksp_type': 'chebyshev',
                       'pc_python_type': 'phmg.preconditioners.rlx_params.ASMVankaStarPC',
                       'pc_type': 'python',
                       'pc_vankastar_construct_dim': 0,
                       'pc_vankastar_exclude_subspaces': '1',
                       'pc_vankastar_sub_sub_pc_factor_shift_type': 'nonzero'},
         'pc_mg_type': 'multiplicative'},
 'pmg_mg_coarse': {'ksp_convergence_test': 'skip',
                   'ksp_norm': 'none',
                   'ksp_type': 'preonly',
                   'mg_coarse': {'assembled': {'pc_factor_mat_solver_type': 'mumps',
                                               'pc_type': 'lu'},
                                 'ksp_type': 'preonly',
                                 'pc_python_type': 'firedrake.AssembledPC',
                                 'pc_type': 'python'},
                   'mg_levels': {'ksp_chebyshev_esteig': '0,0.25,0,1.1',
                                 'ksp_convergence_test': 'skip',
                                 'ksp_max_it': 2,
                                 'ksp_type': 'chebyshev',
                                 'pc_python_type': 'phmg.preconditioners.rlx_params.ASMVankaStarPC',
                                 'pc_type': 'python',
                                 'pc_vankastar_construct_dim': 0,
                                 'pc_vankastar_exclude_subspaces': '1',
                                 'pc_vankastar_sub_sub_pc_factor_shift_type': 'nonzero'},
                   'pc_mg_multiplicative_cycles': 1,
                   'pc_type': 'mg'},
 'snes_atol': 1e-10,
 'snes_convergence_test': 'skip',
 'snes_lag_jacobian': -2,
 'snes_lag_preconditioner': -2,
 'snes_max_it': 1,
 'snes_rtol': 1e-10,
 'snes_stol': 1e-10,
 'snes_type': 'ksponly'}
Warm-up run complete.
Warm run complete.
order= 4 nref= 2 baseN(quad=False)=7 | ndofs=  596371 | rel_resid[12]=4.95e-12 | overall_time(s)=1.374e+01 warm_time(s)=3.821e+00
Taylor Hood Problem has been set up
Setting up the solver..
{'ksp_atol': 1e-15,
 'ksp_error_if_not_converged': False,
 'ksp_max_it': 80,
 'ksp_rtol': 1e-11,
 'ksp_type': 'fgmres',
 'mat_type': 'aij',
 'pc_python_type': 'phmg.Direct_Coarsening_THk_TH2',
 'pc_type': 'python',
 'petscpartitioner_parmetis_debug': 'true',
 'petscpartitioner_type': 'parmetis',
 'pmg': {'mg_levels': {'ksp_chebyshev_esteig': '0,0.25,0,1.1',
                       'ksp_convergence_test': 'skip',
                       'ksp_max_it': 2,
                       'ksp_type': 'chebyshev',
                       'pc_python_type': 'phmg.preconditioners.rlx_params.ASMVankaStarPC',
                       'pc_type': 'python',
                       'pc_vankastar_construct_dim': 0,
                       'pc_vankastar_exclude_subspaces': '1',
                       'pc_vankastar_sub_sub_pc_factor_shift_type': 'nonzero'},
         'pc_mg_type': 'multiplicative'},
 'pmg_mg_coarse': {'ksp_convergence_test': 'skip',
                   'ksp_norm': 'none',
                   'ksp_type': 'preonly',
                   'mg_coarse': {'assembled': {'pc_factor_mat_solver_type': 'mumps',
                                               'pc_type': 'lu'},
                                 'ksp_type': 'preonly',
                                 'pc_python_type': 'firedrake.AssembledPC',
                                 'pc_type': 'python'},
                   'mg_levels': {'ksp_chebyshev_esteig': '0,0.25,0,1.1',
                                 'ksp_convergence_test': 'skip',
                                 'ksp_max_it': 2,
                                 'ksp_type': 'chebyshev',
                                 'pc_python_type': 'phmg.preconditioners.rlx_params.ASMVankaStarPC',
                                 'pc_type': 'python',
                                 'pc_vankastar_construct_dim': 0,
                                 'pc_vankastar_exclude_subspaces': '1',
                                 'pc_vankastar_sub_sub_pc_factor_shift_type': 'nonzero'},
                   'pc_mg_multiplicative_cycles': 1,
                   'pc_type': 'mg'},
 'snes_atol': 1e-10,
 'snes_convergence_test': 'skip',
 'snes_lag_jacobian': -2,
 'snes_lag_preconditioner': -2,
 'snes_max_it': 1,
 'snes_rtol': 1e-10,
 'snes_stol': 1e-10,
 'snes_type': 'ksponly'}
Warm-up run complete.
Warm run complete.
order= 4 nref= 3 baseN(quad=False)=7 | ndofs= 2378787 | rel_resid[14]=2.94e-12 | overall_time(s)=6.514e+01 warm_time(s)=1.700e+01
Taylor Hood Problem has been set up
Setting up the solver..
{'ksp_atol': 1e-15,
 'ksp_error_if_not_converged': False,
 'ksp_max_it': 80,
 'ksp_rtol': 1e-11,
 'ksp_type': 'fgmres',
 'mat_type': 'aij',
 'pc_python_type': 'phmg.Direct_Coarsening_THk_TH2',
 'pc_type': 'python',
 'petscpartitioner_parmetis_debug': 'true',
 'petscpartitioner_type': 'parmetis',
 'pmg': {'mg_levels': {'ksp_chebyshev_esteig': '0,0.25,0,1.1',
                       'ksp_convergence_test': 'skip',
                       'ksp_max_it': 2,
                       'ksp_type': 'chebyshev',
                       'pc_python_type': 'phmg.preconditioners.rlx_params.ASMVankaStarPC',
                       'pc_type': 'python',
                       'pc_vankastar_construct_dim': 0,
                       'pc_vankastar_exclude_subspaces': '1',
                       'pc_vankastar_sub_sub_pc_factor_shift_type': 'nonzero'},
         'pc_mg_type': 'multiplicative'},
 'pmg_mg_coarse': {'ksp_convergence_test': 'skip',
                   'ksp_norm': 'none',
                   'ksp_type': 'preonly',
                   'mg_coarse': {'assembled': {'pc_factor_mat_solver_type': 'mumps',
                                               'pc_type': 'lu'},
                                 'ksp_type': 'preonly',
                                 'pc_python_type': 'firedrake.AssembledPC',
                                 'pc_type': 'python'},
                   'mg_levels': {'ksp_chebyshev_esteig': '0,0.25,0,1.1',
                                 'ksp_convergence_test': 'skip',
                                 'ksp_max_it': 2,
                                 'ksp_type': 'chebyshev',
                                 'pc_python_type': 'phmg.preconditioners.rlx_params.ASMVankaStarPC',
                                 'pc_type': 'python',
                                 'pc_vankastar_construct_dim': 0,
                                 'pc_vankastar_exclude_subspaces': '1',
                                 'pc_vankastar_sub_sub_pc_factor_shift_type': 'nonzero'},
                   'pc_mg_multiplicative_cycles': 1,
                   'pc_type': 'mg'},
 'snes_atol': 1e-10,
 'snes_convergence_test': 'skip',
 'snes_lag_jacobian': -2,
 'snes_lag_preconditioner': -2,
 'snes_max_it': 1,
 'snes_rtol': 1e-10,
 'snes_stol': 1e-10,
 'snes_type': 'ksponly'}
Warm-up run complete.
Warm run complete.
order= 5 nref= 1 baseN(quad=False)=6 | ndofs=  126533 | rel_resid[12]=5.07e-12 | overall_time(s)=3.898e+00 warm_time(s)=7.924e-01
Taylor Hood Problem has been set up
Setting up the solver..
{'ksp_atol': 1e-15,
 'ksp_error_if_not_converged': False,
 'ksp_max_it': 80,
 'ksp_rtol': 1e-11,
 'ksp_type': 'fgmres',
 'mat_type': 'aij',
 'pc_python_type': 'phmg.Direct_Coarsening_THk_TH2',
 'pc_type': 'python',
 'petscpartitioner_parmetis_debug': 'true',
 'petscpartitioner_type': 'parmetis',
 'pmg': {'mg_levels': {'ksp_chebyshev_esteig': '0,0.25,0,1.1',
                       'ksp_convergence_test': 'skip',
                       'ksp_max_it': 2,
                       'ksp_type': 'chebyshev',
                       'pc_python_type': 'phmg.preconditioners.rlx_params.ASMVankaStarPC',
                       'pc_type': 'python',
                       'pc_vankastar_construct_dim': 0,
                       'pc_vankastar_exclude_subspaces': '1',
                       'pc_vankastar_sub_sub_pc_factor_shift_type': 'nonzero'},
         'pc_mg_type': 'multiplicative'},
 'pmg_mg_coarse': {'ksp_convergence_test': 'skip',
                   'ksp_norm': 'none',
                   'ksp_type': 'preonly',
                   'mg_coarse': {'assembled': {'pc_factor_mat_solver_type': 'mumps',
                                               'pc_type': 'lu'},
                                 'ksp_type': 'preonly',
                                 'pc_python_type': 'firedrake.AssembledPC',
                                 'pc_type': 'python'},
                   'mg_levels': {'ksp_chebyshev_esteig': '0,0.25,0,1.1',
                                 'ksp_convergence_test': 'skip',
                                 'ksp_max_it': 2,
                                 'ksp_type': 'chebyshev',
                                 'pc_python_type': 'phmg.preconditioners.rlx_params.ASMVankaStarPC',
                                 'pc_type': 'python',
                                 'pc_vankastar_construct_dim': 0,
                                 'pc_vankastar_exclude_subspaces': '1',
                                 'pc_vankastar_sub_sub_pc_factor_shift_type': 'nonzero'},
                   'pc_mg_multiplicative_cycles': 1,
                   'pc_type': 'mg'},
 'snes_atol': 1e-10,
 'snes_convergence_test': 'skip',
 'snes_lag_jacobian': -2,
 'snes_lag_preconditioner': -2,
 'snes_max_it': 1,
 'snes_rtol': 1e-10,
 'snes_stol': 1e-10,
 'snes_type': 'ksponly'}
Warm-up run complete.
Warm run complete.
order= 5 nref= 2 baseN(quad=False)=6 | ndofs=  503071 | rel_resid[14]=7.54e-12 | overall_time(s)=1.177e+01 warm_time(s)=3.553e+00
Taylor Hood Problem has been set up
Setting up the solver..
{'ksp_atol': 1e-15,
 'ksp_error_if_not_converged': False,
 'ksp_max_it': 80,
 'ksp_rtol': 1e-11,
 'ksp_type': 'fgmres',
 'mat_type': 'aij',
 'pc_python_type': 'phmg.Direct_Coarsening_THk_TH2',
 'pc_type': 'python',
 'petscpartitioner_parmetis_debug': 'true',
 'petscpartitioner_type': 'parmetis',
 'pmg': {'mg_levels': {'ksp_chebyshev_esteig': '0,0.25,0,1.1',
                       'ksp_convergence_test': 'skip',
                       'ksp_max_it': 2,
                       'ksp_type': 'chebyshev',
                       'pc_python_type': 'phmg.preconditioners.rlx_params.ASMVankaStarPC',
                       'pc_type': 'python',
                       'pc_vankastar_construct_dim': 0,
                       'pc_vankastar_exclude_subspaces': '1',
                       'pc_vankastar_sub_sub_pc_factor_shift_type': 'nonzero'},
         'pc_mg_type': 'multiplicative'},
 'pmg_mg_coarse': {'ksp_convergence_test': 'skip',
                   'ksp_norm': 'none',
                   'ksp_type': 'preonly',
                   'mg_coarse': {'assembled': {'pc_factor_mat_solver_type': 'mumps',
                                               'pc_type': 'lu'},
                                 'ksp_type': 'preonly',
                                 'pc_python_type': 'firedrake.AssembledPC',
                                 'pc_type': 'python'},
                   'mg_levels': {'ksp_chebyshev_esteig': '0,0.25,0,1.1',
                                 'ksp_convergence_test': 'skip',
                                 'ksp_max_it': 2,
                                 'ksp_type': 'chebyshev',
                                 'pc_python_type': 'phmg.preconditioners.rlx_params.ASMVankaStarPC',
                                 'pc_type': 'python',
                                 'pc_vankastar_construct_dim': 0,
                                 'pc_vankastar_exclude_subspaces': '1',
                                 'pc_vankastar_sub_sub_pc_factor_shift_type': 'nonzero'},
                   'pc_mg_multiplicative_cycles': 1,
                   'pc_type': 'mg'},
 'snes_atol': 1e-10,
 'snes_convergence_test': 'skip',
 'snes_lag_jacobian': -2,
 'snes_lag_preconditioner': -2,
 'snes_max_it': 1,
 'snes_rtol': 1e-10,
 'snes_stol': 1e-10,
 'snes_type': 'ksponly'}
Warm-up run complete.
Warm run complete.
order= 5 nref= 3 baseN(quad=False)=6 | ndofs= 2006171 | rel_resid[17]=4.28e-12 | overall_time(s)=5.279e+01 warm_time(s)=1.613e+01
Taylor Hood Problem has been set up
Setting up the solver..
{'ksp_atol': 1e-15,
 'ksp_error_if_not_converged': False,
 'ksp_max_it': 80,
 'ksp_rtol': 1e-11,
 'ksp_type': 'fgmres',
 'mat_type': 'aij',
 'pc_python_type': 'phmg.Direct_Coarsening_THk_TH2',
 'pc_type': 'python',
 'petscpartitioner_parmetis_debug': 'true',
 'petscpartitioner_type': 'parmetis',
 'pmg': {'mg_levels': {'ksp_chebyshev_esteig': '0,0.25,0,1.1',
                       'ksp_convergence_test': 'skip',
                       'ksp_max_it': 2,
                       'ksp_type': 'chebyshev',
                       'pc_python_type': 'phmg.preconditioners.rlx_params.ASMVankaStarPC',
                       'pc_type': 'python',
                       'pc_vankastar_construct_dim': 0,
                       'pc_vankastar_exclude_subspaces': '1',
                       'pc_vankastar_sub_sub_pc_factor_shift_type': 'nonzero'},
         'pc_mg_type': 'multiplicative'},
 'pmg_mg_coarse': {'ksp_convergence_test': 'skip',
                   'ksp_norm': 'none',
                   'ksp_type': 'preonly',
                   'mg_coarse': {'assembled': {'pc_factor_mat_solver_type': 'mumps',
                                               'pc_type': 'lu'},
                                 'ksp_type': 'preonly',
                                 'pc_python_type': 'firedrake.AssembledPC',
                                 'pc_type': 'python'},
                   'mg_levels': {'ksp_chebyshev_esteig': '0,0.25,0,1.1',
                                 'ksp_convergence_test': 'skip',
                                 'ksp_max_it': 2,
                                 'ksp_type': 'chebyshev',
                                 'pc_python_type': 'phmg.preconditioners.rlx_params.ASMVankaStarPC',
                                 'pc_type': 'python',
                                 'pc_vankastar_construct_dim': 0,
                                 'pc_vankastar_exclude_subspaces': '1',
                                 'pc_vankastar_sub_sub_pc_factor_shift_type': 'nonzero'},
                   'pc_mg_multiplicative_cycles': 1,
                   'pc_type': 'mg'},
 'snes_atol': 1e-10,
 'snes_convergence_test': 'skip',
 'snes_lag_jacobian': -2,
 'snes_lag_preconditioner': -2,
 'snes_max_it': 1,
 'snes_rtol': 1e-10,
 'snes_stol': 1e-10,
 'snes_type': 'ksponly'}
Warm-up run complete.
Warm run complete.
order= 6 nref= 1 baseN(quad=False)=6 | ndofs=  185574 | rel_resid[12]=4.20e-12 | overall_time(s)=5.663e+00 warm_time(s)=1.197e+00
Taylor Hood Problem has been set up
Setting up the solver..
{'ksp_atol': 1e-15,
 'ksp_error_if_not_converged': False,
 'ksp_max_it': 80,
 'ksp_rtol': 1e-11,
 'ksp_type': 'fgmres',
 'mat_type': 'aij',
 'pc_python_type': 'phmg.Direct_Coarsening_THk_TH2',
 'pc_type': 'python',
 'petscpartitioner_parmetis_debug': 'true',
 'petscpartitioner_type': 'parmetis',
 'pmg': {'mg_levels': {'ksp_chebyshev_esteig': '0,0.25,0,1.1',
                       'ksp_convergence_test': 'skip',
                       'ksp_max_it': 2,
                       'ksp_type': 'chebyshev',
                       'pc_python_type': 'phmg.preconditioners.rlx_params.ASMVankaStarPC',
                       'pc_type': 'python',
                       'pc_vankastar_construct_dim': 0,
                       'pc_vankastar_exclude_subspaces': '1',
                       'pc_vankastar_sub_sub_pc_factor_shift_type': 'nonzero'},
         'pc_mg_type': 'multiplicative'},
 'pmg_mg_coarse': {'ksp_convergence_test': 'skip',
                   'ksp_norm': 'none',
                   'ksp_type': 'preonly',
                   'mg_coarse': {'assembled': {'pc_factor_mat_solver_type': 'mumps',
                                               'pc_type': 'lu'},
                                 'ksp_type': 'preonly',
                                 'pc_python_type': 'firedrake.AssembledPC',
                                 'pc_type': 'python'},
                   'mg_levels': {'ksp_chebyshev_esteig': '0,0.25,0,1.1',
                                 'ksp_convergence_test': 'skip',
                                 'ksp_max_it': 2,
                                 'ksp_type': 'chebyshev',
                                 'pc_python_type': 'phmg.preconditioners.rlx_params.ASMVankaStarPC',
                                 'pc_type': 'python',
                                 'pc_vankastar_construct_dim': 0,
                                 'pc_vankastar_exclude_subspaces': '1',
                                 'pc_vankastar_sub_sub_pc_factor_shift_type': 'nonzero'},
                   'pc_mg_multiplicative_cycles': 1,
                   'pc_type': 'mg'},
 'snes_atol': 1e-10,
 'snes_convergence_test': 'skip',
 'snes_lag_jacobian': -2,
 'snes_lag_preconditioner': -2,
 'snes_max_it': 1,
 'snes_rtol': 1e-10,
 'snes_stol': 1e-10,
 'snes_type': 'ksponly'}
Warm-up run complete.
Warm run complete.
order= 6 nref= 2 baseN(quad=False)=6 | ndofs=  738581 | rel_resid[14]=6.26e-12 | overall_time(s)=1.741e+01 warm_time(s)=5.236e+00
Taylor Hood Problem has been set up
Setting up the solver..
{'ksp_atol': 1e-15,
 'ksp_error_if_not_converged': False,
 'ksp_max_it': 80,
 'ksp_rtol': 1e-11,
 'ksp_type': 'fgmres',
 'mat_type': 'aij',
 'pc_python_type': 'phmg.Direct_Coarsening_THk_TH2',
 'pc_type': 'python',
 'petscpartitioner_parmetis_debug': 'true',
 'petscpartitioner_type': 'parmetis',
 'pmg': {'mg_levels': {'ksp_chebyshev_esteig': '0,0.25,0,1.1',
                       'ksp_convergence_test': 'skip',
                       'ksp_max_it': 2,
                       'ksp_type': 'chebyshev',
                       'pc_python_type': 'phmg.preconditioners.rlx_params.ASMVankaStarPC',
                       'pc_type': 'python',
                       'pc_vankastar_construct_dim': 0,
                       'pc_vankastar_exclude_subspaces': '1',
                       'pc_vankastar_sub_sub_pc_factor_shift_type': 'nonzero'},
         'pc_mg_type': 'multiplicative'},
 'pmg_mg_coarse': {'ksp_convergence_test': 'skip',
                   'ksp_norm': 'none',
                   'ksp_type': 'preonly',
                   'mg_coarse': {'assembled': {'pc_factor_mat_solver_type': 'mumps',
                                               'pc_type': 'lu'},
                                 'ksp_type': 'preonly',
                                 'pc_python_type': 'firedrake.AssembledPC',
                                 'pc_type': 'python'},
                   'mg_levels': {'ksp_chebyshev_esteig': '0,0.25,0,1.1',
                                 'ksp_convergence_test': 'skip',
                                 'ksp_max_it': 2,
                                 'ksp_type': 'chebyshev',
                                 'pc_python_type': 'phmg.preconditioners.rlx_params.ASMVankaStarPC',
                                 'pc_type': 'python',
                                 'pc_vankastar_construct_dim': 0,
                                 'pc_vankastar_exclude_subspaces': '1',
                                 'pc_vankastar_sub_sub_pc_factor_shift_type': 'nonzero'},
                   'pc_mg_multiplicative_cycles': 1,
                   'pc_type': 'mg'},
 'snes_atol': 1e-10,
 'snes_convergence_test': 'skip',
 'snes_lag_jacobian': -2,
 'snes_lag_preconditioner': -2,
 'snes_max_it': 1,
 'snes_rtol': 1e-10,
 'snes_stol': 1e-10,
 'snes_type': 'ksponly'}
Warm-up run complete.
Warm run complete.
order= 6 nref= 3 baseN(quad=False)=6 | ndofs= 2946903 | rel_resid[16]=5.06e-12 | overall_time(s)=7.651e+01 warm_time(s)=2.280e+01
Taylor Hood Problem has been set up
Setting up the solver..
{'ksp_atol': 1e-15,
 'ksp_error_if_not_converged': False,
 'ksp_max_it': 80,
 'ksp_rtol': 1e-11,
 'ksp_type': 'fgmres',
 'mat_type': 'aij',
 'pc_python_type': 'phmg.Direct_Coarsening_THk_TH2',
 'pc_type': 'python',
 'petscpartitioner_parmetis_debug': 'true',
 'petscpartitioner_type': 'parmetis',
 'pmg': {'mg_levels': {'ksp_chebyshev_esteig': '0,0.25,0,1.1',
                       'ksp_convergence_test': 'skip',
                       'ksp_max_it': 2,
                       'ksp_type': 'chebyshev',
                       'pc_python_type': 'phmg.preconditioners.rlx_params.ASMVankaStarPC',
                       'pc_type': 'python',
                       'pc_vankastar_construct_dim': 0,
                       'pc_vankastar_exclude_subspaces': '1',
                       'pc_vankastar_sub_sub_pc_factor_shift_type': 'nonzero'},
         'pc_mg_type': 'multiplicative'},
 'pmg_mg_coarse': {'ksp_convergence_test': 'skip',
                   'ksp_norm': 'none',
                   'ksp_type': 'preonly',
                   'mg_coarse': {'assembled': {'pc_factor_mat_solver_type': 'mumps',
                                               'pc_type': 'lu'},
                                 'ksp_type': 'preonly',
                                 'pc_python_type': 'firedrake.AssembledPC',
                                 'pc_type': 'python'},
                   'mg_levels': {'ksp_chebyshev_esteig': '0,0.25,0,1.1',
                                 'ksp_convergence_test': 'skip',
                                 'ksp_max_it': 2,
                                 'ksp_type': 'chebyshev',
                                 'pc_python_type': 'phmg.preconditioners.rlx_params.ASMVankaStarPC',
                                 'pc_type': 'python',
                                 'pc_vankastar_construct_dim': 0,
                                 'pc_vankastar_exclude_subspaces': '1',
                                 'pc_vankastar_sub_sub_pc_factor_shift_type': 'nonzero'},
                   'pc_mg_multiplicative_cycles': 1,
                   'pc_type': 'mg'},
 'snes_atol': 1e-10,
 'snes_convergence_test': 'skip',
 'snes_lag_jacobian': -2,
 'snes_lag_preconditioner': -2,
 'snes_max_it': 1,
 'snes_rtol': 1e-10,
 'snes_stol': 1e-10,
 'snes_type': 'ksponly'}
Warm-up run complete.
Warm run complete.
order= 7 nref= 1 baseN(quad=False)=5 | ndofs=  137747 | rel_resid[13]=6.75e-12 | overall_time(s)=5.216e+00 warm_time(s)=1.044e+00
Taylor Hood Problem has been set up
Setting up the solver..
{'ksp_atol': 1e-15,
 'ksp_error_if_not_converged': False,
 'ksp_max_it': 80,
 'ksp_rtol': 1e-11,
 'ksp_type': 'fgmres',
 'mat_type': 'aij',
 'pc_python_type': 'phmg.Direct_Coarsening_THk_TH2',
 'pc_type': 'python',
 'petscpartitioner_parmetis_debug': 'true',
 'petscpartitioner_type': 'parmetis',
 'pmg': {'mg_levels': {'ksp_chebyshev_esteig': '0,0.25,0,1.1',
                       'ksp_convergence_test': 'skip',
                       'ksp_max_it': 2,
                       'ksp_type': 'chebyshev',
                       'pc_python_type': 'phmg.preconditioners.rlx_params.ASMVankaStarPC',
                       'pc_type': 'python',
                       'pc_vankastar_construct_dim': 0,
                       'pc_vankastar_exclude_subspaces': '1',
                       'pc_vankastar_sub_sub_pc_factor_shift_type': 'nonzero'},
         'pc_mg_type': 'multiplicative'},
 'pmg_mg_coarse': {'ksp_convergence_test': 'skip',
                   'ksp_norm': 'none',
                   'ksp_type': 'preonly',
                   'mg_coarse': {'assembled': {'pc_factor_mat_solver_type': 'mumps',
                                               'pc_type': 'lu'},
                                 'ksp_type': 'preonly',
                                 'pc_python_type': 'firedrake.AssembledPC',
                                 'pc_type': 'python'},
                   'mg_levels': {'ksp_chebyshev_esteig': '0,0.25,0,1.1',
                                 'ksp_convergence_test': 'skip',
                                 'ksp_max_it': 2,
                                 'ksp_type': 'chebyshev',
                                 'pc_python_type': 'phmg.preconditioners.rlx_params.ASMVankaStarPC',
                                 'pc_type': 'python',
                                 'pc_vankastar_construct_dim': 0,
                                 'pc_vankastar_exclude_subspaces': '1',
                                 'pc_vankastar_sub_sub_pc_factor_shift_type': 'nonzero'},
                   'pc_mg_multiplicative_cycles': 1,
                   'pc_type': 'mg'},
 'snes_atol': 1e-10,
 'snes_convergence_test': 'skip',
 'snes_lag_jacobian': -2,
 'snes_lag_preconditioner': -2,
 'snes_max_it': 1,
 'snes_rtol': 1e-10,
 'snes_stol': 1e-10,
 'snes_type': 'ksponly'}
Warm-up run complete.
Warm run complete.
order= 7 nref= 2 baseN(quad=False)=5 | ndofs=  547779 | rel_resid[16]=6.10e-12 | overall_time(s)=1.595e+01 warm_time(s)=4.857e+00
Taylor Hood Problem has been set up
Setting up the solver..
{'ksp_atol': 1e-15,
 'ksp_error_if_not_converged': False,
 'ksp_max_it': 80,
 'ksp_rtol': 1e-11,
 'ksp_type': 'fgmres',
 'mat_type': 'aij',
 'pc_python_type': 'phmg.Direct_Coarsening_THk_TH2',
 'pc_type': 'python',
 'petscpartitioner_parmetis_debug': 'true',
 'petscpartitioner_type': 'parmetis',
 'pmg': {'mg_levels': {'ksp_chebyshev_esteig': '0,0.25,0,1.1',
                       'ksp_convergence_test': 'skip',
                       'ksp_max_it': 2,
                       'ksp_type': 'chebyshev',
                       'pc_python_type': 'phmg.preconditioners.rlx_params.ASMVankaStarPC',
                       'pc_type': 'python',
                       'pc_vankastar_construct_dim': 0,
                       'pc_vankastar_exclude_subspaces': '1',
                       'pc_vankastar_sub_sub_pc_factor_shift_type': 'nonzero'},
         'pc_mg_type': 'multiplicative'},
 'pmg_mg_coarse': {'ksp_convergence_test': 'skip',
                   'ksp_norm': 'none',
                   'ksp_type': 'preonly',
                   'mg_coarse': {'assembled': {'pc_factor_mat_solver_type': 'mumps',
                                               'pc_type': 'lu'},
                                 'ksp_type': 'preonly',
                                 'pc_python_type': 'firedrake.AssembledPC',
                                 'pc_type': 'python'},
                   'mg_levels': {'ksp_chebyshev_esteig': '0,0.25,0,1.1',
                                 'ksp_convergence_test': 'skip',
                                 'ksp_max_it': 2,
                                 'ksp_type': 'chebyshev',
                                 'pc_python_type': 'phmg.preconditioners.rlx_params.ASMVankaStarPC',
                                 'pc_type': 'python',
                                 'pc_vankastar_construct_dim': 0,
                                 'pc_vankastar_exclude_subspaces': '1',
                                 'pc_vankastar_sub_sub_pc_factor_shift_type': 'nonzero'},
                   'pc_mg_multiplicative_cycles': 1,
                   'pc_type': 'mg'},
 'snes_atol': 1e-10,
 'snes_convergence_test': 'skip',
 'snes_lag_jacobian': -2,
 'snes_lag_preconditioner': -2,
 'snes_max_it': 1,
 'snes_rtol': 1e-10,
 'snes_stol': 1e-10,
 'snes_type': 'ksponly'}
Warm-up run complete.
Warm run complete.
order= 7 nref= 3 baseN(quad=False)=5 | ndofs= 2184707 | rel_resid[19]=8.16e-12 | overall_time(s)=1.016e+02 warm_time(s)=2.185e+01
Taylor Hood Problem has been set up
Setting up the solver..
{'ksp_atol': 1e-15,
 'ksp_error_if_not_converged': False,
 'ksp_max_it': 80,
 'ksp_rtol': 1e-11,
 'ksp_type': 'fgmres',
 'mat_type': 'aij',
 'pc_python_type': 'phmg.Direct_Coarsening_THk_TH2',
 'pc_type': 'python',
 'petscpartitioner_parmetis_debug': 'true',
 'petscpartitioner_type': 'parmetis',
 'pmg': {'mg_levels': {'ksp_chebyshev_esteig': '0,0.25,0,1.1',
                       'ksp_convergence_test': 'skip',
                       'ksp_max_it': 2,
                       'ksp_type': 'chebyshev',
                       'pc_python_type': 'phmg.preconditioners.rlx_params.ASMVankaStarPC',
                       'pc_type': 'python',
                       'pc_vankastar_construct_dim': 0,
                       'pc_vankastar_exclude_subspaces': '1',
                       'pc_vankastar_sub_sub_pc_factor_shift_type': 'nonzero'},
         'pc_mg_type': 'multiplicative'},
 'pmg_mg_coarse': {'ksp_convergence_test': 'skip',
                   'ksp_norm': 'none',
                   'ksp_type': 'preonly',
                   'mg_coarse': {'assembled': {'pc_factor_mat_solver_type': 'mumps',
                                               'pc_type': 'lu'},
                                 'ksp_type': 'preonly',
                                 'pc_python_type': 'firedrake.AssembledPC',
                                 'pc_type': 'python'},
                   'mg_levels': {'ksp_chebyshev_esteig': '0,0.25,0,1.1',
                                 'ksp_convergence_test': 'skip',
                                 'ksp_max_it': 2,
                                 'ksp_type': 'chebyshev',
                                 'pc_python_type': 'phmg.preconditioners.rlx_params.ASMVankaStarPC',
                                 'pc_type': 'python',
                                 'pc_vankastar_construct_dim': 0,
                                 'pc_vankastar_exclude_subspaces': '1',
                                 'pc_vankastar_sub_sub_pc_factor_shift_type': 'nonzero'},
                   'pc_mg_multiplicative_cycles': 1,
                   'pc_type': 'mg'},
 'snes_atol': 1e-10,
 'snes_convergence_test': 'skip',
 'snes_lag_jacobian': -2,
 'snes_lag_preconditioner': -2,
 'snes_max_it': 1,
 'snes_rtol': 1e-10,
 'snes_stol': 1e-10,
 'snes_type': 'ksponly'}
Warm-up run complete.
Warm run complete.
order= 8 nref= 1 baseN(quad=False)=4 | ndofs=   99749 | rel_resid[13]=9.97e-12 | overall_time(s)=4.639e+00 warm_time(s)=1.010e+00
Taylor Hood Problem has been set up
Setting up the solver..
{'ksp_atol': 1e-15,
 'ksp_error_if_not_converged': False,
 'ksp_max_it': 80,
 'ksp_rtol': 1e-11,
 'ksp_type': 'fgmres',
 'mat_type': 'aij',
 'pc_python_type': 'phmg.Direct_Coarsening_THk_TH2',
 'pc_type': 'python',
 'petscpartitioner_parmetis_debug': 'true',
 'petscpartitioner_type': 'parmetis',
 'pmg': {'mg_levels': {'ksp_chebyshev_esteig': '0,0.25,0,1.1',
                       'ksp_convergence_test': 'skip',
                       'ksp_max_it': 2,
                       'ksp_type': 'chebyshev',
                       'pc_python_type': 'phmg.preconditioners.rlx_params.ASMVankaStarPC',
                       'pc_type': 'python',
                       'pc_vankastar_construct_dim': 0,
                       'pc_vankastar_exclude_subspaces': '1',
                       'pc_vankastar_sub_sub_pc_factor_shift_type': 'nonzero'},
         'pc_mg_type': 'multiplicative'},
 'pmg_mg_coarse': {'ksp_convergence_test': 'skip',
                   'ksp_norm': 'none',
                   'ksp_type': 'preonly',
                   'mg_coarse': {'assembled': {'pc_factor_mat_solver_type': 'mumps',
                                               'pc_type': 'lu'},
                                 'ksp_type': 'preonly',
                                 'pc_python_type': 'firedrake.AssembledPC',
                                 'pc_type': 'python'},
                   'mg_levels': {'ksp_chebyshev_esteig': '0,0.25,0,1.1',
                                 'ksp_convergence_test': 'skip',
                                 'ksp_max_it': 2,
                                 'ksp_type': 'chebyshev',
                                 'pc_python_type': 'phmg.preconditioners.rlx_params.ASMVankaStarPC',
                                 'pc_type': 'python',
                                 'pc_vankastar_construct_dim': 0,
                                 'pc_vankastar_exclude_subspaces': '1',
                                 'pc_vankastar_sub_sub_pc_factor_shift_type': 'nonzero'},
                   'pc_mg_multiplicative_cycles': 1,
                   'pc_type': 'mg'},
 'snes_atol': 1e-10,
 'snes_convergence_test': 'skip',
 'snes_lag_jacobian': -2,
 'snes_lag_preconditioner': -2,
 'snes_max_it': 1,
 'snes_rtol': 1e-10,
 'snes_stol': 1e-10,
 'snes_type': 'ksponly'}
Warm-up run complete.
Warm run complete.
order= 8 nref= 2 baseN(quad=False)=4 | ndofs=  396319 | rel_resid[18]=4.39e-12 | overall_time(s)=1.444e+01 warm_time(s)=4.486e+00
Taylor Hood Problem has been set up
Setting up the solver..
{'ksp_atol': 1e-15,
 'ksp_error_if_not_converged': False,
 'ksp_max_it': 80,
 'ksp_rtol': 1e-11,
 'ksp_type': 'fgmres',
 'mat_type': 'aij',
 'pc_python_type': 'phmg.Direct_Coarsening_THk_TH2',
 'pc_type': 'python',
 'petscpartitioner_parmetis_debug': 'true',
 'petscpartitioner_type': 'parmetis',
 'pmg': {'mg_levels': {'ksp_chebyshev_esteig': '0,0.25,0,1.1',
                       'ksp_convergence_test': 'skip',
                       'ksp_max_it': 2,
                       'ksp_type': 'chebyshev',
                       'pc_python_type': 'phmg.preconditioners.rlx_params.ASMVankaStarPC',
                       'pc_type': 'python',
                       'pc_vankastar_construct_dim': 0,
                       'pc_vankastar_exclude_subspaces': '1',
                       'pc_vankastar_sub_sub_pc_factor_shift_type': 'nonzero'},
         'pc_mg_type': 'multiplicative'},
 'pmg_mg_coarse': {'ksp_convergence_test': 'skip',
                   'ksp_norm': 'none',
                   'ksp_type': 'preonly',
                   'mg_coarse': {'assembled': {'pc_factor_mat_solver_type': 'mumps',
                                               'pc_type': 'lu'},
                                 'ksp_type': 'preonly',
                                 'pc_python_type': 'firedrake.AssembledPC',
                                 'pc_type': 'python'},
                   'mg_levels': {'ksp_chebyshev_esteig': '0,0.25,0,1.1',
                                 'ksp_convergence_test': 'skip',
                                 'ksp_max_it': 2,
                                 'ksp_type': 'chebyshev',
                                 'pc_python_type': 'phmg.preconditioners.rlx_params.ASMVankaStarPC',
                                 'pc_type': 'python',
                                 'pc_vankastar_construct_dim': 0,
                                 'pc_vankastar_exclude_subspaces': '1',
                                 'pc_vankastar_sub_sub_pc_factor_shift_type': 'nonzero'},
                   'pc_mg_multiplicative_cycles': 1,
                   'pc_type': 'mg'},
 'snes_atol': 1e-10,
 'snes_convergence_test': 'skip',
 'snes_lag_jacobian': -2,
 'snes_lag_preconditioner': -2,
 'snes_max_it': 1,
 'snes_rtol': 1e-10,
 'snes_stol': 1e-10,
 'snes_type': 'ksponly'}
Warm-up run complete.
Warm run complete.
order= 8 nref= 3 baseN(quad=False)=4 | ndofs= 1579931 | rel_resid[21]=7.05e-12 | overall_time(s)=6.000e+01 warm_time(s)=2.023e+01
Taylor Hood Problem has been set up
Setting up the solver..
{'ksp_atol': 1e-15,
 'ksp_error_if_not_converged': False,
 'ksp_max_it': 80,
 'ksp_rtol': 1e-11,
 'ksp_type': 'fgmres',
 'mat_type': 'aij',
 'pc_python_type': 'phmg.Direct_Coarsening_THk_TH2',
 'pc_type': 'python',
 'petscpartitioner_parmetis_debug': 'true',
 'petscpartitioner_type': 'parmetis',
 'pmg': {'mg_levels': {'ksp_chebyshev_esteig': '0,0.25,0,1.1',
                       'ksp_convergence_test': 'skip',
                       'ksp_max_it': 2,
                       'ksp_type': 'chebyshev',
                       'pc_python_type': 'phmg.preconditioners.rlx_params.ASMVankaStarPC',
                       'pc_type': 'python',
                       'pc_vankastar_construct_dim': 0,
                       'pc_vankastar_exclude_subspaces': '1',
                       'pc_vankastar_sub_sub_pc_factor_shift_type': 'nonzero'},
         'pc_mg_type': 'multiplicative'},
 'pmg_mg_coarse': {'ksp_convergence_test': 'skip',
                   'ksp_norm': 'none',
                   'ksp_type': 'preonly',
                   'mg_coarse': {'assembled': {'pc_factor_mat_solver_type': 'mumps',
                                               'pc_type': 'lu'},
                                 'ksp_type': 'preonly',
                                 'pc_python_type': 'firedrake.AssembledPC',
                                 'pc_type': 'python'},
                   'mg_levels': {'ksp_chebyshev_esteig': '0,0.25,0,1.1',
                                 'ksp_convergence_test': 'skip',
                                 'ksp_max_it': 2,
                                 'ksp_type': 'chebyshev',
                                 'pc_python_type': 'phmg.preconditioners.rlx_params.ASMVankaStarPC',
                                 'pc_type': 'python',
                                 'pc_vankastar_construct_dim': 0,
                                 'pc_vankastar_exclude_subspaces': '1',
                                 'pc_vankastar_sub_sub_pc_factor_shift_type': 'nonzero'},
                   'pc_mg_multiplicative_cycles': 1,
                   'pc_type': 'mg'},
 'snes_atol': 1e-10,
 'snes_convergence_test': 'skip',
 'snes_lag_jacobian': -2,
 'snes_lag_preconditioner': -2,
 'snes_max_it': 1,
 'snes_rtol': 1e-10,
 'snes_stol': 1e-10,
 'snes_type': 'ksponly'}
Warm-up run complete.
Warm run complete.
order= 9 nref= 1 baseN(quad=False)=3 | ndofs=   65279 | rel_resid[16]=1.94e-12 | overall_time(s)=5.523e+00 warm_time(s)=8.876e-01
Taylor Hood Problem has been set up
Setting up the solver..
{'ksp_atol': 1e-15,
 'ksp_error_if_not_converged': False,
 'ksp_max_it': 80,
 'ksp_rtol': 1e-11,
 'ksp_type': 'fgmres',
 'mat_type': 'aij',
 'pc_python_type': 'phmg.Direct_Coarsening_THk_TH2',
 'pc_type': 'python',
 'petscpartitioner_parmetis_debug': 'true',
 'petscpartitioner_type': 'parmetis',
 'pmg': {'mg_levels': {'ksp_chebyshev_esteig': '0,0.25,0,1.1',
                       'ksp_convergence_test': 'skip',
                       'ksp_max_it': 2,
                       'ksp_type': 'chebyshev',
                       'pc_python_type': 'phmg.preconditioners.rlx_params.ASMVankaStarPC',
                       'pc_type': 'python',
                       'pc_vankastar_construct_dim': 0,
                       'pc_vankastar_exclude_subspaces': '1',
                       'pc_vankastar_sub_sub_pc_factor_shift_type': 'nonzero'},
         'pc_mg_type': 'multiplicative'},
 'pmg_mg_coarse': {'ksp_convergence_test': 'skip',
                   'ksp_norm': 'none',
                   'ksp_type': 'preonly',
                   'mg_coarse': {'assembled': {'pc_factor_mat_solver_type': 'mumps',
                                               'pc_type': 'lu'},
                                 'ksp_type': 'preonly',
                                 'pc_python_type': 'firedrake.AssembledPC',
                                 'pc_type': 'python'},
                   'mg_levels': {'ksp_chebyshev_esteig': '0,0.25,0,1.1',
                                 'ksp_convergence_test': 'skip',
                                 'ksp_max_it': 2,
                                 'ksp_type': 'chebyshev',
                                 'pc_python_type': 'phmg.preconditioners.rlx_params.ASMVankaStarPC',
                                 'pc_type': 'python',
                                 'pc_vankastar_construct_dim': 0,
                                 'pc_vankastar_exclude_subspaces': '1',
                                 'pc_vankastar_sub_sub_pc_factor_shift_type': 'nonzero'},
                   'pc_mg_multiplicative_cycles': 1,
                   'pc_type': 'mg'},
 'snes_atol': 1e-10,
 'snes_convergence_test': 'skip',
 'snes_lag_jacobian': -2,
 'snes_lag_preconditioner': -2,
 'snes_max_it': 1,
 'snes_rtol': 1e-10,
 'snes_stol': 1e-10,
 'snes_type': 'ksponly'}
Warm-up run complete.
Warm run complete.
order= 9 nref= 2 baseN(quad=False)=3 | ndofs=  258923 | rel_resid[26]=9.33e-12 | overall_time(s)=1.479e+01 warm_time(s)=4.990e+00
Taylor Hood Problem has been set up
Setting up the solver..
{'ksp_atol': 1e-15,
 'ksp_error_if_not_converged': False,
 'ksp_max_it': 80,
 'ksp_rtol': 1e-11,
 'ksp_type': 'fgmres',
 'mat_type': 'aij',
 'pc_python_type': 'phmg.Direct_Coarsening_THk_TH2',
 'pc_type': 'python',
 'petscpartitioner_parmetis_debug': 'true',
 'petscpartitioner_type': 'parmetis',
 'pmg': {'mg_levels': {'ksp_chebyshev_esteig': '0,0.25,0,1.1',
                       'ksp_convergence_test': 'skip',
                       'ksp_max_it': 2,
                       'ksp_type': 'chebyshev',
                       'pc_python_type': 'phmg.preconditioners.rlx_params.ASMVankaStarPC',
                       'pc_type': 'python',
                       'pc_vankastar_construct_dim': 0,
                       'pc_vankastar_exclude_subspaces': '1',
                       'pc_vankastar_sub_sub_pc_factor_shift_type': 'nonzero'},
         'pc_mg_type': 'multiplicative'},
 'pmg_mg_coarse': {'ksp_convergence_test': 'skip',
                   'ksp_norm': 'none',
                   'ksp_type': 'preonly',
                   'mg_coarse': {'assembled': {'pc_factor_mat_solver_type': 'mumps',
                                               'pc_type': 'lu'},
                                 'ksp_type': 'preonly',
                                 'pc_python_type': 'firedrake.AssembledPC',
                                 'pc_type': 'python'},
                   'mg_levels': {'ksp_chebyshev_esteig': '0,0.25,0,1.1',
                                 'ksp_convergence_test': 'skip',
                                 'ksp_max_it': 2,
                                 'ksp_type': 'chebyshev',
                                 'pc_python_type': 'phmg.preconditioners.rlx_params.ASMVankaStarPC',
                                 'pc_type': 'python',
                                 'pc_vankastar_construct_dim': 0,
                                 'pc_vankastar_exclude_subspaces': '1',
                                 'pc_vankastar_sub_sub_pc_factor_shift_type': 'nonzero'},
                   'pc_mg_multiplicative_cycles': 1,
                   'pc_type': 'mg'},
 'snes_atol': 1e-10,
 'snes_convergence_test': 'skip',
 'snes_lag_jacobian': -2,
 'snes_lag_preconditioner': -2,
 'snes_max_it': 1,
 'snes_rtol': 1e-10,
 'snes_stol': 1e-10,
 'snes_type': 'ksponly'}
Warm-up run complete.
Warm run complete.
order= 9 nref= 3 baseN(quad=False)=3 | ndofs= 1031315 | rel_resid[39]=7.15e-12 | overall_time(s)=7.193e+01 warm_time(s)=2.785e+01
Taylor Hood Problem has been set up
Setting up the solver..
{'ksp_atol': 1e-15,
 'ksp_error_if_not_converged': False,
 'ksp_max_it': 80,
 'ksp_rtol': 1e-11,
 'ksp_type': 'fgmres',
 'mat_type': 'aij',
 'pc_python_type': 'phmg.Direct_Coarsening_THk_TH2',
 'pc_type': 'python',
 'petscpartitioner_parmetis_debug': 'true',
 'petscpartitioner_type': 'parmetis',
 'pmg': {'mg_levels': {'ksp_chebyshev_esteig': '0,0.25,0,1.1',
                       'ksp_convergence_test': 'skip',
                       'ksp_max_it': 2,
                       'ksp_type': 'chebyshev',
                       'pc_python_type': 'phmg.preconditioners.rlx_params.ASMVankaStarPC',
                       'pc_type': 'python',
                       'pc_vankastar_construct_dim': 0,
                       'pc_vankastar_exclude_subspaces': '1',
                       'pc_vankastar_sub_sub_pc_factor_shift_type': 'nonzero'},
         'pc_mg_type': 'multiplicative'},
 'pmg_mg_coarse': {'ksp_convergence_test': 'skip',
                   'ksp_norm': 'none',
                   'ksp_type': 'preonly',
                   'mg_coarse': {'assembled': {'pc_factor_mat_solver_type': 'mumps',
                                               'pc_type': 'lu'},
                                 'ksp_type': 'preonly',
                                 'pc_python_type': 'firedrake.AssembledPC',
                                 'pc_type': 'python'},
                   'mg_levels': {'ksp_chebyshev_esteig': '0,0.25,0,1.1',
                                 'ksp_convergence_test': 'skip',
                                 'ksp_max_it': 2,
                                 'ksp_type': 'chebyshev',
                                 'pc_python_type': 'phmg.preconditioners.rlx_params.ASMVankaStarPC',
                                 'pc_type': 'python',
                                 'pc_vankastar_construct_dim': 0,
                                 'pc_vankastar_exclude_subspaces': '1',
                                 'pc_vankastar_sub_sub_pc_factor_shift_type': 'nonzero'},
                   'pc_mg_multiplicative_cycles': 1,
                   'pc_type': 'mg'},
 'snes_atol': 1e-10,
 'snes_convergence_test': 'skip',
 'snes_lag_jacobian': -2,
 'snes_lag_preconditioner': -2,
 'snes_max_it': 1,
 'snes_rtol': 1e-10,
 'snes_stol': 1e-10,
 'snes_type': 'ksponly'}
Warm-up run complete.
Warm run complete.
order=10 nref= 1 baseN(quad=False)=3 | ndofs=   81025 | rel_resid[19]=4.00e-12 | overall_time(s)=5.710e+00 warm_time(s)=1.450e+00
Taylor Hood Problem has been set up
Setting up the solver..
{'ksp_atol': 1e-15,
 'ksp_error_if_not_converged': False,
 'ksp_max_it': 80,
 'ksp_rtol': 1e-11,
 'ksp_type': 'fgmres',
 'mat_type': 'aij',
 'pc_python_type': 'phmg.Direct_Coarsening_THk_TH2',
 'pc_type': 'python',
 'petscpartitioner_parmetis_debug': 'true',
 'petscpartitioner_type': 'parmetis',
 'pmg': {'mg_levels': {'ksp_chebyshev_esteig': '0,0.25,0,1.1',
                       'ksp_convergence_test': 'skip',
                       'ksp_max_it': 2,
                       'ksp_type': 'chebyshev',
                       'pc_python_type': 'phmg.preconditioners.rlx_params.ASMVankaStarPC',
                       'pc_type': 'python',
                       'pc_vankastar_construct_dim': 0,
                       'pc_vankastar_exclude_subspaces': '1',
                       'pc_vankastar_sub_sub_pc_factor_shift_type': 'nonzero'},
         'pc_mg_type': 'multiplicative'},
 'pmg_mg_coarse': {'ksp_convergence_test': 'skip',
                   'ksp_norm': 'none',
                   'ksp_type': 'preonly',
                   'mg_coarse': {'assembled': {'pc_factor_mat_solver_type': 'mumps',
                                               'pc_type': 'lu'},
                                 'ksp_type': 'preonly',
                                 'pc_python_type': 'firedrake.AssembledPC',
                                 'pc_type': 'python'},
                   'mg_levels': {'ksp_chebyshev_esteig': '0,0.25,0,1.1',
                                 'ksp_convergence_test': 'skip',
                                 'ksp_max_it': 2,
                                 'ksp_type': 'chebyshev',
                                 'pc_python_type': 'phmg.preconditioners.rlx_params.ASMVankaStarPC',
                                 'pc_type': 'python',
                                 'pc_vankastar_construct_dim': 0,
                                 'pc_vankastar_exclude_subspaces': '1',
                                 'pc_vankastar_sub_sub_pc_factor_shift_type': 'nonzero'},
                   'pc_mg_multiplicative_cycles': 1,
                   'pc_type': 'mg'},
 'snes_atol': 1e-10,
 'snes_convergence_test': 'skip',
 'snes_lag_jacobian': -2,
 'snes_lag_preconditioner': -2,
 'snes_max_it': 1,
 'snes_rtol': 1e-10,
 'snes_stol': 1e-10,
 'snes_type': 'ksponly'}
Warm-up run complete.
Warm run complete.
order=10 nref= 2 baseN(quad=False)=3 | ndofs=  321655 | rel_resid[28]=6.83e-12 | overall_time(s)=2.123e+01 warm_time(s)=7.459e+00
Taylor Hood Problem has been set up
Setting up the solver..
{'ksp_atol': 1e-15,
 'ksp_error_if_not_converged': False,
 'ksp_max_it': 80,
 'ksp_rtol': 1e-11,
 'ksp_type': 'fgmres',
 'mat_type': 'aij',
 'pc_python_type': 'phmg.Direct_Coarsening_THk_TH2',
 'pc_type': 'python',
 'petscpartitioner_parmetis_debug': 'true',
 'petscpartitioner_type': 'parmetis',
 'pmg': {'mg_levels': {'ksp_chebyshev_esteig': '0,0.25,0,1.1',
                       'ksp_convergence_test': 'skip',
                       'ksp_max_it': 2,
                       'ksp_type': 'chebyshev',
                       'pc_python_type': 'phmg.preconditioners.rlx_params.ASMVankaStarPC',
                       'pc_type': 'python',
                       'pc_vankastar_construct_dim': 0,
                       'pc_vankastar_exclude_subspaces': '1',
                       'pc_vankastar_sub_sub_pc_factor_shift_type': 'nonzero'},
         'pc_mg_type': 'multiplicative'},
 'pmg_mg_coarse': {'ksp_convergence_test': 'skip',
                   'ksp_norm': 'none',
                   'ksp_type': 'preonly',
                   'mg_coarse': {'assembled': {'pc_factor_mat_solver_type': 'mumps',
                                               'pc_type': 'lu'},
                                 'ksp_type': 'preonly',
                                 'pc_python_type': 'firedrake.AssembledPC',
                                 'pc_type': 'python'},
                   'mg_levels': {'ksp_chebyshev_esteig': '0,0.25,0,1.1',
                                 'ksp_convergence_test': 'skip',
                                 'ksp_max_it': 2,
                                 'ksp_type': 'chebyshev',
                                 'pc_python_type': 'phmg.preconditioners.rlx_params.ASMVankaStarPC',
                                 'pc_type': 'python',
                                 'pc_vankastar_construct_dim': 0,
                                 'pc_vankastar_exclude_subspaces': '1',
                                 'pc_vankastar_sub_sub_pc_factor_shift_type': 'nonzero'},
                   'pc_mg_multiplicative_cycles': 1,
                   'pc_type': 'mg'},
 'snes_atol': 1e-10,
 'snes_convergence_test': 'skip',
 'snes_lag_jacobian': -2,
 'snes_lag_preconditioner': -2,
 'snes_max_it': 1,
 'snes_rtol': 1e-10,
 'snes_stol': 1e-10,
 'snes_type': 'ksponly'}
Warm-up run complete.
Warm run complete.
order=10 nref= 3 baseN(quad=False)=3 | ndofs= 1281739 | rel_resid[36]=7.54e-12 | overall_time(s)=9.604e+01 warm_time(s)=3.633e+01
