order= 3 nref= 1 baseN(quad=False)=51 | ndofs=  230523 | rel_resid[10]=2.98e-12 | overall_time(s)=1.066e+01 warm_time(s)=2.469e+00
order= 3 nref= 2 baseN(quad=False)=51 | ndofs=  918819 | rel_resid[10]=2.78e-12 | overall_time(s)=3.253e+01 warm_time(s)=8.692e+00
order= 3 nref= 3 baseN(quad=False)=51 | ndofs= 3668739 | rel_resid[10]=5.01e-12 | overall_time(s)=1.050e+03 warm_time(s)=3.475e+01
order= 4 nref= 1 baseN(quad=False)=39 | ndofs=  251163 | rel_resid[ 8]=6.67e-12 | overall_time(s)=6.933e+00 warm_time(s)=1.513e+00
order= 4 nref= 2 baseN(quad=False)=39 | ndofs= 1001211 | rel_resid[ 8]=4.11e-12 | overall_time(s)=2.376e+01 warm_time(s)=6.074e+00
order= 4 nref= 3 baseN(quad=False)=39 | ndofs= 3997971 | rel_resid[ 8]=5.77e-12 | overall_time(s)=5.316e+02 warm_time(s)=2.230e+01
order= 5 nref= 1 baseN(quad=False)=31 | ndofs=  255443 | rel_resid[ 9]=8.66e-12 | overall_time(s)=6.568e+00 warm_time(s)=1.671e+00
order= 5 nref= 2 baseN(quad=False)=31 | ndofs= 1018291 | rel_resid[ 9]=8.04e-12 | overall_time(s)=2.362e+01 warm_time(s)=6.812e+00
order= 5 nref= 3 baseN(quad=False)=31 | ndofs= 4066211 | rel_resid[10]=2.45e-12 | overall_time(s)=3.752e+02 warm_time(s)=2.682e+01
order= 6 nref= 1 baseN(quad=False)=26 | ndofs=  264059 | rel_resid[ 8]=4.75e-12 | overall_time(s)=8.770e+00 warm_time(s)=2.110e+00
order= 6 nref= 2 baseN(quad=False)=26 | ndofs= 1052691 | rel_resid[ 8]=3.32e-12 | overall_time(s)=3.029e+01 warm_time(s)=8.164e+00
order= 6 nref= 3 baseN(quad=False)=26 | ndofs= 4203683 | rel_resid[ 8]=4.77e-12 | overall_time(s)=4.039e+02 warm_time(s)=3.060e+01
order= 7 nref= 1 baseN(quad=False)=22 | ndofs=  261187 | rel_resid[ 9]=1.66e-12 | overall_time(s)=1.103e+01 warm_time(s)=2.635e+00
order= 7 nref= 2 baseN(quad=False)=22 | ndofs= 1041219 | rel_resid[ 9]=1.69e-12 | overall_time(s)=3.226e+01 warm_time(s)=9.387e+00
order= 7 nref= 3 baseN(quad=False)=22 | ndofs= 4157827 | rel_resid[ 9]=4.07e-12 | overall_time(s)=2.698e+02 warm_time(s)=3.500e+01
order= 8 nref= 1 baseN(quad=False)=20 | ndofs=  285043 | rel_resid[ 9]=3.59e-12 | overall_time(s)=1.415e+01 warm_time(s)=3.837e+00
order= 8 nref= 2 baseN(quad=False)=20 | ndofs= 1136483 | rel_resid[ 9]=1.80e-12 | overall_time(s)=4.973e+01 warm_time(s)=1.195e+01
order= 8 nref= 3 baseN(quad=False)=20 | ndofs= 4538563 | rel_resid[ 9]=1.45e-12 | overall_time(s)=3.426e+02 warm_time(s)=4.635e+01
order= 9 nref= 1 baseN(quad=False)=18 | ndofs=  294771 | rel_resid[ 9]=2.67e-12 | overall_time(s)=1.506e+01 warm_time(s)=3.814e+00
order= 9 nref= 2 baseN(quad=False)=18 | ndofs= 1175331 | rel_resid[ 9]=2.13e-12 | overall_time(s)=5.393e+01 warm_time(s)=1.313e+01
order= 9 nref= 3 baseN(quad=False)=18 | ndofs= 4693827 | rel_resid[ 9]=4.99e-12 | overall_time(s)=3.193e+02 warm_time(s)=5.016e+01
order=10 nref= 1 baseN(quad=False)=16 | ndofs=  289603 | rel_resid[ 9]=4.96e-12 | overall_time(s)=1.544e+01 warm_time(s)=3.697e+00
order=10 nref= 2 baseN(quad=False)=16 | ndofs= 1154691 | rel_resid[ 9]=3.83e-12 | overall_time(s)=5.643e+01 warm_time(s)=1.409e+01
order=10 nref= 3 baseN(quad=False)=16 | ndofs= 4611331 | rel_resid[10]=9.55e-13 | overall_time(s)=2.964e+02 warm_time(s)=6.162e+01
Overall run-time: 1h 10min 35s
