order= 3 nref= 1 baseN(quad=False)=8 | ndofs=  154151 | rel_resid[11]=1.29e-12 | overall_time(s)=8.575e+00 warm_time(s)=1.775e+00
order= 3 nref= 2 baseN(quad=False)=8 | ndofs=  613219 | rel_resid[11]=2.38e-12 | overall_time(s)=2.310e+01 warm_time(s)=6.726e+00
order= 3 nref= 3 baseN(quad=False)=8 | ndofs= 2446115 | rel_resid[11]=3.48e-12 | overall_time(s)=3.520e+02 warm_time(s)=2.599e+01
order= 4 nref= 1 baseN(quad=False)=7 | ndofs=  149931 | rel_resid[ 9]=1.27e-12 | overall_time(s)=4.613e+00 warm_time(s)=1.051e+00
order= 4 nref= 2 baseN(quad=False)=7 | ndofs=  596371 | rel_resid[ 9]=1.21e-12 | overall_time(s)=1.475e+01 warm_time(s)=4.260e+00
order= 4 nref= 3 baseN(quad=False)=7 | ndofs= 2378787 | rel_resid[ 9]=4.82e-12 | overall_time(s)=6.453e+01 warm_time(s)=1.673e+01
order= 5 nref= 1 baseN(quad=False)=6 | ndofs=  126533 | rel_resid[10]=2.48e-12 | overall_time(s)=4.248e+00 warm_time(s)=9.878e-01
order= 5 nref= 2 baseN(quad=False)=6 | ndofs=  503071 | rel_resid[10]=9.55e-12 | overall_time(s)=1.217e+01 warm_time(s)=3.704e+00
order= 5 nref= 3 baseN(quad=False)=6 | ndofs= 2006171 | rel_resid[11]=5.66e-12 | overall_time(s)=5.193e+01 warm_time(s)=1.541e+01
order= 6 nref= 1 baseN(quad=False)=6 | ndofs=  185574 | rel_resid[ 8]=5.77e-12 | overall_time(s)=7.041e+00 warm_time(s)=1.542e+00
order= 6 nref= 2 baseN(quad=False)=6 | ndofs=  738581 | rel_resid[ 8]=8.11e-12 | overall_time(s)=2.068e+01 warm_time(s)=5.677e+00
order= 6 nref= 3 baseN(quad=False)=6 | ndofs= 2946903 | rel_resid[ 9]=7.97e-13 | overall_time(s)=9.186e+01 warm_time(s)=2.414e+01
order= 7 nref= 1 baseN(quad=False)=5 | ndofs=  137747 | rel_resid[ 9]=4.23e-12 | overall_time(s)=6.030e+00 warm_time(s)=1.224e+00
order= 7 nref= 2 baseN(quad=False)=5 | ndofs=  547779 | rel_resid[ 9]=7.40e-12 | overall_time(s)=1.707e+01 warm_time(s)=4.846e+00
order= 7 nref= 3 baseN(quad=False)=5 | ndofs= 2184707 | rel_resid[10]=1.36e-12 | overall_time(s)=1.039e+02 warm_time(s)=1.995e+01
order= 8 nref= 1 baseN(quad=False)=4 | ndofs=   99749 | rel_resid[ 9]=1.41e-12 | overall_time(s)=5.117e+00 warm_time(s)=1.115e+00
order= 8 nref= 2 baseN(quad=False)=4 | ndofs=  396319 | rel_resid[ 9]=4.16e-12 | overall_time(s)=1.518e+01 warm_time(s)=4.007e+00
order= 8 nref= 3 baseN(quad=False)=4 | ndofs= 1579931 | rel_resid[ 9]=6.67e-12 | overall_time(s)=5.657e+01 warm_time(s)=1.558e+01
order= 9 nref= 1 baseN(quad=False)=3 | ndofs=   65279 | rel_resid[10]=8.55e-13 | overall_time(s)=4.826e+00 warm_time(s)=9.841e-01
order= 9 nref= 2 baseN(quad=False)=3 | ndofs=  258923 | rel_resid[12]=2.58e-12 | overall_time(s)=1.307e+01 warm_time(s)=3.832e+00
order= 9 nref= 3 baseN(quad=False)=3 | ndofs= 1031315 | rel_resid[13]=3.70e-12 | overall_time(s)=5.057e+01 warm_time(s)=1.597e+01
order=10 nref= 1 baseN(quad=False)=3 | ndofs=   81025 | rel_resid[11]=1.20e-12 | overall_time(s)=6.568e+00 warm_time(s)=1.557e+00
order=10 nref= 2 baseN(quad=False)=3 | ndofs=  321655 | rel_resid[11]=7.84e-12 | overall_time(s)=1.726e+01 warm_time(s)=4.664e+00
order=10 nref= 3 baseN(quad=False)=3 | ndofs= 1281739 | rel_resid[11]=4.60e-12 | overall_time(s)=6.253e+01 warm_time(s)=1.832e+01
Overall run-time: 0h 19min 11s
