order= 3 nref= 1 baseN(quad=False)=51 | ndofs=  230523 | rel_resid[11]=4.21e-12 | overall_time(s)=7.478e+00 warm_time(s)=1.216e+00
order= 3 nref= 2 baseN(quad=False)=51 | ndofs=  918819 | rel_resid[12]=1.85e-12 | overall_time(s)=2.260e+01 warm_time(s)=5.367e+00
order= 3 nref= 3 baseN(quad=False)=51 | ndofs= 3668739 | rel_resid[12]=7.35e-12 | overall_time(s)=8.250e+02 warm_time(s)=1.939e+01
order= 4 nref= 1 baseN(quad=False)=39 | ndofs=  251163 | rel_resid[11]=5.35e-12 | overall_time(s)=8.250e+00 warm_time(s)=1.267e+00
order= 4 nref= 2 baseN(quad=False)=39 | ndofs= 1001211 | rel_resid[11]=3.16e-12 | overall_time(s)=2.434e+01 warm_time(s)=5.437e+00
order= 4 nref= 3 baseN(quad=False)=39 | ndofs= 3997971 | rel_resid[11]=4.71e-12 | overall_time(s)=5.230e+02 warm_time(s)=1.976e+01
order= 5 nref= 1 baseN(quad=False)=31 | ndofs=  255443 | rel_resid[11]=9.35e-13 | overall_time(s)=1.237e+01 warm_time(s)=1.400e+00
order= 5 nref= 2 baseN(quad=False)=31 | ndofs= 1018291 | rel_resid[10]=8.98e-12 | overall_time(s)=2.742e+01 warm_time(s)=5.567e+00
order= 5 nref= 3 baseN(quad=False)=31 | ndofs= 4066211 | rel_resid[11]=2.09e-12 | overall_time(s)=3.786e+02 warm_time(s)=2.296e+01
order= 6 nref= 1 baseN(quad=False)=26 | ndofs=  264059 | rel_resid[11]=2.40e-12 | overall_time(s)=1.709e+01 warm_time(s)=1.702e+00
order= 6 nref= 2 baseN(quad=False)=26 | ndofs= 1052691 | rel_resid[11]=1.87e-12 | overall_time(s)=3.727e+01 warm_time(s)=7.547e+00
order= 6 nref= 3 baseN(quad=False)=26 | ndofs= 4203683 | rel_resid[11]=1.78e-12 | overall_time(s)=3.229e+02 warm_time(s)=2.897e+01
order= 7 nref= 1 baseN(quad=False)=22 | ndofs=  261187 | rel_resid[11]=1.66e-12 | overall_time(s)=2.439e+01 warm_time(s)=1.960e+00
order= 7 nref= 2 baseN(quad=False)=22 | ndofs= 1041219 | rel_resid[10]=9.20e-12 | overall_time(s)=4.690e+01 warm_time(s)=8.274e+00
order= 7 nref= 3 baseN(quad=False)=22 | ndofs= 4157827 | rel_resid[11]=1.46e-12 | overall_time(s)=2.910e+02 warm_time(s)=3.535e+01
order= 8 nref= 1 baseN(quad=False)=20 | ndofs=  285043 | rel_resid[11]=1.69e-12 | overall_time(s)=3.838e+01 warm_time(s)=2.918e+00
order= 8 nref= 2 baseN(quad=False)=20 | ndofs= 1136483 | rel_resid[11]=9.08e-13 | overall_time(s)=7.833e+01 warm_time(s)=1.232e+01
order= 8 nref= 3 baseN(quad=False)=20 | ndofs= 4538563 | rel_resid[11]=7.61e-13 | overall_time(s)=3.483e+02 warm_time(s)=5.105e+01
order= 9 nref= 1 baseN(quad=False)=18 | ndofs=  294771 | rel_resid[11]=1.21e-12 | overall_time(s)=6.380e+01 warm_time(s)=3.498e+00
order= 9 nref= 2 baseN(quad=False)=18 | ndofs= 1175331 | rel_resid[10]=5.82e-12 | overall_time(s)=1.033e+02 warm_time(s)=1.459e+01
order= 9 nref= 3 baseN(quad=False)=18 | ndofs= 4693827 | rel_resid[10]=8.75e-12 | overall_time(s)=3.921e+02 warm_time(s)=6.204e+01
order=10 nref= 1 baseN(quad=False)=16 | ndofs=  289603 | rel_resid[11]=2.43e-12 | overall_time(s)=8.455e+01 warm_time(s)=4.561e+00
order=10 nref= 2 baseN(quad=False)=16 | ndofs= 1154691 | rel_resid[11]=2.26e-12 | overall_time(s)=1.456e+02 warm_time(s)=2.090e+01
order=10 nref= 3 baseN(quad=False)=16 | ndofs= 4611331 | rel_resid[11]=2.51e-12 | overall_time(s)=4.633e+02 warm_time(s)=8.868e+01
Overall run-time: 1h 15min 34s
