order= 3 nref= 1 baseN(quad=False)=8 | ndofs=  154151 | rel_resid[11]=7.95e-13 | overall_time(s)=9.344e+00 warm_time(s)=2.357e+00
order= 3 nref= 2 baseN(quad=False)=8 | ndofs=  613219 | rel_resid[10]=9.93e-12 | overall_time(s)=2.602e+01 warm_time(s)=8.281e+00
order= 3 nref= 3 baseN(quad=False)=8 | ndofs= 2446115 | rel_resid[10]=9.99e-12 | overall_time(s)=3.635e+02 warm_time(s)=3.203e+01
order= 4 nref= 1 baseN(quad=False)=7 | ndofs=  149931 | rel_resid[ 9]=7.02e-13 | overall_time(s)=5.591e+00 warm_time(s)=1.567e+00
order= 4 nref= 2 baseN(quad=False)=7 | ndofs=  596371 | rel_resid[ 8]=8.43e-12 | overall_time(s)=1.601e+01 warm_time(s)=4.854e+00
order= 4 nref= 3 baseN(quad=False)=7 | ndofs= 2378787 | rel_resid[ 9]=5.60e-13 | overall_time(s)=7.412e+01 warm_time(s)=2.158e+01
order= 5 nref= 1 baseN(quad=False)=6 | ndofs=  126533 | rel_resid[10]=1.87e-12 | overall_time(s)=4.526e+00 warm_time(s)=1.110e+00
order= 5 nref= 2 baseN(quad=False)=6 | ndofs=  503071 | rel_resid[10]=3.53e-12 | overall_time(s)=1.364e+01 warm_time(s)=4.443e+00
order= 5 nref= 3 baseN(quad=False)=6 | ndofs= 2006171 | rel_resid[10]=7.19e-12 | overall_time(s)=5.364e+01 warm_time(s)=1.664e+01
order= 6 nref= 1 baseN(quad=False)=6 | ndofs=  185574 | rel_resid[ 9]=3.32e-12 | overall_time(s)=6.203e+00 warm_time(s)=1.457e+00
order= 6 nref= 2 baseN(quad=False)=6 | ndofs=  738581 | rel_resid[ 9]=1.55e-12 | overall_time(s)=1.814e+01 warm_time(s)=5.742e+00
order= 6 nref= 3 baseN(quad=False)=6 | ndofs= 2946903 | rel_resid[ 9]=2.51e-12 | overall_time(s)=7.308e+01 warm_time(s)=2.142e+01
order= 7 nref= 1 baseN(quad=False)=5 | ndofs=  137747 | rel_resid[10]=6.59e-12 | overall_time(s)=5.974e+00 warm_time(s)=1.366e+00
order= 7 nref= 2 baseN(quad=False)=5 | ndofs=  547779 | rel_resid[10]=4.97e-12 | overall_time(s)=1.630e+01 warm_time(s)=4.966e+00
order= 7 nref= 3 baseN(quad=False)=5 | ndofs= 2184707 | rel_resid[10]=5.57e-12 | overall_time(s)=9.475e+01 warm_time(s)=1.836e+01
order= 8 nref= 1 baseN(quad=False)=4 | ndofs=   99749 | rel_resid[10]=9.43e-12 | overall_time(s)=4.640e+00 warm_time(s)=1.074e+00
order= 8 nref= 2 baseN(quad=False)=4 | ndofs=  396319 | rel_resid[11]=1.36e-12 | overall_time(s)=1.402e+01 warm_time(s)=4.362e+00
order= 8 nref= 3 baseN(quad=False)=4 | ndofs= 1579931 | rel_resid[11]=1.56e-12 | overall_time(s)=5.216e+01 warm_time(s)=1.626e+01
order= 9 nref= 1 baseN(quad=False)=3 | ndofs=   65279 | rel_resid[12]=1.52e-12 | overall_time(s)=5.659e+00 warm_time(s)=9.891e-01
order= 9 nref= 2 baseN(quad=False)=3 | ndofs=  258923 | rel_resid[14]=9.00e-12 | overall_time(s)=1.300e+01 warm_time(s)=4.140e+00
order= 9 nref= 3 baseN(quad=False)=3 | ndofs= 1031315 | rel_resid[15]=4.91e-12 | overall_time(s)=4.889e+01 warm_time(s)=1.645e+01
order=10 nref= 1 baseN(quad=False)=3 | ndofs=   81025 | rel_resid[14]=5.14e-12 | overall_time(s)=6.108e+00 warm_time(s)=1.619e+00
order=10 nref= 2 baseN(quad=False)=3 | ndofs=  321655 | rel_resid[15]=2.33e-12 | overall_time(s)=1.836e+01 warm_time(s)=6.022e+00
order=10 nref= 3 baseN(quad=False)=3 | ndofs= 1281739 | rel_resid[14]=3.50e-12 | overall_time(s)=6.614e+01 warm_time(s)=2.178e+01
Overall run-time: 0h 19min 6s
