Taylor Hood Problem has been set up
Setting up the solver..
{'ksp_atol': 1e-15,
 'ksp_error_if_not_converged': False,
 'ksp_max_it': 80,
 'ksp_monitor': None,
 'ksp_rtol': 1e-11,
 'ksp_type': 'fgmres',
 'mat_type': 'aij',
 'mg_coarse': {'assembled': {'pc_factor_mat_solver_type': 'mumps',
                             'pc_type': 'lu'},
               'ksp_type': 'preonly',
               'mat_type': 'aij',
               'pc_python_type': 'firedrake.AssembledPC',
               'pc_type': 'python'},
 'mg_levels': {'ksp_chebyshev_esteig': '0,0.25,0,1.1',
               'ksp_convergence_test': 'skip',
               'ksp_max_it': 2,
               'ksp_type': 'chebyshev',
               'pc_python_type': 'phmg.preconditioners.rlx_params.ASMVankaStarPC',
               'pc_type': 'python',
               'pc_vankastar_construct_dim': 0,
               'pc_vankastar_exclude_subspaces': '1',
               'pc_vankastar_sub_sub_pc_factor_shift_type': 'nonzero'},
 'pc_mg_multiplicative_cycles': 1,
 'pc_type': 'mg',
 'petscpartitioner_parmetis_debug': 'true',
 'petscpartitioner_type': 'parmetis',
 'snes_atol': 1e-10,
 'snes_convergence_test': 'skip',
 'snes_lag_jacobian': -2,
 'snes_lag_preconditioner': -2,
 'snes_max_it': 1,
 'snes_rtol': 1e-10,
 'snes_stol': 1e-10,
 'snes_type': 'ksponly'}
Warm-up run complete.
Warm run complete.
order= 3 nref= 1 baseN(quad=False)=51 | ndofs=  230523 | rel_resid[11]=4.21e-12 | overall_time(s)=7.144e+00 warm_time(s)=1.122e+00
Taylor Hood Problem has been set up
Setting up the solver..
{'ksp_atol': 1e-15,
 'ksp_error_if_not_converged': False,
 'ksp_max_it': 80,
 'ksp_monitor': None,
 'ksp_rtol': 1e-11,
 'ksp_type': 'fgmres',
 'mat_type': 'aij',
 'mg_coarse': {'assembled': {'pc_factor_mat_solver_type': 'mumps',
                             'pc_type': 'lu'},
               'ksp_type': 'preonly',
               'mat_type': 'aij',
               'pc_python_type': 'firedrake.AssembledPC',
               'pc_type': 'python'},
 'mg_levels': {'ksp_chebyshev_esteig': '0,0.25,0,1.1',
               'ksp_convergence_test': 'skip',
               'ksp_max_it': 2,
               'ksp_type': 'chebyshev',
               'pc_python_type': 'phmg.preconditioners.rlx_params.ASMVankaStarPC',
               'pc_type': 'python',
               'pc_vankastar_construct_dim': 0,
               'pc_vankastar_exclude_subspaces': '1',
               'pc_vankastar_sub_sub_pc_factor_shift_type': 'nonzero'},
 'pc_mg_multiplicative_cycles': 1,
 'pc_type': 'mg',
 'petscpartitioner_parmetis_debug': 'true',
 'petscpartitioner_type': 'parmetis',
 'snes_atol': 1e-10,
 'snes_convergence_test': 'skip',
 'snes_lag_jacobian': -2,
 'snes_lag_preconditioner': -2,
 'snes_max_it': 1,
 'snes_rtol': 1e-10,
 'snes_stol': 1e-10,
 'snes_type': 'ksponly'}
Warm-up run complete.
Warm run complete.
order= 3 nref= 2 baseN(quad=False)=51 | ndofs=  918819 | rel_resid[12]=1.85e-12 | overall_time(s)=2.152e+01 warm_time(s)=4.771e+00
Taylor Hood Problem has been set up
Setting up the solver..
{'ksp_atol': 1e-15,
 'ksp_error_if_not_converged': False,
 'ksp_max_it': 80,
 'ksp_monitor': None,
 'ksp_rtol': 1e-11,
 'ksp_type': 'fgmres',
 'mat_type': 'aij',
 'mg_coarse': {'assembled': {'pc_factor_mat_solver_type': 'mumps',
                             'pc_type': 'lu'},
               'ksp_type': 'preonly',
               'mat_type': 'aij',
               'pc_python_type': 'firedrake.AssembledPC',
               'pc_type': 'python'},
 'mg_levels': {'ksp_chebyshev_esteig': '0,0.25,0,1.1',
               'ksp_convergence_test': 'skip',
               'ksp_max_it': 2,
               'ksp_type': 'chebyshev',
               'pc_python_type': 'phmg.preconditioners.rlx_params.ASMVankaStarPC',
               'pc_type': 'python',
               'pc_vankastar_construct_dim': 0,
               'pc_vankastar_exclude_subspaces': '1',
               'pc_vankastar_sub_sub_pc_factor_shift_type': 'nonzero'},
 'pc_mg_multiplicative_cycles': 1,
 'pc_type': 'mg',
 'petscpartitioner_parmetis_debug': 'true',
 'petscpartitioner_type': 'parmetis',
 'snes_atol': 1e-10,
 'snes_convergence_test': 'skip',
 'snes_lag_jacobian': -2,
 'snes_lag_preconditioner': -2,
 'snes_max_it': 1,
 'snes_rtol': 1e-10,
 'snes_stol': 1e-10,
 'snes_type': 'ksponly'}
Warm-up run complete.
Warm run complete.
order= 3 nref= 3 baseN(quad=False)=51 | ndofs= 3668739 | rel_resid[12]=7.35e-12 | overall_time(s)=7.923e+02 warm_time(s)=1.906e+01
Taylor Hood Problem has been set up
Setting up the solver..
{'ksp_atol': 1e-15,
 'ksp_error_if_not_converged': False,
 'ksp_max_it': 80,
 'ksp_monitor': None,
 'ksp_rtol': 1e-11,
 'ksp_type': 'fgmres',
 'mat_type': 'aij',
 'mg_coarse': {'assembled': {'pc_factor_mat_solver_type': 'mumps',
                             'pc_type': 'lu'},
               'ksp_type': 'preonly',
               'mat_type': 'aij',
               'pc_python_type': 'firedrake.AssembledPC',
               'pc_type': 'python'},
 'mg_levels': {'ksp_chebyshev_esteig': '0,0.25,0,1.1',
               'ksp_convergence_test': 'skip',
               'ksp_max_it': 2,
               'ksp_type': 'chebyshev',
               'pc_python_type': 'phmg.preconditioners.rlx_params.ASMVankaStarPC',
               'pc_type': 'python',
               'pc_vankastar_construct_dim': 0,
               'pc_vankastar_exclude_subspaces': '1',
               'pc_vankastar_sub_sub_pc_factor_shift_type': 'nonzero'},
 'pc_mg_multiplicative_cycles': 1,
 'pc_type': 'mg',
 'petscpartitioner_parmetis_debug': 'true',
 'petscpartitioner_type': 'parmetis',
 'snes_atol': 1e-10,
 'snes_convergence_test': 'skip',
 'snes_lag_jacobian': -2,
 'snes_lag_preconditioner': -2,
 'snes_max_it': 1,
 'snes_rtol': 1e-10,
 'snes_stol': 1e-10,
 'snes_type': 'ksponly'}
Warm-up run complete.
Warm run complete.
order= 4 nref= 1 baseN(quad=False)=39 | ndofs=  251163 | rel_resid[11]=5.35e-12 | overall_time(s)=8.298e+00 warm_time(s)=1.218e+00
Taylor Hood Problem has been set up
Setting up the solver..
{'ksp_atol': 1e-15,
 'ksp_error_if_not_converged': False,
 'ksp_max_it': 80,
 'ksp_monitor': None,
 'ksp_rtol': 1e-11,
 'ksp_type': 'fgmres',
 'mat_type': 'aij',
 'mg_coarse': {'assembled': {'pc_factor_mat_solver_type': 'mumps',
                             'pc_type': 'lu'},
               'ksp_type': 'preonly',
               'mat_type': 'aij',
               'pc_python_type': 'firedrake.AssembledPC',
               'pc_type': 'python'},
 'mg_levels': {'ksp_chebyshev_esteig': '0,0.25,0,1.1',
               'ksp_convergence_test': 'skip',
               'ksp_max_it': 2,
               'ksp_type': 'chebyshev',
               'pc_python_type': 'phmg.preconditioners.rlx_params.ASMVankaStarPC',
               'pc_type': 'python',
               'pc_vankastar_construct_dim': 0,
               'pc_vankastar_exclude_subspaces': '1',
               'pc_vankastar_sub_sub_pc_factor_shift_type': 'nonzero'},
 'pc_mg_multiplicative_cycles': 1,
 'pc_type': 'mg',
 'petscpartitioner_parmetis_debug': 'true',
 'petscpartitioner_type': 'parmetis',
 'snes_atol': 1e-10,
 'snes_convergence_test': 'skip',
 'snes_lag_jacobian': -2,
 'snes_lag_preconditioner': -2,
 'snes_max_it': 1,
 'snes_rtol': 1e-10,
 'snes_stol': 1e-10,
 'snes_type': 'ksponly'}
Warm-up run complete.
Warm run complete.
order= 4 nref= 2 baseN(quad=False)=39 | ndofs= 1001211 | rel_resid[11]=3.16e-12 | overall_time(s)=2.437e+01 warm_time(s)=5.417e+00
Taylor Hood Problem has been set up
Setting up the solver..
{'ksp_atol': 1e-15,
 'ksp_error_if_not_converged': False,
 'ksp_max_it': 80,
 'ksp_monitor': None,
 'ksp_rtol': 1e-11,
 'ksp_type': 'fgmres',
 'mat_type': 'aij',
 'mg_coarse': {'assembled': {'pc_factor_mat_solver_type': 'mumps',
                             'pc_type': 'lu'},
               'ksp_type': 'preonly',
               'mat_type': 'aij',
               'pc_python_type': 'firedrake.AssembledPC',
               'pc_type': 'python'},
 'mg_levels': {'ksp_chebyshev_esteig': '0,0.25,0,1.1',
               'ksp_convergence_test': 'skip',
               'ksp_max_it': 2,
               'ksp_type': 'chebyshev',
               'pc_python_type': 'phmg.preconditioners.rlx_params.ASMVankaStarPC',
               'pc_type': 'python',
               'pc_vankastar_construct_dim': 0,
               'pc_vankastar_exclude_subspaces': '1',
               'pc_vankastar_sub_sub_pc_factor_shift_type': 'nonzero'},
 'pc_mg_multiplicative_cycles': 1,
 'pc_type': 'mg',
 'petscpartitioner_parmetis_debug': 'true',
 'petscpartitioner_type': 'parmetis',
 'snes_atol': 1e-10,
 'snes_convergence_test': 'skip',
 'snes_lag_jacobian': -2,
 'snes_lag_preconditioner': -2,
 'snes_max_it': 1,
 'snes_rtol': 1e-10,
 'snes_stol': 1e-10,
 'snes_type': 'ksponly'}
Warm-up run complete.
Warm run complete.
order= 4 nref= 3 baseN(quad=False)=39 | ndofs= 3997971 | rel_resid[26]=6.71e-12 | overall_time(s)=5.825e+02 warm_time(s)=4.638e+01
Taylor Hood Problem has been set up
Setting up the solver..
{'ksp_atol': 1e-15,
 'ksp_error_if_not_converged': False,
 'ksp_max_it': 80,
 'ksp_monitor': None,
 'ksp_rtol': 1e-11,
 'ksp_type': 'fgmres',
 'mat_type': 'aij',
 'mg_coarse': {'assembled': {'pc_factor_mat_solver_type': 'mumps',
                             'pc_type': 'lu'},
               'ksp_type': 'preonly',
               'mat_type': 'aij',
               'pc_python_type': 'firedrake.AssembledPC',
               'pc_type': 'python'},
 'mg_levels': {'ksp_chebyshev_esteig': '0,0.25,0,1.1',
               'ksp_convergence_test': 'skip',
               'ksp_max_it': 2,
               'ksp_type': 'chebyshev',
               'pc_python_type': 'phmg.preconditioners.rlx_params.ASMVankaStarPC',
               'pc_type': 'python',
               'pc_vankastar_construct_dim': 0,
               'pc_vankastar_exclude_subspaces': '1',
               'pc_vankastar_sub_sub_pc_factor_shift_type': 'nonzero'},
 'pc_mg_multiplicative_cycles': 1,
 'pc_type': 'mg',
 'petscpartitioner_parmetis_debug': 'true',
 'petscpartitioner_type': 'parmetis',
 'snes_atol': 1e-10,
 'snes_convergence_test': 'skip',
 'snes_lag_jacobian': -2,
 'snes_lag_preconditioner': -2,
 'snes_max_it': 1,
 'snes_rtol': 1e-10,
 'snes_stol': 1e-10,
 'snes_type': 'ksponly'}
Warm-up run complete.
Warm run complete.
order= 5 nref= 1 baseN(quad=False)=31 | ndofs=  255443 | rel_resid[11]=9.41e-13 | overall_time(s)=1.293e+01 warm_time(s)=1.941e+00
Taylor Hood Problem has been set up
Setting up the solver..
{'ksp_atol': 1e-15,
 'ksp_error_if_not_converged': False,
 'ksp_max_it': 80,
 'ksp_monitor': None,
 'ksp_rtol': 1e-11,
 'ksp_type': 'fgmres',
 'mat_type': 'aij',
 'mg_coarse': {'assembled': {'pc_factor_mat_solver_type': 'mumps',
                             'pc_type': 'lu'},
               'ksp_type': 'preonly',
               'mat_type': 'aij',
               'pc_python_type': 'firedrake.AssembledPC',
               'pc_type': 'python'},
 'mg_levels': {'ksp_chebyshev_esteig': '0,0.25,0,1.1',
               'ksp_convergence_test': 'skip',
               'ksp_max_it': 2,
               'ksp_type': 'chebyshev',
               'pc_python_type': 'phmg.preconditioners.rlx_params.ASMVankaStarPC',
               'pc_type': 'python',
               'pc_vankastar_construct_dim': 0,
               'pc_vankastar_exclude_subspaces': '1',
               'pc_vankastar_sub_sub_pc_factor_shift_type': 'nonzero'},
 'pc_mg_multiplicative_cycles': 1,
 'pc_type': 'mg',
 'petscpartitioner_parmetis_debug': 'true',
 'petscpartitioner_type': 'parmetis',
 'snes_atol': 1e-10,
 'snes_convergence_test': 'skip',
 'snes_lag_jacobian': -2,
 'snes_lag_preconditioner': -2,
 'snes_max_it': 1,
 'snes_rtol': 1e-10,
 'snes_stol': 1e-10,
 'snes_type': 'ksponly'}
Warm-up run complete.
Warm run complete.
order= 5 nref= 2 baseN(quad=False)=31 | ndofs= 1018291 | rel_resid[10]=8.98e-12 | overall_time(s)=2.742e+01 warm_time(s)=5.444e+00
Taylor Hood Problem has been set up
Setting up the solver..
{'ksp_atol': 1e-15,
 'ksp_error_if_not_converged': False,
 'ksp_max_it': 80,
 'ksp_monitor': None,
 'ksp_rtol': 1e-11,
 'ksp_type': 'fgmres',
 'mat_type': 'aij',
 'mg_coarse': {'assembled': {'pc_factor_mat_solver_type': 'mumps',
                             'pc_type': 'lu'},
               'ksp_type': 'preonly',
               'mat_type': 'aij',
               'pc_python_type': 'firedrake.AssembledPC',
               'pc_type': 'python'},
 'mg_levels': {'ksp_chebyshev_esteig': '0,0.25,0,1.1',
               'ksp_convergence_test': 'skip',
               'ksp_max_it': 2,
               'ksp_type': 'chebyshev',
               'pc_python_type': 'phmg.preconditioners.rlx_params.ASMVankaStarPC',
               'pc_type': 'python',
               'pc_vankastar_construct_dim': 0,
               'pc_vankastar_exclude_subspaces': '1',
               'pc_vankastar_sub_sub_pc_factor_shift_type': 'nonzero'},
 'pc_mg_multiplicative_cycles': 1,
 'pc_type': 'mg',
 'petscpartitioner_parmetis_debug': 'true',
 'petscpartitioner_type': 'parmetis',
 'snes_atol': 1e-10,
 'snes_convergence_test': 'skip',
 'snes_lag_jacobian': -2,
 'snes_lag_preconditioner': -2,
 'snes_max_it': 1,
 'snes_rtol': 1e-10,
 'snes_stol': 1e-10,
 'snes_type': 'ksponly'}
Warm-up run complete.
Warm run complete.
order= 5 nref= 3 baseN(quad=False)=31 | ndofs= 4066211 | rel_resid[11]=2.09e-12 | overall_time(s)=3.724e+02 warm_time(s)=2.323e+01
Taylor Hood Problem has been set up
Setting up the solver..
{'ksp_atol': 1e-15,
 'ksp_error_if_not_converged': False,
 'ksp_max_it': 80,
 'ksp_monitor': None,
 'ksp_rtol': 1e-11,
 'ksp_type': 'fgmres',
 'mat_type': 'aij',
 'mg_coarse': {'assembled': {'pc_factor_mat_solver_type': 'mumps',
                             'pc_type': 'lu'},
               'ksp_type': 'preonly',
               'mat_type': 'aij',
               'pc_python_type': 'firedrake.AssembledPC',
               'pc_type': 'python'},
 'mg_levels': {'ksp_chebyshev_esteig': '0,0.25,0,1.1',
               'ksp_convergence_test': 'skip',
               'ksp_max_it': 2,
               'ksp_type': 'chebyshev',
               'pc_python_type': 'phmg.preconditioners.rlx_params.ASMVankaStarPC',
               'pc_type': 'python',
               'pc_vankastar_construct_dim': 0,
               'pc_vankastar_exclude_subspaces': '1',
               'pc_vankastar_sub_sub_pc_factor_shift_type': 'nonzero'},
 'pc_mg_multiplicative_cycles': 1,
 'pc_type': 'mg',
 'petscpartitioner_parmetis_debug': 'true',
 'petscpartitioner_type': 'parmetis',
 'snes_atol': 1e-10,
 'snes_convergence_test': 'skip',
 'snes_lag_jacobian': -2,
 'snes_lag_preconditioner': -2,
 'snes_max_it': 1,
 'snes_rtol': 1e-10,
 'snes_stol': 1e-10,
 'snes_type': 'ksponly'}
Warm-up run complete.
Warm run complete.
order= 6 nref= 1 baseN(quad=False)=26 | ndofs=  264059 | rel_resid[11]=2.40e-12 | overall_time(s)=1.820e+01 warm_time(s)=1.699e+00
Taylor Hood Problem has been set up
Setting up the solver..
{'ksp_atol': 1e-15,
 'ksp_error_if_not_converged': False,
 'ksp_max_it': 80,
 'ksp_monitor': None,
 'ksp_rtol': 1e-11,
 'ksp_type': 'fgmres',
 'mat_type': 'aij',
 'mg_coarse': {'assembled': {'pc_factor_mat_solver_type': 'mumps',
                             'pc_type': 'lu'},
               'ksp_type': 'preonly',
               'mat_type': 'aij',
               'pc_python_type': 'firedrake.AssembledPC',
               'pc_type': 'python'},
 'mg_levels': {'ksp_chebyshev_esteig': '0,0.25,0,1.1',
               'ksp_convergence_test': 'skip',
               'ksp_max_it': 2,
               'ksp_type': 'chebyshev',
               'pc_python_type': 'phmg.preconditioners.rlx_params.ASMVankaStarPC',
               'pc_type': 'python',
               'pc_vankastar_construct_dim': 0,
               'pc_vankastar_exclude_subspaces': '1',
               'pc_vankastar_sub_sub_pc_factor_shift_type': 'nonzero'},
 'pc_mg_multiplicative_cycles': 1,
 'pc_type': 'mg',
 'petscpartitioner_parmetis_debug': 'true',
 'petscpartitioner_type': 'parmetis',
 'snes_atol': 1e-10,
 'snes_convergence_test': 'skip',
 'snes_lag_jacobian': -2,
 'snes_lag_preconditioner': -2,
 'snes_max_it': 1,
 'snes_rtol': 1e-10,
 'snes_stol': 1e-10,
 'snes_type': 'ksponly'}
Warm-up run complete.
Warm run complete.
order= 6 nref= 2 baseN(quad=False)=26 | ndofs= 1052691 | rel_resid[11]=1.87e-12 | overall_time(s)=3.737e+01 warm_time(s)=7.578e+00
Taylor Hood Problem has been set up
Setting up the solver..
{'ksp_atol': 1e-15,
 'ksp_error_if_not_converged': False,
 'ksp_max_it': 80,
 'ksp_monitor': None,
 'ksp_rtol': 1e-11,
 'ksp_type': 'fgmres',
 'mat_type': 'aij',
 'mg_coarse': {'assembled': {'pc_factor_mat_solver_type': 'mumps',
                             'pc_type': 'lu'},
               'ksp_type': 'preonly',
               'mat_type': 'aij',
               'pc_python_type': 'firedrake.AssembledPC',
               'pc_type': 'python'},
 'mg_levels': {'ksp_chebyshev_esteig': '0,0.25,0,1.1',
               'ksp_convergence_test': 'skip',
               'ksp_max_it': 2,
               'ksp_type': 'chebyshev',
               'pc_python_type': 'phmg.preconditioners.rlx_params.ASMVankaStarPC',
               'pc_type': 'python',
               'pc_vankastar_construct_dim': 0,
               'pc_vankastar_exclude_subspaces': '1',
               'pc_vankastar_sub_sub_pc_factor_shift_type': 'nonzero'},
 'pc_mg_multiplicative_cycles': 1,
 'pc_type': 'mg',
 'petscpartitioner_parmetis_debug': 'true',
 'petscpartitioner_type': 'parmetis',
 'snes_atol': 1e-10,
 'snes_convergence_test': 'skip',
 'snes_lag_jacobian': -2,
 'snes_lag_preconditioner': -2,
 'snes_max_it': 1,
 'snes_rtol': 1e-10,
 'snes_stol': 1e-10,
 'snes_type': 'ksponly'}
Warm-up run complete.
Warm run complete.
order= 6 nref= 3 baseN(quad=False)=26 | ndofs= 4203683 | rel_resid[11]=1.78e-12 | overall_time(s)=3.217e+02 warm_time(s)=2.847e+01
Taylor Hood Problem has been set up
Setting up the solver..
{'ksp_atol': 1e-15,
 'ksp_error_if_not_converged': False,
 'ksp_max_it': 80,
 'ksp_monitor': None,
 'ksp_rtol': 1e-11,
 'ksp_type': 'fgmres',
 'mat_type': 'aij',
 'mg_coarse': {'assembled': {'pc_factor_mat_solver_type': 'mumps',
                             'pc_type': 'lu'},
               'ksp_type': 'preonly',
               'mat_type': 'aij',
               'pc_python_type': 'firedrake.AssembledPC',
               'pc_type': 'python'},
 'mg_levels': {'ksp_chebyshev_esteig': '0,0.25,0,1.1',
               'ksp_convergence_test': 'skip',
               'ksp_max_it': 2,
               'ksp_type': 'chebyshev',
               'pc_python_type': 'phmg.preconditioners.rlx_params.ASMVankaStarPC',
               'pc_type': 'python',
               'pc_vankastar_construct_dim': 0,
               'pc_vankastar_exclude_subspaces': '1',
               'pc_vankastar_sub_sub_pc_factor_shift_type': 'nonzero'},
 'pc_mg_multiplicative_cycles': 1,
 'pc_type': 'mg',
 'petscpartitioner_parmetis_debug': 'true',
 'petscpartitioner_type': 'parmetis',
 'snes_atol': 1e-10,
 'snes_convergence_test': 'skip',
 'snes_lag_jacobian': -2,
 'snes_lag_preconditioner': -2,
 'snes_max_it': 1,
 'snes_rtol': 1e-10,
 'snes_stol': 1e-10,
 'snes_type': 'ksponly'}
Warm-up run complete.
Warm run complete.
order= 7 nref= 1 baseN(quad=False)=22 | ndofs=  261187 | rel_resid[11]=1.66e-12 | overall_time(s)=2.556e+01 warm_time(s)=1.943e+00
Taylor Hood Problem has been set up
Setting up the solver..
{'ksp_atol': 1e-15,
 'ksp_error_if_not_converged': False,
 'ksp_max_it': 80,
 'ksp_monitor': None,
 'ksp_rtol': 1e-11,
 'ksp_type': 'fgmres',
 'mat_type': 'aij',
 'mg_coarse': {'assembled': {'pc_factor_mat_solver_type': 'mumps',
                             'pc_type': 'lu'},
               'ksp_type': 'preonly',
               'mat_type': 'aij',
               'pc_python_type': 'firedrake.AssembledPC',
               'pc_type': 'python'},
 'mg_levels': {'ksp_chebyshev_esteig': '0,0.25,0,1.1',
               'ksp_convergence_test': 'skip',
               'ksp_max_it': 2,
               'ksp_type': 'chebyshev',
               'pc_python_type': 'phmg.preconditioners.rlx_params.ASMVankaStarPC',
               'pc_type': 'python',
               'pc_vankastar_construct_dim': 0,
               'pc_vankastar_exclude_subspaces': '1',
               'pc_vankastar_sub_sub_pc_factor_shift_type': 'nonzero'},
 'pc_mg_multiplicative_cycles': 1,
 'pc_type': 'mg',
 'petscpartitioner_parmetis_debug': 'true',
 'petscpartitioner_type': 'parmetis',
 'snes_atol': 1e-10,
 'snes_convergence_test': 'skip',
 'snes_lag_jacobian': -2,
 'snes_lag_preconditioner': -2,
 'snes_max_it': 1,
 'snes_rtol': 1e-10,
 'snes_stol': 1e-10,
 'snes_type': 'ksponly'}
Warm-up run complete.
Warm run complete.
order= 7 nref= 2 baseN(quad=False)=22 | ndofs= 1041219 | rel_resid[10]=9.20e-12 | overall_time(s)=4.650e+01 warm_time(s)=8.165e+00
Taylor Hood Problem has been set up
Setting up the solver..
{'ksp_atol': 1e-15,
 'ksp_error_if_not_converged': False,
 'ksp_max_it': 80,
 'ksp_monitor': None,
 'ksp_rtol': 1e-11,
 'ksp_type': 'fgmres',
 'mat_type': 'aij',
 'mg_coarse': {'assembled': {'pc_factor_mat_solver_type': 'mumps',
                             'pc_type': 'lu'},
               'ksp_type': 'preonly',
               'mat_type': 'aij',
               'pc_python_type': 'firedrake.AssembledPC',
               'pc_type': 'python'},
 'mg_levels': {'ksp_chebyshev_esteig': '0,0.25,0,1.1',
               'ksp_convergence_test': 'skip',
               'ksp_max_it': 2,
               'ksp_type': 'chebyshev',
               'pc_python_type': 'phmg.preconditioners.rlx_params.ASMVankaStarPC',
               'pc_type': 'python',
               'pc_vankastar_construct_dim': 0,
               'pc_vankastar_exclude_subspaces': '1',
               'pc_vankastar_sub_sub_pc_factor_shift_type': 'nonzero'},
 'pc_mg_multiplicative_cycles': 1,
 'pc_type': 'mg',
 'petscpartitioner_parmetis_debug': 'true',
 'petscpartitioner_type': 'parmetis',
 'snes_atol': 1e-10,
 'snes_convergence_test': 'skip',
 'snes_lag_jacobian': -2,
 'snes_lag_preconditioner': -2,
 'snes_max_it': 1,
 'snes_rtol': 1e-10,
 'snes_stol': 1e-10,
 'snes_type': 'ksponly'}
Warm-up run complete.
Warm run complete.
order= 7 nref= 3 baseN(quad=False)=22 | ndofs= 4157827 | rel_resid[11]=1.46e-12 | overall_time(s)=2.918e+02 warm_time(s)=3.557e+01
Taylor Hood Problem has been set up
Setting up the solver..
{'ksp_atol': 1e-15,
 'ksp_error_if_not_converged': False,
 'ksp_max_it': 80,
 'ksp_monitor': None,
 'ksp_rtol': 1e-11,
 'ksp_type': 'fgmres',
 'mat_type': 'aij',
 'mg_coarse': {'assembled': {'pc_factor_mat_solver_type': 'mumps',
                             'pc_type': 'lu'},
               'ksp_type': 'preonly',
               'mat_type': 'aij',
               'pc_python_type': 'firedrake.AssembledPC',
               'pc_type': 'python'},
 'mg_levels': {'ksp_chebyshev_esteig': '0,0.25,0,1.1',
               'ksp_convergence_test': 'skip',
               'ksp_max_it': 2,
               'ksp_type': 'chebyshev',
               'pc_python_type': 'phmg.preconditioners.rlx_params.ASMVankaStarPC',
               'pc_type': 'python',
               'pc_vankastar_construct_dim': 0,
               'pc_vankastar_exclude_subspaces': '1',
               'pc_vankastar_sub_sub_pc_factor_shift_type': 'nonzero'},
 'pc_mg_multiplicative_cycles': 1,
 'pc_type': 'mg',
 'petscpartitioner_parmetis_debug': 'true',
 'petscpartitioner_type': 'parmetis',
 'snes_atol': 1e-10,
 'snes_convergence_test': 'skip',
 'snes_lag_jacobian': -2,
 'snes_lag_preconditioner': -2,
 'snes_max_it': 1,
 'snes_rtol': 1e-10,
 'snes_stol': 1e-10,
 'snes_type': 'ksponly'}
Warm-up run complete.
Warm run complete.
order= 8 nref= 1 baseN(quad=False)=20 | ndofs=  285043 | rel_resid[11]=1.69e-12 | overall_time(s)=3.769e+01 warm_time(s)=2.690e+00
Taylor Hood Problem has been set up
Setting up the solver..
{'ksp_atol': 1e-15,
 'ksp_error_if_not_converged': False,
 'ksp_max_it': 80,
 'ksp_monitor': None,
 'ksp_rtol': 1e-11,
 'ksp_type': 'fgmres',
 'mat_type': 'aij',
 'mg_coarse': {'assembled': {'pc_factor_mat_solver_type': 'mumps',
                             'pc_type': 'lu'},
               'ksp_type': 'preonly',
               'mat_type': 'aij',
               'pc_python_type': 'firedrake.AssembledPC',
               'pc_type': 'python'},
 'mg_levels': {'ksp_chebyshev_esteig': '0,0.25,0,1.1',
               'ksp_convergence_test': 'skip',
               'ksp_max_it': 2,
               'ksp_type': 'chebyshev',
               'pc_python_type': 'phmg.preconditioners.rlx_params.ASMVankaStarPC',
               'pc_type': 'python',
               'pc_vankastar_construct_dim': 0,
               'pc_vankastar_exclude_subspaces': '1',
               'pc_vankastar_sub_sub_pc_factor_shift_type': 'nonzero'},
 'pc_mg_multiplicative_cycles': 1,
 'pc_type': 'mg',
 'petscpartitioner_parmetis_debug': 'true',
 'petscpartitioner_type': 'parmetis',
 'snes_atol': 1e-10,
 'snes_convergence_test': 'skip',
 'snes_lag_jacobian': -2,
 'snes_lag_preconditioner': -2,
 'snes_max_it': 1,
 'snes_rtol': 1e-10,
 'snes_stol': 1e-10,
 'snes_type': 'ksponly'}
Warm-up run complete.
Warm run complete.
order= 8 nref= 2 baseN(quad=False)=20 | ndofs= 1136483 | rel_resid[11]=9.08e-13 | overall_time(s)=7.875e+01 warm_time(s)=1.231e+01
Taylor Hood Problem has been set up
Setting up the solver..
{'ksp_atol': 1e-15,
 'ksp_error_if_not_converged': False,
 'ksp_max_it': 80,
 'ksp_monitor': None,
 'ksp_rtol': 1e-11,
 'ksp_type': 'fgmres',
 'mat_type': 'aij',
 'mg_coarse': {'assembled': {'pc_factor_mat_solver_type': 'mumps',
                             'pc_type': 'lu'},
               'ksp_type': 'preonly',
               'mat_type': 'aij',
               'pc_python_type': 'firedrake.AssembledPC',
               'pc_type': 'python'},
 'mg_levels': {'ksp_chebyshev_esteig': '0,0.25,0,1.1',
               'ksp_convergence_test': 'skip',
               'ksp_max_it': 2,
               'ksp_type': 'chebyshev',
               'pc_python_type': 'phmg.preconditioners.rlx_params.ASMVankaStarPC',
               'pc_type': 'python',
               'pc_vankastar_construct_dim': 0,
               'pc_vankastar_exclude_subspaces': '1',
               'pc_vankastar_sub_sub_pc_factor_shift_type': 'nonzero'},
 'pc_mg_multiplicative_cycles': 1,
 'pc_type': 'mg',
 'petscpartitioner_parmetis_debug': 'true',
 'petscpartitioner_type': 'parmetis',
 'snes_atol': 1e-10,
 'snes_convergence_test': 'skip',
 'snes_lag_jacobian': -2,
 'snes_lag_preconditioner': -2,
 'snes_max_it': 1,
 'snes_rtol': 1e-10,
 'snes_stol': 1e-10,
 'snes_type': 'ksponly'}
Warm-up run complete.
Warm run complete.
order= 8 nref= 3 baseN(quad=False)=20 | ndofs= 4538563 | rel_resid[11]=7.61e-13 | overall_time(s)=3.457e+02 warm_time(s)=5.089e+01
Taylor Hood Problem has been set up
Setting up the solver..
{'ksp_atol': 1e-15,
 'ksp_error_if_not_converged': False,
 'ksp_max_it': 80,
 'ksp_monitor': None,
 'ksp_rtol': 1e-11,
 'ksp_type': 'fgmres',
 'mat_type': 'aij',
 'mg_coarse': {'assembled': {'pc_factor_mat_solver_type': 'mumps',
                             'pc_type': 'lu'},
               'ksp_type': 'preonly',
               'mat_type': 'aij',
               'pc_python_type': 'firedrake.AssembledPC',
               'pc_type': 'python'},
 'mg_levels': {'ksp_chebyshev_esteig': '0,0.25,0,1.1',
               'ksp_convergence_test': 'skip',
               'ksp_max_it': 2,
               'ksp_type': 'chebyshev',
               'pc_python_type': 'phmg.preconditioners.rlx_params.ASMVankaStarPC',
               'pc_type': 'python',
               'pc_vankastar_construct_dim': 0,
               'pc_vankastar_exclude_subspaces': '1',
               'pc_vankastar_sub_sub_pc_factor_shift_type': 'nonzero'},
 'pc_mg_multiplicative_cycles': 1,
 'pc_type': 'mg',
 'petscpartitioner_parmetis_debug': 'true',
 'petscpartitioner_type': 'parmetis',
 'snes_atol': 1e-10,
 'snes_convergence_test': 'skip',
 'snes_lag_jacobian': -2,
 'snes_lag_preconditioner': -2,
 'snes_max_it': 1,
 'snes_rtol': 1e-10,
 'snes_stol': 1e-10,
 'snes_type': 'ksponly'}
Warm-up run complete.
Warm run complete.
order= 9 nref= 1 baseN(quad=False)=18 | ndofs=  294771 | rel_resid[11]=1.21e-12 | overall_time(s)=6.114e+01 warm_time(s)=3.722e+00
Taylor Hood Problem has been set up
Setting up the solver..
{'ksp_atol': 1e-15,
 'ksp_error_if_not_converged': False,
 'ksp_max_it': 80,
 'ksp_monitor': None,
 'ksp_rtol': 1e-11,
 'ksp_type': 'fgmres',
 'mat_type': 'aij',
 'mg_coarse': {'assembled': {'pc_factor_mat_solver_type': 'mumps',
                             'pc_type': 'lu'},
               'ksp_type': 'preonly',
               'mat_type': 'aij',
               'pc_python_type': 'firedrake.AssembledPC',
               'pc_type': 'python'},
 'mg_levels': {'ksp_chebyshev_esteig': '0,0.25,0,1.1',
               'ksp_convergence_test': 'skip',
               'ksp_max_it': 2,
               'ksp_type': 'chebyshev',
               'pc_python_type': 'phmg.preconditioners.rlx_params.ASMVankaStarPC',
               'pc_type': 'python',
               'pc_vankastar_construct_dim': 0,
               'pc_vankastar_exclude_subspaces': '1',
               'pc_vankastar_sub_sub_pc_factor_shift_type': 'nonzero'},
 'pc_mg_multiplicative_cycles': 1,
 'pc_type': 'mg',
 'petscpartitioner_parmetis_debug': 'true',
 'petscpartitioner_type': 'parmetis',
 'snes_atol': 1e-10,
 'snes_convergence_test': 'skip',
 'snes_lag_jacobian': -2,
 'snes_lag_preconditioner': -2,
 'snes_max_it': 1,
 'snes_rtol': 1e-10,
 'snes_stol': 1e-10,
 'snes_type': 'ksponly'}
Warm-up run complete.
Warm run complete.
order= 9 nref= 2 baseN(quad=False)=18 | ndofs= 1175331 | rel_resid[10]=5.82e-12 | overall_time(s)=1.045e+02 warm_time(s)=1.487e+01
Taylor Hood Problem has been set up
Setting up the solver..
{'ksp_atol': 1e-15,
 'ksp_error_if_not_converged': False,
 'ksp_max_it': 80,
 'ksp_monitor': None,
 'ksp_rtol': 1e-11,
 'ksp_type': 'fgmres',
 'mat_type': 'aij',
 'mg_coarse': {'assembled': {'pc_factor_mat_solver_type': 'mumps',
                             'pc_type': 'lu'},
               'ksp_type': 'preonly',
               'mat_type': 'aij',
               'pc_python_type': 'firedrake.AssembledPC',
               'pc_type': 'python'},
 'mg_levels': {'ksp_chebyshev_esteig': '0,0.25,0,1.1',
               'ksp_convergence_test': 'skip',
               'ksp_max_it': 2,
               'ksp_type': 'chebyshev',
               'pc_python_type': 'phmg.preconditioners.rlx_params.ASMVankaStarPC',
               'pc_type': 'python',
               'pc_vankastar_construct_dim': 0,
               'pc_vankastar_exclude_subspaces': '1',
               'pc_vankastar_sub_sub_pc_factor_shift_type': 'nonzero'},
 'pc_mg_multiplicative_cycles': 1,
 'pc_type': 'mg',
 'petscpartitioner_parmetis_debug': 'true',
 'petscpartitioner_type': 'parmetis',
 'snes_atol': 1e-10,
 'snes_convergence_test': 'skip',
 'snes_lag_jacobian': -2,
 'snes_lag_preconditioner': -2,
 'snes_max_it': 1,
 'snes_rtol': 1e-10,
 'snes_stol': 1e-10,
 'snes_type': 'ksponly'}
Warm-up run complete.
Warm run complete.
order= 9 nref= 3 baseN(quad=False)=18 | ndofs= 4693827 | rel_resid[10]=8.75e-12 | overall_time(s)=3.891e+02 warm_time(s)=6.159e+01
Taylor Hood Problem has been set up
Setting up the solver..
{'ksp_atol': 1e-15,
 'ksp_error_if_not_converged': False,
 'ksp_max_it': 80,
 'ksp_monitor': None,
 'ksp_rtol': 1e-11,
 'ksp_type': 'fgmres',
 'mat_type': 'aij',
 'mg_coarse': {'assembled': {'pc_factor_mat_solver_type': 'mumps',
                             'pc_type': 'lu'},
               'ksp_type': 'preonly',
               'mat_type': 'aij',
               'pc_python_type': 'firedrake.AssembledPC',
               'pc_type': 'python'},
 'mg_levels': {'ksp_chebyshev_esteig': '0,0.25,0,1.1',
               'ksp_convergence_test': 'skip',
               'ksp_max_it': 2,
               'ksp_type': 'chebyshev',
               'pc_python_type': 'phmg.preconditioners.rlx_params.ASMVankaStarPC',
               'pc_type': 'python',
               'pc_vankastar_construct_dim': 0,
               'pc_vankastar_exclude_subspaces': '1',
               'pc_vankastar_sub_sub_pc_factor_shift_type': 'nonzero'},
 'pc_mg_multiplicative_cycles': 1,
 'pc_type': 'mg',
 'petscpartitioner_parmetis_debug': 'true',
 'petscpartitioner_type': 'parmetis',
 'snes_atol': 1e-10,
 'snes_convergence_test': 'skip',
 'snes_lag_jacobian': -2,
 'snes_lag_preconditioner': -2,
 'snes_max_it': 1,
 'snes_rtol': 1e-10,
 'snes_stol': 1e-10,
 'snes_type': 'ksponly'}
Warm-up run complete.
Warm run complete.
order=10 nref= 1 baseN(quad=False)=16 | ndofs=  289603 | rel_resid[11]=2.43e-12 | overall_time(s)=8.279e+01 warm_time(s)=4.597e+00
Taylor Hood Problem has been set up
Setting up the solver..
{'ksp_atol': 1e-15,
 'ksp_error_if_not_converged': False,
 'ksp_max_it': 80,
 'ksp_monitor': None,
 'ksp_rtol': 1e-11,
 'ksp_type': 'fgmres',
 'mat_type': 'aij',
 'mg_coarse': {'assembled': {'pc_factor_mat_solver_type': 'mumps',
                             'pc_type': 'lu'},
               'ksp_type': 'preonly',
               'mat_type': 'aij',
               'pc_python_type': 'firedrake.AssembledPC',
               'pc_type': 'python'},
 'mg_levels': {'ksp_chebyshev_esteig': '0,0.25,0,1.1',
               'ksp_convergence_test': 'skip',
               'ksp_max_it': 2,
               'ksp_type': 'chebyshev',
               'pc_python_type': 'phmg.preconditioners.rlx_params.ASMVankaStarPC',
               'pc_type': 'python',
               'pc_vankastar_construct_dim': 0,
               'pc_vankastar_exclude_subspaces': '1',
               'pc_vankastar_sub_sub_pc_factor_shift_type': 'nonzero'},
 'pc_mg_multiplicative_cycles': 1,
 'pc_type': 'mg',
 'petscpartitioner_parmetis_debug': 'true',
 'petscpartitioner_type': 'parmetis',
 'snes_atol': 1e-10,
 'snes_convergence_test': 'skip',
 'snes_lag_jacobian': -2,
 'snes_lag_preconditioner': -2,
 'snes_max_it': 1,
 'snes_rtol': 1e-10,
 'snes_stol': 1e-10,
 'snes_type': 'ksponly'}
Warm-up run complete.
Warm run complete.
order=10 nref= 2 baseN(quad=False)=16 | ndofs= 1154691 | rel_resid[11]=2.26e-12 | overall_time(s)=1.423e+02 warm_time(s)=2.093e+01
Taylor Hood Problem has been set up
Setting up the solver..
{'ksp_atol': 1e-15,
 'ksp_error_if_not_converged': False,
 'ksp_max_it': 80,
 'ksp_monitor': None,
 'ksp_rtol': 1e-11,
 'ksp_type': 'fgmres',
 'mat_type': 'aij',
 'mg_coarse': {'assembled': {'pc_factor_mat_solver_type': 'mumps',
                             'pc_type': 'lu'},
               'ksp_type': 'preonly',
               'mat_type': 'aij',
               'pc_python_type': 'firedrake.AssembledPC',
               'pc_type': 'python'},
 'mg_levels': {'ksp_chebyshev_esteig': '0,0.25,0,1.1',
               'ksp_convergence_test': 'skip',
               'ksp_max_it': 2,
               'ksp_type': 'chebyshev',
               'pc_python_type': 'phmg.preconditioners.rlx_params.ASMVankaStarPC',
               'pc_type': 'python',
               'pc_vankastar_construct_dim': 0,
               'pc_vankastar_exclude_subspaces': '1',
               'pc_vankastar_sub_sub_pc_factor_shift_type': 'nonzero'},
 'pc_mg_multiplicative_cycles': 1,
 'pc_type': 'mg',
 'petscpartitioner_parmetis_debug': 'true',
 'petscpartitioner_type': 'parmetis',
 'snes_atol': 1e-10,
 'snes_convergence_test': 'skip',
 'snes_lag_jacobian': -2,
 'snes_lag_preconditioner': -2,
 'snes_max_it': 1,
 'snes_rtol': 1e-10,
 'snes_stol': 1e-10,
 'snes_type': 'ksponly'}
Warm-up run complete.
Warm run complete.
order=10 nref= 3 baseN(quad=False)=16 | ndofs= 4611331 | rel_resid[11]=2.51e-12 | overall_time(s)=4.567e+02 warm_time(s)=8.729e+01
