order= 3 nref= 1 baseN(quad=False)=51 | ndofs=  230523 | rel_resid[11]=4.21e-12 | overall_time(s)=6.891e+00 warm_time(s)=1.211e+00
order= 3 nref= 2 baseN(quad=False)=51 | ndofs=  918819 | rel_resid[12]=1.85e-12 | overall_time(s)=2.278e+01 warm_time(s)=5.599e+00
order= 3 nref= 3 baseN(quad=False)=51 | ndofs= 3668739 | rel_resid[12]=7.35e-12 | overall_time(s)=8.125e+02 warm_time(s)=1.904e+01
order= 4 nref= 1 baseN(quad=False)=39 | ndofs=  251163 | rel_resid[11]=5.35e-12 | overall_time(s)=9.545e+00 warm_time(s)=1.855e+00
order= 4 nref= 2 baseN(quad=False)=39 | ndofs= 1001211 | rel_resid[11]=3.16e-12 | overall_time(s)=2.472e+01 warm_time(s)=5.365e+00
order= 4 nref= 3 baseN(quad=False)=39 | ndofs= 3997971 | rel_resid[11]=4.71e-12 | overall_time(s)=5.192e+02 warm_time(s)=1.994e+01
order= 5 nref= 1 baseN(quad=False)=31 | ndofs=  255443 | rel_resid[11]=9.43e-13 | overall_time(s)=1.184e+01 warm_time(s)=1.327e+00
order= 5 nref= 2 baseN(quad=False)=31 | ndofs= 1018291 | rel_resid[10]=8.98e-12 | overall_time(s)=2.757e+01 warm_time(s)=5.615e+00
order= 5 nref= 3 baseN(quad=False)=31 | ndofs= 4066211 | rel_resid[11]=2.09e-12 | overall_time(s)=3.833e+02 warm_time(s)=2.303e+01
order= 6 nref= 1 baseN(quad=False)=26 | ndofs=  264059 | rel_resid[11]=2.40e-12 | overall_time(s)=1.832e+01 warm_time(s)=1.574e+00
order= 6 nref= 2 baseN(quad=False)=26 | ndofs= 1052691 | rel_resid[11]=1.87e-12 | overall_time(s)=3.718e+01 warm_time(s)=7.264e+00
order= 6 nref= 3 baseN(quad=False)=26 | ndofs= 4203683 | rel_resid[11]=1.78e-12 | overall_time(s)=3.208e+02 warm_time(s)=2.915e+01
order= 7 nref= 1 baseN(quad=False)=22 | ndofs=  261187 | rel_resid[11]=1.66e-12 | overall_time(s)=2.497e+01 warm_time(s)=2.053e+00
order= 7 nref= 2 baseN(quad=False)=22 | ndofs= 1041219 | rel_resid[10]=9.20e-12 | overall_time(s)=4.686e+01 warm_time(s)=8.135e+00
order= 7 nref= 3 baseN(quad=False)=22 | ndofs= 4157827 | rel_resid[11]=1.46e-12 | overall_time(s)=2.942e+02 warm_time(s)=3.580e+01
order= 8 nref= 1 baseN(quad=False)=20 | ndofs=  285043 | rel_resid[11]=1.69e-12 | overall_time(s)=3.887e+01 warm_time(s)=2.973e+00
order= 8 nref= 2 baseN(quad=False)=20 | ndofs= 1136483 | rel_resid[11]=9.08e-13 | overall_time(s)=7.832e+01 warm_time(s)=1.209e+01
order= 8 nref= 3 baseN(quad=False)=20 | ndofs= 4538563 | rel_resid[11]=7.61e-13 | overall_time(s)=3.441e+02 warm_time(s)=5.102e+01
order= 9 nref= 1 baseN(quad=False)=18 | ndofs=  294771 | rel_resid[11]=1.21e-12 | overall_time(s)=5.756e+01 warm_time(s)=3.628e+00
order= 9 nref= 2 baseN(quad=False)=18 | ndofs= 1175331 | rel_resid[10]=5.82e-12 | overall_time(s)=1.039e+02 warm_time(s)=1.448e+01
order= 9 nref= 3 baseN(quad=False)=18 | ndofs= 4693827 | rel_resid[10]=8.75e-12 | overall_time(s)=3.894e+02 warm_time(s)=6.234e+01
order=10 nref= 1 baseN(quad=False)=16 | ndofs=  289603 | rel_resid[11]=2.43e-12 | overall_time(s)=8.430e+01 warm_time(s)=4.877e+00
order=10 nref= 2 baseN(quad=False)=16 | ndofs= 1154691 | rel_resid[11]=2.26e-12 | overall_time(s)=1.431e+02 warm_time(s)=2.059e+01
order=10 nref= 3 baseN(quad=False)=16 | ndofs= 4611331 | rel_resid[11]=2.51e-12 | overall_time(s)=4.553e+02 warm_time(s)=8.736e+01
Overall run-time: 1h 15min 1s
