order= 3 nref= 1 baseN(quad=False)=8 | ndofs=  154151 | rel_resid[11]=1.57e-12 | overall_time(s)=8.329e+00 warm_time(s)=1.523e+00
order= 3 nref= 2 baseN(quad=False)=8 | ndofs=  613219 | rel_resid[12]=1.53e-12 | overall_time(s)=2.255e+01 warm_time(s)=6.478e+00
order= 3 nref= 3 baseN(quad=False)=8 | ndofs= 2446115 | rel_resid[13]=2.52e-12 | overall_time(s)=3.529e+02 warm_time(s)=2.584e+01
order= 4 nref= 1 baseN(quad=False)=7 | ndofs=  149931 | rel_resid[ 9]=2.10e-12 | overall_time(s)=4.329e+00 warm_time(s)=9.916e-01
order= 4 nref= 2 baseN(quad=False)=7 | ndofs=  596371 | rel_resid[10]=1.30e-12 | overall_time(s)=1.458e+01 warm_time(s)=4.130e+00
order= 4 nref= 3 baseN(quad=False)=7 | ndofs= 2378787 | rel_resid[12]=2.26e-12 | overall_time(s)=7.056e+01 warm_time(s)=1.973e+01
order= 5 nref= 1 baseN(quad=False)=6 | ndofs=  126533 | rel_resid[10]=5.36e-12 | overall_time(s)=4.184e+00 warm_time(s)=9.414e-01
order= 5 nref= 2 baseN(quad=False)=6 | ndofs=  503071 | rel_resid[12]=1.54e-12 | overall_time(s)=1.279e+01 warm_time(s)=4.045e+00
order= 5 nref= 3 baseN(quad=False)=6 | ndofs= 2006171 | rel_resid[15]=2.69e-12 | overall_time(s)=5.889e+01 warm_time(s)=1.905e+01
order= 6 nref= 1 baseN(quad=False)=6 | ndofs=  185574 | rel_resid[10]=8.21e-12 | overall_time(s)=6.857e+00 warm_time(s)=1.680e+00
order= 6 nref= 2 baseN(quad=False)=6 | ndofs=  738581 | rel_resid[12]=9.84e-12 | overall_time(s)=1.938e+01 warm_time(s)=6.166e+00
order= 6 nref= 3 baseN(quad=False)=6 | ndofs= 2946903 | rel_resid[16]=3.32e-12 | overall_time(s)=9.557e+01 warm_time(s)=3.188e+01
order= 7 nref= 1 baseN(quad=False)=5 | ndofs=  137747 | rel_resid[12]=1.44e-12 | overall_time(s)=5.742e+00 warm_time(s)=1.363e+00
order= 7 nref= 2 baseN(quad=False)=5 | ndofs=  547779 | rel_resid[14]=9.07e-12 | overall_time(s)=1.809e+01 warm_time(s)=5.963e+00
order= 7 nref= 3 baseN(quad=False)=5 | ndofs= 2184707 | rel_resid[19]=6.04e-12 | overall_time(s)=1.197e+02 warm_time(s)=3.091e+01
order= 8 nref= 1 baseN(quad=False)=4 | ndofs=   99749 | rel_resid[13]=5.43e-12 | overall_time(s)=5.609e+00 warm_time(s)=1.356e+00
order= 8 nref= 2 baseN(quad=False)=4 | ndofs=  396319 | rel_resid[17]=5.74e-12 | overall_time(s)=1.755e+01 warm_time(s)=6.095e+00
order= 8 nref= 3 baseN(quad=False)=4 | ndofs= 1579931 | rel_resid[24]=4.55e-12 | overall_time(s)=8.528e+01 warm_time(s)=3.283e+01
order= 9 nref= 1 baseN(quad=False)=3 | ndofs=   65279 | rel_resid[14]=2.00e-12 | overall_time(s)=5.322e+00 warm_time(s)=1.111e+00
order= 9 nref= 2 baseN(quad=False)=3 | ndofs=  258923 | rel_resid[25]=6.03e-12 | overall_time(s)=1.859e+01 warm_time(s)=6.851e+00
order= 9 nref= 3 baseN(quad=False)=3 | ndofs= 1031315 | rel_resid[42]=8.87e-12 | overall_time(s)=1.024e+02 warm_time(s)=4.288e+01
order=10 nref= 1 baseN(quad=False)=3 | ndofs=   81025 | rel_resid[17]=6.87e-12 | overall_time(s)=6.464e+00 warm_time(s)=1.816e+00
order=10 nref= 2 baseN(quad=False)=3 | ndofs=  321655 | rel_resid[40]=6.69e-12 | overall_time(s)=3.679e+01 warm_time(s)=1.507e+01
order=10 nref= 3 baseN(quad=False)=3 | ndofs= 1281739 | rel_resid[53]=9.37e-12 | overall_time(s)=1.757e+02 warm_time(s)=7.591e+01
Overall run-time: 0h 23min 13s
