order= 2 nref= 1 baseN(quad=False)=80 | ndofs=  269442 | rel_resid[12]=1.69e-12 | overall_time(s)=1.506e+01 warm_time(s)=3.865e+00
order= 2 nref= 2 baseN(quad=False)=80 | ndofs= 1076482 | rel_resid[11]=8.15e-12 | overall_time(s)=6.112e+01 warm_time(s)=1.530e+01
order= 2 nref= 3 baseN(quad=False)=80 | ndofs= 4303362 | rel_resid[12]=2.27e-12 | overall_time(s)=2.434e+03 warm_time(s)=6.006e+01
order= 3 nref= 1 baseN(quad=False)=52 | ndofs=  243986 | rel_resid[10]=3.06e-12 | overall_time(s)=7.203e+00 warm_time(s)=1.752e+00
order= 3 nref= 2 baseN(quad=False)=52 | ndofs=  974690 | rel_resid[11]=1.44e-12 | overall_time(s)=2.957e+01 warm_time(s)=8.053e+00
order= 3 nref= 3 baseN(quad=False)=52 | ndofs= 3896258 | rel_resid[11]=4.56e-12 | overall_time(s)=8.295e+02 warm_time(s)=3.158e+01
order= 4 nref= 1 baseN(quad=False)=40 | ndofs=  250242 | rel_resid[12]=7.71e-12 | overall_time(s)=7.602e+00 warm_time(s)=2.129e+00
order= 4 nref= 2 baseN(quad=False)=40 | ndofs=  999682 | rel_resid[13]=4.86e-12 | overall_time(s)=2.679e+01 warm_time(s)=8.137e+00
order= 4 nref= 3 baseN(quad=False)=40 | ndofs= 3996162 | rel_resid[14]=1.48e-12 | overall_time(s)=4.536e+02 warm_time(s)=3.410e+01
order= 5 nref= 1 baseN(quad=False)=32 | ndofs=  246402 | rel_resid[15]=3.59e-12 | overall_time(s)=8.809e+00 warm_time(s)=2.623e+00
order= 5 nref= 2 baseN(quad=False)=32 | ndofs=  984322 | rel_resid[16]=6.30e-12 | overall_time(s)=2.913e+01 warm_time(s)=9.922e+00
order= 5 nref= 3 baseN(quad=False)=32 | ndofs= 3934722 | rel_resid[16]=6.30e-12 | overall_time(s)=3.428e+02 warm_time(s)=3.858e+01
order= 6 nref= 1 baseN(quad=False)=26 | ndofs=  231818 | rel_resid[16]=5.79e-12 | overall_time(s)=8.715e+00 warm_time(s)=2.752e+00
order= 6 nref= 2 baseN(quad=False)=26 | ndofs=  926018 | rel_resid[19]=3.91e-12 | overall_time(s)=3.245e+01 warm_time(s)=1.187e+01
order= 6 nref= 3 baseN(quad=False)=26 | ndofs= 3701570 | rel_resid[19]=7.50e-12 | overall_time(s)=2.691e+02 warm_time(s)=4.657e+01
order= 7 nref= 1 baseN(quad=False)=22 | ndofs=  224226 | rel_resid[18]=6.19e-12 | overall_time(s)=1.064e+01 warm_time(s)=3.229e+00
order= 7 nref= 2 baseN(quad=False)=22 | ndofs=  895666 | rel_resid[22]=4.51e-12 | overall_time(s)=3.943e+01 warm_time(s)=1.486e+01
order= 7 nref= 3 baseN(quad=False)=22 | ndofs= 3580194 | rel_resid[25]=4.59e-12 | overall_time(s)=2.708e+02 warm_time(s)=6.733e+01
order= 8 nref= 1 baseN(quad=False)=20 | ndofs=  240642 | rel_resid[19]=6.01e-12 | overall_time(s)=1.451e+01 warm_time(s)=4.808e+00
order= 8 nref= 2 baseN(quad=False)=20 | ndofs=  961282 | rel_resid[23]=5.22e-12 | overall_time(s)=5.154e+01 warm_time(s)=1.968e+01
order= 8 nref= 3 baseN(quad=False)=20 | ndofs= 3842562 | rel_resid[31]=8.07e-12 | overall_time(s)=3.364e+02 warm_time(s)=1.023e+02
order= 9 nref= 1 baseN(quad=False)=16 | ndofs=  194114 | rel_resid[21]=5.94e-12 | overall_time(s)=1.745e+01 warm_time(s)=5.795e+00
order= 9 nref= 2 baseN(quad=False)=16 | ndofs=  775298 | rel_resid[28]=4.93e-12 | overall_time(s)=5.602e+01 warm_time(s)=2.236e+01
order= 9 nref= 3 baseN(quad=False)=16 | ndofs= 3098882 | rel_resid[43]=6.85e-12 | overall_time(s)=3.618e+02 warm_time(s)=1.339e+02
order=10 nref= 1 baseN(quad=False)=16 | ndofs=  238722 | rel_resid[21]=9.93e-12 | overall_time(s)=1.851e+01 warm_time(s)=6.317e+00
order=10 nref= 2 baseN(quad=False)=16 | ndofs=  953602 | rel_resid[30]=5.70e-12 | overall_time(s)=8.385e+01 warm_time(s)=3.346e+01
order=10 nref= 3 baseN(quad=False)=16 | ndofs= 3811842 | rel_resid[74]=9.36e-12 | overall_time(s)=7.579e+02 warm_time(s)=3.170e+02
Overall run-time: 1h 53min 46s
