order= 4 nref= 3 baseN(quad=False)=40 | ndofs= 3996162 | rel_resid[17]=9.65e-12 | overall_time(s)=1.459e+02 warm_time(s)=5.020e+01
Overall run-time: 0h 2min 30s
order= 3 nref= 1 baseN(quad=False)=52 | ndofs=  243986 | rel_resid[21]=6.28e-12 | overall_time(s)=1.320e+01 warm_time(s)=4.119e+00
order= 3 nref= 2 baseN(quad=False)=52 | ndofs=  974690 | rel_resid[20]=9.77e-12 | overall_time(s)=4.813e+01 warm_time(s)=1.991e+01
order= 3 nref= 3 baseN(quad=False)=52 | ndofs= 3896258 | rel_resid[20]=4.85e-12 | overall_time(s)=4.874e+02 warm_time(s)=8.141e+01
order= 4 nref= 1 baseN(quad=False)=40 | ndofs=  250242 | rel_resid[19]=5.82e-12 | overall_time(s)=1.207e+01 warm_time(s)=3.304e+00
order= 4 nref= 2 baseN(quad=False)=40 | ndofs=  999682 | rel_resid[18]=7.44e-12 | overall_time(s)=3.799e+01 warm_time(s)=1.469e+01
order= 4 nref= 3 baseN(quad=False)=40 | ndofs= 3996162 | rel_resid[17]=9.65e-12 | overall_time(s)=1.475e+02 warm_time(s)=5.593e+01
order= 5 nref= 1 baseN(quad=False)=32 | ndofs=  246402 | rel_resid[19]=3.98e-12 | overall_time(s)=1.357e+01 warm_time(s)=3.227e+00
order= 5 nref= 2 baseN(quad=False)=32 | ndofs=  984322 | rel_resid[18]=6.96e-12 | overall_time(s)=3.810e+01 warm_time(s)=1.402e+01
order= 5 nref= 3 baseN(quad=False)=32 | ndofs= 3934722 | rel_resid[18]=4.48e-12 | overall_time(s)=2.517e+02 warm_time(s)=5.454e+01
order= 6 nref= 1 baseN(quad=False)=26 | ndofs=  231818 | rel_resid[18]=3.62e-12 | overall_time(s)=1.597e+01 warm_time(s)=3.227e+00
order= 6 nref= 2 baseN(quad=False)=26 | ndofs=  926018 | rel_resid[17]=8.74e-12 | overall_time(s)=4.241e+01 warm_time(s)=1.404e+01
order= 6 nref= 3 baseN(quad=False)=26 | ndofs= 3701570 | rel_resid[17]=5.91e-12 | overall_time(s)=2.111e+02 warm_time(s)=5.414e+01
order= 7 nref= 1 baseN(quad=False)=22 | ndofs=  224226 | rel_resid[18]=4.88e-12 | overall_time(s)=2.278e+01 warm_time(s)=3.660e+00
order= 7 nref= 2 baseN(quad=False)=22 | ndofs=  895666 | rel_resid[17]=8.24e-12 | overall_time(s)=5.129e+01 warm_time(s)=1.621e+01
order= 7 nref= 3 baseN(quad=False)=22 | ndofs= 3580194 | rel_resid[17]=5.07e-12 | overall_time(s)=2.158e+02 warm_time(s)=6.340e+01
order= 8 nref= 1 baseN(quad=False)=20 | ndofs=  240642 | rel_resid[17]=7.31e-12 | overall_time(s)=3.554e+01 warm_time(s)=4.675e+00
order= 8 nref= 2 baseN(quad=False)=20 | ndofs=  961282 | rel_resid[16]=8.62e-12 | overall_time(s)=7.006e+01 warm_time(s)=2.063e+01
order= 8 nref= 3 baseN(quad=False)=20 | ndofs= 3842562 | rel_resid[16]=6.83e-12 | overall_time(s)=2.624e+02 warm_time(s)=8.280e+01
order= 9 nref= 1 baseN(quad=False)=16 | ndofs=  194114 | rel_resid[17]=7.44e-12 | overall_time(s)=4.436e+01 warm_time(s)=4.611e+00
order= 9 nref= 2 baseN(quad=False)=16 | ndofs=  775298 | rel_resid[16]=7.21e-12 | overall_time(s)=8.210e+01 warm_time(s)=2.114e+01
order= 9 nref= 3 baseN(quad=False)=16 | ndofs= 3098882 | rel_resid[16]=5.20e-12 | overall_time(s)=2.585e+02 warm_time(s)=8.480e+01
order=10 nref= 1 baseN(quad=False)=16 | ndofs=  238722 | rel_resid[16]=6.63e-12 | overall_time(s)=6.776e+01 warm_time(s)=6.974e+00
order=10 nref= 2 baseN(quad=False)=16 | ndofs=  953602 | rel_resid[16]=4.23e-12 | overall_time(s)=1.299e+02 warm_time(s)=3.390e+01
order=10 nref= 3 baseN(quad=False)=16 | ndofs= 3811842 | rel_resid[16]=3.28e-12 | overall_time(s)=4.020e+02 warm_time(s)=1.388e+02
Overall run-time: 0h 51min 5s
