Scott Vogelius Problem has been set up
Setting up the solver..
{'ksp_atol': 1e-15,
 'ksp_error_if_not_converged': False,
 'ksp_max_it': 80,
 'ksp_rtol': 1e-11,
 'ksp_type': 'fgmres',
 'ksp_view': None,
 'mat_type': 'aij',
 'pc_python_type': 'phmg.Direct_Coarsening_SVk_TH2',
 'pc_type': 'python',
 'petscpartitioner_parmetis_debug': 'true',
 'petscpartitioner_type': 'parmetis',
 'pmg': {'mg_levels': {'ksp_chebyshev_esteig': '0,0.25,0,1.1',
                       'ksp_convergence_test': 'skip',
                       'ksp_max_it': 2,
                       'ksp_type': 'chebyshev',
                       'pc_python_type': 'phmg.preconditioners.rlx_params.ASMVankaStarPC',
                       'pc_type': 'python',
                       'pc_vankastar_construct_dim': 0,
                       'pc_vankastar_exclude_subspaces': '1',
                       'pc_vankastar_sub_sub_pc_factor_shift_type': 'nonzero'},
         'pc_mg_type': 'multiplicative'},
 'pmg_mg_coarse': {'ksp_convergence_test': 'skip',
                   'ksp_norm': 'none',
                   'ksp_type': 'preonly',
                   'mg_coarse': {'ksp_type': 'preonly',
                                 'pc_factor_mat_solver_type': 'mumps',
                                 'pc_type': 'lu'},
                   'mg_levels': {'ksp_chebyshev_esteig': '0,0.25,0,1.1',
                                 'ksp_convergence_test': 'skip',
                                 'ksp_max_it': 2,
                                 'ksp_type': 'chebyshev',
                                 'pc_python_type': 'phmg.preconditioners.rlx_params.ASMVankaStarPC',
                                 'pc_type': 'python',
                                 'pc_vankastar_construct_dim': 0,
                                 'pc_vankastar_exclude_subspaces': '1',
                                 'pc_vankastar_sub_sub_pc_factor_shift_type': 'nonzero'},
                   'pc_mg_multiplicative_cycles': 2,
                   'pc_type': 'mg'},
 'snes_atol': 1e-10,
 'snes_convergence_test': 'skip',
 'snes_lag_jacobian': -2,
 'snes_lag_preconditioner': -2,
 'snes_max_it': 1,
 'snes_rtol': 1e-10,
 'snes_stol': 1e-10,
 'snes_type': 'ksponly'}
Warm-up run complete.
Warm run complete.
order= 2 nref= 1 baseN(quad=False)=80 | ndofs=  269442 | rel_resid[14]=5.58e-12 | overall_time(s)=1.895e+01 warm_time(s)=5.130e+00
Scott Vogelius Problem has been set up
Setting up the solver..
{'ksp_atol': 1e-15,
 'ksp_error_if_not_converged': False,
 'ksp_max_it': 80,
 'ksp_rtol': 1e-11,
 'ksp_type': 'fgmres',
 'ksp_view': None,
 'mat_type': 'aij',
 'pc_python_type': 'phmg.Direct_Coarsening_SVk_TH2',
 'pc_type': 'python',
 'petscpartitioner_parmetis_debug': 'true',
 'petscpartitioner_type': 'parmetis',
 'pmg': {'mg_levels': {'ksp_chebyshev_esteig': '0,0.25,0,1.1',
                       'ksp_convergence_test': 'skip',
                       'ksp_max_it': 2,
                       'ksp_type': 'chebyshev',
                       'pc_python_type': 'phmg.preconditioners.rlx_params.ASMVankaStarPC',
                       'pc_type': 'python',
                       'pc_vankastar_construct_dim': 0,
                       'pc_vankastar_exclude_subspaces': '1',
                       'pc_vankastar_sub_sub_pc_factor_shift_type': 'nonzero'},
         'pc_mg_type': 'multiplicative'},
 'pmg_mg_coarse': {'ksp_convergence_test': 'skip',
                   'ksp_norm': 'none',
                   'ksp_type': 'preonly',
                   'mg_coarse': {'ksp_type': 'preonly',
                                 'pc_factor_mat_solver_type': 'mumps',
                                 'pc_type': 'lu'},
                   'mg_levels': {'ksp_chebyshev_esteig': '0,0.25,0,1.1',
                                 'ksp_convergence_test': 'skip',
                                 'ksp_max_it': 2,
                                 'ksp_type': 'chebyshev',
                                 'pc_python_type': 'phmg.preconditioners.rlx_params.ASMVankaStarPC',
                                 'pc_type': 'python',
                                 'pc_vankastar_construct_dim': 0,
                                 'pc_vankastar_exclude_subspaces': '1',
                                 'pc_vankastar_sub_sub_pc_factor_shift_type': 'nonzero'},
                   'pc_mg_multiplicative_cycles': 2,
                   'pc_type': 'mg'},
 'snes_atol': 1e-10,
 'snes_convergence_test': 'skip',
 'snes_lag_jacobian': -2,
 'snes_lag_preconditioner': -2,
 'snes_max_it': 1,
 'snes_rtol': 1e-10,
 'snes_stol': 1e-10,
 'snes_type': 'ksponly'}
Warm-up run complete.
Warm run complete.
order= 2 nref= 2 baseN(quad=False)=80 | ndofs= 1076482 | rel_resid[14]=4.97e-12 | overall_time(s)=7.640e+01 warm_time(s)=2.225e+01
Scott Vogelius Problem has been set up
Setting up the solver..
{'ksp_atol': 1e-15,
 'ksp_error_if_not_converged': False,
 'ksp_max_it': 80,
 'ksp_rtol': 1e-11,
 'ksp_type': 'fgmres',
 'ksp_view': None,
 'mat_type': 'aij',
 'pc_python_type': 'phmg.Direct_Coarsening_SVk_TH2',
 'pc_type': 'python',
 'petscpartitioner_parmetis_debug': 'true',
 'petscpartitioner_type': 'parmetis',
 'pmg': {'mg_levels': {'ksp_chebyshev_esteig': '0,0.25,0,1.1',
                       'ksp_convergence_test': 'skip',
                       'ksp_max_it': 2,
                       'ksp_type': 'chebyshev',
                       'pc_python_type': 'phmg.preconditioners.rlx_params.ASMVankaStarPC',
                       'pc_type': 'python',
                       'pc_vankastar_construct_dim': 0,
                       'pc_vankastar_exclude_subspaces': '1',
                       'pc_vankastar_sub_sub_pc_factor_shift_type': 'nonzero'},
         'pc_mg_type': 'multiplicative'},
 'pmg_mg_coarse': {'ksp_convergence_test': 'skip',
                   'ksp_norm': 'none',
                   'ksp_type': 'preonly',
                   'mg_coarse': {'ksp_type': 'preonly',
                                 'pc_factor_mat_solver_type': 'mumps',
                                 'pc_type': 'lu'},
                   'mg_levels': {'ksp_chebyshev_esteig': '0,0.25,0,1.1',
                                 'ksp_convergence_test': 'skip',
                                 'ksp_max_it': 2,
                                 'ksp_type': 'chebyshev',
                                 'pc_python_type': 'phmg.preconditioners.rlx_params.ASMVankaStarPC',
                                 'pc_type': 'python',
                                 'pc_vankastar_construct_dim': 0,
                                 'pc_vankastar_exclude_subspaces': '1',
                                 'pc_vankastar_sub_sub_pc_factor_shift_type': 'nonzero'},
                   'pc_mg_multiplicative_cycles': 2,
                   'pc_type': 'mg'},
 'snes_atol': 1e-10,
 'snes_convergence_test': 'skip',
 'snes_lag_jacobian': -2,
 'snes_lag_preconditioner': -2,
 'snes_max_it': 1,
 'snes_rtol': 1e-10,
 'snes_stol': 1e-10,
 'snes_type': 'ksponly'}
Warm-up run complete.
Warm run complete.
order= 2 nref= 3 baseN(quad=False)=80 | ndofs= 4303362 | rel_resid[14]=4.76e-12 | overall_time(s)=2.511e+03 warm_time(s)=9.040e+01
Scott Vogelius Problem has been set up
Setting up the solver..
{'ksp_atol': 1e-15,
 'ksp_error_if_not_converged': False,
 'ksp_max_it': 80,
 'ksp_rtol': 1e-11,
 'ksp_type': 'fgmres',
 'ksp_view': None,
 'mat_type': 'aij',
 'pc_python_type': 'phmg.Direct_Coarsening_SVk_TH2',
 'pc_type': 'python',
 'petscpartitioner_parmetis_debug': 'true',
 'petscpartitioner_type': 'parmetis',
 'pmg': {'mg_levels': {'ksp_chebyshev_esteig': '0,0.25,0,1.1',
                       'ksp_convergence_test': 'skip',
                       'ksp_max_it': 2,
                       'ksp_type': 'chebyshev',
                       'pc_python_type': 'phmg.preconditioners.rlx_params.ASMVankaStarPC',
                       'pc_type': 'python',
                       'pc_vankastar_construct_dim': 0,
                       'pc_vankastar_exclude_subspaces': '1',
                       'pc_vankastar_sub_sub_pc_factor_shift_type': 'nonzero'},
         'pc_mg_type': 'multiplicative'},
 'pmg_mg_coarse': {'ksp_convergence_test': 'skip',
                   'ksp_norm': 'none',
                   'ksp_type': 'preonly',
                   'mg_coarse': {'ksp_type': 'preonly',
                                 'pc_factor_mat_solver_type': 'mumps',
                                 'pc_type': 'lu'},
                   'mg_levels': {'ksp_chebyshev_esteig': '0,0.25,0,1.1',
                                 'ksp_convergence_test': 'skip',
                                 'ksp_max_it': 2,
                                 'ksp_type': 'chebyshev',
                                 'pc_python_type': 'phmg.preconditioners.rlx_params.ASMVankaStarPC',
                                 'pc_type': 'python',
                                 'pc_vankastar_construct_dim': 0,
                                 'pc_vankastar_exclude_subspaces': '1',
                                 'pc_vankastar_sub_sub_pc_factor_shift_type': 'nonzero'},
                   'pc_mg_multiplicative_cycles': 2,
                   'pc_type': 'mg'},
 'snes_atol': 1e-10,
 'snes_convergence_test': 'skip',
 'snes_lag_jacobian': -2,
 'snes_lag_preconditioner': -2,
 'snes_max_it': 1,
 'snes_rtol': 1e-10,
 'snes_stol': 1e-10,
 'snes_type': 'ksponly'}
Warm-up run complete.
Warm run complete.
order= 3 nref= 1 baseN(quad=False)=52 | ndofs=  243986 | rel_resid[13]=2.12e-12 | overall_time(s)=9.114e+00 warm_time(s)=2.621e+00
Scott Vogelius Problem has been set up
Setting up the solver..
{'ksp_atol': 1e-15,
 'ksp_error_if_not_converged': False,
 'ksp_max_it': 80,
 'ksp_rtol': 1e-11,
 'ksp_type': 'fgmres',
 'ksp_view': None,
 'mat_type': 'aij',
 'pc_python_type': 'phmg.Direct_Coarsening_SVk_TH2',
 'pc_type': 'python',
 'petscpartitioner_parmetis_debug': 'true',
 'petscpartitioner_type': 'parmetis',
 'pmg': {'mg_levels': {'ksp_chebyshev_esteig': '0,0.25,0,1.1',
                       'ksp_convergence_test': 'skip',
                       'ksp_max_it': 2,
                       'ksp_type': 'chebyshev',
                       'pc_python_type': 'phmg.preconditioners.rlx_params.ASMVankaStarPC',
                       'pc_type': 'python',
                       'pc_vankastar_construct_dim': 0,
                       'pc_vankastar_exclude_subspaces': '1',
                       'pc_vankastar_sub_sub_pc_factor_shift_type': 'nonzero'},
         'pc_mg_type': 'multiplicative'},
 'pmg_mg_coarse': {'ksp_convergence_test': 'skip',
                   'ksp_norm': 'none',
                   'ksp_type': 'preonly',
                   'mg_coarse': {'ksp_type': 'preonly',
                                 'pc_factor_mat_solver_type': 'mumps',
                                 'pc_type': 'lu'},
                   'mg_levels': {'ksp_chebyshev_esteig': '0,0.25,0,1.1',
                                 'ksp_convergence_test': 'skip',
                                 'ksp_max_it': 2,
                                 'ksp_type': 'chebyshev',
                                 'pc_python_type': 'phmg.preconditioners.rlx_params.ASMVankaStarPC',
                                 'pc_type': 'python',
                                 'pc_vankastar_construct_dim': 0,
                                 'pc_vankastar_exclude_subspaces': '1',
                                 'pc_vankastar_sub_sub_pc_factor_shift_type': 'nonzero'},
                   'pc_mg_multiplicative_cycles': 2,
                   'pc_type': 'mg'},
 'snes_atol': 1e-10,
 'snes_convergence_test': 'skip',
 'snes_lag_jacobian': -2,
 'snes_lag_preconditioner': -2,
 'snes_max_it': 1,
 'snes_rtol': 1e-10,
 'snes_stol': 1e-10,
 'snes_type': 'ksponly'}
Warm-up run complete.
Warm run complete.
order= 3 nref= 2 baseN(quad=False)=52 | ndofs=  974690 | rel_resid[12]=7.06e-12 | overall_time(s)=3.213e+01 warm_time(s)=9.438e+00
Scott Vogelius Problem has been set up
Setting up the solver..
{'ksp_atol': 1e-15,
 'ksp_error_if_not_converged': False,
 'ksp_max_it': 80,
 'ksp_rtol': 1e-11,
 'ksp_type': 'fgmres',
 'ksp_view': None,
 'mat_type': 'aij',
 'pc_python_type': 'phmg.Direct_Coarsening_SVk_TH2',
 'pc_type': 'python',
 'petscpartitioner_parmetis_debug': 'true',
 'petscpartitioner_type': 'parmetis',
 'pmg': {'mg_levels': {'ksp_chebyshev_esteig': '0,0.25,0,1.1',
                       'ksp_convergence_test': 'skip',
                       'ksp_max_it': 2,
                       'ksp_type': 'chebyshev',
                       'pc_python_type': 'phmg.preconditioners.rlx_params.ASMVankaStarPC',
                       'pc_type': 'python',
                       'pc_vankastar_construct_dim': 0,
                       'pc_vankastar_exclude_subspaces': '1',
                       'pc_vankastar_sub_sub_pc_factor_shift_type': 'nonzero'},
         'pc_mg_type': 'multiplicative'},
 'pmg_mg_coarse': {'ksp_convergence_test': 'skip',
                   'ksp_norm': 'none',
                   'ksp_type': 'preonly',
                   'mg_coarse': {'ksp_type': 'preonly',
                                 'pc_factor_mat_solver_type': 'mumps',
                                 'pc_type': 'lu'},
                   'mg_levels': {'ksp_chebyshev_esteig': '0,0.25,0,1.1',
                                 'ksp_convergence_test': 'skip',
                                 'ksp_max_it': 2,
                                 'ksp_type': 'chebyshev',
                                 'pc_python_type': 'phmg.preconditioners.rlx_params.ASMVankaStarPC',
                                 'pc_type': 'python',
                                 'pc_vankastar_construct_dim': 0,
                                 'pc_vankastar_exclude_subspaces': '1',
                                 'pc_vankastar_sub_sub_pc_factor_shift_type': 'nonzero'},
                   'pc_mg_multiplicative_cycles': 2,
                   'pc_type': 'mg'},
 'snes_atol': 1e-10,
 'snes_convergence_test': 'skip',
 'snes_lag_jacobian': -2,
 'snes_lag_preconditioner': -2,
 'snes_max_it': 1,
 'snes_rtol': 1e-10,
 'snes_stol': 1e-10,
 'snes_type': 'ksponly'}
Warm-up run complete.
Warm run complete.
order= 3 nref= 3 baseN(quad=False)=52 | ndofs= 3896258 | rel_resid[12]=6.88e-12 | overall_time(s)=8.464e+02 warm_time(s)=3.725e+01
Scott Vogelius Problem has been set up
Setting up the solver..
{'ksp_atol': 1e-15,
 'ksp_error_if_not_converged': False,
 'ksp_max_it': 80,
 'ksp_rtol': 1e-11,
 'ksp_type': 'fgmres',
 'ksp_view': None,
 'mat_type': 'aij',
 'pc_python_type': 'phmg.Direct_Coarsening_SVk_TH2',
 'pc_type': 'python',
 'petscpartitioner_parmetis_debug': 'true',
 'petscpartitioner_type': 'parmetis',
 'pmg': {'mg_levels': {'ksp_chebyshev_esteig': '0,0.25,0,1.1',
                       'ksp_convergence_test': 'skip',
                       'ksp_max_it': 2,
                       'ksp_type': 'chebyshev',
                       'pc_python_type': 'phmg.preconditioners.rlx_params.ASMVankaStarPC',
                       'pc_type': 'python',
                       'pc_vankastar_construct_dim': 0,
                       'pc_vankastar_exclude_subspaces': '1',
                       'pc_vankastar_sub_sub_pc_factor_shift_type': 'nonzero'},
         'pc_mg_type': 'multiplicative'},
 'pmg_mg_coarse': {'ksp_convergence_test': 'skip',
                   'ksp_norm': 'none',
                   'ksp_type': 'preonly',
                   'mg_coarse': {'ksp_type': 'preonly',
                                 'pc_factor_mat_solver_type': 'mumps',
                                 'pc_type': 'lu'},
                   'mg_levels': {'ksp_chebyshev_esteig': '0,0.25,0,1.1',
                                 'ksp_convergence_test': 'skip',
                                 'ksp_max_it': 2,
                                 'ksp_type': 'chebyshev',
                                 'pc_python_type': 'phmg.preconditioners.rlx_params.ASMVankaStarPC',
                                 'pc_type': 'python',
                                 'pc_vankastar_construct_dim': 0,
                                 'pc_vankastar_exclude_subspaces': '1',
                                 'pc_vankastar_sub_sub_pc_factor_shift_type': 'nonzero'},
                   'pc_mg_multiplicative_cycles': 2,
                   'pc_type': 'mg'},
 'snes_atol': 1e-10,
 'snes_convergence_test': 'skip',
 'snes_lag_jacobian': -2,
 'snes_lag_preconditioner': -2,
 'snes_max_it': 1,
 'snes_rtol': 1e-10,
 'snes_stol': 1e-10,
 'snes_type': 'ksponly'}
Warm-up run complete.
Warm run complete.
order= 4 nref= 1 baseN(quad=False)=40 | ndofs=  250242 | rel_resid[15]=7.15e-12 | overall_time(s)=7.659e+00 warm_time(s)=2.170e+00
Scott Vogelius Problem has been set up
Setting up the solver..
{'ksp_atol': 1e-15,
 'ksp_error_if_not_converged': False,
 'ksp_max_it': 80,
 'ksp_rtol': 1e-11,
 'ksp_type': 'fgmres',
 'ksp_view': None,
 'mat_type': 'aij',
 'pc_python_type': 'phmg.Direct_Coarsening_SVk_TH2',
 'pc_type': 'python',
 'petscpartitioner_parmetis_debug': 'true',
 'petscpartitioner_type': 'parmetis',
 'pmg': {'mg_levels': {'ksp_chebyshev_esteig': '0,0.25,0,1.1',
                       'ksp_convergence_test': 'skip',
                       'ksp_max_it': 2,
                       'ksp_type': 'chebyshev',
                       'pc_python_type': 'phmg.preconditioners.rlx_params.ASMVankaStarPC',
                       'pc_type': 'python',
                       'pc_vankastar_construct_dim': 0,
                       'pc_vankastar_exclude_subspaces': '1',
                       'pc_vankastar_sub_sub_pc_factor_shift_type': 'nonzero'},
         'pc_mg_type': 'multiplicative'},
 'pmg_mg_coarse': {'ksp_convergence_test': 'skip',
                   'ksp_norm': 'none',
                   'ksp_type': 'preonly',
                   'mg_coarse': {'ksp_type': 'preonly',
                                 'pc_factor_mat_solver_type': 'mumps',
                                 'pc_type': 'lu'},
                   'mg_levels': {'ksp_chebyshev_esteig': '0,0.25,0,1.1',
                                 'ksp_convergence_test': 'skip',
                                 'ksp_max_it': 2,
                                 'ksp_type': 'chebyshev',
                                 'pc_python_type': 'phmg.preconditioners.rlx_params.ASMVankaStarPC',
                                 'pc_type': 'python',
                                 'pc_vankastar_construct_dim': 0,
                                 'pc_vankastar_exclude_subspaces': '1',
                                 'pc_vankastar_sub_sub_pc_factor_shift_type': 'nonzero'},
                   'pc_mg_multiplicative_cycles': 2,
                   'pc_type': 'mg'},
 'snes_atol': 1e-10,
 'snes_convergence_test': 'skip',
 'snes_lag_jacobian': -2,
 'snes_lag_preconditioner': -2,
 'snes_max_it': 1,
 'snes_rtol': 1e-10,
 'snes_stol': 1e-10,
 'snes_type': 'ksponly'}
Warm-up run complete.
Warm run complete.
order= 4 nref= 2 baseN(quad=False)=40 | ndofs=  999682 | rel_resid[15]=3.01e-12 | overall_time(s)=2.871e+01 warm_time(s)=9.287e+00
Scott Vogelius Problem has been set up
Setting up the solver..
{'ksp_atol': 1e-15,
 'ksp_error_if_not_converged': False,
 'ksp_max_it': 80,
 'ksp_rtol': 1e-11,
 'ksp_type': 'fgmres',
 'ksp_view': None,
 'mat_type': 'aij',
 'pc_python_type': 'phmg.Direct_Coarsening_SVk_TH2',
 'pc_type': 'python',
 'petscpartitioner_parmetis_debug': 'true',
 'petscpartitioner_type': 'parmetis',
 'pmg': {'mg_levels': {'ksp_chebyshev_esteig': '0,0.25,0,1.1',
                       'ksp_convergence_test': 'skip',
                       'ksp_max_it': 2,
                       'ksp_type': 'chebyshev',
                       'pc_python_type': 'phmg.preconditioners.rlx_params.ASMVankaStarPC',
                       'pc_type': 'python',
                       'pc_vankastar_construct_dim': 0,
                       'pc_vankastar_exclude_subspaces': '1',
                       'pc_vankastar_sub_sub_pc_factor_shift_type': 'nonzero'},
         'pc_mg_type': 'multiplicative'},
 'pmg_mg_coarse': {'ksp_convergence_test': 'skip',
                   'ksp_norm': 'none',
                   'ksp_type': 'preonly',
                   'mg_coarse': {'ksp_type': 'preonly',
                                 'pc_factor_mat_solver_type': 'mumps',
                                 'pc_type': 'lu'},
                   'mg_levels': {'ksp_chebyshev_esteig': '0,0.25,0,1.1',
                                 'ksp_convergence_test': 'skip',
                                 'ksp_max_it': 2,
                                 'ksp_type': 'chebyshev',
                                 'pc_python_type': 'phmg.preconditioners.rlx_params.ASMVankaStarPC',
                                 'pc_type': 'python',
                                 'pc_vankastar_construct_dim': 0,
                                 'pc_vankastar_exclude_subspaces': '1',
                                 'pc_vankastar_sub_sub_pc_factor_shift_type': 'nonzero'},
                   'pc_mg_multiplicative_cycles': 2,
                   'pc_type': 'mg'},
 'snes_atol': 1e-10,
 'snes_convergence_test': 'skip',
 'snes_lag_jacobian': -2,
 'snes_lag_preconditioner': -2,
 'snes_max_it': 1,
 'snes_rtol': 1e-10,
 'snes_stol': 1e-10,
 'snes_type': 'ksponly'}
Warm-up run complete.
Warm run complete.
order= 4 nref= 3 baseN(quad=False)=40 | ndofs= 3996162 | rel_resid[14]=7.48e-12 | overall_time(s)=4.495e+02 warm_time(s)=3.451e+01
Scott Vogelius Problem has been set up
Setting up the solver..
{'ksp_atol': 1e-15,
 'ksp_error_if_not_converged': False,
 'ksp_max_it': 80,
 'ksp_rtol': 1e-11,
 'ksp_type': 'fgmres',
 'ksp_view': None,
 'mat_type': 'aij',
 'pc_python_type': 'phmg.Direct_Coarsening_SVk_TH2',
 'pc_type': 'python',
 'petscpartitioner_parmetis_debug': 'true',
 'petscpartitioner_type': 'parmetis',
 'pmg': {'mg_levels': {'ksp_chebyshev_esteig': '0,0.25,0,1.1',
                       'ksp_convergence_test': 'skip',
                       'ksp_max_it': 2,
                       'ksp_type': 'chebyshev',
                       'pc_python_type': 'phmg.preconditioners.rlx_params.ASMVankaStarPC',
                       'pc_type': 'python',
                       'pc_vankastar_construct_dim': 0,
                       'pc_vankastar_exclude_subspaces': '1',
                       'pc_vankastar_sub_sub_pc_factor_shift_type': 'nonzero'},
         'pc_mg_type': 'multiplicative'},
 'pmg_mg_coarse': {'ksp_convergence_test': 'skip',
                   'ksp_norm': 'none',
                   'ksp_type': 'preonly',
                   'mg_coarse': {'ksp_type': 'preonly',
                                 'pc_factor_mat_solver_type': 'mumps',
                                 'pc_type': 'lu'},
                   'mg_levels': {'ksp_chebyshev_esteig': '0,0.25,0,1.1',
                                 'ksp_convergence_test': 'skip',
                                 'ksp_max_it': 2,
                                 'ksp_type': 'chebyshev',
                                 'pc_python_type': 'phmg.preconditioners.rlx_params.ASMVankaStarPC',
                                 'pc_type': 'python',
                                 'pc_vankastar_construct_dim': 0,
                                 'pc_vankastar_exclude_subspaces': '1',
                                 'pc_vankastar_sub_sub_pc_factor_shift_type': 'nonzero'},
                   'pc_mg_multiplicative_cycles': 2,
                   'pc_type': 'mg'},
 'snes_atol': 1e-10,
 'snes_convergence_test': 'skip',
 'snes_lag_jacobian': -2,
 'snes_lag_preconditioner': -2,
 'snes_max_it': 1,
 'snes_rtol': 1e-10,
 'snes_stol': 1e-10,
 'snes_type': 'ksponly'}
Warm-up run complete.
Warm run complete.
order= 5 nref= 1 baseN(quad=False)=32 | ndofs=  246402 | rel_resid[18]=4.84e-12 | overall_time(s)=8.861e+00 warm_time(s)=2.708e+00
Scott Vogelius Problem has been set up
Setting up the solver..
{'ksp_atol': 1e-15,
 'ksp_error_if_not_converged': False,
 'ksp_max_it': 80,
 'ksp_rtol': 1e-11,
 'ksp_type': 'fgmres',
 'ksp_view': None,
 'mat_type': 'aij',
 'pc_python_type': 'phmg.Direct_Coarsening_SVk_TH2',
 'pc_type': 'python',
 'petscpartitioner_parmetis_debug': 'true',
 'petscpartitioner_type': 'parmetis',
 'pmg': {'mg_levels': {'ksp_chebyshev_esteig': '0,0.25,0,1.1',
                       'ksp_convergence_test': 'skip',
                       'ksp_max_it': 2,
                       'ksp_type': 'chebyshev',
                       'pc_python_type': 'phmg.preconditioners.rlx_params.ASMVankaStarPC',
                       'pc_type': 'python',
                       'pc_vankastar_construct_dim': 0,
                       'pc_vankastar_exclude_subspaces': '1',
                       'pc_vankastar_sub_sub_pc_factor_shift_type': 'nonzero'},
         'pc_mg_type': 'multiplicative'},
 'pmg_mg_coarse': {'ksp_convergence_test': 'skip',
                   'ksp_norm': 'none',
                   'ksp_type': 'preonly',
                   'mg_coarse': {'ksp_type': 'preonly',
                                 'pc_factor_mat_solver_type': 'mumps',
                                 'pc_type': 'lu'},
                   'mg_levels': {'ksp_chebyshev_esteig': '0,0.25,0,1.1',
                                 'ksp_convergence_test': 'skip',
                                 'ksp_max_it': 2,
                                 'ksp_type': 'chebyshev',
                                 'pc_python_type': 'phmg.preconditioners.rlx_params.ASMVankaStarPC',
                                 'pc_type': 'python',
                                 'pc_vankastar_construct_dim': 0,
                                 'pc_vankastar_exclude_subspaces': '1',
                                 'pc_vankastar_sub_sub_pc_factor_shift_type': 'nonzero'},
                   'pc_mg_multiplicative_cycles': 2,
                   'pc_type': 'mg'},
 'snes_atol': 1e-10,
 'snes_convergence_test': 'skip',
 'snes_lag_jacobian': -2,
 'snes_lag_preconditioner': -2,
 'snes_max_it': 1,
 'snes_rtol': 1e-10,
 'snes_stol': 1e-10,
 'snes_type': 'ksponly'}
Warm-up run complete.
Warm run complete.
order= 5 nref= 2 baseN(quad=False)=32 | ndofs=  984322 | rel_resid[17]=6.17e-12 | overall_time(s)=2.748e+01 warm_time(s)=9.226e+00
Scott Vogelius Problem has been set up
Setting up the solver..
{'ksp_atol': 1e-15,
 'ksp_error_if_not_converged': False,
 'ksp_max_it': 80,
 'ksp_rtol': 1e-11,
 'ksp_type': 'fgmres',
 'ksp_view': None,
 'mat_type': 'aij',
 'pc_python_type': 'phmg.Direct_Coarsening_SVk_TH2',
 'pc_type': 'python',
 'petscpartitioner_parmetis_debug': 'true',
 'petscpartitioner_type': 'parmetis',
 'pmg': {'mg_levels': {'ksp_chebyshev_esteig': '0,0.25,0,1.1',
                       'ksp_convergence_test': 'skip',
                       'ksp_max_it': 2,
                       'ksp_type': 'chebyshev',
                       'pc_python_type': 'phmg.preconditioners.rlx_params.ASMVankaStarPC',
                       'pc_type': 'python',
                       'pc_vankastar_construct_dim': 0,
                       'pc_vankastar_exclude_subspaces': '1',
                       'pc_vankastar_sub_sub_pc_factor_shift_type': 'nonzero'},
         'pc_mg_type': 'multiplicative'},
 'pmg_mg_coarse': {'ksp_convergence_test': 'skip',
                   'ksp_norm': 'none',
                   'ksp_type': 'preonly',
                   'mg_coarse': {'ksp_type': 'preonly',
                                 'pc_factor_mat_solver_type': 'mumps',
                                 'pc_type': 'lu'},
                   'mg_levels': {'ksp_chebyshev_esteig': '0,0.25,0,1.1',
                                 'ksp_convergence_test': 'skip',
                                 'ksp_max_it': 2,
                                 'ksp_type': 'chebyshev',
                                 'pc_python_type': 'phmg.preconditioners.rlx_params.ASMVankaStarPC',
                                 'pc_type': 'python',
                                 'pc_vankastar_construct_dim': 0,
                                 'pc_vankastar_exclude_subspaces': '1',
                                 'pc_vankastar_sub_sub_pc_factor_shift_type': 'nonzero'},
                   'pc_mg_multiplicative_cycles': 2,
                   'pc_type': 'mg'},
 'snes_atol': 1e-10,
 'snes_convergence_test': 'skip',
 'snes_lag_jacobian': -2,
 'snes_lag_preconditioner': -2,
 'snes_max_it': 1,
 'snes_rtol': 1e-10,
 'snes_stol': 1e-10,
 'snes_type': 'ksponly'}
Warm-up run complete.
Warm run complete.
order= 5 nref= 3 baseN(quad=False)=32 | ndofs= 3934722 | rel_resid[17]=4.54e-12 | overall_time(s)=3.335e+02 warm_time(s)=3.551e+01
Scott Vogelius Problem has been set up
Setting up the solver..
{'ksp_atol': 1e-15,
 'ksp_error_if_not_converged': False,
 'ksp_max_it': 80,
 'ksp_rtol': 1e-11,
 'ksp_type': 'fgmres',
 'ksp_view': None,
 'mat_type': 'aij',
 'pc_python_type': 'phmg.Direct_Coarsening_SVk_TH2',
 'pc_type': 'python',
 'petscpartitioner_parmetis_debug': 'true',
 'petscpartitioner_type': 'parmetis',
 'pmg': {'mg_levels': {'ksp_chebyshev_esteig': '0,0.25,0,1.1',
                       'ksp_convergence_test': 'skip',
                       'ksp_max_it': 2,
                       'ksp_type': 'chebyshev',
                       'pc_python_type': 'phmg.preconditioners.rlx_params.ASMVankaStarPC',
                       'pc_type': 'python',
                       'pc_vankastar_construct_dim': 0,
                       'pc_vankastar_exclude_subspaces': '1',
                       'pc_vankastar_sub_sub_pc_factor_shift_type': 'nonzero'},
         'pc_mg_type': 'multiplicative'},
 'pmg_mg_coarse': {'ksp_convergence_test': 'skip',
                   'ksp_norm': 'none',
                   'ksp_type': 'preonly',
                   'mg_coarse': {'ksp_type': 'preonly',
                                 'pc_factor_mat_solver_type': 'mumps',
                                 'pc_type': 'lu'},
                   'mg_levels': {'ksp_chebyshev_esteig': '0,0.25,0,1.1',
                                 'ksp_convergence_test': 'skip',
                                 'ksp_max_it': 2,
                                 'ksp_type': 'chebyshev',
                                 'pc_python_type': 'phmg.preconditioners.rlx_params.ASMVankaStarPC',
                                 'pc_type': 'python',
                                 'pc_vankastar_construct_dim': 0,
                                 'pc_vankastar_exclude_subspaces': '1',
                                 'pc_vankastar_sub_sub_pc_factor_shift_type': 'nonzero'},
                   'pc_mg_multiplicative_cycles': 2,
                   'pc_type': 'mg'},
 'snes_atol': 1e-10,
 'snes_convergence_test': 'skip',
 'snes_lag_jacobian': -2,
 'snes_lag_preconditioner': -2,
 'snes_max_it': 1,
 'snes_rtol': 1e-10,
 'snes_stol': 1e-10,
 'snes_type': 'ksponly'}
Warm-up run complete.
Warm run complete.
order= 6 nref= 1 baseN(quad=False)=26 | ndofs=  231818 | rel_resid[20]=4.19e-12 | overall_time(s)=8.475e+00 warm_time(s)=2.611e+00
Scott Vogelius Problem has been set up
Setting up the solver..
{'ksp_atol': 1e-15,
 'ksp_error_if_not_converged': False,
 'ksp_max_it': 80,
 'ksp_rtol': 1e-11,
 'ksp_type': 'fgmres',
 'ksp_view': None,
 'mat_type': 'aij',
 'pc_python_type': 'phmg.Direct_Coarsening_SVk_TH2',
 'pc_type': 'python',
 'petscpartitioner_parmetis_debug': 'true',
 'petscpartitioner_type': 'parmetis',
 'pmg': {'mg_levels': {'ksp_chebyshev_esteig': '0,0.25,0,1.1',
                       'ksp_convergence_test': 'skip',
                       'ksp_max_it': 2,
                       'ksp_type': 'chebyshev',
                       'pc_python_type': 'phmg.preconditioners.rlx_params.ASMVankaStarPC',
                       'pc_type': 'python',
                       'pc_vankastar_construct_dim': 0,
                       'pc_vankastar_exclude_subspaces': '1',
                       'pc_vankastar_sub_sub_pc_factor_shift_type': 'nonzero'},
         'pc_mg_type': 'multiplicative'},
 'pmg_mg_coarse': {'ksp_convergence_test': 'skip',
                   'ksp_norm': 'none',
                   'ksp_type': 'preonly',
                   'mg_coarse': {'ksp_type': 'preonly',
                                 'pc_factor_mat_solver_type': 'mumps',
                                 'pc_type': 'lu'},
                   'mg_levels': {'ksp_chebyshev_esteig': '0,0.25,0,1.1',
                                 'ksp_convergence_test': 'skip',
                                 'ksp_max_it': 2,
                                 'ksp_type': 'chebyshev',
                                 'pc_python_type': 'phmg.preconditioners.rlx_params.ASMVankaStarPC',
                                 'pc_type': 'python',
                                 'pc_vankastar_construct_dim': 0,
                                 'pc_vankastar_exclude_subspaces': '1',
                                 'pc_vankastar_sub_sub_pc_factor_shift_type': 'nonzero'},
                   'pc_mg_multiplicative_cycles': 2,
                   'pc_type': 'mg'},
 'snes_atol': 1e-10,
 'snes_convergence_test': 'skip',
 'snes_lag_jacobian': -2,
 'snes_lag_preconditioner': -2,
 'snes_max_it': 1,
 'snes_rtol': 1e-10,
 'snes_stol': 1e-10,
 'snes_type': 'ksponly'}
Warm-up run complete.
Warm run complete.
order= 6 nref= 2 baseN(quad=False)=26 | ndofs=  926018 | rel_resid[19]=5.33e-12 | overall_time(s)=2.798e+01 warm_time(s)=9.637e+00
Scott Vogelius Problem has been set up
Setting up the solver..
{'ksp_atol': 1e-15,
 'ksp_error_if_not_converged': False,
 'ksp_max_it': 80,
 'ksp_rtol': 1e-11,
 'ksp_type': 'fgmres',
 'ksp_view': None,
 'mat_type': 'aij',
 'pc_python_type': 'phmg.Direct_Coarsening_SVk_TH2',
 'pc_type': 'python',
 'petscpartitioner_parmetis_debug': 'true',
 'petscpartitioner_type': 'parmetis',
 'pmg': {'mg_levels': {'ksp_chebyshev_esteig': '0,0.25,0,1.1',
                       'ksp_convergence_test': 'skip',
                       'ksp_max_it': 2,
                       'ksp_type': 'chebyshev',
                       'pc_python_type': 'phmg.preconditioners.rlx_params.ASMVankaStarPC',
                       'pc_type': 'python',
                       'pc_vankastar_construct_dim': 0,
                       'pc_vankastar_exclude_subspaces': '1',
                       'pc_vankastar_sub_sub_pc_factor_shift_type': 'nonzero'},
         'pc_mg_type': 'multiplicative'},
 'pmg_mg_coarse': {'ksp_convergence_test': 'skip',
                   'ksp_norm': 'none',
                   'ksp_type': 'preonly',
                   'mg_coarse': {'ksp_type': 'preonly',
                                 'pc_factor_mat_solver_type': 'mumps',
                                 'pc_type': 'lu'},
                   'mg_levels': {'ksp_chebyshev_esteig': '0,0.25,0,1.1',
                                 'ksp_convergence_test': 'skip',
                                 'ksp_max_it': 2,
                                 'ksp_type': 'chebyshev',
                                 'pc_python_type': 'phmg.preconditioners.rlx_params.ASMVankaStarPC',
                                 'pc_type': 'python',
                                 'pc_vankastar_construct_dim': 0,
                                 'pc_vankastar_exclude_subspaces': '1',
                                 'pc_vankastar_sub_sub_pc_factor_shift_type': 'nonzero'},
                   'pc_mg_multiplicative_cycles': 2,
                   'pc_type': 'mg'},
 'snes_atol': 1e-10,
 'snes_convergence_test': 'skip',
 'snes_lag_jacobian': -2,
 'snes_lag_preconditioner': -2,
 'snes_max_it': 1,
 'snes_rtol': 1e-10,
 'snes_stol': 1e-10,
 'snes_type': 'ksponly'}
Warm-up run complete.
Warm run complete.
order= 6 nref= 3 baseN(quad=False)=26 | ndofs= 3701570 | rel_resid[19]=3.50e-12 | overall_time(s)=2.539e+02 warm_time(s)=3.755e+01
Scott Vogelius Problem has been set up
Setting up the solver..
{'ksp_atol': 1e-15,
 'ksp_error_if_not_converged': False,
 'ksp_max_it': 80,
 'ksp_rtol': 1e-11,
 'ksp_type': 'fgmres',
 'ksp_view': None,
 'mat_type': 'aij',
 'pc_python_type': 'phmg.Direct_Coarsening_SVk_TH2',
 'pc_type': 'python',
 'petscpartitioner_parmetis_debug': 'true',
 'petscpartitioner_type': 'parmetis',
 'pmg': {'mg_levels': {'ksp_chebyshev_esteig': '0,0.25,0,1.1',
                       'ksp_convergence_test': 'skip',
                       'ksp_max_it': 2,
                       'ksp_type': 'chebyshev',
                       'pc_python_type': 'phmg.preconditioners.rlx_params.ASMVankaStarPC',
                       'pc_type': 'python',
                       'pc_vankastar_construct_dim': 0,
                       'pc_vankastar_exclude_subspaces': '1',
                       'pc_vankastar_sub_sub_pc_factor_shift_type': 'nonzero'},
         'pc_mg_type': 'multiplicative'},
 'pmg_mg_coarse': {'ksp_convergence_test': 'skip',
                   'ksp_norm': 'none',
                   'ksp_type': 'preonly',
                   'mg_coarse': {'ksp_type': 'preonly',
                                 'pc_factor_mat_solver_type': 'mumps',
                                 'pc_type': 'lu'},
                   'mg_levels': {'ksp_chebyshev_esteig': '0,0.25,0,1.1',
                                 'ksp_convergence_test': 'skip',
                                 'ksp_max_it': 2,
                                 'ksp_type': 'chebyshev',
                                 'pc_python_type': 'phmg.preconditioners.rlx_params.ASMVankaStarPC',
                                 'pc_type': 'python',
                                 'pc_vankastar_construct_dim': 0,
                                 'pc_vankastar_exclude_subspaces': '1',
                                 'pc_vankastar_sub_sub_pc_factor_shift_type': 'nonzero'},
                   'pc_mg_multiplicative_cycles': 2,
                   'pc_type': 'mg'},
 'snes_atol': 1e-10,
 'snes_convergence_test': 'skip',
 'snes_lag_jacobian': -2,
 'snes_lag_preconditioner': -2,
 'snes_max_it': 1,
 'snes_rtol': 1e-10,
 'snes_stol': 1e-10,
 'snes_type': 'ksponly'}
Warm-up run complete.
Warm run complete.
order= 7 nref= 1 baseN(quad=False)=22 | ndofs=  224226 | rel_resid[22]=5.86e-12 | overall_time(s)=1.102e+01 warm_time(s)=3.386e+00
Scott Vogelius Problem has been set up
Setting up the solver..
{'ksp_atol': 1e-15,
 'ksp_error_if_not_converged': False,
 'ksp_max_it': 80,
 'ksp_rtol': 1e-11,
 'ksp_type': 'fgmres',
 'ksp_view': None,
 'mat_type': 'aij',
 'pc_python_type': 'phmg.Direct_Coarsening_SVk_TH2',
 'pc_type': 'python',
 'petscpartitioner_parmetis_debug': 'true',
 'petscpartitioner_type': 'parmetis',
 'pmg': {'mg_levels': {'ksp_chebyshev_esteig': '0,0.25,0,1.1',
                       'ksp_convergence_test': 'skip',
                       'ksp_max_it': 2,
                       'ksp_type': 'chebyshev',
                       'pc_python_type': 'phmg.preconditioners.rlx_params.ASMVankaStarPC',
                       'pc_type': 'python',
                       'pc_vankastar_construct_dim': 0,
                       'pc_vankastar_exclude_subspaces': '1',
                       'pc_vankastar_sub_sub_pc_factor_shift_type': 'nonzero'},
         'pc_mg_type': 'multiplicative'},
 'pmg_mg_coarse': {'ksp_convergence_test': 'skip',
                   'ksp_norm': 'none',
                   'ksp_type': 'preonly',
                   'mg_coarse': {'ksp_type': 'preonly',
                                 'pc_factor_mat_solver_type': 'mumps',
                                 'pc_type': 'lu'},
                   'mg_levels': {'ksp_chebyshev_esteig': '0,0.25,0,1.1',
                                 'ksp_convergence_test': 'skip',
                                 'ksp_max_it': 2,
                                 'ksp_type': 'chebyshev',
                                 'pc_python_type': 'phmg.preconditioners.rlx_params.ASMVankaStarPC',
                                 'pc_type': 'python',
                                 'pc_vankastar_construct_dim': 0,
                                 'pc_vankastar_exclude_subspaces': '1',
                                 'pc_vankastar_sub_sub_pc_factor_shift_type': 'nonzero'},
                   'pc_mg_multiplicative_cycles': 2,
                   'pc_type': 'mg'},
 'snes_atol': 1e-10,
 'snes_convergence_test': 'skip',
 'snes_lag_jacobian': -2,
 'snes_lag_preconditioner': -2,
 'snes_max_it': 1,
 'snes_rtol': 1e-10,
 'snes_stol': 1e-10,
 'snes_type': 'ksponly'}
Warm-up run complete.
Warm run complete.
order= 7 nref= 2 baseN(quad=False)=22 | ndofs=  895666 | rel_resid[21]=6.78e-12 | overall_time(s)=3.135e+01 warm_time(s)=1.111e+01
Scott Vogelius Problem has been set up
Setting up the solver..
{'ksp_atol': 1e-15,
 'ksp_error_if_not_converged': False,
 'ksp_max_it': 80,
 'ksp_rtol': 1e-11,
 'ksp_type': 'fgmres',
 'ksp_view': None,
 'mat_type': 'aij',
 'pc_python_type': 'phmg.Direct_Coarsening_SVk_TH2',
 'pc_type': 'python',
 'petscpartitioner_parmetis_debug': 'true',
 'petscpartitioner_type': 'parmetis',
 'pmg': {'mg_levels': {'ksp_chebyshev_esteig': '0,0.25,0,1.1',
                       'ksp_convergence_test': 'skip',
                       'ksp_max_it': 2,
                       'ksp_type': 'chebyshev',
                       'pc_python_type': 'phmg.preconditioners.rlx_params.ASMVankaStarPC',
                       'pc_type': 'python',
                       'pc_vankastar_construct_dim': 0,
                       'pc_vankastar_exclude_subspaces': '1',
                       'pc_vankastar_sub_sub_pc_factor_shift_type': 'nonzero'},
         'pc_mg_type': 'multiplicative'},
 'pmg_mg_coarse': {'ksp_convergence_test': 'skip',
                   'ksp_norm': 'none',
                   'ksp_type': 'preonly',
                   'mg_coarse': {'ksp_type': 'preonly',
                                 'pc_factor_mat_solver_type': 'mumps',
                                 'pc_type': 'lu'},
                   'mg_levels': {'ksp_chebyshev_esteig': '0,0.25,0,1.1',
                                 'ksp_convergence_test': 'skip',
                                 'ksp_max_it': 2,
                                 'ksp_type': 'chebyshev',
                                 'pc_python_type': 'phmg.preconditioners.rlx_params.ASMVankaStarPC',
                                 'pc_type': 'python',
                                 'pc_vankastar_construct_dim': 0,
                                 'pc_vankastar_exclude_subspaces': '1',
                                 'pc_vankastar_sub_sub_pc_factor_shift_type': 'nonzero'},
                   'pc_mg_multiplicative_cycles': 2,
                   'pc_type': 'mg'},
 'snes_atol': 1e-10,
 'snes_convergence_test': 'skip',
 'snes_lag_jacobian': -2,
 'snes_lag_preconditioner': -2,
 'snes_max_it': 1,
 'snes_rtol': 1e-10,
 'snes_stol': 1e-10,
 'snes_type': 'ksponly'}
Warm-up run complete.
Warm run complete.
order= 7 nref= 3 baseN(quad=False)=22 | ndofs= 3580194 | rel_resid[21]=4.25e-12 | overall_time(s)=2.257e+02 warm_time(s)=4.382e+01
Scott Vogelius Problem has been set up
Setting up the solver..
{'ksp_atol': 1e-15,
 'ksp_error_if_not_converged': False,
 'ksp_max_it': 80,
 'ksp_rtol': 1e-11,
 'ksp_type': 'fgmres',
 'ksp_view': None,
 'mat_type': 'aij',
 'pc_python_type': 'phmg.Direct_Coarsening_SVk_TH2',
 'pc_type': 'python',
 'petscpartitioner_parmetis_debug': 'true',
 'petscpartitioner_type': 'parmetis',
 'pmg': {'mg_levels': {'ksp_chebyshev_esteig': '0,0.25,0,1.1',
                       'ksp_convergence_test': 'skip',
                       'ksp_max_it': 2,
                       'ksp_type': 'chebyshev',
                       'pc_python_type': 'phmg.preconditioners.rlx_params.ASMVankaStarPC',
                       'pc_type': 'python',
                       'pc_vankastar_construct_dim': 0,
                       'pc_vankastar_exclude_subspaces': '1',
                       'pc_vankastar_sub_sub_pc_factor_shift_type': 'nonzero'},
         'pc_mg_type': 'multiplicative'},
 'pmg_mg_coarse': {'ksp_convergence_test': 'skip',
                   'ksp_norm': 'none',
                   'ksp_type': 'preonly',
                   'mg_coarse': {'ksp_type': 'preonly',
                                 'pc_factor_mat_solver_type': 'mumps',
                                 'pc_type': 'lu'},
                   'mg_levels': {'ksp_chebyshev_esteig': '0,0.25,0,1.1',
                                 'ksp_convergence_test': 'skip',
                                 'ksp_max_it': 2,
                                 'ksp_type': 'chebyshev',
                                 'pc_python_type': 'phmg.preconditioners.rlx_params.ASMVankaStarPC',
                                 'pc_type': 'python',
                                 'pc_vankastar_construct_dim': 0,
                                 'pc_vankastar_exclude_subspaces': '1',
                                 'pc_vankastar_sub_sub_pc_factor_shift_type': 'nonzero'},
                   'pc_mg_multiplicative_cycles': 2,
                   'pc_type': 'mg'},
 'snes_atol': 1e-10,
 'snes_convergence_test': 'skip',
 'snes_lag_jacobian': -2,
 'snes_lag_preconditioner': -2,
 'snes_max_it': 1,
 'snes_rtol': 1e-10,
 'snes_stol': 1e-10,
 'snes_type': 'ksponly'}
Warm-up run complete.
Warm run complete.
order= 8 nref= 1 baseN(quad=False)=20 | ndofs=  240642 | rel_resid[24]=4.25e-12 | overall_time(s)=1.265e+01 warm_time(s)=4.212e+00
Scott Vogelius Problem has been set up
Setting up the solver..
{'ksp_atol': 1e-15,
 'ksp_error_if_not_converged': False,
 'ksp_max_it': 80,
 'ksp_rtol': 1e-11,
 'ksp_type': 'fgmres',
 'ksp_view': None,
 'mat_type': 'aij',
 'pc_python_type': 'phmg.Direct_Coarsening_SVk_TH2',
 'pc_type': 'python',
 'petscpartitioner_parmetis_debug': 'true',
 'petscpartitioner_type': 'parmetis',
 'pmg': {'mg_levels': {'ksp_chebyshev_esteig': '0,0.25,0,1.1',
                       'ksp_convergence_test': 'skip',
                       'ksp_max_it': 2,
                       'ksp_type': 'chebyshev',
                       'pc_python_type': 'phmg.preconditioners.rlx_params.ASMVankaStarPC',
                       'pc_type': 'python',
                       'pc_vankastar_construct_dim': 0,
                       'pc_vankastar_exclude_subspaces': '1',
                       'pc_vankastar_sub_sub_pc_factor_shift_type': 'nonzero'},
         'pc_mg_type': 'multiplicative'},
 'pmg_mg_coarse': {'ksp_convergence_test': 'skip',
                   'ksp_norm': 'none',
                   'ksp_type': 'preonly',
                   'mg_coarse': {'ksp_type': 'preonly',
                                 'pc_factor_mat_solver_type': 'mumps',
                                 'pc_type': 'lu'},
                   'mg_levels': {'ksp_chebyshev_esteig': '0,0.25,0,1.1',
                                 'ksp_convergence_test': 'skip',
                                 'ksp_max_it': 2,
                                 'ksp_type': 'chebyshev',
                                 'pc_python_type': 'phmg.preconditioners.rlx_params.ASMVankaStarPC',
                                 'pc_type': 'python',
                                 'pc_vankastar_construct_dim': 0,
                                 'pc_vankastar_exclude_subspaces': '1',
                                 'pc_vankastar_sub_sub_pc_factor_shift_type': 'nonzero'},
                   'pc_mg_multiplicative_cycles': 2,
                   'pc_type': 'mg'},
 'snes_atol': 1e-10,
 'snes_convergence_test': 'skip',
 'snes_lag_jacobian': -2,
 'snes_lag_preconditioner': -2,
 'snes_max_it': 1,
 'snes_rtol': 1e-10,
 'snes_stol': 1e-10,
 'snes_type': 'ksponly'}
Warm-up run complete.
Warm run complete.
order= 8 nref= 2 baseN(quad=False)=20 | ndofs=  961282 | rel_resid[23]=4.77e-12 | overall_time(s)=4.121e+01 warm_time(s)=1.469e+01
Scott Vogelius Problem has been set up
Setting up the solver..
{'ksp_atol': 1e-15,
 'ksp_error_if_not_converged': False,
 'ksp_max_it': 80,
 'ksp_rtol': 1e-11,
 'ksp_type': 'fgmres',
 'ksp_view': None,
 'mat_type': 'aij',
 'pc_python_type': 'phmg.Direct_Coarsening_SVk_TH2',
 'pc_type': 'python',
 'petscpartitioner_parmetis_debug': 'true',
 'petscpartitioner_type': 'parmetis',
 'pmg': {'mg_levels': {'ksp_chebyshev_esteig': '0,0.25,0,1.1',
                       'ksp_convergence_test': 'skip',
                       'ksp_max_it': 2,
                       'ksp_type': 'chebyshev',
                       'pc_python_type': 'phmg.preconditioners.rlx_params.ASMVankaStarPC',
                       'pc_type': 'python',
                       'pc_vankastar_construct_dim': 0,
                       'pc_vankastar_exclude_subspaces': '1',
                       'pc_vankastar_sub_sub_pc_factor_shift_type': 'nonzero'},
         'pc_mg_type': 'multiplicative'},
 'pmg_mg_coarse': {'ksp_convergence_test': 'skip',
                   'ksp_norm': 'none',
                   'ksp_type': 'preonly',
                   'mg_coarse': {'ksp_type': 'preonly',
                                 'pc_factor_mat_solver_type': 'mumps',
                                 'pc_type': 'lu'},
                   'mg_levels': {'ksp_chebyshev_esteig': '0,0.25,0,1.1',
                                 'ksp_convergence_test': 'skip',
                                 'ksp_max_it': 2,
                                 'ksp_type': 'chebyshev',
                                 'pc_python_type': 'phmg.preconditioners.rlx_params.ASMVankaStarPC',
                                 'pc_type': 'python',
                                 'pc_vankastar_construct_dim': 0,
                                 'pc_vankastar_exclude_subspaces': '1',
                                 'pc_vankastar_sub_sub_pc_factor_shift_type': 'nonzero'},
                   'pc_mg_multiplicative_cycles': 2,
                   'pc_type': 'mg'},
 'snes_atol': 1e-10,
 'snes_convergence_test': 'skip',
 'snes_lag_jacobian': -2,
 'snes_lag_preconditioner': -2,
 'snes_max_it': 1,
 'snes_rtol': 1e-10,
 'snes_stol': 1e-10,
 'snes_type': 'ksponly'}
Warm-up run complete.
Warm run complete.
order= 8 nref= 3 baseN(quad=False)=20 | ndofs= 3842562 | rel_resid[22]=7.15e-12 | overall_time(s)=2.421e+02 warm_time(s)=5.400e+01
Scott Vogelius Problem has been set up
Setting up the solver..
{'ksp_atol': 1e-15,
 'ksp_error_if_not_converged': False,
 'ksp_max_it': 80,
 'ksp_rtol': 1e-11,
 'ksp_type': 'fgmres',
 'ksp_view': None,
 'mat_type': 'aij',
 'pc_python_type': 'phmg.Direct_Coarsening_SVk_TH2',
 'pc_type': 'python',
 'petscpartitioner_parmetis_debug': 'true',
 'petscpartitioner_type': 'parmetis',
 'pmg': {'mg_levels': {'ksp_chebyshev_esteig': '0,0.25,0,1.1',
                       'ksp_convergence_test': 'skip',
                       'ksp_max_it': 2,
                       'ksp_type': 'chebyshev',
                       'pc_python_type': 'phmg.preconditioners.rlx_params.ASMVankaStarPC',
                       'pc_type': 'python',
                       'pc_vankastar_construct_dim': 0,
                       'pc_vankastar_exclude_subspaces': '1',
                       'pc_vankastar_sub_sub_pc_factor_shift_type': 'nonzero'},
         'pc_mg_type': 'multiplicative'},
 'pmg_mg_coarse': {'ksp_convergence_test': 'skip',
                   'ksp_norm': 'none',
                   'ksp_type': 'preonly',
                   'mg_coarse': {'ksp_type': 'preonly',
                                 'pc_factor_mat_solver_type': 'mumps',
                                 'pc_type': 'lu'},
                   'mg_levels': {'ksp_chebyshev_esteig': '0,0.25,0,1.1',
                                 'ksp_convergence_test': 'skip',
                                 'ksp_max_it': 2,
                                 'ksp_type': 'chebyshev',
                                 'pc_python_type': 'phmg.preconditioners.rlx_params.ASMVankaStarPC',
                                 'pc_type': 'python',
                                 'pc_vankastar_construct_dim': 0,
                                 'pc_vankastar_exclude_subspaces': '1',
                                 'pc_vankastar_sub_sub_pc_factor_shift_type': 'nonzero'},
                   'pc_mg_multiplicative_cycles': 2,
                   'pc_type': 'mg'},
 'snes_atol': 1e-10,
 'snes_convergence_test': 'skip',
 'snes_lag_jacobian': -2,
 'snes_lag_preconditioner': -2,
 'snes_max_it': 1,
 'snes_rtol': 1e-10,
 'snes_stol': 1e-10,
 'snes_type': 'ksponly'}
Warm-up run complete.
Warm run complete.
order= 9 nref= 1 baseN(quad=False)=16 | ndofs=  194114 | rel_resid[26]=6.36e-12 | overall_time(s)=1.324e+01 warm_time(s)=4.430e+00
Scott Vogelius Problem has been set up
Setting up the solver..
{'ksp_atol': 1e-15,
 'ksp_error_if_not_converged': False,
 'ksp_max_it': 80,
 'ksp_rtol': 1e-11,
 'ksp_type': 'fgmres',
 'ksp_view': None,
 'mat_type': 'aij',
 'pc_python_type': 'phmg.Direct_Coarsening_SVk_TH2',
 'pc_type': 'python',
 'petscpartitioner_parmetis_debug': 'true',
 'petscpartitioner_type': 'parmetis',
 'pmg': {'mg_levels': {'ksp_chebyshev_esteig': '0,0.25,0,1.1',
                       'ksp_convergence_test': 'skip',
                       'ksp_max_it': 2,
                       'ksp_type': 'chebyshev',
                       'pc_python_type': 'phmg.preconditioners.rlx_params.ASMVankaStarPC',
                       'pc_type': 'python',
                       'pc_vankastar_construct_dim': 0,
                       'pc_vankastar_exclude_subspaces': '1',
                       'pc_vankastar_sub_sub_pc_factor_shift_type': 'nonzero'},
         'pc_mg_type': 'multiplicative'},
 'pmg_mg_coarse': {'ksp_convergence_test': 'skip',
                   'ksp_norm': 'none',
                   'ksp_type': 'preonly',
                   'mg_coarse': {'ksp_type': 'preonly',
                                 'pc_factor_mat_solver_type': 'mumps',
                                 'pc_type': 'lu'},
                   'mg_levels': {'ksp_chebyshev_esteig': '0,0.25,0,1.1',
                                 'ksp_convergence_test': 'skip',
                                 'ksp_max_it': 2,
                                 'ksp_type': 'chebyshev',
                                 'pc_python_type': 'phmg.preconditioners.rlx_params.ASMVankaStarPC',
                                 'pc_type': 'python',
                                 'pc_vankastar_construct_dim': 0,
                                 'pc_vankastar_exclude_subspaces': '1',
                                 'pc_vankastar_sub_sub_pc_factor_shift_type': 'nonzero'},
                   'pc_mg_multiplicative_cycles': 2,
                   'pc_type': 'mg'},
 'snes_atol': 1e-10,
 'snes_convergence_test': 'skip',
 'snes_lag_jacobian': -2,
 'snes_lag_preconditioner': -2,
 'snes_max_it': 1,
 'snes_rtol': 1e-10,
 'snes_stol': 1e-10,
 'snes_type': 'ksponly'}
Warm-up run complete.
Warm run complete.
order= 9 nref= 2 baseN(quad=False)=16 | ndofs=  775298 | rel_resid[25]=5.30e-12 | overall_time(s)=4.034e+01 warm_time(s)=1.456e+01
Scott Vogelius Problem has been set up
Setting up the solver..
{'ksp_atol': 1e-15,
 'ksp_error_if_not_converged': False,
 'ksp_max_it': 80,
 'ksp_rtol': 1e-11,
 'ksp_type': 'fgmres',
 'ksp_view': None,
 'mat_type': 'aij',
 'pc_python_type': 'phmg.Direct_Coarsening_SVk_TH2',
 'pc_type': 'python',
 'petscpartitioner_parmetis_debug': 'true',
 'petscpartitioner_type': 'parmetis',
 'pmg': {'mg_levels': {'ksp_chebyshev_esteig': '0,0.25,0,1.1',
                       'ksp_convergence_test': 'skip',
                       'ksp_max_it': 2,
                       'ksp_type': 'chebyshev',
                       'pc_python_type': 'phmg.preconditioners.rlx_params.ASMVankaStarPC',
                       'pc_type': 'python',
                       'pc_vankastar_construct_dim': 0,
                       'pc_vankastar_exclude_subspaces': '1',
                       'pc_vankastar_sub_sub_pc_factor_shift_type': 'nonzero'},
         'pc_mg_type': 'multiplicative'},
 'pmg_mg_coarse': {'ksp_convergence_test': 'skip',
                   'ksp_norm': 'none',
                   'ksp_type': 'preonly',
                   'mg_coarse': {'ksp_type': 'preonly',
                                 'pc_factor_mat_solver_type': 'mumps',
                                 'pc_type': 'lu'},
                   'mg_levels': {'ksp_chebyshev_esteig': '0,0.25,0,1.1',
                                 'ksp_convergence_test': 'skip',
                                 'ksp_max_it': 2,
                                 'ksp_type': 'chebyshev',
                                 'pc_python_type': 'phmg.preconditioners.rlx_params.ASMVankaStarPC',
                                 'pc_type': 'python',
                                 'pc_vankastar_construct_dim': 0,
                                 'pc_vankastar_exclude_subspaces': '1',
                                 'pc_vankastar_sub_sub_pc_factor_shift_type': 'nonzero'},
                   'pc_mg_multiplicative_cycles': 2,
                   'pc_type': 'mg'},
 'snes_atol': 1e-10,
 'snes_convergence_test': 'skip',
 'snes_lag_jacobian': -2,
 'snes_lag_preconditioner': -2,
 'snes_max_it': 1,
 'snes_rtol': 1e-10,
 'snes_stol': 1e-10,
 'snes_type': 'ksponly'}
Warm-up run complete.
Warm run complete.
order= 9 nref= 3 baseN(quad=False)=16 | ndofs= 3098882 | rel_resid[24]=6.79e-12 | overall_time(s)=2.001e+02 warm_time(s)=5.374e+01
Scott Vogelius Problem has been set up
Setting up the solver..
{'ksp_atol': 1e-15,
 'ksp_error_if_not_converged': False,
 'ksp_max_it': 80,
 'ksp_rtol': 1e-11,
 'ksp_type': 'fgmres',
 'ksp_view': None,
 'mat_type': 'aij',
 'pc_python_type': 'phmg.Direct_Coarsening_SVk_TH2',
 'pc_type': 'python',
 'petscpartitioner_parmetis_debug': 'true',
 'petscpartitioner_type': 'parmetis',
 'pmg': {'mg_levels': {'ksp_chebyshev_esteig': '0,0.25,0,1.1',
                       'ksp_convergence_test': 'skip',
                       'ksp_max_it': 2,
                       'ksp_type': 'chebyshev',
                       'pc_python_type': 'phmg.preconditioners.rlx_params.ASMVankaStarPC',
                       'pc_type': 'python',
                       'pc_vankastar_construct_dim': 0,
                       'pc_vankastar_exclude_subspaces': '1',
                       'pc_vankastar_sub_sub_pc_factor_shift_type': 'nonzero'},
         'pc_mg_type': 'multiplicative'},
 'pmg_mg_coarse': {'ksp_convergence_test': 'skip',
                   'ksp_norm': 'none',
                   'ksp_type': 'preonly',
                   'mg_coarse': {'ksp_type': 'preonly',
                                 'pc_factor_mat_solver_type': 'mumps',
                                 'pc_type': 'lu'},
                   'mg_levels': {'ksp_chebyshev_esteig': '0,0.25,0,1.1',
                                 'ksp_convergence_test': 'skip',
                                 'ksp_max_it': 2,
                                 'ksp_type': 'chebyshev',
                                 'pc_python_type': 'phmg.preconditioners.rlx_params.ASMVankaStarPC',
                                 'pc_type': 'python',
                                 'pc_vankastar_construct_dim': 0,
                                 'pc_vankastar_exclude_subspaces': '1',
                                 'pc_vankastar_sub_sub_pc_factor_shift_type': 'nonzero'},
                   'pc_mg_multiplicative_cycles': 2,
                   'pc_type': 'mg'},
 'snes_atol': 1e-10,
 'snes_convergence_test': 'skip',
 'snes_lag_jacobian': -2,
 'snes_lag_preconditioner': -2,
 'snes_max_it': 1,
 'snes_rtol': 1e-10,
 'snes_stol': 1e-10,
 'snes_type': 'ksponly'}
Warm-up run complete.
Warm run complete.
order=10 nref= 1 baseN(quad=False)=16 | ndofs=  238722 | rel_resid[27]=8.75e-12 | overall_time(s)=1.825e+01 warm_time(s)=5.952e+00
Scott Vogelius Problem has been set up
Setting up the solver..
{'ksp_atol': 1e-15,
 'ksp_error_if_not_converged': False,
 'ksp_max_it': 80,
 'ksp_rtol': 1e-11,
 'ksp_type': 'fgmres',
 'ksp_view': None,
 'mat_type': 'aij',
 'pc_python_type': 'phmg.Direct_Coarsening_SVk_TH2',
 'pc_type': 'python',
 'petscpartitioner_parmetis_debug': 'true',
 'petscpartitioner_type': 'parmetis',
 'pmg': {'mg_levels': {'ksp_chebyshev_esteig': '0,0.25,0,1.1',
                       'ksp_convergence_test': 'skip',
                       'ksp_max_it': 2,
                       'ksp_type': 'chebyshev',
                       'pc_python_type': 'phmg.preconditioners.rlx_params.ASMVankaStarPC',
                       'pc_type': 'python',
                       'pc_vankastar_construct_dim': 0,
                       'pc_vankastar_exclude_subspaces': '1',
                       'pc_vankastar_sub_sub_pc_factor_shift_type': 'nonzero'},
         'pc_mg_type': 'multiplicative'},
 'pmg_mg_coarse': {'ksp_convergence_test': 'skip',
                   'ksp_norm': 'none',
                   'ksp_type': 'preonly',
                   'mg_coarse': {'ksp_type': 'preonly',
                                 'pc_factor_mat_solver_type': 'mumps',
                                 'pc_type': 'lu'},
                   'mg_levels': {'ksp_chebyshev_esteig': '0,0.25,0,1.1',
                                 'ksp_convergence_test': 'skip',
                                 'ksp_max_it': 2,
                                 'ksp_type': 'chebyshev',
                                 'pc_python_type': 'phmg.preconditioners.rlx_params.ASMVankaStarPC',
                                 'pc_type': 'python',
                                 'pc_vankastar_construct_dim': 0,
                                 'pc_vankastar_exclude_subspaces': '1',
                                 'pc_vankastar_sub_sub_pc_factor_shift_type': 'nonzero'},
                   'pc_mg_multiplicative_cycles': 2,
                   'pc_type': 'mg'},
 'snes_atol': 1e-10,
 'snes_convergence_test': 'skip',
 'snes_lag_jacobian': -2,
 'snes_lag_preconditioner': -2,
 'snes_max_it': 1,
 'snes_rtol': 1e-10,
 'snes_stol': 1e-10,
 'snes_type': 'ksponly'}
Warm-up run complete.
Warm run complete.
order=10 nref= 2 baseN(quad=False)=16 | ndofs=  953602 | rel_resid[26]=6.70e-12 | overall_time(s)=5.846e+01 warm_time(s)=2.088e+01
Scott Vogelius Problem has been set up
Setting up the solver..
{'ksp_atol': 1e-15,
 'ksp_error_if_not_converged': False,
 'ksp_max_it': 80,
 'ksp_rtol': 1e-11,
 'ksp_type': 'fgmres',
 'ksp_view': None,
 'mat_type': 'aij',
 'pc_python_type': 'phmg.Direct_Coarsening_SVk_TH2',
 'pc_type': 'python',
 'petscpartitioner_parmetis_debug': 'true',
 'petscpartitioner_type': 'parmetis',
 'pmg': {'mg_levels': {'ksp_chebyshev_esteig': '0,0.25,0,1.1',
                       'ksp_convergence_test': 'skip',
                       'ksp_max_it': 2,
                       'ksp_type': 'chebyshev',
                       'pc_python_type': 'phmg.preconditioners.rlx_params.ASMVankaStarPC',
                       'pc_type': 'python',
                       'pc_vankastar_construct_dim': 0,
                       'pc_vankastar_exclude_subspaces': '1',
                       'pc_vankastar_sub_sub_pc_factor_shift_type': 'nonzero'},
         'pc_mg_type': 'multiplicative'},
 'pmg_mg_coarse': {'ksp_convergence_test': 'skip',
                   'ksp_norm': 'none',
                   'ksp_type': 'preonly',
                   'mg_coarse': {'ksp_type': 'preonly',
                                 'pc_factor_mat_solver_type': 'mumps',
                                 'pc_type': 'lu'},
                   'mg_levels': {'ksp_chebyshev_esteig': '0,0.25,0,1.1',
                                 'ksp_convergence_test': 'skip',
                                 'ksp_max_it': 2,
                                 'ksp_type': 'chebyshev',
                                 'pc_python_type': 'phmg.preconditioners.rlx_params.ASMVankaStarPC',
                                 'pc_type': 'python',
                                 'pc_vankastar_construct_dim': 0,
                                 'pc_vankastar_exclude_subspaces': '1',
                                 'pc_vankastar_sub_sub_pc_factor_shift_type': 'nonzero'},
                   'pc_mg_multiplicative_cycles': 2,
                   'pc_type': 'mg'},
 'snes_atol': 1e-10,
 'snes_convergence_test': 'skip',
 'snes_lag_jacobian': -2,
 'snes_lag_preconditioner': -2,
 'snes_max_it': 1,
 'snes_rtol': 1e-10,
 'snes_stol': 1e-10,
 'snes_type': 'ksponly'}
Warm-up run complete.
Warm run complete.
order=10 nref= 3 baseN(quad=False)=16 | ndofs= 3811842 | rel_resid[25]=8.40e-12 | overall_time(s)=2.760e+02 warm_time(s)=7.667e+01
