order= 3 nref= 1 baseN(quad=False)=52 | ndofs=  243986 | rel_resid[21]=8.97e-12 | overall_time(s)=1.979e+01 warm_time(s)=7.704e+00
order= 3 nref= 2 baseN(quad=False)=52 | ndofs=  974690 | rel_resid[20]=8.21e-12 | overall_time(s)=7.303e+01 warm_time(s)=3.008e+01
order= 3 nref= 3 baseN(quad=False)=52 | ndofs= 3896258 | rel_resid[20]=4.14e-12 | overall_time(s)=5.857e+02 warm_time(s)=1.213e+02
order= 4 nref= 1 baseN(quad=False)=40 | ndofs=  250242 | rel_resid[19]=5.99e-12 | overall_time(s)=1.256e+01 warm_time(s)=4.926e+00
order= 4 nref= 2 baseN(quad=False)=40 | ndofs=  999682 | rel_resid[19]=4.48e-12 | overall_time(s)=4.701e+01 warm_time(s)=1.981e+01
order= 4 nref= 3 baseN(quad=False)=40 | ndofs= 3996162 | rel_resid[18]=5.82e-12 | overall_time(s)=1.910e+02 warm_time(s)=7.546e+01
order= 5 nref= 1 baseN(quad=False)=32 | ndofs=  246402 | rel_resid[19]=7.83e-12 | overall_time(s)=1.161e+01 warm_time(s)=3.986e+00
order= 5 nref= 2 baseN(quad=False)=32 | ndofs=  984322 | rel_resid[19]=4.67e-12 | overall_time(s)=3.814e+01 warm_time(s)=1.616e+01
order= 5 nref= 3 baseN(quad=False)=32 | ndofs= 3934722 | rel_resid[18]=9.70e-12 | overall_time(s)=2.562e+02 warm_time(s)=5.905e+01
order= 6 nref= 1 baseN(quad=False)=26 | ndofs=  231818 | rel_resid[18]=9.27e-12 | overall_time(s)=9.531e+00 warm_time(s)=3.367e+00
order= 6 nref= 2 baseN(quad=False)=26 | ndofs=  926018 | rel_resid[18]=6.10e-12 | overall_time(s)=3.274e+01 warm_time(s)=1.365e+01
order= 6 nref= 3 baseN(quad=False)=26 | ndofs= 3701570 | rel_resid[17]=6.83e-12 | overall_time(s)=1.896e+02 warm_time(s)=4.837e+01
order= 7 nref= 1 baseN(quad=False)=22 | ndofs=  224226 | rel_resid[19]=3.93e-12 | overall_time(s)=9.616e+00 warm_time(s)=3.688e+00
order= 7 nref= 2 baseN(quad=False)=22 | ndofs=  895666 | rel_resid[18]=7.04e-12 | overall_time(s)=3.209e+01 warm_time(s)=1.345e+01
order= 7 nref= 3 baseN(quad=False)=22 | ndofs= 3580194 | rel_resid[17]=6.55e-12 | overall_time(s)=1.702e+02 warm_time(s)=4.926e+01
order= 8 nref= 1 baseN(quad=False)=20 | ndofs=  240642 | rel_resid[18]=5.91e-12 | overall_time(s)=1.157e+01 warm_time(s)=4.230e+00
order= 8 nref= 2 baseN(quad=False)=20 | ndofs=  961282 | rel_resid[17]=6.92e-12 | overall_time(s)=3.675e+01 warm_time(s)=1.516e+01
order= 8 nref= 3 baseN(quad=False)=20 | ndofs= 3842562 | rel_resid[17]=4.24e-12 | overall_time(s)=1.839e+02 warm_time(s)=5.755e+01
order= 9 nref= 1 baseN(quad=False)=16 | ndofs=  194114 | rel_resid[18]=6.86e-12 | overall_time(s)=1.117e+01 warm_time(s)=4.053e+00
order= 9 nref= 2 baseN(quad=False)=16 | ndofs=  775298 | rel_resid[17]=7.22e-12 | overall_time(s)=3.339e+01 warm_time(s)=1.346e+01
order= 9 nref= 3 baseN(quad=False)=16 | ndofs= 3098882 | rel_resid[17]=4.05e-12 | overall_time(s)=1.498e+02 warm_time(s)=5.091e+01
order=10 nref= 1 baseN(quad=False)=16 | ndofs=  238722 | rel_resid[17]=6.16e-12 | overall_time(s)=1.508e+01 warm_time(s)=5.081e+00
order=10 nref= 2 baseN(quad=False)=16 | ndofs=  953602 | rel_resid[17]=4.02e-12 | overall_time(s)=4.498e+01 warm_time(s)=1.834e+01
order=10 nref= 3 baseN(quad=False)=16 | ndofs= 3811842 | rel_resid[16]=9.18e-12 | overall_time(s)=1.943e+02 warm_time(s)=6.705e+01
Overall run-time: 0h 41min 10s
