order= 3 nref= 1 baseN(quad=False)=6 | ndofs=  171116 | rel_resid[32]=7.30e-12 | overall_time(s)=6.973e+00 warm_time(s)=1.782e+00
order= 3 nref= 2 baseN(quad=False)=6 | ndofs=  683150 | rel_resid[32]=6.96e-12 | overall_time(s)=1.979e+01 warm_time(s)=7.483e+00
order= 3 nref= 3 baseN(quad=False)=6 | ndofs= 2729978 | rel_resid[32]=5.79e-12 | overall_time(s)=7.741e+01 warm_time(s)=3.082e+01
order= 4 nref= 1 baseN(quad=False)=6 | ndofs=  296338 | rel_resid[29]=6.03e-12 | overall_time(s)=1.099e+01 warm_time(s)=3.088e+00
order= 4 nref= 2 baseN(quad=False)=6 | ndofs= 1183602 | rel_resid[29]=5.72e-12 | overall_time(s)=3.491e+01 warm_time(s)=1.315e+01
order= 4 nref= 3 baseN(quad=False)=6 | ndofs= 4730914 | rel_resid[28]=7.48e-12 | overall_time(s)=1.280e+02 warm_time(s)=5.015e+01
order= 5 nref= 1 baseN(quad=False)=5 | ndofs=  244642 | rel_resid[28]=9.96e-12 | overall_time(s)=1.316e+01 warm_time(s)=2.949e+00
order= 5 nref= 2 baseN(quad=False)=5 | ndofs=  976962 | rel_resid[28]=8.61e-12 | overall_time(s)=3.557e+01 warm_time(s)=1.270e+01
order= 5 nref= 3 baseN(quad=False)=5 | ndofs= 3904642 | rel_resid[28]=6.42e-12 | overall_time(s)=1.307e+02 warm_time(s)=5.106e+01
order= 6 nref= 1 baseN(quad=False)=4 | ndofs=  190850 | rel_resid[28]=8.22e-12 | overall_time(s)=1.542e+01 warm_time(s)=2.795e+00
order= 6 nref= 2 baseN(quad=False)=4 | ndofs=  762002 | rel_resid[28]=6.61e-12 | overall_time(s)=3.768e+01 warm_time(s)=1.257e+01
order= 6 nref= 3 baseN(quad=False)=4 | ndofs= 3045218 | rel_resid[28]=5.03e-12 | overall_time(s)=1.316e+02 warm_time(s)=5.042e+01
order= 7 nref= 1 baseN(quad=False)=4 | ndofs=  257686 | rel_resid[28]=6.64e-12 | overall_time(s)=2.459e+01 warm_time(s)=4.649e+00
order= 7 nref= 2 baseN(quad=False)=4 | ndofs= 1029114 | rel_resid[28]=5.16e-12 | overall_time(s)=6.457e+01 warm_time(s)=2.168e+01
order= 7 nref= 3 baseN(quad=False)=4 | ndofs= 4113202 | rel_resid[28]=4.05e-12 | overall_time(s)=2.213e+02 warm_time(s)=8.655e+01
order= 8 nref= 1 baseN(quad=False)=4 | ndofs=  334530 | rel_resid[28]=5.34e-12 | overall_time(s)=4.273e+01 warm_time(s)=7.794e+00
order= 8 nref= 2 baseN(quad=False)=4 | ndofs= 1336258 | rel_resid[28]=4.13e-12 | overall_time(s)=1.140e+02 warm_time(s)=3.679e+01
order= 8 nref= 3 baseN(quad=False)=4 | ndofs= 5341314 | rel_resid[28]=3.21e-12 | overall_time(s)=3.808e+02 warm_time(s)=1.528e+02
order= 9 nref= 1 baseN(quad=False)=3 | ndofs=  215462 | rel_resid[28]=4.16e-12 | overall_time(s)=4.808e+01 warm_time(s)=6.545e+00
order= 9 nref= 2 baseN(quad=False)=3 | ndofs=  860330 | rel_resid[28]=3.57e-12 | overall_time(s)=1.091e+02 warm_time(s)=3.157e+01
order= 9 nref= 3 baseN(quad=False)=3 | ndofs= 3438290 | rel_resid[27]=8.37e-12 | overall_time(s)=3.375e+02 warm_time(s)=1.274e+02
order=10 nref= 1 baseN(quad=False)=3 | ndofs=  264962 | rel_resid[28]=3.60e-12 | overall_time(s)=7.480e+01 warm_time(s)=1.056e+01
order=10 nref= 2 baseN(quad=False)=3 | ndofs= 1058162 | rel_resid[27]=8.64e-12 | overall_time(s)=1.670e+02 warm_time(s)=4.983e+01
order=10 nref= 3 baseN(quad=False)=3 | ndofs= 4229282 | rel_resid[27]=6.55e-12 | overall_time(s)=5.395e+02 warm_time(s)=2.113e+02
Overall run-time: 0h 48min 3s
