order= 3 nref= 1 baseN(quad=False)=8 | ndofs=  154151 | rel_resid[12]=4.99e-12 | overall_time(s)=1.083e+01 warm_time(s)=2.722e+00
order= 3 nref= 2 baseN(quad=False)=8 | ndofs=  613219 | rel_resid[12]=1.62e-12 | overall_time(s)=3.257e+01 warm_time(s)=1.162e+01
order= 3 nref= 3 baseN(quad=False)=8 | ndofs= 2446115 | rel_resid[11]=6.93e-12 | overall_time(s)=3.856e+02 warm_time(s)=4.243e+01
order= 4 nref= 1 baseN(quad=False)=7 | ndofs=  149931 | rel_resid[11]=1.79e-12 | overall_time(s)=5.923e+00 warm_time(s)=1.718e+00
order= 4 nref= 2 baseN(quad=False)=7 | ndofs=  596371 | rel_resid[11]=1.78e-12 | overall_time(s)=2.130e+01 warm_time(s)=7.422e+00
order= 4 nref= 3 baseN(quad=False)=7 | ndofs= 2378787 | rel_resid[10]=6.81e-12 | overall_time(s)=8.399e+01 warm_time(s)=2.624e+01
order= 5 nref= 1 baseN(quad=False)=6 | ndofs=  126533 | rel_resid[12]=1.54e-12 | overall_time(s)=5.041e+00 warm_time(s)=1.380e+00
order= 5 nref= 2 baseN(quad=False)=6 | ndofs=  503071 | rel_resid[12]=3.72e-12 | overall_time(s)=1.566e+01 warm_time(s)=5.438e+00
order= 5 nref= 3 baseN(quad=False)=6 | ndofs= 2006171 | rel_resid[12]=3.46e-12 | overall_time(s)=6.172e+01 warm_time(s)=2.049e+01
order= 6 nref= 1 baseN(quad=False)=6 | ndofs=  185574 | rel_resid[10]=2.66e-12 | overall_time(s)=7.373e+00 warm_time(s)=1.751e+00
order= 6 nref= 2 baseN(quad=False)=6 | ndofs=  738581 | rel_resid[10]=1.06e-12 | overall_time(s)=2.246e+01 warm_time(s)=6.621e+00
order= 6 nref= 3 baseN(quad=False)=6 | ndofs= 2946903 | rel_resid[10]=8.68e-13 | overall_time(s)=9.164e+01 warm_time(s)=2.430e+01
order= 7 nref= 1 baseN(quad=False)=5 | ndofs=  137747 | rel_resid[11]=2.39e-12 | overall_time(s)=6.364e+00 warm_time(s)=1.336e+00
order= 7 nref= 2 baseN(quad=False)=5 | ndofs=  547779 | rel_resid[11]=1.15e-12 | overall_time(s)=1.816e+01 warm_time(s)=5.255e+00
order= 7 nref= 3 baseN(quad=False)=5 | ndofs= 2184707 | rel_resid[11]=7.48e-13 | overall_time(s)=1.033e+02 warm_time(s)=1.964e+01
order= 8 nref= 1 baseN(quad=False)=4 | ndofs=   99749 | rel_resid[10]=7.09e-12 | overall_time(s)=5.248e+00 warm_time(s)=1.118e+00
order= 8 nref= 2 baseN(quad=False)=4 | ndofs=  396319 | rel_resid[10]=2.84e-12 | overall_time(s)=1.466e+01 warm_time(s)=3.800e+00
order= 8 nref= 3 baseN(quad=False)=4 | ndofs= 1579931 | rel_resid[10]=2.21e-12 | overall_time(s)=5.339e+01 warm_time(s)=1.413e+01
order= 9 nref= 1 baseN(quad=False)=3 | ndofs=   65279 | rel_resid[11]=8.68e-12 | overall_time(s)=4.541e+00 warm_time(s)=8.655e-01
order= 9 nref= 2 baseN(quad=False)=3 | ndofs=  258923 | rel_resid[13]=5.71e-12 | overall_time(s)=1.192e+01 warm_time(s)=3.335e+00
order= 9 nref= 3 baseN(quad=False)=3 | ndofs= 1031315 | rel_resid[14]=1.84e-12 | overall_time(s)=4.495e+01 warm_time(s)=1.339e+01
order=10 nref= 1 baseN(quad=False)=3 | ndofs=   81025 | rel_resid[12]=8.78e-12 | overall_time(s)=5.656e+00 warm_time(s)=1.180e+00
order=10 nref= 2 baseN(quad=False)=3 | ndofs=  321655 | rel_resid[13]=1.13e-12 | overall_time(s)=1.672e+01 warm_time(s)=4.262e+00
order=10 nref= 3 baseN(quad=False)=3 | ndofs= 1281739 | rel_resid[11]=4.30e-12 | overall_time(s)=5.285e+01 warm_time(s)=1.363e+01
Overall run-time: 0h 20min 17s
