Scott Vogelius Problem has been set up
Setting up the solver..
{'ksp_atol': 1e-15,
 'ksp_error_if_not_converged': False,
 'ksp_max_it': 80,
 'ksp_rtol': 1e-11,
 'ksp_type': 'fgmres',
 'ksp_view': None,
 'mat_type': 'aij',
 'pc_python_type': 'phmg.Gradual_Coarsening_SVk_THkhat_TH2',
 'pc_type': 'python',
 'petscpartitioner_parmetis_debug': 'true',
 'petscpartitioner_type': 'parmetis',
 'pmg': {'mg_levels': {'ksp_chebyshev_esteig': '0,0.25,0,1.1',
                       'ksp_convergence_test': 'skip',
                       'ksp_max_it': 3,
                       'ksp_type': 'chebyshev',
                       'pc_python_type': 'phmg.preconditioners.rlx_params.ASMVankaStarPC',
                       'pc_type': 'python',
                       'pc_vankastar_construct_dim': 0,
                       'pc_vankastar_exclude_subspaces': '1',
                       'pc_vankastar_sub_sub_pc_factor_shift_type': 'nonzero'},
         'pc_mg_type': 'multiplicative'},
 'pmg_mg_coarse': {'ksp_convergence_test': 'skip',
                   'ksp_norm': 'none',
                   'ksp_type': 'preonly',
                   'mg_coarse': {'ksp_type': 'preonly',
                                 'pc_factor_mat_solver_type': 'mumps',
                                 'pc_type': 'lu'},
                   'mg_levels': {'ksp_chebyshev_esteig': '0,0.25,0,1.1',
                                 'ksp_convergence_test': 'skip',
                                 'ksp_max_it': 2,
                                 'ksp_type': 'chebyshev',
                                 'pc_python_type': 'phmg.preconditioners.rlx_params.ASMVankaStarPC',
                                 'pc_type': 'python',
                                 'pc_vankastar_construct_dim': 0,
                                 'pc_vankastar_exclude_subspaces': '1',
                                 'pc_vankastar_sub_sub_pc_factor_shift_type': 'nonzero'},
                   'pc_mg_multiplicative_cycles': 1,
                   'pc_type': 'mg'},
 'snes_atol': 1e-10,
 'snes_convergence_test': 'skip',
 'snes_lag_jacobian': -2,
 'snes_lag_preconditioner': -2,
 'snes_max_it': 1,
 'snes_rtol': 1e-10,
 'snes_stol': 1e-10,
 'snes_type': 'ksponly'}
Warm-up run complete.
Warm run complete.
order= 3 nref= 3 baseN(quad=False)=52 | ndofs= 3896258 | rel_resid[11]=4.56e-12 | overall_time(s)=8.646e+02 warm_time(s)=3.617e+01
Scott Vogelius Problem has been set up
Setting up the solver..
{'ksp_atol': 1e-15,
 'ksp_error_if_not_converged': False,
 'ksp_max_it': 80,
 'ksp_rtol': 1e-11,
 'ksp_type': 'fgmres',
 'ksp_view': None,
 'mat_type': 'aij',
 'pc_python_type': 'phmg.Gradual_Coarsening_SVk_THkhat_TH2',
 'pc_type': 'python',
 'petscpartitioner_parmetis_debug': 'true',
 'petscpartitioner_type': 'parmetis',
 'pmg': {'mg_levels': {'ksp_chebyshev_esteig': '0,0.25,0,1.1',
                       'ksp_convergence_test': 'skip',
                       'ksp_max_it': 3,
                       'ksp_type': 'chebyshev',
                       'pc_python_type': 'phmg.preconditioners.rlx_params.ASMVankaStarPC',
                       'pc_type': 'python',
                       'pc_vankastar_construct_dim': 0,
                       'pc_vankastar_exclude_subspaces': '1',
                       'pc_vankastar_sub_sub_pc_factor_shift_type': 'nonzero'},
         'pc_mg_type': 'multiplicative'},
 'pmg_mg_coarse': {'ksp_convergence_test': 'skip',
                   'ksp_norm': 'none',
                   'ksp_type': 'preonly',
                   'mg_coarse': {'ksp_type': 'preonly',
                                 'pc_factor_mat_solver_type': 'mumps',
                                 'pc_type': 'lu'},
                   'mg_levels': {'ksp_chebyshev_esteig': '0,0.25,0,1.1',
                                 'ksp_convergence_test': 'skip',
                                 'ksp_max_it': 2,
                                 'ksp_type': 'chebyshev',
                                 'pc_python_type': 'phmg.preconditioners.rlx_params.ASMVankaStarPC',
                                 'pc_type': 'python',
                                 'pc_vankastar_construct_dim': 0,
                                 'pc_vankastar_exclude_subspaces': '1',
                                 'pc_vankastar_sub_sub_pc_factor_shift_type': 'nonzero'},
                   'pc_mg_multiplicative_cycles': 1,
                   'pc_type': 'mg'},
 'snes_atol': 1e-10,
 'snes_convergence_test': 'skip',
 'snes_lag_jacobian': -2,
 'snes_lag_preconditioner': -2,
 'snes_max_it': 1,
 'snes_rtol': 1e-10,
 'snes_stol': 1e-10,
 'snes_type': 'ksponly'}
Warm-up run complete.
Warm run complete.
order= 4 nref= 3 baseN(quad=False)=40 | ndofs= 3996162 | rel_resid[14]=1.48e-12 | overall_time(s)=4.712e+02 warm_time(s)=3.773e+01
Scott Vogelius Problem has been set up
Setting up the solver..
{'ksp_atol': 1e-15,
 'ksp_error_if_not_converged': False,
 'ksp_max_it': 80,
 'ksp_rtol': 1e-11,
 'ksp_type': 'fgmres',
 'ksp_view': None,
 'mat_type': 'aij',
 'pc_python_type': 'phmg.Gradual_Coarsening_SVk_THkhat_TH2',
 'pc_type': 'python',
 'petscpartitioner_parmetis_debug': 'true',
 'petscpartitioner_type': 'parmetis',
 'pmg': {'mg_levels': {'ksp_chebyshev_esteig': '0,0.25,0,1.1',
                       'ksp_convergence_test': 'skip',
                       'ksp_max_it': 3,
                       'ksp_type': 'chebyshev',
                       'pc_python_type': 'phmg.preconditioners.rlx_params.ASMVankaStarPC',
                       'pc_type': 'python',
                       'pc_vankastar_construct_dim': 0,
                       'pc_vankastar_exclude_subspaces': '1',
                       'pc_vankastar_sub_sub_pc_factor_shift_type': 'nonzero'},
         'pc_mg_type': 'multiplicative'},
 'pmg_mg_coarse': {'ksp_convergence_test': 'skip',
                   'ksp_norm': 'none',
                   'ksp_type': 'preonly',
                   'mg_coarse': {'ksp_type': 'preonly',
                                 'pc_factor_mat_solver_type': 'mumps',
                                 'pc_type': 'lu'},
                   'mg_levels': {'ksp_chebyshev_esteig': '0,0.25,0,1.1',
                                 'ksp_convergence_test': 'skip',
                                 'ksp_max_it': 2,
                                 'ksp_type': 'chebyshev',
                                 'pc_python_type': 'phmg.preconditioners.rlx_params.ASMVankaStarPC',
                                 'pc_type': 'python',
                                 'pc_vankastar_construct_dim': 0,
                                 'pc_vankastar_exclude_subspaces': '1',
                                 'pc_vankastar_sub_sub_pc_factor_shift_type': 'nonzero'},
                   'pc_mg_multiplicative_cycles': 1,
                   'pc_type': 'mg'},
 'snes_atol': 1e-10,
 'snes_convergence_test': 'skip',
 'snes_lag_jacobian': -2,
 'snes_lag_preconditioner': -2,
 'snes_max_it': 1,
 'snes_rtol': 1e-10,
 'snes_stol': 1e-10,
 'snes_type': 'ksponly'}
Warm-up run complete.
Warm run complete.
order= 5 nref= 3 baseN(quad=False)=32 | ndofs= 3934722 | rel_resid[16]=6.30e-12 | overall_time(s)=3.551e+02 warm_time(s)=4.168e+01
Scott Vogelius Problem has been set up
Setting up the solver..
{'ksp_atol': 1e-15,
 'ksp_error_if_not_converged': False,
 'ksp_max_it': 80,
 'ksp_rtol': 1e-11,
 'ksp_type': 'fgmres',
 'ksp_view': None,
 'mat_type': 'aij',
 'pc_python_type': 'phmg.Gradual_Coarsening_SVk_THkhat_TH2',
 'pc_type': 'python',
 'petscpartitioner_parmetis_debug': 'true',
 'petscpartitioner_type': 'parmetis',
 'pmg': {'mg_levels': {'ksp_chebyshev_esteig': '0,0.25,0,1.1',
                       'ksp_convergence_test': 'skip',
                       'ksp_max_it': 3,
                       'ksp_type': 'chebyshev',
                       'pc_python_type': 'phmg.preconditioners.rlx_params.ASMVankaStarPC',
                       'pc_type': 'python',
                       'pc_vankastar_construct_dim': 0,
                       'pc_vankastar_exclude_subspaces': '1',
                       'pc_vankastar_sub_sub_pc_factor_shift_type': 'nonzero'},
         'pc_mg_type': 'multiplicative'},
 'pmg_mg_coarse': {'ksp_convergence_test': 'skip',
                   'ksp_norm': 'none',
                   'ksp_type': 'preonly',
                   'mg_coarse': {'ksp_type': 'preonly',
                                 'pc_factor_mat_solver_type': 'mumps',
                                 'pc_type': 'lu'},
                   'mg_levels': {'ksp_chebyshev_esteig': '0,0.25,0,1.1',
                                 'ksp_convergence_test': 'skip',
                                 'ksp_max_it': 2,
                                 'ksp_type': 'chebyshev',
                                 'pc_python_type': 'phmg.preconditioners.rlx_params.ASMVankaStarPC',
                                 'pc_type': 'python',
                                 'pc_vankastar_construct_dim': 0,
                                 'pc_vankastar_exclude_subspaces': '1',
                                 'pc_vankastar_sub_sub_pc_factor_shift_type': 'nonzero'},
                   'pc_mg_multiplicative_cycles': 1,
                   'pc_type': 'mg'},
 'snes_atol': 1e-10,
 'snes_convergence_test': 'skip',
 'snes_lag_jacobian': -2,
 'snes_lag_preconditioner': -2,
 'snes_max_it': 1,
 'snes_rtol': 1e-10,
 'snes_stol': 1e-10,
 'snes_type': 'ksponly'}
Warm-up run complete.
Warm run complete.
order= 6 nref= 3 baseN(quad=False)=26 | ndofs= 3701570 | rel_resid[13]=5.13e-12 | overall_time(s)=3.308e+02 warm_time(s)=4.586e+01
Scott Vogelius Problem has been set up
Setting up the solver..
{'ksp_atol': 1e-15,
 'ksp_error_if_not_converged': False,
 'ksp_max_it': 80,
 'ksp_rtol': 1e-11,
 'ksp_type': 'fgmres',
 'ksp_view': None,
 'mat_type': 'aij',
 'pc_python_type': 'phmg.Gradual_Coarsening_SVk_THkhat_TH2',
 'pc_type': 'python',
 'petscpartitioner_parmetis_debug': 'true',
 'petscpartitioner_type': 'parmetis',
 'pmg': {'mg_levels': {'ksp_chebyshev_esteig': '0,0.25,0,1.1',
                       'ksp_convergence_test': 'skip',
                       'ksp_max_it': 3,
                       'ksp_type': 'chebyshev',
                       'pc_python_type': 'phmg.preconditioners.rlx_params.ASMVankaStarPC',
                       'pc_type': 'python',
                       'pc_vankastar_construct_dim': 0,
                       'pc_vankastar_exclude_subspaces': '1',
                       'pc_vankastar_sub_sub_pc_factor_shift_type': 'nonzero'},
         'pc_mg_type': 'multiplicative'},
 'pmg_mg_coarse': {'ksp_convergence_test': 'skip',
                   'ksp_norm': 'none',
                   'ksp_type': 'preonly',
                   'mg_coarse': {'ksp_type': 'preonly',
                                 'pc_factor_mat_solver_type': 'mumps',
                                 'pc_type': 'lu'},
                   'mg_levels': {'ksp_chebyshev_esteig': '0,0.25,0,1.1',
                                 'ksp_convergence_test': 'skip',
                                 'ksp_max_it': 2,
                                 'ksp_type': 'chebyshev',
                                 'pc_python_type': 'phmg.preconditioners.rlx_params.ASMVankaStarPC',
                                 'pc_type': 'python',
                                 'pc_vankastar_construct_dim': 0,
                                 'pc_vankastar_exclude_subspaces': '1',
                                 'pc_vankastar_sub_sub_pc_factor_shift_type': 'nonzero'},
                   'pc_mg_multiplicative_cycles': 1,
                   'pc_type': 'mg'},
 'snes_atol': 1e-10,
 'snes_convergence_test': 'skip',
 'snes_lag_jacobian': -2,
 'snes_lag_preconditioner': -2,
 'snes_max_it': 1,
 'snes_rtol': 1e-10,
 'snes_stol': 1e-10,
 'snes_type': 'ksponly'}
Warm-up run complete.
Warm run complete.
order= 7 nref= 3 baseN(quad=False)=22 | ndofs= 3580194 | rel_resid[15]=2.90e-12 | overall_time(s)=2.591e+02 warm_time(s)=5.068e+01
Scott Vogelius Problem has been set up
Setting up the solver..
{'ksp_atol': 1e-15,
 'ksp_error_if_not_converged': False,
 'ksp_max_it': 80,
 'ksp_rtol': 1e-11,
 'ksp_type': 'fgmres',
 'ksp_view': None,
 'mat_type': 'aij',
 'pc_python_type': 'phmg.Gradual_Coarsening_SVk_THkhat_TH2',
 'pc_type': 'python',
 'petscpartitioner_parmetis_debug': 'true',
 'petscpartitioner_type': 'parmetis',
 'pmg': {'mg_levels': {'ksp_chebyshev_esteig': '0,0.25,0,1.1',
                       'ksp_convergence_test': 'skip',
                       'ksp_max_it': 3,
                       'ksp_type': 'chebyshev',
                       'pc_python_type': 'phmg.preconditioners.rlx_params.ASMVankaStarPC',
                       'pc_type': 'python',
                       'pc_vankastar_construct_dim': 0,
                       'pc_vankastar_exclude_subspaces': '1',
                       'pc_vankastar_sub_sub_pc_factor_shift_type': 'nonzero'},
         'pc_mg_type': 'multiplicative'},
 'pmg_mg_coarse': {'ksp_convergence_test': 'skip',
                   'ksp_norm': 'none',
                   'ksp_type': 'preonly',
                   'mg_coarse': {'ksp_type': 'preonly',
                                 'pc_factor_mat_solver_type': 'mumps',
                                 'pc_type': 'lu'},
                   'mg_levels': {'ksp_chebyshev_esteig': '0,0.25,0,1.1',
                                 'ksp_convergence_test': 'skip',
                                 'ksp_max_it': 2,
                                 'ksp_type': 'chebyshev',
                                 'pc_python_type': 'phmg.preconditioners.rlx_params.ASMVankaStarPC',
                                 'pc_type': 'python',
                                 'pc_vankastar_construct_dim': 0,
                                 'pc_vankastar_exclude_subspaces': '1',
                                 'pc_vankastar_sub_sub_pc_factor_shift_type': 'nonzero'},
                   'pc_mg_multiplicative_cycles': 1,
                   'pc_type': 'mg'},
 'snes_atol': 1e-10,
 'snes_convergence_test': 'skip',
 'snes_lag_jacobian': -2,
 'snes_lag_preconditioner': -2,
 'snes_max_it': 1,
 'snes_rtol': 1e-10,
 'snes_stol': 1e-10,
 'snes_type': 'ksponly'}
Warm-up run complete.
Warm run complete.
order= 8 nref= 3 baseN(quad=False)=20 | ndofs= 3842562 | rel_resid[18]=4.09e-12 | overall_time(s)=3.284e+02 warm_time(s)=7.436e+01
Scott Vogelius Problem has been set up
Setting up the solver..
{'ksp_atol': 1e-15,
 'ksp_error_if_not_converged': False,
 'ksp_max_it': 80,
 'ksp_rtol': 1e-11,
 'ksp_type': 'fgmres',
 'ksp_view': None,
 'mat_type': 'aij',
 'pc_python_type': 'phmg.Gradual_Coarsening_SVk_THkhat_TH2',
 'pc_type': 'python',
 'petscpartitioner_parmetis_debug': 'true',
 'petscpartitioner_type': 'parmetis',
 'pmg': {'mg_levels': {'ksp_chebyshev_esteig': '0,0.25,0,1.1',
                       'ksp_convergence_test': 'skip',
                       'ksp_max_it': 3,
                       'ksp_type': 'chebyshev',
                       'pc_python_type': 'phmg.preconditioners.rlx_params.ASMVankaStarPC',
                       'pc_type': 'python',
                       'pc_vankastar_construct_dim': 0,
                       'pc_vankastar_exclude_subspaces': '1',
                       'pc_vankastar_sub_sub_pc_factor_shift_type': 'nonzero'},
         'pc_mg_type': 'multiplicative'},
 'pmg_mg_coarse': {'ksp_convergence_test': 'skip',
                   'ksp_norm': 'none',
                   'ksp_type': 'preonly',
                   'mg_coarse': {'ksp_type': 'preonly',
                                 'pc_factor_mat_solver_type': 'mumps',
                                 'pc_type': 'lu'},
                   'mg_levels': {'ksp_chebyshev_esteig': '0,0.25,0,1.1',
                                 'ksp_convergence_test': 'skip',
                                 'ksp_max_it': 2,
                                 'ksp_type': 'chebyshev',
                                 'pc_python_type': 'phmg.preconditioners.rlx_params.ASMVankaStarPC',
                                 'pc_type': 'python',
                                 'pc_vankastar_construct_dim': 0,
                                 'pc_vankastar_exclude_subspaces': '1',
                                 'pc_vankastar_sub_sub_pc_factor_shift_type': 'nonzero'},
                   'pc_mg_multiplicative_cycles': 1,
                   'pc_type': 'mg'},
 'snes_atol': 1e-10,
 'snes_convergence_test': 'skip',
 'snes_lag_jacobian': -2,
 'snes_lag_preconditioner': -2,
 'snes_max_it': 1,
 'snes_rtol': 1e-10,
 'snes_stol': 1e-10,
 'snes_type': 'ksponly'}
Warm-up run complete.
Warm run complete.
order= 9 nref= 3 baseN(quad=False)=16 | ndofs= 3098882 | rel_resid[21]=5.82e-12 | overall_time(s)=2.678e+02 warm_time(s)=7.684e+01
Scott Vogelius Problem has been set up
Setting up the solver..
{'ksp_atol': 1e-15,
 'ksp_error_if_not_converged': False,
 'ksp_max_it': 80,
 'ksp_rtol': 1e-11,
 'ksp_type': 'fgmres',
 'ksp_view': None,
 'mat_type': 'aij',
 'pc_python_type': 'phmg.Gradual_Coarsening_SVk_THkhat_TH2',
 'pc_type': 'python',
 'petscpartitioner_parmetis_debug': 'true',
 'petscpartitioner_type': 'parmetis',
 'pmg': {'mg_levels': {'ksp_chebyshev_esteig': '0,0.25,0,1.1',
                       'ksp_convergence_test': 'skip',
                       'ksp_max_it': 3,
                       'ksp_type': 'chebyshev',
                       'pc_python_type': 'phmg.preconditioners.rlx_params.ASMVankaStarPC',
                       'pc_type': 'python',
                       'pc_vankastar_construct_dim': 0,
                       'pc_vankastar_exclude_subspaces': '1',
                       'pc_vankastar_sub_sub_pc_factor_shift_type': 'nonzero'},
         'pc_mg_type': 'multiplicative'},
 'pmg_mg_coarse': {'ksp_convergence_test': 'skip',
                   'ksp_norm': 'none',
                   'ksp_type': 'preonly',
                   'mg_coarse': {'ksp_type': 'preonly',
                                 'pc_factor_mat_solver_type': 'mumps',
                                 'pc_type': 'lu'},
                   'mg_levels': {'ksp_chebyshev_esteig': '0,0.25,0,1.1',
                                 'ksp_convergence_test': 'skip',
                                 'ksp_max_it': 2,
                                 'ksp_type': 'chebyshev',
                                 'pc_python_type': 'phmg.preconditioners.rlx_params.ASMVankaStarPC',
                                 'pc_type': 'python',
                                 'pc_vankastar_construct_dim': 0,
                                 'pc_vankastar_exclude_subspaces': '1',
                                 'pc_vankastar_sub_sub_pc_factor_shift_type': 'nonzero'},
                   'pc_mg_multiplicative_cycles': 1,
                   'pc_type': 'mg'},
 'snes_atol': 1e-10,
 'snes_convergence_test': 'skip',
 'snes_lag_jacobian': -2,
 'snes_lag_preconditioner': -2,
 'snes_max_it': 1,
 'snes_rtol': 1e-10,
 'snes_stol': 1e-10,
 'snes_type': 'ksponly'}
Warm-up run complete.
Warm run complete.
order=10 nref= 3 baseN(quad=False)=16 | ndofs= 3811842 | rel_resid[25]=7.16e-12 | overall_time(s)=3.832e+02 warm_time(s)=1.215e+02
Scott Vogelius Problem has been set up
Setting up the solver..
{'ksp_atol': 1e-15,
 'ksp_error_if_not_converged': False,
 'ksp_max_it': 80,
 'ksp_rtol': 1e-11,
 'ksp_type': 'fgmres',
 'ksp_view': None,
 'mat_type': 'aij',
 'pc_python_type': 'phmg.Gradual_Coarsening_SVk_THkhat_TH2',
 'pc_type': 'python',
 'petscpartitioner_parmetis_debug': 'true',
 'petscpartitioner_type': 'parmetis',
 'pmg': {'mg_levels': {'ksp_chebyshev_esteig': '0,0.25,0,1.1',
                       'ksp_convergence_test': 'skip',
                       'ksp_max_it': 3,
                       'ksp_type': 'chebyshev',
                       'pc_python_type': 'phmg.preconditioners.rlx_params.ASMVankaStarPC',
                       'pc_type': 'python',
                       'pc_vankastar_construct_dim': 0,
                       'pc_vankastar_exclude_subspaces': '1',
                       'pc_vankastar_sub_sub_pc_factor_shift_type': 'nonzero'},
         'pc_mg_type': 'multiplicative'},
 'pmg_mg_coarse': {'ksp_convergence_test': 'skip',
                   'ksp_norm': 'none',
                   'ksp_type': 'preonly',
                   'mg_coarse': {'ksp_type': 'preonly',
                                 'pc_factor_mat_solver_type': 'mumps',
                                 'pc_type': 'lu'},
                   'mg_levels': {'ksp_chebyshev_esteig': '0,0.25,0,1.1',
                                 'ksp_convergence_test': 'skip',
                                 'ksp_max_it': 2,
                                 'ksp_type': 'chebyshev',
                                 'pc_python_type': 'phmg.preconditioners.rlx_params.ASMVankaStarPC',
                                 'pc_type': 'python',
                                 'pc_vankastar_construct_dim': 0,
                                 'pc_vankastar_exclude_subspaces': '1',
                                 'pc_vankastar_sub_sub_pc_factor_shift_type': 'nonzero'},
                   'pc_mg_multiplicative_cycles': 1,
                   'pc_type': 'mg'},
 'snes_atol': 1e-10,
 'snes_convergence_test': 'skip',
 'snes_lag_jacobian': -2,
 'snes_lag_preconditioner': -2,
 'snes_max_it': 1,
 'snes_rtol': 1e-10,
 'snes_stol': 1e-10,
 'snes_type': 'ksponly'}
Warm-up run complete.
Warm run complete.
order= 3 nref= 3 baseN(quad=False)=52 | ndofs= 3896258 | rel_resid[11]=4.56e-12 | overall_time(s)=8.537e+02 warm_time(s)=3.530e+01
Scott Vogelius Problem has been set up
Setting up the solver..
{'ksp_atol': 1e-15,
 'ksp_error_if_not_converged': False,
 'ksp_max_it': 80,
 'ksp_rtol': 1e-11,
 'ksp_type': 'fgmres',
 'ksp_view': None,
 'mat_type': 'aij',
 'pc_python_type': 'phmg.Gradual_Coarsening_SVk_THkhat_TH2',
 'pc_type': 'python',
 'petscpartitioner_parmetis_debug': 'true',
 'petscpartitioner_type': 'parmetis',
 'pmg': {'mg_levels': {'ksp_chebyshev_esteig': '0,0.25,0,1.1',
                       'ksp_convergence_test': 'skip',
                       'ksp_max_it': 3,
                       'ksp_type': 'chebyshev',
                       'pc_python_type': 'phmg.preconditioners.rlx_params.ASMVankaStarPC',
                       'pc_type': 'python',
                       'pc_vankastar_construct_dim': 0,
                       'pc_vankastar_exclude_subspaces': '1',
                       'pc_vankastar_sub_sub_pc_factor_shift_type': 'nonzero'},
         'pc_mg_type': 'multiplicative'},
 'pmg_mg_coarse': {'ksp_convergence_test': 'skip',
                   'ksp_norm': 'none',
                   'ksp_type': 'preonly',
                   'mg_coarse': {'ksp_type': 'preonly',
                                 'pc_factor_mat_solver_type': 'mumps',
                                 'pc_type': 'lu'},
                   'mg_levels': {'ksp_chebyshev_esteig': '0,0.25,0,1.1',
                                 'ksp_convergence_test': 'skip',
                                 'ksp_max_it': 2,
                                 'ksp_type': 'chebyshev',
                                 'pc_python_type': 'phmg.preconditioners.rlx_params.ASMVankaStarPC',
                                 'pc_type': 'python',
                                 'pc_vankastar_construct_dim': 0,
                                 'pc_vankastar_exclude_subspaces': '1',
                                 'pc_vankastar_sub_sub_pc_factor_shift_type': 'nonzero'},
                   'pc_mg_multiplicative_cycles': 1,
                   'pc_type': 'mg'},
 'snes_atol': 1e-10,
 'snes_convergence_test': 'skip',
 'snes_lag_jacobian': -2,
 'snes_lag_preconditioner': -2,
 'snes_max_it': 1,
 'snes_rtol': 1e-10,
 'snes_stol': 1e-10,
 'snes_type': 'ksponly'}
Warm-up run complete.
Warm run complete.
order= 4 nref= 3 baseN(quad=False)=40 | ndofs= 3996162 | rel_resid[14]=1.48e-12 | overall_time(s)=4.717e+02 warm_time(s)=3.833e+01
Scott Vogelius Problem has been set up
Setting up the solver..
{'ksp_atol': 1e-15,
 'ksp_error_if_not_converged': False,
 'ksp_max_it': 80,
 'ksp_rtol': 1e-11,
 'ksp_type': 'fgmres',
 'ksp_view': None,
 'mat_type': 'aij',
 'pc_python_type': 'phmg.Gradual_Coarsening_SVk_THkhat_TH2',
 'pc_type': 'python',
 'petscpartitioner_parmetis_debug': 'true',
 'petscpartitioner_type': 'parmetis',
 'pmg': {'mg_levels': {'ksp_chebyshev_esteig': '0,0.25,0,1.1',
                       'ksp_convergence_test': 'skip',
                       'ksp_max_it': 3,
                       'ksp_type': 'chebyshev',
                       'pc_python_type': 'phmg.preconditioners.rlx_params.ASMVankaStarPC',
                       'pc_type': 'python',
                       'pc_vankastar_construct_dim': 0,
                       'pc_vankastar_exclude_subspaces': '1',
                       'pc_vankastar_sub_sub_pc_factor_shift_type': 'nonzero'},
         'pc_mg_type': 'multiplicative'},
 'pmg_mg_coarse': {'ksp_convergence_test': 'skip',
                   'ksp_norm': 'none',
                   'ksp_type': 'preonly',
                   'mg_coarse': {'ksp_type': 'preonly',
                                 'pc_factor_mat_solver_type': 'mumps',
                                 'pc_type': 'lu'},
                   'mg_levels': {'ksp_chebyshev_esteig': '0,0.25,0,1.1',
                                 'ksp_convergence_test': 'skip',
                                 'ksp_max_it': 2,
                                 'ksp_type': 'chebyshev',
                                 'pc_python_type': 'phmg.preconditioners.rlx_params.ASMVankaStarPC',
                                 'pc_type': 'python',
                                 'pc_vankastar_construct_dim': 0,
                                 'pc_vankastar_exclude_subspaces': '1',
                                 'pc_vankastar_sub_sub_pc_factor_shift_type': 'nonzero'},
                   'pc_mg_multiplicative_cycles': 1,
                   'pc_type': 'mg'},
 'snes_atol': 1e-10,
 'snes_convergence_test': 'skip',
 'snes_lag_jacobian': -2,
 'snes_lag_preconditioner': -2,
 'snes_max_it': 1,
 'snes_rtol': 1e-10,
 'snes_stol': 1e-10,
 'snes_type': 'ksponly'}
Warm-up run complete.
Warm run complete.
order= 5 nref= 3 baseN(quad=False)=32 | ndofs= 3934722 | rel_resid[16]=6.30e-12 | overall_time(s)=3.600e+02 warm_time(s)=4.091e+01
Scott Vogelius Problem has been set up
Setting up the solver..
{'ksp_atol': 1e-15,
 'ksp_error_if_not_converged': False,
 'ksp_max_it': 80,
 'ksp_rtol': 1e-11,
 'ksp_type': 'fgmres',
 'ksp_view': None,
 'mat_type': 'aij',
 'pc_python_type': 'phmg.Gradual_Coarsening_SVk_THkhat_TH2',
 'pc_type': 'python',
 'petscpartitioner_parmetis_debug': 'true',
 'petscpartitioner_type': 'parmetis',
 'pmg': {'mg_levels': {'ksp_chebyshev_esteig': '0,0.25,0,1.1',
                       'ksp_convergence_test': 'skip',
                       'ksp_max_it': 3,
                       'ksp_type': 'chebyshev',
                       'pc_python_type': 'phmg.preconditioners.rlx_params.ASMVankaStarPC',
                       'pc_type': 'python',
                       'pc_vankastar_construct_dim': 0,
                       'pc_vankastar_exclude_subspaces': '1',
                       'pc_vankastar_sub_sub_pc_factor_shift_type': 'nonzero'},
         'pc_mg_type': 'multiplicative'},
 'pmg_mg_coarse': {'ksp_convergence_test': 'skip',
                   'ksp_norm': 'none',
                   'ksp_type': 'preonly',
                   'mg_coarse': {'ksp_type': 'preonly',
                                 'pc_factor_mat_solver_type': 'mumps',
                                 'pc_type': 'lu'},
                   'mg_levels': {'ksp_chebyshev_esteig': '0,0.25,0,1.1',
                                 'ksp_convergence_test': 'skip',
                                 'ksp_max_it': 2,
                                 'ksp_type': 'chebyshev',
                                 'pc_python_type': 'phmg.preconditioners.rlx_params.ASMVankaStarPC',
                                 'pc_type': 'python',
                                 'pc_vankastar_construct_dim': 0,
                                 'pc_vankastar_exclude_subspaces': '1',
                                 'pc_vankastar_sub_sub_pc_factor_shift_type': 'nonzero'},
                   'pc_mg_multiplicative_cycles': 1,
                   'pc_type': 'mg'},
 'snes_atol': 1e-10,
 'snes_convergence_test': 'skip',
 'snes_lag_jacobian': -2,
 'snes_lag_preconditioner': -2,
 'snes_max_it': 1,
 'snes_rtol': 1e-10,
 'snes_stol': 1e-10,
 'snes_type': 'ksponly'}
Warm-up run complete.
Warm run complete.
order= 6 nref= 3 baseN(quad=False)=26 | ndofs= 3701570 | rel_resid[13]=5.13e-12 | overall_time(s)=3.365e+02 warm_time(s)=4.617e+01
Scott Vogelius Problem has been set up
Setting up the solver..
{'ksp_atol': 1e-15,
 'ksp_error_if_not_converged': False,
 'ksp_max_it': 80,
 'ksp_rtol': 1e-11,
 'ksp_type': 'fgmres',
 'ksp_view': None,
 'mat_type': 'aij',
 'pc_python_type': 'phmg.Gradual_Coarsening_SVk_THkhat_TH2',
 'pc_type': 'python',
 'petscpartitioner_parmetis_debug': 'true',
 'petscpartitioner_type': 'parmetis',
 'pmg': {'mg_levels': {'ksp_chebyshev_esteig': '0,0.25,0,1.1',
                       'ksp_convergence_test': 'skip',
                       'ksp_max_it': 3,
                       'ksp_type': 'chebyshev',
                       'pc_python_type': 'phmg.preconditioners.rlx_params.ASMVankaStarPC',
                       'pc_type': 'python',
                       'pc_vankastar_construct_dim': 0,
                       'pc_vankastar_exclude_subspaces': '1',
                       'pc_vankastar_sub_sub_pc_factor_shift_type': 'nonzero'},
         'pc_mg_type': 'multiplicative'},
 'pmg_mg_coarse': {'ksp_convergence_test': 'skip',
                   'ksp_norm': 'none',
                   'ksp_type': 'preonly',
                   'mg_coarse': {'ksp_type': 'preonly',
                                 'pc_factor_mat_solver_type': 'mumps',
                                 'pc_type': 'lu'},
                   'mg_levels': {'ksp_chebyshev_esteig': '0,0.25,0,1.1',
                                 'ksp_convergence_test': 'skip',
                                 'ksp_max_it': 2,
                                 'ksp_type': 'chebyshev',
                                 'pc_python_type': 'phmg.preconditioners.rlx_params.ASMVankaStarPC',
                                 'pc_type': 'python',
                                 'pc_vankastar_construct_dim': 0,
                                 'pc_vankastar_exclude_subspaces': '1',
                                 'pc_vankastar_sub_sub_pc_factor_shift_type': 'nonzero'},
                   'pc_mg_multiplicative_cycles': 1,
                   'pc_type': 'mg'},
 'snes_atol': 1e-10,
 'snes_convergence_test': 'skip',
 'snes_lag_jacobian': -2,
 'snes_lag_preconditioner': -2,
 'snes_max_it': 1,
 'snes_rtol': 1e-10,
 'snes_stol': 1e-10,
 'snes_type': 'ksponly'}
Warm-up run complete.
Warm run complete.
order= 7 nref= 3 baseN(quad=False)=22 | ndofs= 3580194 | rel_resid[15]=2.90e-12 | overall_time(s)=2.581e+02 warm_time(s)=5.135e+01
Scott Vogelius Problem has been set up
Setting up the solver..
{'ksp_atol': 1e-15,
 'ksp_error_if_not_converged': False,
 'ksp_max_it': 80,
 'ksp_rtol': 1e-11,
 'ksp_type': 'fgmres',
 'ksp_view': None,
 'mat_type': 'aij',
 'pc_python_type': 'phmg.Gradual_Coarsening_SVk_THkhat_TH2',
 'pc_type': 'python',
 'petscpartitioner_parmetis_debug': 'true',
 'petscpartitioner_type': 'parmetis',
 'pmg': {'mg_levels': {'ksp_chebyshev_esteig': '0,0.25,0,1.1',
                       'ksp_convergence_test': 'skip',
                       'ksp_max_it': 3,
                       'ksp_type': 'chebyshev',
                       'pc_python_type': 'phmg.preconditioners.rlx_params.ASMVankaStarPC',
                       'pc_type': 'python',
                       'pc_vankastar_construct_dim': 0,
                       'pc_vankastar_exclude_subspaces': '1',
                       'pc_vankastar_sub_sub_pc_factor_shift_type': 'nonzero'},
         'pc_mg_type': 'multiplicative'},
 'pmg_mg_coarse': {'ksp_convergence_test': 'skip',
                   'ksp_norm': 'none',
                   'ksp_type': 'preonly',
                   'mg_coarse': {'ksp_type': 'preonly',
                                 'pc_factor_mat_solver_type': 'mumps',
                                 'pc_type': 'lu'},
                   'mg_levels': {'ksp_chebyshev_esteig': '0,0.25,0,1.1',
                                 'ksp_convergence_test': 'skip',
                                 'ksp_max_it': 2,
                                 'ksp_type': 'chebyshev',
                                 'pc_python_type': 'phmg.preconditioners.rlx_params.ASMVankaStarPC',
                                 'pc_type': 'python',
                                 'pc_vankastar_construct_dim': 0,
                                 'pc_vankastar_exclude_subspaces': '1',
                                 'pc_vankastar_sub_sub_pc_factor_shift_type': 'nonzero'},
                   'pc_mg_multiplicative_cycles': 1,
                   'pc_type': 'mg'},
 'snes_atol': 1e-10,
 'snes_convergence_test': 'skip',
 'snes_lag_jacobian': -2,
 'snes_lag_preconditioner': -2,
 'snes_max_it': 1,
 'snes_rtol': 1e-10,
 'snes_stol': 1e-10,
 'snes_type': 'ksponly'}
Warm-up run complete.
Warm run complete.
order= 8 nref= 3 baseN(quad=False)=20 | ndofs= 3842562 | rel_resid[18]=4.09e-12 | overall_time(s)=3.331e+02 warm_time(s)=7.562e+01
Scott Vogelius Problem has been set up
Setting up the solver..
{'ksp_atol': 1e-15,
 'ksp_error_if_not_converged': False,
 'ksp_max_it': 80,
 'ksp_rtol': 1e-11,
 'ksp_type': 'fgmres',
 'ksp_view': None,
 'mat_type': 'aij',
 'pc_python_type': 'phmg.Gradual_Coarsening_SVk_THkhat_TH2',
 'pc_type': 'python',
 'petscpartitioner_parmetis_debug': 'true',
 'petscpartitioner_type': 'parmetis',
 'pmg': {'mg_levels': {'ksp_chebyshev_esteig': '0,0.25,0,1.1',
                       'ksp_convergence_test': 'skip',
                       'ksp_max_it': 3,
                       'ksp_type': 'chebyshev',
                       'pc_python_type': 'phmg.preconditioners.rlx_params.ASMVankaStarPC',
                       'pc_type': 'python',
                       'pc_vankastar_construct_dim': 0,
                       'pc_vankastar_exclude_subspaces': '1',
                       'pc_vankastar_sub_sub_pc_factor_shift_type': 'nonzero'},
         'pc_mg_type': 'multiplicative'},
 'pmg_mg_coarse': {'ksp_convergence_test': 'skip',
                   'ksp_norm': 'none',
                   'ksp_type': 'preonly',
                   'mg_coarse': {'ksp_type': 'preonly',
                                 'pc_factor_mat_solver_type': 'mumps',
                                 'pc_type': 'lu'},
                   'mg_levels': {'ksp_chebyshev_esteig': '0,0.25,0,1.1',
                                 'ksp_convergence_test': 'skip',
                                 'ksp_max_it': 2,
                                 'ksp_type': 'chebyshev',
                                 'pc_python_type': 'phmg.preconditioners.rlx_params.ASMVankaStarPC',
                                 'pc_type': 'python',
                                 'pc_vankastar_construct_dim': 0,
                                 'pc_vankastar_exclude_subspaces': '1',
                                 'pc_vankastar_sub_sub_pc_factor_shift_type': 'nonzero'},
                   'pc_mg_multiplicative_cycles': 1,
                   'pc_type': 'mg'},
 'snes_atol': 1e-10,
 'snes_convergence_test': 'skip',
 'snes_lag_jacobian': -2,
 'snes_lag_preconditioner': -2,
 'snes_max_it': 1,
 'snes_rtol': 1e-10,
 'snes_stol': 1e-10,
 'snes_type': 'ksponly'}
Warm-up run complete.
Warm run complete.
order= 9 nref= 3 baseN(quad=False)=16 | ndofs= 3098882 | rel_resid[21]=5.82e-12 | overall_time(s)=2.692e+02 warm_time(s)=7.768e+01
Scott Vogelius Problem has been set up
Setting up the solver..
{'ksp_atol': 1e-15,
 'ksp_error_if_not_converged': False,
 'ksp_max_it': 80,
 'ksp_rtol': 1e-11,
 'ksp_type': 'fgmres',
 'ksp_view': None,
 'mat_type': 'aij',
 'pc_python_type': 'phmg.Gradual_Coarsening_SVk_THkhat_TH2',
 'pc_type': 'python',
 'petscpartitioner_parmetis_debug': 'true',
 'petscpartitioner_type': 'parmetis',
 'pmg': {'mg_levels': {'ksp_chebyshev_esteig': '0,0.25,0,1.1',
                       'ksp_convergence_test': 'skip',
                       'ksp_max_it': 3,
                       'ksp_type': 'chebyshev',
                       'pc_python_type': 'phmg.preconditioners.rlx_params.ASMVankaStarPC',
                       'pc_type': 'python',
                       'pc_vankastar_construct_dim': 0,
                       'pc_vankastar_exclude_subspaces': '1',
                       'pc_vankastar_sub_sub_pc_factor_shift_type': 'nonzero'},
         'pc_mg_type': 'multiplicative'},
 'pmg_mg_coarse': {'ksp_convergence_test': 'skip',
                   'ksp_norm': 'none',
                   'ksp_type': 'preonly',
                   'mg_coarse': {'ksp_type': 'preonly',
                                 'pc_factor_mat_solver_type': 'mumps',
                                 'pc_type': 'lu'},
                   'mg_levels': {'ksp_chebyshev_esteig': '0,0.25,0,1.1',
                                 'ksp_convergence_test': 'skip',
                                 'ksp_max_it': 2,
                                 'ksp_type': 'chebyshev',
                                 'pc_python_type': 'phmg.preconditioners.rlx_params.ASMVankaStarPC',
                                 'pc_type': 'python',
                                 'pc_vankastar_construct_dim': 0,
                                 'pc_vankastar_exclude_subspaces': '1',
                                 'pc_vankastar_sub_sub_pc_factor_shift_type': 'nonzero'},
                   'pc_mg_multiplicative_cycles': 1,
                   'pc_type': 'mg'},
 'snes_atol': 1e-10,
 'snes_convergence_test': 'skip',
 'snes_lag_jacobian': -2,
 'snes_lag_preconditioner': -2,
 'snes_max_it': 1,
 'snes_rtol': 1e-10,
 'snes_stol': 1e-10,
 'snes_type': 'ksponly'}
Warm-up run complete.
Warm run complete.
order=10 nref= 3 baseN(quad=False)=16 | ndofs= 3811842 | rel_resid[25]=7.16e-12 | overall_time(s)=3.868e+02 warm_time(s)=1.213e+02
