order= 3 nref= 1 baseN(quad=False)=52 | ndofs=  243986 | rel_resid[21]=6.29e-12 | overall_time(s)=8.440e+00 warm_time(s)=2.497e+00
order= 3 nref= 2 baseN(quad=False)=52 | ndofs=  974690 | rel_resid[20]=9.77e-12 | overall_time(s)=2.616e+01 warm_time(s)=9.583e+00
order= 3 nref= 3 baseN(quad=False)=52 | ndofs= 3896258 | rel_resid[20]=4.85e-12 | overall_time(s)=9.593e+01 warm_time(s)=3.808e+01
order= 4 nref= 1 baseN(quad=False)=40 | ndofs=  250242 | rel_resid[19]=5.83e-12 | overall_time(s)=9.149e+00 warm_time(s)=2.211e+00
order= 4 nref= 2 baseN(quad=False)=40 | ndofs=  999682 | rel_resid[18]=7.45e-12 | overall_time(s)=2.608e+01 warm_time(s)=9.230e+00
order= 4 nref= 3 baseN(quad=False)=40 | ndofs= 3996162 | rel_resid[17]=9.66e-12 | overall_time(s)=9.449e+01 warm_time(s)=3.555e+01
order= 5 nref= 1 baseN(quad=False)=32 | ndofs=  246402 | rel_resid[19]=3.98e-12 | overall_time(s)=1.167e+01 warm_time(s)=2.576e+00
order= 5 nref= 2 baseN(quad=False)=32 | ndofs=  984322 | rel_resid[18]=6.97e-12 | overall_time(s)=3.136e+01 warm_time(s)=1.087e+01
order= 5 nref= 3 baseN(quad=False)=32 | ndofs= 3934722 | rel_resid[18]=4.48e-12 | overall_time(s)=1.142e+02 warm_time(s)=4.338e+01
order= 6 nref= 1 baseN(quad=False)=26 | ndofs=  231818 | rel_resid[18]=3.62e-12 | overall_time(s)=1.575e+01 warm_time(s)=3.120e+00
order= 6 nref= 2 baseN(quad=False)=26 | ndofs=  926018 | rel_resid[17]=8.75e-12 | overall_time(s)=3.829e+01 warm_time(s)=1.211e+01
order= 6 nref= 3 baseN(quad=False)=26 | ndofs= 3701570 | rel_resid[17]=5.92e-12 | overall_time(s)=1.319e+02 warm_time(s)=4.928e+01
order= 7 nref= 1 baseN(quad=False)=22 | ndofs=  224226 | rel_resid[18]=4.88e-12 | overall_time(s)=2.185e+01 warm_time(s)=3.438e+00
order= 7 nref= 2 baseN(quad=False)=22 | ndofs=  895666 | rel_resid[17]=8.24e-12 | overall_time(s)=4.938e+01 warm_time(s)=1.491e+01
order= 7 nref= 3 baseN(quad=False)=22 | ndofs= 3580194 | rel_resid[17]=5.08e-12 | overall_time(s)=1.635e+02 warm_time(s)=6.048e+01
order= 8 nref= 1 baseN(quad=False)=20 | ndofs=  240642 | rel_resid[17]=7.32e-12 | overall_time(s)=3.217e+01 warm_time(s)=4.510e+00
order= 8 nref= 2 baseN(quad=False)=20 | ndofs=  961282 | rel_resid[16]=8.62e-12 | overall_time(s)=6.936e+01 warm_time(s)=1.997e+01
order= 8 nref= 3 baseN(quad=False)=20 | ndofs= 3842562 | rel_resid[16]=6.83e-12 | overall_time(s)=2.240e+02 warm_time(s)=8.021e+01
order= 9 nref= 1 baseN(quad=False)=16 | ndofs=  194114 | rel_resid[17]=7.44e-12 | overall_time(s)=4.383e+01 warm_time(s)=4.598e+00
order= 9 nref= 2 baseN(quad=False)=16 | ndofs=  775298 | rel_resid[16]=7.21e-12 | overall_time(s)=8.234e+01 warm_time(s)=2.055e+01
order= 9 nref= 3 baseN(quad=False)=16 | ndofs= 3098882 | rel_resid[16]=5.20e-12 | overall_time(s)=2.422e+02 warm_time(s)=8.428e+01
order=10 nref= 1 baseN(quad=False)=16 | ndofs=  238722 | rel_resid[16]=6.63e-12 | overall_time(s)=7.811e+01 warm_time(s)=6.701e+00
order=10 nref= 2 baseN(quad=False)=16 | ndofs=  953602 | rel_resid[16]=4.23e-12 | overall_time(s)=1.296e+02 warm_time(s)=3.287e+01
order=10 nref= 3 baseN(quad=False)=16 | ndofs= 3811842 | rel_resid[16]=3.28e-12 | overall_time(s)=3.783e+02 warm_time(s)=1.340e+02
Overall run-time: 0h 37min 2s
