order= 3 nref= 1 baseN(quad=False)=8 | ndofs=  154151 | rel_resid[11]=8.75e-13 | overall_time(s)=8.989e+00 warm_time(s)=1.957e+00
order= 3 nref= 2 baseN(quad=False)=8 | ndofs=  613219 | rel_resid[11]=1.01e-12 | overall_time(s)=2.410e+01 warm_time(s)=7.453e+00
order= 3 nref= 3 baseN(quad=False)=8 | ndofs= 2446115 | rel_resid[11]=1.41e-12 | overall_time(s)=3.551e+02 warm_time(s)=2.785e+01
order= 4 nref= 1 baseN(quad=False)=7 | ndofs=  149931 | rel_resid[ 9]=8.67e-13 | overall_time(s)=4.829e+00 warm_time(s)=1.153e+00
order= 4 nref= 2 baseN(quad=False)=7 | ndofs=  596371 | rel_resid[ 8]=9.04e-12 | overall_time(s)=1.468e+01 warm_time(s)=4.174e+00
order= 4 nref= 3 baseN(quad=False)=7 | ndofs= 2378787 | rel_resid[ 9]=8.10e-13 | overall_time(s)=6.716e+01 warm_time(s)=1.801e+01
order= 5 nref= 1 baseN(quad=False)=6 | ndofs=  126533 | rel_resid[10]=2.30e-12 | overall_time(s)=4.258e+00 warm_time(s)=1.031e+00
order= 5 nref= 2 baseN(quad=False)=6 | ndofs=  503071 | rel_resid[10]=3.26e-12 | overall_time(s)=1.282e+01 warm_time(s)=4.002e+00
order= 5 nref= 3 baseN(quad=False)=6 | ndofs= 2006171 | rel_resid[11]=1.22e-12 | overall_time(s)=5.421e+01 warm_time(s)=1.652e+01
order= 6 nref= 1 baseN(quad=False)=6 | ndofs=  185574 | rel_resid[ 9]=3.85e-12 | overall_time(s)=6.437e+00 warm_time(s)=1.466e+00
order= 6 nref= 2 baseN(quad=False)=6 | ndofs=  738581 | rel_resid[ 9]=9.59e-13 | overall_time(s)=1.707e+01 warm_time(s)=5.096e+00
order= 6 nref= 3 baseN(quad=False)=6 | ndofs= 2946903 | rel_resid[10]=6.06e-13 | overall_time(s)=7.527e+01 warm_time(s)=2.211e+01
order= 7 nref= 1 baseN(quad=False)=5 | ndofs=  137747 | rel_resid[10]=8.81e-12 | overall_time(s)=5.820e+00 warm_time(s)=1.348e+00
order= 7 nref= 2 baseN(quad=False)=5 | ndofs=  547779 | rel_resid[10]=2.68e-12 | overall_time(s)=1.575e+01 warm_time(s)=4.757e+00
order= 7 nref= 3 baseN(quad=False)=5 | ndofs= 2184707 | rel_resid[11]=1.32e-12 | overall_time(s)=9.603e+01 warm_time(s)=1.929e+01
order= 8 nref= 1 baseN(quad=False)=4 | ndofs=   99749 | rel_resid[11]=1.40e-12 | overall_time(s)=4.913e+00 warm_time(s)=1.126e+00
order= 8 nref= 2 baseN(quad=False)=4 | ndofs=  396319 | rel_resid[10]=4.69e-12 | overall_time(s)=1.313e+01 warm_time(s)=3.956e+00
order= 8 nref= 3 baseN(quad=False)=4 | ndofs= 1579931 | rel_resid[11]=9.27e-12 | overall_time(s)=5.147e+01 warm_time(s)=1.580e+01
order= 9 nref= 1 baseN(quad=False)=3 | ndofs=   65279 | rel_resid[12]=1.84e-12 | overall_time(s)=5.270e+00 warm_time(s)=1.008e+00
order= 9 nref= 2 baseN(quad=False)=3 | ndofs=  258923 | rel_resid[14]=4.33e-12 | overall_time(s)=1.279e+01 warm_time(s)=4.027e+00
order= 9 nref= 3 baseN(quad=False)=3 | ndofs= 1031315 | rel_resid[18]=7.90e-12 | overall_time(s)=5.465e+01 warm_time(s)=1.928e+01
order=10 nref= 1 baseN(quad=False)=3 | ndofs=   81025 | rel_resid[15]=3.59e-12 | overall_time(s)=6.263e+00 warm_time(s)=1.698e+00
order=10 nref= 2 baseN(quad=False)=3 | ndofs=  321655 | rel_resid[14]=7.57e-12 | overall_time(s)=1.745e+01 warm_time(s)=5.586e+00
order=10 nref= 3 baseN(quad=False)=3 | ndofs= 1281739 | rel_resid[17]=3.23e-12 | overall_time(s)=7.392e+01 warm_time(s)=2.558e+01
Overall run-time: 0h 18min 59s
