order= 3 nref= 1 baseN(quad=False)=6 | ndofs=  171116 | rel_resid[28]=6.89e-12 | overall_time(s)=1.548e+01 warm_time(s)=5.737e+00
order= 3 nref= 2 baseN(quad=False)=6 | ndofs=  683150 | rel_resid[27]=8.53e-12 | overall_time(s)=5.748e+01 warm_time(s)=2.550e+01
order= 3 nref= 3 baseN(quad=False)=6 | ndofs= 2729978 | rel_resid[27]=6.37e-12 | overall_time(s)=2.321e+02 warm_time(s)=1.016e+02
order= 4 nref= 1 baseN(quad=False)=6 | ndofs=  296338 | rel_resid[26]=8.45e-12 | overall_time(s)=1.821e+01 warm_time(s)=6.913e+00
order= 4 nref= 2 baseN(quad=False)=6 | ndofs= 1183602 | rel_resid[26]=5.14e-12 | overall_time(s)=6.556e+01 warm_time(s)=2.859e+01
order= 4 nref= 3 baseN(quad=False)=6 | ndofs= 4730914 | rel_resid[26]=3.90e-12 | overall_time(s)=2.755e+02 warm_time(s)=1.158e+02
order= 5 nref= 1 baseN(quad=False)=5 | ndofs=  244642 | rel_resid[26]=6.81e-12 | overall_time(s)=1.263e+01 warm_time(s)=4.971e+00
order= 5 nref= 2 baseN(quad=False)=5 | ndofs=  976962 | rel_resid[26]=4.19e-12 | overall_time(s)=4.572e+01 warm_time(s)=2.001e+01
order= 5 nref= 3 baseN(quad=False)=5 | ndofs= 3904642 | rel_resid[26]=3.37e-12 | overall_time(s)=1.822e+02 warm_time(s)=7.779e+01
order= 6 nref= 1 baseN(quad=False)=4 | ndofs=  190850 | rel_resid[26]=7.24e-12 | overall_time(s)=9.876e+00 warm_time(s)=3.915e+00
order= 6 nref= 2 baseN(quad=False)=4 | ndofs=  762002 | rel_resid[26]=6.92e-12 | overall_time(s)=3.472e+01 warm_time(s)=1.512e+01
order= 6 nref= 3 baseN(quad=False)=4 | ndofs= 3045218 | rel_resid[26]=5.66e-12 | overall_time(s)=1.867e+02 warm_time(s)=5.787e+01
order= 7 nref= 1 baseN(quad=False)=4 | ndofs=  257686 | rel_resid[26]=4.82e-12 | overall_time(s)=1.514e+01 warm_time(s)=5.539e+00
order= 7 nref= 2 baseN(quad=False)=4 | ndofs= 1029114 | rel_resid[26]=4.65e-12 | overall_time(s)=5.131e+01 warm_time(s)=2.197e+01
order= 7 nref= 3 baseN(quad=False)=4 | ndofs= 4113202 | rel_resid[26]=4.90e-12 | overall_time(s)=2.558e+02 warm_time(s)=8.294e+01
order= 8 nref= 1 baseN(quad=False)=4 | ndofs=  334530 | rel_resid[25]=8.58e-12 | overall_time(s)=1.943e+01 warm_time(s)=7.901e+00
order= 8 nref= 2 baseN(quad=False)=4 | ndofs= 1336258 | rel_resid[25]=8.96e-12 | overall_time(s)=6.768e+01 warm_time(s)=2.955e+01
order= 8 nref= 3 baseN(quad=False)=4 | ndofs= 5341314 | rel_resid[26]=4.41e-12 | overall_time(s)=3.781e+02 warm_time(s)=1.160e+02
order= 9 nref= 1 baseN(quad=False)=3 | ndofs=  215462 | rel_resid[25]=6.95e-12 | overall_time(s)=1.447e+01 warm_time(s)=5.666e+00
order= 9 nref= 2 baseN(quad=False)=3 | ndofs=  860330 | rel_resid[25]=7.33e-12 | overall_time(s)=4.976e+01 warm_time(s)=2.138e+01
order= 9 nref= 3 baseN(quad=False)=3 | ndofs= 3438290 | rel_resid[25]=5.93e-12 | overall_time(s)=2.183e+02 warm_time(s)=8.135e+01
order=10 nref= 1 baseN(quad=False)=3 | ndofs=  264962 | rel_resid[25]=5.22e-12 | overall_time(s)=2.046e+01 warm_time(s)=7.934e+00
order=10 nref= 2 baseN(quad=False)=3 | ndofs= 1058162 | rel_resid[25]=5.81e-12 | overall_time(s)=6.869e+01 warm_time(s)=2.939e+01
order=10 nref= 3 baseN(quad=False)=3 | ndofs= 4229282 | rel_resid[25]=5.14e-12 | overall_time(s)=2.953e+02 warm_time(s)=1.125e+02
Overall run-time: 0h 45min 13s
