order= 3 nref= 1 baseN(quad=False)=52 | ndofs=  243986 | rel_resid[20]=6.72e-12 | overall_time(s)=1.390e+01 warm_time(s)=5.021e+00
order= 3 nref= 2 baseN(quad=False)=52 | ndofs=  974690 | rel_resid[19]=6.73e-12 | overall_time(s)=5.643e+01 warm_time(s)=2.393e+01
order= 3 nref= 3 baseN(quad=False)=52 | ndofs= 3896258 | rel_resid[18]=9.89e-12 | overall_time(s)=5.184e+02 warm_time(s)=9.535e+01
order= 4 nref= 1 baseN(quad=False)=40 | ndofs=  250242 | rel_resid[18]=4.59e-12 | overall_time(s)=1.250e+01 warm_time(s)=3.900e+00
order= 4 nref= 2 baseN(quad=False)=40 | ndofs=  999682 | rel_resid[16]=9.97e-12 | overall_time(s)=4.050e+01 warm_time(s)=1.591e+01
order= 4 nref= 3 baseN(quad=False)=40 | ndofs= 3996162 | rel_resid[16]=6.01e-12 | overall_time(s)=1.659e+02 warm_time(s)=6.474e+01
order= 5 nref= 1 baseN(quad=False)=32 | ndofs=  246402 | rel_resid[17]=8.72e-12 | overall_time(s)=1.379e+01 warm_time(s)=3.493e+00
order= 5 nref= 2 baseN(quad=False)=32 | ndofs=  984322 | rel_resid[17]=5.36e-12 | overall_time(s)=4.335e+01 warm_time(s)=1.633e+01
order= 5 nref= 3 baseN(quad=False)=32 | ndofs= 3934722 | rel_resid[16]=8.12e-12 | overall_time(s)=2.657e+02 warm_time(s)=6.114e+01
order= 6 nref= 1 baseN(quad=False)=26 | ndofs=  231818 | rel_resid[17]=2.87e-12 | overall_time(s)=1.711e+01 warm_time(s)=3.578e+00
order= 6 nref= 2 baseN(quad=False)=26 | ndofs=  926018 | rel_resid[16]=5.68e-12 | overall_time(s)=4.644e+01 warm_time(s)=1.641e+01
order= 6 nref= 3 baseN(quad=False)=26 | ndofs= 3701570 | rel_resid[16]=3.64e-12 | overall_time(s)=2.328e+02 warm_time(s)=6.493e+01
order= 7 nref= 1 baseN(quad=False)=22 | ndofs=  224226 | rel_resid[17]=4.17e-12 | overall_time(s)=2.292e+01 warm_time(s)=4.095e+00
order= 7 nref= 2 baseN(quad=False)=22 | ndofs=  895666 | rel_resid[16]=5.24e-12 | overall_time(s)=5.536e+01 warm_time(s)=1.828e+01
order= 7 nref= 3 baseN(quad=False)=22 | ndofs= 3580194 | rel_resid[16]=2.93e-12 | overall_time(s)=2.353e+02 warm_time(s)=7.332e+01
order= 8 nref= 1 baseN(quad=False)=20 | ndofs=  240642 | rel_resid[16]=6.55e-12 | overall_time(s)=3.283e+01 warm_time(s)=5.133e+00
order= 8 nref= 2 baseN(quad=False)=20 | ndofs=  961282 | rel_resid[16]=3.42e-12 | overall_time(s)=7.737e+01 warm_time(s)=2.443e+01
order= 8 nref= 3 baseN(quad=False)=20 | ndofs= 3842562 | rel_resid[15]=8.16e-12 | overall_time(s)=2.838e+02 warm_time(s)=9.351e+01
order= 9 nref= 1 baseN(quad=False)=16 | ndofs=  194114 | rel_resid[16]=7.54e-12 | overall_time(s)=4.568e+01 warm_time(s)=5.148e+00
order= 9 nref= 2 baseN(quad=False)=16 | ndofs=  775298 | rel_resid[15]=9.69e-12 | overall_time(s)=8.646e+01 warm_time(s)=2.315e+01
order= 9 nref= 3 baseN(quad=False)=16 | ndofs= 3098882 | rel_resid[15]=6.66e-12 | overall_time(s)=2.794e+02 warm_time(s)=9.495e+01
order=10 nref= 1 baseN(quad=False)=16 | ndofs=  238722 | rel_resid[15]=8.14e-12 | overall_time(s)=6.926e+01 warm_time(s)=7.418e+00
order=10 nref= 2 baseN(quad=False)=16 | ndofs=  953602 | rel_resid[15]=5.70e-12 | overall_time(s)=1.345e+02 warm_time(s)=3.673e+01
order=10 nref= 3 baseN(quad=False)=16 | ndofs= 3811842 | rel_resid[14]=7.82e-12 | overall_time(s)=4.110e+02 warm_time(s)=1.433e+02
Overall run-time: 0h 54min 24s
