order= 3 nref= 1 baseN(quad=False)=51 | ndofs=  230523 | rel_resid[11]=6.96e-12 | overall_time(s)=1.038e+01 warm_time(s)=2.373e+00
order= 3 nref= 2 baseN(quad=False)=51 | ndofs=  918819 | rel_resid[11]=6.30e-12 | overall_time(s)=3.238e+01 warm_time(s)=8.685e+00
order= 3 nref= 3 baseN(quad=False)=51 | ndofs= 3668739 | rel_resid[11]=7.07e-12 | overall_time(s)=1.055e+03 warm_time(s)=3.309e+01
order= 4 nref= 1 baseN(quad=False)=39 | ndofs=  251163 | rel_resid[11]=2.57e-12 | overall_time(s)=7.488e+00 warm_time(s)=1.794e+00
order= 4 nref= 2 baseN(quad=False)=39 | ndofs= 1001211 | rel_resid[11]=2.00e-12 | overall_time(s)=2.507e+01 warm_time(s)=6.515e+00
order= 4 nref= 3 baseN(quad=False)=39 | ndofs= 3997971 | rel_resid[11]=2.60e-12 | overall_time(s)=5.356e+02 warm_time(s)=2.447e+01
order= 5 nref= 1 baseN(quad=False)=31 | ndofs=  255443 | rel_resid[11]=8.42e-12 | overall_time(s)=6.806e+00 warm_time(s)=1.613e+00
order= 5 nref= 2 baseN(quad=False)=31 | ndofs= 1018291 | rel_resid[11]=8.16e-12 | overall_time(s)=2.263e+01 warm_time(s)=6.240e+00
order= 5 nref= 3 baseN(quad=False)=31 | ndofs= 4066211 | rel_resid[12]=1.42e-12 | overall_time(s)=3.720e+02 warm_time(s)=2.426e+01
order= 6 nref= 1 baseN(quad=False)=26 | ndofs=  264059 | rel_resid[11]=6.60e-12 | overall_time(s)=7.263e+00 warm_time(s)=1.606e+00
order= 6 nref= 2 baseN(quad=False)=26 | ndofs= 1052691 | rel_resid[11]=6.70e-12 | overall_time(s)=2.331e+01 warm_time(s)=6.380e+00
order= 6 nref= 3 baseN(quad=False)=26 | ndofs= 4203683 | rel_resid[11]=9.64e-12 | overall_time(s)=2.892e+02 warm_time(s)=2.294e+01
order= 7 nref= 1 baseN(quad=False)=22 | ndofs=  261187 | rel_resid[12]=8.53e-12 | overall_time(s)=8.195e+00 warm_time(s)=1.916e+00
order= 7 nref= 2 baseN(quad=False)=22 | ndofs= 1041219 | rel_resid[12]=4.73e-12 | overall_time(s)=2.628e+01 warm_time(s)=7.275e+00
order= 7 nref= 3 baseN(quad=False)=22 | ndofs= 4157827 | rel_resid[12]=5.84e-12 | overall_time(s)=2.410e+02 warm_time(s)=2.694e+01
order= 8 nref= 1 baseN(quad=False)=20 | ndofs=  285043 | rel_resid[13]=1.72e-12 | overall_time(s)=9.844e+00 warm_time(s)=2.539e+00
order= 8 nref= 2 baseN(quad=False)=20 | ndofs= 1136483 | rel_resid[12]=7.67e-12 | overall_time(s)=3.850e+01 warm_time(s)=8.541e+00
order= 8 nref= 3 baseN(quad=False)=20 | ndofs= 4538563 | rel_resid[12]=8.39e-12 | overall_time(s)=2.520e+02 warm_time(s)=3.448e+01
order= 9 nref= 1 baseN(quad=False)=18 | ndofs=  294771 | rel_resid[14]=1.81e-12 | overall_time(s)=1.313e+01 warm_time(s)=3.183e+00
order= 9 nref= 2 baseN(quad=False)=18 | ndofs= 1175331 | rel_resid[13]=8.06e-12 | overall_time(s)=4.585e+01 warm_time(s)=1.081e+01
order= 9 nref= 3 baseN(quad=False)=18 | ndofs= 4693827 | rel_resid[14]=1.80e-12 | overall_time(s)=2.775e+02 warm_time(s)=4.620e+01
order=10 nref= 1 baseN(quad=False)=16 | ndofs=  289603 | rel_resid[14]=4.57e-12 | overall_time(s)=1.503e+01 warm_time(s)=3.862e+00
order=10 nref= 2 baseN(quad=False)=16 | ndofs= 1154691 | rel_resid[14]=4.75e-12 | overall_time(s)=5.248e+01 warm_time(s)=1.298e+01
order=10 nref= 3 baseN(quad=False)=16 | ndofs= 4611331 | rel_resid[14]=6.81e-12 | overall_time(s)=2.695e+02 warm_time(s)=5.167e+01
Overall run-time: 1h 4min 47s
