****************************************************************************************************************************************************************
***                                WIDEN YOUR WINDOW TO 160 CHARACTERS.  Use 'enscript -r -fCourier9' to print this document                                 ***
****************************************************************************************************************************************************************

------------------------------------------------------------------ PETSc Performance Summary: ------------------------------------------------------------------

../solver.py on a default named cn010.delta.ncsa.illinois.edu with 72 processors, by avoronin1 Tue Mar 12 08:25:44 2024
Using Petsc Development GIT revision: v3.4.2-44079-gfe466959bc  GIT Date: 2024-01-30 21:21:56 +0000

                         Max       Max/Min     Avg       Total
Time (sec):           7.883e+01     1.000   7.883e+01
Objects:              0.000e+00     0.000   0.000e+00
Flops:                7.448e+10     3.360   3.741e+10  2.693e+12
Flops/sec:            9.449e+08     3.360   4.746e+08  3.417e+10
MPI Msg Count:        1.701e+04     3.599   1.056e+04  7.606e+05
MPI Msg Len (bytes):  6.079e+08     4.196   2.956e+04  2.248e+10
MPI Reductions:       9.650e+02     1.000

Flop counting convention: 1 flop = 1 real number operation of type (multiply/divide/add/subtract)
                            e.g., VecAXPY() for real vectors of length N --> 2N flops
                            and VecAXPY() for complex vectors of length N --> 8N flops

Summary of Stages:   ----- Time ------  ----- Flop ------  --- Messages ---  -- Message Lengths --  -- Reductions --
                        Avg     %Total     Avg     %Total    Count   %Total     Avg         %Total    Count   %Total
 0:      Main Stage: 6.2524e+00   7.9%  9.0501e+07   0.0%  5.771e+05  75.9%  6.478e+03       16.6%  5.340e+02  55.3%
 1: Warm-up Solve: k=6 nref=1: 3.7693e+01  47.8%  2.6828e+12  99.6%  1.741e+05  22.9%  1.018e+05       78.8%  3.970e+02  41.1%
 2: Warm Solve: k=6 nref=1: 8.8755e-02   0.1%  1.0578e+10   0.4%  9.376e+03   1.2%  1.088e+05        4.5%  1.600e+01   1.7%

------------------------------------------------------------------------------------------------------------------------
See the 'Profiling' chapter of the users' manual for details on interpreting output.
Phase summary info:
   Count: number of times phase was executed
   Time and Flop: Max - maximum over all processors
                  Ratio - ratio of maximum to minimum over all processors
   Mess: number of messages sent
   AvgLen: average message length (bytes)
   Reduct: number of global reductions
   Global: entire computation
   Stage: stages of a computation. Set stages with PetscLogStagePush() and PetscLogStagePop().
      %T - percent time in this phase         %F - percent flop in this phase
      %M - percent messages in this phase     %L - percent message lengths in this phase
      %R - percent reductions in this phase
   Total Mflop/s: 10e-6 * (sum of flop over all processors)/(max time over all processors)
------------------------------------------------------------------------------------------------------------------------
Event                Count      Time (sec)     Flop                              --- Global ---  --- Stage ----  Total
                   Max Ratio  Max     Ratio   Max  Ratio  Mess   AvgLen  Reduct  %T %F %M %L %R  %T %F %M %L %R Mflop/s
------------------------------------------------------------------------------------------------------------------------

--- Event Stage 0: Main Stage

BuildTwoSided         87 1.0 6.3980e-01 4.1 0.00e+00 0.0 1.1e+05 4.0e+00 8.7e+01  0  0 14  0  9   6  0 19  0 16     0
BuildTwoSidedF         8 1.0 5.3092e-01 5.4 0.00e+00 0.0 2.9e+03 6.1e+05 8.0e+00  0  0  0  8  1   5  0  1 48  1     0
SFSetGraph            85 1.0 5.1782e-02 4.1 0.00e+00 0.0 0.0e+00 0.0e+00 0.0e+00  0  0  0  0  0   0  0  0  0  0     0
SFSetUp               79 1.0 3.1961e-01 1.2 0.00e+00 0.0 2.1e+05 3.1e+03 7.9e+01  0  0 28  3  8   5  0 37 18 15     0
SFBcastBegin         216 1.0 1.4222e-01 11.5 0.00e+00 0.0 3.1e+05 3.8e+03 0.0e+00  0  0 41  5  0   1  0 54 31  0     0
SFBcastEnd           216 1.0 1.9612e-01 3.3 0.00e+00 0.0 0.0e+00 0.0e+00 0.0e+00  0  0  0  0  0   2  0  0  0  0     0
SFReduceBegin         27 1.0 4.1631e-02 23.1 0.00e+00 0.0 3.8e+04 2.4e+03 0.0e+00  0  0  5  0  0   0  0  7  2  0     0
SFReduceEnd           27 1.0 7.0471e-02 14.2 0.00e+00 0.0 0.0e+00 0.0e+00 0.0e+00  0  0  0  0  0   1  0  0  0  0     0
SFFetchOpBegin         4 1.0 1.8389e-04 4.9 0.00e+00 0.0 5.6e+03 1.6e+03 0.0e+00  0  0  1  0  0   0  0  1  0  0     0
SFFetchOpEnd           4 1.0 2.5591e-03 2.7 0.00e+00 0.0 5.6e+03 1.6e+03 0.0e+00  0  0  1  0  0   0  0  1  0  0     0
SFCreateEmbed          4 1.0 3.5734e-03 2.4 0.00e+00 0.0 5.3e+03 4.4e+02 0.0e+00  0  0  1  0  0   0  0  1  0  0     0
SFDistSection         42 1.0 1.3086e-01 1.5 0.00e+00 0.0 1.8e+05 1.4e+03 5.2e+01  0  0 23  1  5   2  0 30  7 10     0
SFSectionSF           43 1.0 8.7347e-02 1.3 0.00e+00 0.0 1.1e+05 5.4e+02 4.3e+01  0  0 14  0  4   1  0 19  2  8     0
SFRemoteOff            1 1.0 9.4306e-04 1.9 0.00e+00 0.0 1.5e+03 4.6e+01 1.0e+00  0  0  0  0  0   0  0  0  0  0     0
SFPack               247 1.0 1.7140e-02 8.7 0.00e+00 0.0 0.0e+00 0.0e+00 0.0e+00  0  0  0  0  0   0  0  0  0  0     0
SFUnpack             251 1.0 2.7605e-02 13.9 0.00e+00 0.0 0.0e+00 0.0e+00 0.0e+00  0  0  0  0  0   0  0  0  0  0     0
VecNorm                1 1.0 5.6604e-04 5.7 1.16e+05 1.1 0.0e+00 0.0e+00 1.0e+00  0  0  0  0  0   0  9  0  0  0 14214
VecScale               1 1.0 6.3765e-05 5.7 5.78e+04 1.1 0.0e+00 0.0e+00 0.0e+00  0  0  0  0  0   0  4  0  0  0 63090
VecNormalize           1 1.0 6.8232e-04 3.8 1.73e+05 1.1 0.0e+00 0.0e+00 1.0e+00  0  0  0  0  0   0 13  0  0  0 17688
MatAssemblyBegin       8 1.0 6.8544e-01 4.6 0.00e+00 0.0 2.9e+03 6.1e+05 8.0e+00  1  0  0  8  1   7  0  1 48  1     0
MatAssemblyEnd         8 1.0 7.7199e-01 1.0 0.00e+00 0.0 3.1e+03 5.6e+03 2.4e+01  1  0  0  0  2  12  0  1  0  4     0
DMPlexBuFrCeLi         1 1.0 1.6137e-03 2.0 0.00e+00 0.0 0.0e+00 0.0e+00 1.0e+00  0  0  0  0  0   0  0  0  0  0     0
DMPlexBuCoFrCeLi       1 1.0 3.5879e-04 5.6 0.00e+00 0.0 0.0e+00 0.0e+00 0.0e+00  0  0  0  0  0   0  0  0  0  0     0
Mesh Partition         3 1.0 5.8192e-01 1.0 0.00e+00 0.0 4.4e+04 9.7e+02 7.6e+01  1  0  6  0  8   9  0  8  1 14     0
Mesh Migration         3 1.0 1.2164e-01 1.0 0.00e+00 0.0 1.9e+05 1.3e+03 1.7e+02  0  0 25  1 17   2  0 33  6 31     0
DMPlexPartSelf         1 1.0 4.9672e-03 1163.8 0.00e+00 0.0 0.0e+00 0.0e+00 0.0e+00  0  0  0  0  0   0  0  0  0  0     0
DMPlexPartLblInv       3 1.0 3.7746e-01 1.9 0.00e+00 0.0 0.0e+00 0.0e+00 9.0e+00  0  0  0  0  1   5  0  0  0  2     0
DMPlexPartLblSF        3 1.0 1.5711e-02 1.4 0.00e+00 0.0 9.8e+03 9.4e+02 3.0e+00  0  0  1  0  0   0  0  2  0  1     0
DMPlexPartStrtSF       3 1.0 1.6062e-02 1.7 0.00e+00 0.0 4.9e+03 3.8e+03 0.0e+00  0  0  1  0  0   0  0  1  0  0     0
DMPlexPointSF          3 1.0 1.0079e-02 1.4 0.00e+00 0.0 5.0e+03 3.8e+03 0.0e+00  0  0  1  0  0   0  0  1  1  0     0
DMPlexInterp           1 1.0 2.8617e-02 1.1 0.00e+00 0.0 0.0e+00 0.0e+00 3.0e+00  0  0  0  0  0   0  0  0  0  1     0
DMPlexDistribute       1 1.0 2.2860e-01 1.0 0.00e+00 0.0 2.9e+03 1.6e+03 5.2e+01  0  0  0  0  5   4  0  0  0 10     0
DMPlexDistCones        3 1.0 4.2910e-02 1.0 0.00e+00 0.0 2.9e+04 3.2e+03 6.0e+00  0  0  4  0  1   1  0  5  3  1     0
DMPlexDistLabels       3 1.0 4.4400e-02 1.1 0.00e+00 0.0 1.1e+05 1.1e+03 1.1e+02  0  0 14  1 11   1  0 18  3 20     0
DMPlexDistOvrlp        2 1.0 4.8490e-01 1.0 0.00e+00 0.0 2.4e+05 1.3e+03 2.0e+02  1  0 31  1 21   8  0 41  8 37     0
DMPlexDistField        5 1.0 1.3528e-02 1.5 0.00e+00 0.0 3.7e+04 2.6e+02 1.4e+01  0  0  5  0  1   0  0  6  0  3     0
DMPlexStratify         7 1.0 3.0514e-02 6.1 0.00e+00 0.0 0.0e+00 0.0e+00 7.0e+00  0  0  0  0  1   0  0  0  0  1     0
DMPlexSymmetrize       7 1.0 4.3176e-03 7.3 0.00e+00 0.0 0.0e+00 0.0e+00 0.0e+00  0  0  0  0  0   0  0  0  0  0     0
DMPlexTransform        1 1.0 4.7923e-03 1.2 0.00e+00 0.0 2.9e+03 5.4e+01 6.0e+00  0  0  0  0  1   0  0  1  0  1     0
StokesSolver:init       1 1.0 6.1575e+00 1.0 7.23e+05 1.0 5.8e+05 6.2e+03 5.3e+02  8  0 76 16 55  98 57 100 96 99     8
firedrake.utility_meshes.BoxMesh       1 1.0 2.8911e-01 1.0 0.00e+00 0.0 2.9e+03 1.6e+03 6.5e+01  0  0  0  0  7   5  0  0  0 12     0
CreateMesh             6 1.0 1.0354e+00 1.0 0.00e+00 0.0 4.7e+05 1.3e+03 3.3e+02  1  0 62  3 34  17  0 82 17 62     0
firedrake.mesh.MeshTopology._set_partitioner       2 1.0 1.3757e-02 42.8 0.00e+00 0.0 0.0e+00 0.0e+00 1.0e+00  0  0  0  0  0   0  0  0  0  0     0
firedrake.mesh.MeshTopology._get_partitioner       2 1.0 1.3270e-05 3.3 0.00e+00 0.0 0.0e+00 0.0e+00 0.0e+00  0  0  0  0  0   0  0  0  0  0     0
Mesh: numbering        2 1.0 4.7391e-02 1.0 0.00e+00 0.0 0.0e+00 0.0e+00 8.0e+00  0  0  0  0  1   1  0  0  0  1     0
Mesh: reorder          2 1.0 2.5366e-02 6.1 0.00e+00 0.0 0.0e+00 0.0e+00 4.0e+00  0  0  0  0  0   0  0  0  0  1     0
CreateFunctionSpace       4 1.0 2.5775e-01 2.0 0.00e+00 0.0 9.7e+03 1.9e+03 0.0e+00  0  0  1  0  0   3  0  2  0  0     0
firedrake.functionspace.make_scalar_element       4 1.0 5.7218e-04 1.5 0.00e+00 0.0 0.0e+00 0.0e+00 0.0e+00  0  0  0  0  0   0  0  0  0  0     0
firedrake.functionspaceimpl.FunctionSpace.__init__       6 1.0 2.5718e-01 2.0 0.00e+00 0.0 9.7e+03 1.9e+03 0.0e+00  0  0  1  0  0   3  0  2  0  0     0
firedrake.functionspacedata.get_shared_data       6 1.0 2.5573e-01 2.0 0.00e+00 0.0 9.7e+03 1.9e+03 0.0e+00  0  0  1  0  0   3  0  2  0  0     0
firedrake.functionspacedata.FunctionSpaceData.__init__       6 1.0 2.5563e-01 2.0 0.00e+00 0.0 9.7e+03 1.9e+03 0.0e+00  0  0  1  0  0   3  0  2  0  0     0
FunctionSpaceData: CreateElement      12 1.0 2.9772e-02 1.4 0.00e+00 0.0 0.0e+00 0.0e+00 0.0e+00  0  0  0  0  0   0  0  0  0  0     0
firedrake.mesh.MeshTopology._facets       4 1.0 6.9928e-02 1.1 0.00e+00 0.0 9.7e+03 1.9e+03 0.0e+00  0  0  1  0  0   1  0  2  0  0     0
firedrake.mesh._Facets.__init__       4 1.0 1.6436e-03 2.0 0.00e+00 0.0 0.0e+00 0.0e+00 0.0e+00  0  0  0  0  0   0  0  0  0  0     0
firedrake.dmhooks.set_function_space       5 1.0 1.0888e-04 2.0 0.00e+00 0.0 0.0e+00 0.0e+00 0.0e+00  0  0  0  0  0   0  0  0  0  0     0
firedrake.constant.Constant.assign       1 1.0 5.8079e-05 2.4 0.00e+00 0.0 0.0e+00 0.0e+00 0.0e+00  0  0  0  0  0   0  0  0  0  0     0
firedrake.functionspace.MixedFunctionSpace       1 1.0 1.4792e-03 1.7 0.00e+00 0.0 0.0e+00 0.0e+00 0.0e+00  0  0  0  0  0   0  0  0  0  0     0
firedrake.function.Function.__init__      15 1.0 2.3942e-03 1.4 0.00e+00 0.0 0.0e+00 0.0e+00 0.0e+00  0  0  0  0  0   0  0  0  0  0     0
firedrake.function.Function.assign       6 1.0 6.4943e-02 1.4 0.00e+00 0.0 0.0e+00 0.0e+00 7.0e+00  0  0  0  0  1   1  0  0  0  1     0
firedrake.assign.Assigner.assign       4 1.0 4.3472e-02 1.7 0.00e+00 0.0 0.0e+00 0.0e+00 5.0e+00  0  0  0  0  1   1  0  0  0  1     0
firedrake.assemble.assemble       2 1.0 2.5696e-01 1.0 1.10e+06 1.0 2.1e+03 7.8e+04 6.0e+00  0  0  0  1  1   4 87  0  4  1   305
firedrake.tsfc_interface.compile_form       2 1.0 5.1840e-02 1.1 0.00e+00 0.0 0.0e+00 0.0e+00 0.0e+00  0  0  0  0  0   1  0  0  0  0     0
firedrake.formmanipulation.split_form       2 1.0 4.2264e-03 1.5 0.00e+00 0.0 0.0e+00 0.0e+00 0.0e+00  0  0  0  0  0   0  0  0  0  0     0
firedrake.formmanipulation.ExtractSubBlock.split       2 1.0 3.0940e-05 2.9 0.00e+00 0.0 0.0e+00 0.0e+00 0.0e+00  0  0  0  0  0   0  0  0  0  0     0
firedrake.functionspacedata.FunctionSpaceData.get_map      11 1.0 3.2315e-04 1.6 0.00e+00 0.0 0.0e+00 0.0e+00 0.0e+00  0  0  0  0  0   0  0  0  0  0     0
firedrake.mesh.AbstractMeshTopology.measure_set       2 1.0 4.0228e-05 2.5 0.00e+00 0.0 0.0e+00 0.0e+00 0.0e+00  0  0  0  0  0   0  0  0  0  0     0
firedrake.mesh.AbstractMeshTopology.cell_subset       2 1.0 1.3200e-05 2.8 0.00e+00 0.0 0.0e+00 0.0e+00 0.0e+00  0  0  0  0  0   0  0  0  0  0     0
ParLoopExecute         2 1.0 1.9141e-01 1.0 1.10e+06 1.0 2.1e+03 7.8e+04 0.0e+00  0  0  0  1  0   3 87  0  4  0   410
Parloop_Cells_wrap_form_cell_integral       4 1.0 1.8044e-01 1.0 1.10e+06 1.0 0.0e+00 0.0e+00 0.0e+00  0  0  0  0  0   3 87  0  0  0   435
pyop2.global_kernel.GlobalKernel.compile       1 1.0 1.7873e-01 1.0 0.00e+00 0.0 0.0e+00 0.0e+00 0.0e+00  0  0  0  0  0   3  0  0  0  0     0
Log_Event_form_cell_integral     672 1.0 1.2610e-03 18.0 0.00e+00 0.0 0.0e+00 0.0e+00 0.0e+00  0  0  0  0  0   0  0  0  0  0     0
ParLoopRednBegin       2 1.0 5.2095e-04 4.1 0.00e+00 0.0 0.0e+00 0.0e+00 0.0e+00  0  0  0  0  0   0  0  0  0  0     0
ParLoopRednEnd         2 1.0 7.4470e-03 34.5 0.00e+00 0.0 0.0e+00 0.0e+00 0.0e+00  0  0  0  0  0   0  0  0  0  0     0
firedrake.functionspaceimpl.WithGeometryBase.sub       8 1.0 1.0902e-04 2.4 0.00e+00 0.0 0.0e+00 0.0e+00 0.0e+00  0  0  0  0  0   0  0  0  0  0     0
firedrake.ufl_expr.TestFunction       2 1.0 2.6232e-04 1.7 0.00e+00 0.0 0.0e+00 0.0e+00 0.0e+00  0  0  0  0  0   0  0  0  0  0     0
firedrake.bcs.BCBase.__init__       2 1.0 7.8358e-05 1.4 0.00e+00 0.0 0.0e+00 0.0e+00 0.0e+00  0  0  0  0  0   0  0  0  0  0     0
firedrake.interpolation.make_interpolator       2 1.0 1.9016e-01 1.0 0.00e+00 0.0 0.0e+00 0.0e+00 0.0e+00  0  0  0  0  0   3  0  0  0  0     0
firedrake.variational_solver.NonlinearVariationalProblem.__init__       1 1.0 2.1038e-02 1.4 0.00e+00 0.0 0.0e+00 0.0e+00 0.0e+00  0  0  0  0  0   0  0  0  0  0     0
firedrake.ufl_expr.derivative       2 1.0 1.1064e-03 1.5 0.00e+00 0.0 0.0e+00 0.0e+00 0.0e+00  0  0  0  0  0   0  0  0  0  0     0
firedrake.ufl_expr.TrialFunction       1 1.0 7.3148e-05 1.7 0.00e+00 0.0 0.0e+00 0.0e+00 0.0e+00  0  0  0  0  0   0  0  0  0  0     0
firedrake.ufl_expr.adjoint       1 1.0 1.9634e-02 1.4 0.00e+00 0.0 0.0e+00 0.0e+00 0.0e+00  0  0  0  0  0   0  0  0  0  0     0
firedrake.variational_solver.NonlinearVariationalSolver.__init__       1 1.0 3.8263e+00 1.1 1.73e+05 1.1 4.3e+04 6.6e+04 9.6e+01  5  0  6 13 10  58 13  7 76 18     3
firedrake.solving_utils._SNESContext.__init__       1 1.0 6.5853e-03 1.6 0.00e+00 0.0 0.0e+00 0.0e+00 0.0e+00  0  0  0  0  0   0  0  0  0  0     0
firedrake.cofunction.Cofunction.__init__       1 1.0 5.7039e-04 2.3 0.00e+00 0.0 0.0e+00 0.0e+00 0.0e+00  0  0  0  0  0   0  0  0  0  0     0
firedrake.assemble.allocate_matrix       1 1.0 3.2959e+00 1.0 0.00e+00 0.0 4.3e+04 6.6e+04 8.6e+01  4  0  6 13  9  53  0  7 76 16     0
CreateSparsity         4 1.0 9.4125e-01 1.0 0.00e+00 0.0 1.1e+04 2.5e+04 2.8e+01  1  0  1  1  3  15  0  2  7  5     0
MatZeroInitial         4 1.0 1.3616e+00 1.4 0.00e+00 0.0 0.0e+00 0.0e+00 0.0e+00  1  0  0  0  0  19  0  0  0  0     0
firedrake.function.Function.sub       1 1.0 5.8771e-04 2.9 0.00e+00 0.0 0.0e+00 0.0e+00 0.0e+00  0  0  0  0  0   0  0  0  0  0     0
firedrake.nullspace.VectorSpaceBasis.nullspace       1 1.0 3.6247e-05 4.1 0.00e+00 0.0 0.0e+00 0.0e+00 0.0e+00  0  0  0  0  0   0  0  0  0  0     0
firedrake.halo.Halo.global_to_local_begin       1 1.0 3.0452e-03 6.3 0.00e+00 0.0 2.1e+03 7.8e+04 0.0e+00  0  0  0  1  0   0  0  0  4  0     0
firedrake.halo.Halo.global_to_local_end       1 1.0 5.9102e-03 2.9 0.00e+00 0.0 0.0e+00 0.0e+00 0.0e+00  0  0  0  0  0   0  0  0  0  0     0

--- Event Stage 1: Warm-up Solve: k=6 nref=1

BuildTwoSided        298 1.4 9.3108e-01 2.3 0.00e+00 0.0 2.2e+04 4.0e+00 4.6e+01  1  0  3  0  5   2  0 13  0 12     0
BuildTwoSidedF        34 1.0 8.5478e-01 2.1 0.00e+00 0.0 2.0e+04 7.7e+04 3.4e+01  1  0  3  7  4   2  0 11  9  9     0
SFSetGraph           268 1.4 7.2620e-02 4.2 0.00e+00 0.0 0.0e+00 0.0e+00 0.0e+00  0  0  0  0  0   0  0  0  0  0     0
SFSetUp              264 1.5 1.2770e-01 2.1 0.00e+00 0.0 2.5e+04 6.1e+03 1.2e+01  0  0  3  1  1   0  0 14  1  3     0
SFBcastBegin          15 1.0 6.2224e-02 11.5 0.00e+00 0.0 3.6e+04 5.4e+04 0.0e+00  0  0  5  9  0   0  0 21 11  0     0
SFBcastEnd            15 1.0 2.1654e-01 5.7 0.00e+00 0.0 0.0e+00 0.0e+00 0.0e+00  0  0  0  0  0   0  0  0  0  0     0
SFReduceBegin          9 1.0 3.6578e-02 6.2 0.00e+00 0.0 2.1e+04 4.3e+04 0.0e+00  0  0  3  4  0   0  0 12  5  0     0
SFReduceEnd            9 1.0 1.0219e-01 6.0 2.86e+06 4.2 0.0e+00 0.0e+00 0.0e+00  0  0  0  0  0   0  0  0  0  0  1114
SFPack              8713 1.5 7.2341e-02 7.9 0.00e+00 0.0 0.0e+00 0.0e+00 0.0e+00  0  0  0  0  0   0  0  0  0  0     0
SFUnpack            8713 1.5 5.4891e-02 11.8 3.60e+06 4.5 0.0e+00 0.0e+00 0.0e+00  0  0  0  0  0   0  0  0  0  0  2718
VecMDot               21 1.0 8.9485e-01 71.7 4.62e+06 1.1 0.0e+00 0.0e+00 2.1e+01  0  0  0  0  2   1  0  0  0  5   353
VecNorm               46 1.0 1.3471e+01 392.8 2.11e+06 1.1 0.0e+00 0.0e+00 4.6e+01  7  0  0  0  5  14  0  0  0 12    11
VecScale              25 1.0 3.0660e-04 2.4 5.45e+05 1.1 0.0e+00 0.0e+00 0.0e+00  0  0  0  0  0   0  0  0  0  0 122226
VecShift               1 1.0 1.4248e-05 1.3 1.88e+04 1.0 0.0e+00 0.0e+00 0.0e+00  0  0  0  0  0   0  0  0  0  0 94329
VecCopy               29 1.0 3.5409e-03 2.9 0.00e+00 0.0 0.0e+00 0.0e+00 0.0e+00  0  0  0  0  0   0  0  0  0  0     0
VecSet                93 1.0 6.6846e-03 3.2 0.00e+00 0.0 0.0e+00 0.0e+00 0.0e+00  0  0  0  0  0   0  0  0  0  0     0
VecAXPY                9 1.0 9.9551e-04 4.1 4.80e+05 1.1 0.0e+00 0.0e+00 0.0e+00  0  0  0  0  0   0  0  0  0  0 33002
VecAYPX               30 1.0 2.5388e-03 4.6 8.15e+05 1.1 0.0e+00 0.0e+00 0.0e+00  0  0  0  0  0   0  0  0  0  0 21939
VecAXPBYCZ             4 1.0 3.7390e-04 3.8 4.09e+05 1.1 0.0e+00 0.0e+00 0.0e+00  0  0  0  0  0   0  0  0  0  0 74799
VecMAXPY              22 1.0 5.2591e-03 1.7 5.32e+06 1.1 0.0e+00 0.0e+00 0.0e+00  0  0  0  0  0   0  0  0  0  0 69133
VecScatterBegin     8689 1.5 1.0077e-01 2.9 0.00e+00 0.0 6.1e+04 1.9e+04 0.0e+00  0  0  8  5  0   0  0 35  7  0     0
VecScatterEnd       8689 1.5 2.2575e+01 231.0 1.01e+06 0.0 0.0e+00 0.0e+00 0.0e+00 14  0  0  0  0  29  0  0  0  0     2
VecNormalize          22 1.0 1.3125e+01 3395.5 1.35e+06 1.1 0.0e+00 0.0e+00 2.2e+01  7  0  0  0  2  14  0  0  0  6     7
MatMult               46 1.0 1.6140e+00 1.8 9.46e+08 1.3 3.7e+04 1.6e+04 8.0e+00  2  2  5  3  1   4  2 21  3  2 36320
MatMultAdd             8 1.0 5.5234e-01 1.4 6.53e+07 1.2 1.1e+04 6.6e+03 0.0e+00  1  0  1  0  0   1  0  6  0  0  7539
MatMultTranspose       6 1.0 8.7885e-01 1.1 1.33e+06 3.5 4.6e+04 3.9e+04 1.6e+01  1  0  6  8  2   2  0 26 10  4    64
MatSolve            4286 1.5 3.2616e+00 5.3 4.41e+09 8.9 0.0e+00 0.0e+00 0.0e+00  2  5  0  0  0   5  5  0  0  0 39258
MatLUFactorSym       253 1.5 3.3000e+00 6.6 0.00e+00 0.0 0.0e+00 0.0e+00 0.0e+00  2  0  0  0  0   4  0  0  0  0     0
MatLUFactorNum       253 1.5 1.8668e+01 11.6 5.20e+10 12.9 0.0e+00 0.0e+00 0.0e+00  8 48  0  0  0  18 48  0  0  0 68731
MatResidual            4 1.0 1.3228e-01 2.0 7.84e+07 1.3 3.3e+03 1.5e+04 0.0e+00  0  0  0  0  0   0  0  2  0  0 36635
MatAssemblyBegin     281 1.4 9.4480e-01 1.5 9.65e+05 0.0 2.0e+04 7.7e+04 3.4e+01  1  0  3  7  4   2  0 11  9  9    21
MatAssemblyEnd       289 1.4 4.6055e-01 6.5 4.29e+06 0.0 5.0e+03 2.1e+02 2.4e+01  0  0  1  0  2   0  0  3  0  6   195
MatGetRowIJ          252 1.5 2.8523e-02 5.3 0.00e+00 0.0 0.0e+00 0.0e+00 0.0e+00  0  0  0  0  0   0  0  0  0  0     0
MatCreateSubMats       2 1.0 2.2798e+00 1.0 0.00e+00 0.0 1.0e+04 1.2e+06 1.3e+02  3  0  1 53 14   6  0  6 68 33     0
MatCreateSubMat        4 1.0 4.5627e-04 2.9 0.00e+00 0.0 0.0e+00 0.0e+00 2.0e+00  0  0  0  0  0   0  0  0  0  1     0
MatGetOrdering       252 1.5 6.3214e-02 6.0 0.00e+00 0.0 0.0e+00 0.0e+00 0.0e+00  0  0  0  0  0   0  0  0  0  0     0
MatZeroEntries         4 1.0 1.3787e-01 2.5 0.00e+00 0.0 0.0e+00 0.0e+00 0.0e+00  0  0  0  0  0   0  0  0  0  0     0
MatView               18 1.3 9.3370e-03 1.5 0.00e+00 0.0 0.0e+00 0.0e+00 1.4e+01  0  0  0  0  1   0  0  0  0  4     0
PCSetUp                4 1.0 3.0290e+01 1.0 5.53e+10 11.8 9.8e+04 1.4e+05 3.2e+02 38 52 13 62 33  80 52 56 78 80 45980
PCApply                1 1.0 3.2670e+01 1.0 5.73e+10 11.0 1.5e+05 1.0e+05 3.4e+02 41 55 20 67 35  87 55 86 85 85 44955
PCApplyOnBlocks     4284 1.5 2.4475e+01 9.1 5.64e+10 12.5 0.0e+00 0.0e+00 0.0e+00 12 52  0  0  0  26 53  0  0  0 57654
KSPSolve_FS_0          1 1.0 7.3834e-01 1.0 7.18e+08 3.5 2.2e+04 2.6e+04 1.6e+01  1  1  3  3  2   2  1 13  3  4 37027
KSPSolve_FS_Schu       1 1.0 3.7385e-01 1.0 3.18e+06 1.0 0.0e+00 0.0e+00 2.0e+01  0  0  0  0  2   1  0  0  0  5   608
KSPSolve_FS_Low        1 1.0 3.1537e+01 1.0 5.66e+10 11.3 1.3e+05 1.1e+05 3.0e+02 40 53 17 65 31  84 54 72 82 76 45653
KSPSetUp               7 1.0 2.7691e+01 1.0 5.52e+10 11.9 4.4e+04 2.9e+05 1.8e+02 35 52  6 56 19  73 52 25 71 46 50230
KSPSolve               1 1.0 3.2777e+01 1.0 5.74e+10 10.9 1.5e+05 1.0e+05 3.5e+02 42 55 20 67 36  87 55 87 85 88 44928
KSPGMRESOrthog        21 1.0 8.6493e-01 68.1 9.01e+06 1.1 -7.5e+05 2.8e+04 -9.1e+02  0  0 -98 -95 -94   1  0 -430 -120 -228   711
SNESSolve              1 1.0 3.7417e+01 1.0 7.43e+10 3.4 1.7e+05 1.0e+05 4.0e+02 47 100 23 79 41  99 100 100 100 99 71698
SNESSetUp              1 1.0 1.0673e-04 10.8 0.00e+00 0.0 0.0e+00 0.0e+00 0.0e+00  0  0  0  0  0   0  0  0  0  0     0
SNESFunctionEval       1 1.0 6.5071e-01 1.1 1.48e+08 1.0 1.8e+04 6.4e+04 6.0e+00  1  0  2  5  1   2  0 10  7  2 16114
SNESJacobianEval       1 1.0 3.9086e+00 1.0 1.68e+10 1.0 4.4e+03 3.2e+05 9.0e+00  5 45  1  6  1  10 45  3  8  2 306865
DMCoarsen              2 1.0 8.0436e-01 1.0 2.02e+04 1.0 0.0e+00 0.0e+00 1.1e+01  1  0  0  0  1   2  0  0  0  3     2
DMCreateInterp         2 1.0 2.1708e-03 1.2 0.00e+00 0.0 0.0e+00 0.0e+00 4.0e+00  0  0  0  0  0   0  0  0  0  1     0
DMCreateInject         2 1.0 1.1607e-03 1.2 0.00e+00 0.0 0.0e+00 0.0e+00 4.0e+00  0  0  0  0  0   0  0  0  0  1     0
DMCreateMat            2 1.0 4.8963e-02 1.0 0.00e+00 0.0 6.2e+03 7.3e+03 3.2e+01  0  0  1  0  3   0  0  4  0  8     0
CreateMesh             8 1.0 3.7644e-05 4.7 0.00e+00 0.0 0.0e+00 0.0e+00 0.0e+00  0  0  0  0  0   0  0  0  0  0     0
CreateFunctionSpace      27 1.0 2.5098e-02 1.4 0.00e+00 0.0 0.0e+00 0.0e+00 0.0e+00  0  0  0  0  0   0  0  0  0  0     0
firedrake.functionspace.make_scalar_element      27 1.0 3.9341e-03 1.6 0.00e+00 0.0 0.0e+00 0.0e+00 0.0e+00  0  0  0  0  0   0  0  0  0  0     0
firedrake.functionspaceimpl.FunctionSpace.__init__      41 1.0 1.8118e-02 1.4 0.00e+00 0.0 0.0e+00 0.0e+00 0.0e+00  0  0  0  0  0   0  0  0  0  0     0
firedrake.functionspacedata.get_shared_data      41 1.0 1.2990e-02 1.5 0.00e+00 0.0 0.0e+00 0.0e+00 0.0e+00  0  0  0  0  0   0  0  0  0  0     0
firedrake.functionspacedata.FunctionSpaceData.__init__      41 1.0 1.2553e-02 1.5 0.00e+00 0.0 0.0e+00 0.0e+00 0.0e+00  0  0  0  0  0   0  0  0  0  0     0
FunctionSpaceData: CreateElement      82 1.0 3.7209e-03 1.3 0.00e+00 0.0 0.0e+00 0.0e+00 0.0e+00  0  0  0  0  0   0  0  0  0  0     0
firedrake.dmhooks.set_function_space      17 1.0 2.1835e-03 1.2 0.00e+00 0.0 0.0e+00 0.0e+00 0.0e+00  0  0  0  0  0   0  0  0  0  0     0
firedrake.function.Function.__init__      20 1.0 2.5975e-03 1.3 0.00e+00 0.0 0.0e+00 0.0e+00 0.0e+00  0  0  0  0  0   0  0  0  0  0     0
firedrake.function.Function.assign       6 1.0 1.1369e-03 1.8 0.00e+00 0.0 0.0e+00 0.0e+00 0.0e+00  0  0  0  0  0   0  0  0  0  0     0
firedrake.assign.Assigner.assign       2 1.0 5.3994e-04 2.0 0.00e+00 0.0 0.0e+00 0.0e+00 0.0e+00  0  0  0  0  0   0  0  0  0  0     0
firedrake.assemble.assemble       3 1.0 5.4342e-01 1.2 1.15e+06 1.0 0.0e+00 0.0e+00 2.0e+01  1  0  0  0  2   1  0  0  0  5   152
firedrake.tsfc_interface.compile_form       5 1.0 4.9066e-01 1.3 0.00e+00 0.0 0.0e+00 0.0e+00 0.0e+00  1  0  0  0  0   1  0  0  0  0     0
firedrake.formmanipulation.split_form       4 1.0 2.1918e-02 1.7 0.00e+00 0.0 0.0e+00 0.0e+00 0.0e+00  0  0  0  0  0   0  0  0  0  0     0
firedrake.formmanipulation.ExtractSubBlock.split      12 1.0 2.6700e-02 1.5 0.00e+00 0.0 0.0e+00 0.0e+00 0.0e+00  0  0  0  0  0   0  0  0  0  0     0
firedrake.functionspacedata.FunctionSpaceData.get_map      51 1.0 6.5259e-04 1.8 0.00e+00 0.0 0.0e+00 0.0e+00 0.0e+00  0  0  0  0  0   0  0  0  0  0     0
firedrake.mesh.AbstractMeshTopology.measure_set       9 1.0 1.2187e-04 2.6 0.00e+00 0.0 0.0e+00 0.0e+00 0.0e+00  0  0  0  0  0   0  0  0  0  0     0
firedrake.mesh.AbstractMeshTopology.cell_subset       9 1.0 3.8482e-05 2.7 0.00e+00 0.0 0.0e+00 0.0e+00 0.0e+00  0  0  0  0  0   0  0  0  0  0     0
ParLoopExecute        30 1.0 5.1299e+00 1.1 1.70e+10 1.0 6.4e+04 3.8e+04 2.1e+01  6 45  8 11  2  13 45 37 14  5 236239
pyop2.global_kernel.GlobalKernel.compile      16 1.0 2.5169e+00 1.7 0.00e+00 0.0 0.0e+00 0.0e+00 0.0e+00  2  0  0  0  0   5  0  0  0  0     0
ParLoopRednBegin      30 1.0 6.2708e-04 2.3 0.00e+00 0.0 0.0e+00 0.0e+00 0.0e+00  0  0  0  0  0   0  0  0  0  0     0
ParLoopRednEnd        30 1.0 3.0855e-04 3.2 0.00e+00 0.0 0.0e+00 0.0e+00 0.0e+00  0  0  0  0  0   0  0  0  0  0     0
firedrake.functionspaceimpl.WithGeometryBase.sub       3 1.0 5.6571e-05 3.4 0.00e+00 0.0 0.0e+00 0.0e+00 0.0e+00  0  0  0  0  0   0  0  0  0  0     0
firedrake.ufl_expr.TestFunction       4 1.0 2.2258e-04 1.2 0.00e+00 0.0 0.0e+00 0.0e+00 0.0e+00  0  0  0  0  0   0  0  0  0  0     0
firedrake.bcs.BCBase.__init__       6 1.0 1.3898e-04 1.8 0.00e+00 0.0 0.0e+00 0.0e+00 0.0e+00  0  0  0  0  0   0  0  0  0  0     0
firedrake.interpolation.make_interpolator       2 1.0 2.9261e-02 2.5 0.00e+00 0.0 0.0e+00 0.0e+00 0.0e+00  0  0  0  0  0   0  0  0  0  0     0
firedrake.variational_solver.NonlinearVariationalProblem.__init__       5 1.0 4.5875e-02 1.1 0.00e+00 0.0 0.0e+00 0.0e+00 0.0e+00  0  0  0  0  0   0  0  0  0  0     0
firedrake.ufl_expr.derivative       5 1.0 3.2299e-03 1.2 0.00e+00 0.0 0.0e+00 0.0e+00 0.0e+00  0  0  0  0  0   0  0  0  0  0     0
firedrake.ufl_expr.TrialFunction       7 1.0 4.8870e-04 1.8 0.00e+00 0.0 0.0e+00 0.0e+00 0.0e+00  0  0  0  0  0   0  0  0  0  0     0
firedrake.ufl_expr.adjoint       5 1.0 3.9965e-02 1.1 0.00e+00 0.0 0.0e+00 0.0e+00 0.0e+00  0  0  0  0  0   0  0  0  0  0     0
firedrake.solving_utils._SNESContext.__init__       5 1.0 2.5303e-02 1.1 0.00e+00 0.0 0.0e+00 0.0e+00 0.0e+00  0  0  0  0  0   0  0  0  0  0     0
firedrake.cofunction.Cofunction.__init__       9 1.0 9.7687e-04 1.4 0.00e+00 0.0 0.0e+00 0.0e+00 0.0e+00  0  0  0  0  0   0  0  0  0  0     0
firedrake.assemble.allocate_matrix       4 1.0 2.0955e-01 1.1 0.00e+00 0.0 9.4e+03 6.6e+03 6.4e+01  0  0  1  0  7   1  0  5  0 16     0
CreateSparsity         4 1.0 1.2881e-01 1.1 0.00e+00 0.0 2.2e+03 2.8e+03 2.4e+01  0  0  0  0  2   0  0  1  0  6     0
MatZeroInitial         4 1.0 3.5760e-02 1.3 0.00e+00 0.0 0.0e+00 0.0e+00 0.0e+00  0  0  0  0  0   0  0  0  0  0     0
firedrake.function.Function.sub       2 1.0 2.6400e-05 3.9 0.00e+00 0.0 0.0e+00 0.0e+00 0.0e+00  0  0  0  0  0   0  0  0  0  0     0
firedrake.nullspace.VectorSpaceBasis.nullspace       1 1.0 3.1987e-05 7.7 0.00e+00 0.0 0.0e+00 0.0e+00 0.0e+00  0  0  0  0  0   0  0  0  0  0     0
firedrake.variational_solver.NonlinearVariationalSolver.solve       1 1.0 3.7693e+01 1.0 7.43e+10 3.4 1.7e+05 1.0e+05 4.0e+02 48 100 23 79 41 100 100 100 100 100 71175
ApplyBC                6 1.0 3.1879e-01 1.2 1.19e+06 1.0 0.0e+00 0.0e+00 2.0e+00  0  0  0  0  0   1  0  0  0  1   266
firedrake.interpolation.SameMeshInterpolator._interpolate       8 1.0 4.7980e-01 1.3 3.66e+06 1.0 0.0e+00 0.0e+00 4.0e+00  1  0  0  0  0   1  0  0  0  1   544
Parloop_Cells_wrap_expression_kernel      20 1.0 6.1563e-01 1.6 7.04e+06 1.0 0.0e+00 0.0e+00 0.0e+00  1  0  0  0  0   1  0  0  0  0   817
Log_Event_expression_kernel    4116 1.0 1.0445e-02 3.1 0.00e+00 0.0 0.0e+00 0.0e+00 0.0e+00  0  0  0  0  0   0  0  0  0  0     0
firedrake.functionspacedata.FunctionSpaceData.boundary_nodes      18 1.0 2.7668e-03 1.3 0.00e+00 0.0 0.0e+00 0.0e+00 0.0e+00  0  0  0  0  0   0  0  0  0  0     0
firedrake.formmanipulation.ExtractSubBlock.argument      48 1.0 1.4392e-02 1.9 0.00e+00 0.0 0.0e+00 0.0e+00 0.0e+00  0  0  0  0  0   0  0  0  0  0     0
firedrake.halo.Halo.global_to_local_begin      11 1.0 1.8961e-01 1.2 0.00e+00 0.0 3.5e+04 5.9e+04 6.0e+00  0  0  5  9  1   0  0 20 12  2     0
Parloop_Cells_wrap_form0_cell_integral       2 1.0 1.7374e-01 1.9 1.05e+08 1.0 0.0e+00 0.0e+00 0.0e+00  0  0  0  0  0   0  0  0  0  0 43183
Log_Event_form0_cell_integral     336 1.0 8.0264e-03 1.1 0.00e+00 0.0 0.0e+00 0.0e+00 0.0e+00  0  0  0  0  0   0  0  0  0  0     0
firedrake.halo.Halo.global_to_local_end      11 1.0 1.9383e-01 7.5 0.00e+00 0.0 0.0e+00 0.0e+00 0.0e+00  0  0  0  0  0   0  0  0  0  0     0
Parloop_Cells_wrap_form1_cell_integral       2 1.0 2.4268e-01 1.4 4.09e+07 1.0 0.0e+00 0.0e+00 0.0e+00  0  0  0  0  0   0  0  0  0  0 12029
Log_Event_form1_cell_integral     336 1.0 2.7865e-03 1.1 0.00e+00 0.0 0.0e+00 0.0e+00 0.0e+00  0  0  0  0  0   0  0  0  0  0     0
firedrake.halo.Halo.local_to_global_begin       9 1.0 1.0544e-01 3.0 0.00e+00 0.0 4.1e+04 2.3e+04 1.0e+01  0  0  5  4  1   0  0 23  5  3     0
firedrake.halo.Halo.local_to_global_end       9 1.0 1.0238e-01 6.0 2.86e+06 4.2 0.0e+00 0.0e+00 0.0e+00  0  0  0  0  0   0  0  0  0  0  1112
firedrake.bcs.BCBase.zero      22 1.0 4.4622e-03 1.7 0.00e+00 0.0 0.0e+00 0.0e+00 0.0e+00  0  0  0  0  0   0  0  0  0  0     0
firedrake.cofunction.Cofunction.sub       2 1.0 1.7166e-03 3.1 0.00e+00 0.0 0.0e+00 0.0e+00 0.0e+00  0  0  0  0  0   0  0  0  0  0     0
firedrake.functionspaceimpl.FunctionSpace.local_to_global_map      12 1.0 7.2015e-03 3.2 0.00e+00 0.0 0.0e+00 0.0e+00 0.0e+00  0  0  0  0  0   0  0  0  0  0     0
Parloop_Cells_wrap_form00_cell_integral       8 1.0 2.1297e+00 1.1 1.26e+10 1.0 0.0e+00 0.0e+00 0.0e+00  3 33  0  0  0   5 33  0  0  0 421480
Log_Event_form00_cell_integral     840 1.0 1.1186e+00 1.1 0.00e+00 0.0 0.0e+00 0.0e+00 0.0e+00  1  0  0  0  0   3  0  0  0  0     0
Parloop_Cells_wrap_form01_cell_integral       2 1.0 4.3118e-01 1.7 2.12e+09 1.0 0.0e+00 0.0e+00 0.0e+00  0  6  0  0  0   1  6  0  0  0 351590
Log_Event_form01_cell_integral     336 1.0 7.4122e-02 1.0 0.00e+00 0.0 0.0e+00 0.0e+00 0.0e+00  0  0  0  0  0   0  0  0  0  0     0
Parloop_Cells_wrap_form10_cell_integral       2 1.0 4.6049e-01 1.1 2.12e+09 1.0 0.0e+00 0.0e+00 0.0e+00  1  6  0  0  0   1  6  0  0  0 329251
Log_Event_form10_cell_integral     336 1.0 1.8233e-01 1.0 0.00e+00 0.0 0.0e+00 0.0e+00 0.0e+00  0  0  0  0  0   0  0  0  0  0     0
firedrake.dmhooks.create_field_decomposition       1 1.0 5.6324e-02 1.2 2.37e+06 1.0 0.0e+00 0.0e+00 0.0e+00  0  0  0  0  0   0  0  0  0  0  3007
firedrake.dmhooks.get_function_space       7 1.0 1.0918e-02 1.3 0.00e+00 0.0 0.0e+00 0.0e+00 0.0e+00  0  0  0  0  0   0  0  0  0  0     0
firedrake.solving_utils._SNESContext.split       1 1.0 5.1865e-02 1.2 2.37e+06 1.0 0.0e+00 0.0e+00 0.0e+00  0  0  0  0  0   0  0  0  0  0  3265
firedrake.bcs.DirichletBC.reconstruct       6 1.0 3.3056e-04 1.5 0.00e+00 0.0 0.0e+00 0.0e+00 0.0e+00  0  0  0  0  0   0  0  0  0  0     0
firedrake.bcs.BCBase.as_subspace       4 1.0 4.7772e-05 1.9 0.00e+00 0.0 0.0e+00 0.0e+00 0.0e+00  0  0  0  0  0   0  0  0  0  0     0
GetLineElements        1 1.0 1.5030e-04 1.8 0.00e+00 0.0 0.0e+00 0.0e+00 0.0e+00  0  0  0  0  0   0  0  0  0  0     0
Parloop_Cells_wrap_weight       2 1.0 1.4989e-01 1.5 0.00e+00 0.0 0.0e+00 0.0e+00 0.0e+00  0  0  0  0  0   0  0  0  0  0     0
Parloop_Cells_wrap_restriction       6 1.0 1.6813e-01 1.6 0.00e+00 0.0 0.0e+00 0.0e+00 0.0e+00  0  0  0  0  0   0  0  0  0  0     0
ASMPatch0_size=2678943       1 1.0 2.4932e+01 2.1 5.22e+10 12.9 9.6e+03 1.3e+06 1.3e+02 25 48  1 53 14  52 48  6 68 33 51762
ASMPatch_size=2678943      16 1.0 3.3327e+00 1.6 4.15e+09 8.9 1.1e+04 4.7e+04 0.0e+00  4  4  1  2  0   8  4  6  3  0 36124
firedrake.dmhooks.coarsen       1 1.0 7.7064e-01 1.0 2.02e+04 1.0 0.0e+00 0.0e+00 7.0e+00  1  0  0  0  1   2  0  0  0  2     2
firedrake.mg.embedded.TransferManager.op       5 1.0 1.0432e+00 1.3 2.02e+04 1.0 7.2e+03 3.2e+03 3.0e+00  1  0  1  0  0   2  0  4  0  1     1
firedrake.mg.interface.inject       2 1.0 7.4167e-01 1.2 2.02e+04 1.0 2.4e+03 6.5e+03 1.0e+00  1  0  0  0  0   2  0  1  0  0     2
firedrake.pointquery_utils.to_reference_coords_newton_step       3 1.0 2.1304e-01 1.0 0.00e+00 0.0 0.0e+00 0.0e+00 0.0e+00  0  0  0  0  0   1  0  0  0  0     0
Parloop_set_#x14adba25a260_wrap_pyop2_kernel_inject       4 0.0 1.4342e-01 0.0 0.00e+00 0.0 0.0e+00 0.0e+00 0.0e+00  0  0  0  0  0   0  0  0  0  0     0
firedrake.mg.interface.restrict       3 1.0 3.4648e-01 1.0 1.33e+05 1.5 1.7e+04 9.5e+02 6.0e+00  0  0  2  0  1   1  0 10  0  2    21
Parloop_set_#x14adbaa02bc0_wrap_pyop2_kernel_restrict       6 0.0 1.8127e-01 0.0 0.00e+00 0.0 0.0e+00 0.0e+00 0.0e+00  0  0  0  0  0   0  0  0  0  0     0
ASMPatch0_size=117783       1 1.0 6.4960e-02 1.2 2.51e+06 7.4 3.4e+03 1.1e+04 8.0e+00  0  0  0  0  1   0  0  2  0  2  1055
ASMPatch_size=117783      16 1.0 8.4849e-02 4.8 4.54e+06 5.6 1.1e+04 1.0e+03 0.0e+00  0  0  1  0  0   0  0  6  0  0  1812
firedrake.ufl_expr.action       1 1.0 5.9580e-03 1.1 0.00e+00 0.0 0.0e+00 0.0e+00 0.0e+00  0  0  0  0  0   0  0  0  0  0     0
firedrake.mg.interface.prolong       2 1.0 3.0037e-01 1.4 0.00e+00 0.0 4.8e+03 1.6e+03 0.0e+00  0  0  1  0  0   1  0  3  0  0     0
Parloop_set_#x14adbaa02bc0_wrap_pyop2_kernel_prolong       4 0.0 1.4647e-01 0.0 0.00e+00 0.0 0.0e+00 0.0e+00 0.0e+00  0  0  0  0  0   0  0  0  0  0     0
Parloop_Cells_wrap_slate_wrapper       2 1.0 1.9262e-01 1.5 1.05e+06 1.0 0.0e+00 0.0e+00 0.0e+00  0  0  0  0  0   0  0  0  0  0   391
Log_Event_subkernel0_cell_to__cell_integral     336 1.0 9.6933e-03 1.1 0.00e+00 0.0 0.0e+00 0.0e+00 0.0e+00  0  0  0  0  0   0  0  0  0  0     0
Log_Event_slate_wrapper     336 1.0 2.9143e-02 1.2 0.00e+00 0.0 0.0e+00 0.0e+00 0.0e+00  0  0  0  0  0   0  0  0  0  0     0
Log_Event_inits_slate_wrapper     336 1.0 6.3800e-04 5.9 0.00e+00 0.0 0.0e+00 0.0e+00 0.0e+00  0  0  0  0  0   0  0  0  0  0     0
Log_Event_slate_loopy     336 1.0 1.6737e-02 1.3 0.00e+00 0.0 0.0e+00 0.0e+00 0.0e+00  0  0  0  0  0   0  0  0  0  0     0
inv_memcpy           336 1.0 6.3877e-04 3.3 0.00e+00 0.0 0.0e+00 0.0e+00 0.0e+00  0  0  0  0  0   0  0  0  0  0     0
inv_getrf            336 1.0 8.0412e-03 1.1 0.00e+00 0.0 0.0e+00 0.0e+00 0.0e+00  0  0  0  0  0   0  0  0  0  0     0
inv_getri            336 1.0 6.0480e-03 1.1 0.00e+00 0.0 0.0e+00 0.0e+00 0.0e+00  0  0  0  0  0   0  0  0  0  0     0
firedrake.constant.Constant.evaluate       1 1.0 4.0947e-05 3.2 0.00e+00 0.0 0.0e+00 0.0e+00 0.0e+00  0  0  0  0  0   0  0  0  0  0     0
Parloop_set_#x152f33f2dba0_wrap_pyop2_kernel_inject       4 0.0 1.4338e-01 0.0 0.00e+00 0.0 0.0e+00 0.0e+00 0.0e+00  0  0  0  0  0   0  0  0  0  0     0
Parloop_set_#x152f34cc9ab0_wrap_pyop2_kernel_restrict       6 0.0 1.8182e-01 0.0 0.00e+00 0.0 0.0e+00 0.0e+00 0.0e+00  0  0  0  0  0   0  0  0  0  0     0
Parloop_set_#x152f34cc9ab0_wrap_pyop2_kernel_prolong       4 0.0 1.4653e-01 0.0 0.00e+00 0.0 0.0e+00 0.0e+00 0.0e+00  0  0  0  0  0   0  0  0  0  0     0
Parloop_set_#x1470dc1da2c0_wrap_pyop2_kernel_inject       4 0.0 1.4338e-01 0.0 0.00e+00 0.0 0.0e+00 0.0e+00 0.0e+00  0  0  0  0  0   0  0  0  0  0     0
Parloop_set_#x1470dcf71e40_wrap_pyop2_kernel_restrict       6 0.0 1.8164e-01 0.0 0.00e+00 0.0 0.0e+00 0.0e+00 0.0e+00  0  0  0  0  0   0  0  0  0  0     0
Parloop_set_#x1470dcf71e40_wrap_pyop2_kernel_prolong       4 0.0 1.4648e-01 0.0 0.00e+00 0.0 0.0e+00 0.0e+00 0.0e+00  0  0  0  0  0   0  0  0  0  0     0
Parloop_set_#x1530f9666050_wrap_pyop2_kernel_inject       4 0.0 1.4320e-01 0.0 0.00e+00 0.0 0.0e+00 0.0e+00 0.0e+00  0  0  0  0  0   0  0  0  0  0     0
Parloop_set_#x1530fa401780_wrap_pyop2_kernel_restrict       6 0.0 1.8177e-01 0.0 0.00e+00 0.0 0.0e+00 0.0e+00 0.0e+00  0  0  0  0  0   0  0  0  0  0     0
Parloop_set_#x1530fa401780_wrap_pyop2_kernel_prolong       4 0.0 1.4660e-01 0.0 0.00e+00 0.0 0.0e+00 0.0e+00 0.0e+00  0  0  0  0  0   0  0  0  0  0     0
Parloop_set_#x14b9f4512590_wrap_pyop2_kernel_inject       4 0.0 1.4330e-01 0.0 0.00e+00 0.0 0.0e+00 0.0e+00 0.0e+00  0  0  0  0  0   0  0  0  0  0     0
Parloop_set_#x14b9f570d690_wrap_pyop2_kernel_restrict       6 0.0 1.8084e-01 0.0 0.00e+00 0.0 0.0e+00 0.0e+00 0.0e+00  0  0  0  0  0   0  0  0  0  0     0
Parloop_set_#x14b9f570d690_wrap_pyop2_kernel_prolong       4 0.0 1.4655e-01 0.0 0.00e+00 0.0 0.0e+00 0.0e+00 0.0e+00  0  0  0  0  0   0  0  0  0  0     0
Parloop_set_#x14dd46cc6560_wrap_pyop2_kernel_inject       4 0.0 1.4337e-01 0.0 0.00e+00 0.0 0.0e+00 0.0e+00 0.0e+00  0  0  0  0  0   0  0  0  0  0     0
Parloop_set_#x14dd47a5ddb0_wrap_pyop2_kernel_restrict       6 0.0 1.8091e-01 0.0 0.00e+00 0.0 0.0e+00 0.0e+00 0.0e+00  0  0  0  0  0   0  0  0  0  0     0
Parloop_set_#x14dd47a5ddb0_wrap_pyop2_kernel_prolong       4 0.0 1.4655e-01 0.0 0.00e+00 0.0 0.0e+00 0.0e+00 0.0e+00  0  0  0  0  0   0  0  0  0  0     0
Parloop_set_#x15208ab3e3b0_wrap_pyop2_kernel_inject       4 0.0 1.4319e-01 0.0 0.00e+00 0.0 0.0e+00 0.0e+00 0.0e+00  0  0  0  0  0   0  0  0  0  0     0
Parloop_set_#x15208bd3a110_wrap_pyop2_kernel_restrict       6 0.0 1.8099e-01 0.0 0.00e+00 0.0 0.0e+00 0.0e+00 0.0e+00  0  0  0  0  0   0  0  0  0  0     0
Parloop_set_#x15208bd3a110_wrap_pyop2_kernel_prolong       4 0.0 1.4648e-01 0.0 0.00e+00 0.0 0.0e+00 0.0e+00 0.0e+00  0  0  0  0  0   0  0  0  0  0     0
Parloop_set_#x14e17e722410_wrap_pyop2_kernel_inject       4 0.0 1.4316e-01 0.0 0.00e+00 0.0 0.0e+00 0.0e+00 0.0e+00  0  0  0  0  0   0  0  0  0  0     0
Parloop_set_#x14e17f4bdf90_wrap_pyop2_kernel_restrict       6 0.0 1.8105e-01 0.0 0.00e+00 0.0 0.0e+00 0.0e+00 0.0e+00  0  0  0  0  0   0  0  0  0  0     0
Parloop_set_#x14e17f4bdf90_wrap_pyop2_kernel_prolong       4 0.0 1.4652e-01 0.0 0.00e+00 0.0 0.0e+00 0.0e+00 0.0e+00  0  0  0  0  0   0  0  0  0  0     0
Parloop_set_#x147597e220e0_wrap_pyop2_kernel_inject       4 0.0 1.4332e-01 0.0 0.00e+00 0.0 0.0e+00 0.0e+00 0.0e+00  0  0  0  0  0   0  0  0  0  0     0
Parloop_set_#x14759901e020_wrap_pyop2_kernel_restrict       6 0.0 1.8049e-01 0.0 0.00e+00 0.0 0.0e+00 0.0e+00 0.0e+00  0  0  0  0  0   0  0  0  0  0     0
Parloop_set_#x14759901e020_wrap_pyop2_kernel_prolong       4 0.0 1.4647e-01 0.0 0.00e+00 0.0 0.0e+00 0.0e+00 0.0e+00  0  0  0  0  0   0  0  0  0  0     0
Parloop_set_#x14ebe4e96170_wrap_pyop2_kernel_inject       4 0.0 1.4335e-01 0.0 0.00e+00 0.0 0.0e+00 0.0e+00 0.0e+00  0  0  0  0  0   0  0  0  0  0     0
Parloop_set_#x14ebe5c35120_wrap_pyop2_kernel_restrict       6 0.0 1.8062e-01 0.0 0.00e+00 0.0 0.0e+00 0.0e+00 0.0e+00  0  0  0  0  0   0  0  0  0  0     0
Parloop_set_#x14ebe5c35120_wrap_pyop2_kernel_prolong       4 0.0 1.4645e-01 0.0 0.00e+00 0.0 0.0e+00 0.0e+00 0.0e+00  0  0  0  0  0   0  0  0  0  0     0
Parloop_set_#x147cd745a5c0_wrap_pyop2_kernel_inject       4 0.0 1.4331e-01 0.0 0.00e+00 0.0 0.0e+00 0.0e+00 0.0e+00  0  0  0  0  0   0  0  0  0  0     0
Parloop_set_#x147cd86593f0_wrap_pyop2_kernel_restrict       6 0.0 1.8077e-01 0.0 0.00e+00 0.0 0.0e+00 0.0e+00 0.0e+00  0  0  0  0  0   0  0  0  0  0     0
Parloop_set_#x147cd86593f0_wrap_pyop2_kernel_prolong       4 0.0 1.4660e-01 0.0 0.00e+00 0.0 0.0e+00 0.0e+00 0.0e+00  0  0  0  0  0   0  0  0  0  0     0
Parloop_set_#x146c56f39f90_wrap_pyop2_kernel_inject       4 0.0 1.4367e-01 0.0 0.00e+00 0.0 0.0e+00 0.0e+00 0.0e+00  0  0  0  0  0   0  0  0  0  0     0
Parloop_set_#x146c5813a080_wrap_pyop2_kernel_restrict       6 0.0 1.8118e-01 0.0 0.00e+00 0.0 0.0e+00 0.0e+00 0.0e+00  0  0  0  0  0   0  0  0  0  0     0
Parloop_set_#x146c5813a080_wrap_pyop2_kernel_prolong       4 0.0 1.4647e-01 0.0 0.00e+00 0.0 0.0e+00 0.0e+00 0.0e+00  0  0  0  0  0   0  0  0  0  0     0
Parloop_set_#x146a691b5ff0_wrap_pyop2_kernel_inject       4 0.0 1.4367e-01 0.0 0.00e+00 0.0 0.0e+00 0.0e+00 0.0e+00  0  0  0  0  0   0  0  0  0  0     0
Parloop_set_#x146a6a3aded0_wrap_pyop2_kernel_restrict       6 0.0 1.8145e-01 0.0 0.00e+00 0.0 0.0e+00 0.0e+00 0.0e+00  0  0  0  0  0   0  0  0  0  0     0
Parloop_set_#x146a6a3aded0_wrap_pyop2_kernel_prolong       4 0.0 1.4646e-01 0.0 0.00e+00 0.0 0.0e+00 0.0e+00 0.0e+00  0  0  0  0  0   0  0  0  0  0     0
Parloop_set_#x151ee38a6410_wrap_pyop2_kernel_inject       4 0.0 1.4336e-01 0.0 0.00e+00 0.0 0.0e+00 0.0e+00 0.0e+00  0  0  0  0  0   0  0  0  0  0     0
Parloop_set_#x151ee4aa9db0_wrap_pyop2_kernel_restrict       6 0.0 1.8097e-01 0.0 0.00e+00 0.0 0.0e+00 0.0e+00 0.0e+00  0  0  0  0  0   0  0  0  0  0     0
Parloop_set_#x151ee4aa9db0_wrap_pyop2_kernel_prolong       4 0.0 1.4655e-01 0.0 0.00e+00 0.0 0.0e+00 0.0e+00 0.0e+00  0  0  0  0  0   0  0  0  0  0     0
Parloop_set_#x148f585169b0_wrap_pyop2_kernel_inject       4 0.0 1.4333e-01 0.0 0.00e+00 0.0 0.0e+00 0.0e+00 0.0e+00  0  0  0  0  0   0  0  0  0  0     0
Parloop_set_#x148f5970dba0_wrap_pyop2_kernel_restrict       6 0.0 1.8109e-01 0.0 0.00e+00 0.0 0.0e+00 0.0e+00 0.0e+00  0  0  0  0  0   0  0  0  0  0     0
Parloop_set_#x148f5970dba0_wrap_pyop2_kernel_prolong       4 0.0 1.4651e-01 0.0 0.00e+00 0.0 0.0e+00 0.0e+00 0.0e+00  0  0  0  0  0   0  0  0  0  0     0
Parloop_set_#x14bbb1656530_wrap_pyop2_kernel_inject       4 0.0 1.4348e-01 0.0 0.00e+00 0.0 0.0e+00 0.0e+00 0.0e+00  0  0  0  0  0   0  0  0  0  0     0
Parloop_set_#x14bbbe17a200_wrap_pyop2_kernel_restrict       6 0.0 1.8087e-01 0.0 0.00e+00 0.0 0.0e+00 0.0e+00 0.0e+00  0  0  0  0  0   0  0  0  0  0     0
Parloop_set_#x14bbbe17a200_wrap_pyop2_kernel_prolong       4 0.0 1.4871e-01 0.0 0.00e+00 0.0 0.0e+00 0.0e+00 0.0e+00  0  0  0  0  0   0  0  0  0  0     0
Parloop_set_#x1532adbce380_wrap_pyop2_kernel_inject       4 0.0 1.4347e-01 0.0 0.00e+00 0.0 0.0e+00 0.0e+00 0.0e+00  0  0  0  0  0   0  0  0  0  0     0
Parloop_set_#x1532aedc9540_wrap_pyop2_kernel_restrict       6 0.0 1.8120e-01 0.0 0.00e+00 0.0 0.0e+00 0.0e+00 0.0e+00  0  0  0  0  0   0  0  0  0  0     0
Parloop_set_#x1532aedc9540_wrap_pyop2_kernel_prolong       4 0.0 1.4653e-01 0.0 0.00e+00 0.0 0.0e+00 0.0e+00 0.0e+00  0  0  0  0  0   0  0  0  0  0     0
Parloop_set_#x1535e421e380_wrap_pyop2_kernel_inject       4 0.0 1.4358e-01 0.0 0.00e+00 0.0 0.0e+00 0.0e+00 0.0e+00  0  0  0  0  0   0  0  0  0  0     0
Parloop_set_#x1535f324a1d0_wrap_pyop2_kernel_restrict       6 0.0 1.8201e-01 0.0 0.00e+00 0.0 0.0e+00 0.0e+00 0.0e+00  0  0  0  0  0   0  0  0  0  0     0
Parloop_set_#x1535f324a1d0_wrap_pyop2_kernel_prolong       4 0.0 1.4863e-01 0.0 0.00e+00 0.0 0.0e+00 0.0e+00 0.0e+00  0  0  0  0  0   0  0  0  0  0     0
Parloop_set_#x14a840cd2560_wrap_pyop2_kernel_inject       4 0.0 1.4350e-01 0.0 0.00e+00 0.0 0.0e+00 0.0e+00 0.0e+00  0  0  0  0  0   0  0  0  0  0     0
Parloop_set_#x14a841a6e140_wrap_pyop2_kernel_restrict       6 0.0 1.8113e-01 0.0 0.00e+00 0.0 0.0e+00 0.0e+00 0.0e+00  0  0  0  0  0   0  0  0  0  0     0
Parloop_set_#x14a841a6e140_wrap_pyop2_kernel_prolong       4 0.0 1.4652e-01 0.0 0.00e+00 0.0 0.0e+00 0.0e+00 0.0e+00  0  0  0  0  0   0  0  0  0  0     0
Parloop_set_#x1534b76a9d50_wrap_pyop2_kernel_inject       4 0.0 1.4369e-01 0.0 0.00e+00 0.0 0.0e+00 0.0e+00 0.0e+00  0  0  0  0  0   0  0  0  0  0     0
Parloop_set_#x1534b8446230_wrap_pyop2_kernel_restrict       6 0.0 1.8107e-01 0.0 0.00e+00 0.0 0.0e+00 0.0e+00 0.0e+00  0  0  0  0  0   0  0  0  0  0     0
Parloop_set_#x1534b8446230_wrap_pyop2_kernel_prolong       4 0.0 1.4650e-01 0.0 0.00e+00 0.0 0.0e+00 0.0e+00 0.0e+00  0  0  0  0  0   0  0  0  0  0     0
Parloop_set_#x148604e962c0_wrap_pyop2_kernel_inject       4 0.0 1.4341e-01 0.0 0.00e+00 0.0 0.0e+00 0.0e+00 0.0e+00  0  0  0  0  0   0  0  0  0  0     0
Parloop_set_#x148606092110_wrap_pyop2_kernel_restrict       6 0.0 1.8107e-01 0.0 0.00e+00 0.0 0.0e+00 0.0e+00 0.0e+00  0  0  0  0  0   0  0  0  0  0     0
Parloop_set_#x148606092110_wrap_pyop2_kernel_prolong       4 0.0 1.4870e-01 0.0 0.00e+00 0.0 0.0e+00 0.0e+00 0.0e+00  0  0  0  0  0   0  0  0  0  0     0
Parloop_set_#x151d1b156440_wrap_pyop2_kernel_inject       4 0.0 1.4354e-01 0.0 0.00e+00 0.0 0.0e+00 0.0e+00 0.0e+00  0  0  0  0  0   0  0  0  0  0     0
Parloop_set_#x151d1beedfc0_wrap_pyop2_kernel_restrict       6 0.0 1.8323e-01 0.0 0.00e+00 0.0 0.0e+00 0.0e+00 0.0e+00  0  0  0  0  0   0  0  0  0  0     0
Parloop_set_#x151d1beedfc0_wrap_pyop2_kernel_prolong       4 0.0 1.4652e-01 0.0 0.00e+00 0.0 0.0e+00 0.0e+00 0.0e+00  0  0  0  0  0   0  0  0  0  0     0
Parloop_set_#x1472d7775cf0_wrap_pyop2_kernel_inject       4 0.0 1.4348e-01 0.0 0.00e+00 0.0 0.0e+00 0.0e+00 0.0e+00  0  0  0  0  0   0  0  0  0  0     0
Parloop_set_#x1472d896d240_wrap_pyop2_kernel_restrict       6 0.0 1.8196e-01 0.0 0.00e+00 0.0 0.0e+00 0.0e+00 0.0e+00  0  0  0  0  0   0  0  0  0  0     0
Parloop_set_#x1472d896d240_wrap_pyop2_kernel_prolong       4 0.0 1.4646e-01 0.0 0.00e+00 0.0 0.0e+00 0.0e+00 0.0e+00  0  0  0  0  0   0  0  0  0  0     0
Parloop_set_#x152af1e026e0_wrap_pyop2_kernel_inject       4 0.0 1.4360e-01 0.0 0.00e+00 0.0 0.0e+00 0.0e+00 0.0e+00  0  0  0  0  0   0  0  0  0  0     0
Parloop_set_#x152af3001fc0_wrap_pyop2_kernel_restrict       6 0.0 1.8172e-01 0.0 0.00e+00 0.0 0.0e+00 0.0e+00 0.0e+00  0  0  0  0  0   0  0  0  0  0     0
Parloop_set_#x152af3001fc0_wrap_pyop2_kernel_prolong       4 0.0 1.4863e-01 0.0 0.00e+00 0.0 0.0e+00 0.0e+00 0.0e+00  0  0  0  0  0   0  0  0  0  0     0
Parloop_set_#x152240a1e260_wrap_pyop2_kernel_inject       4 0.0 8.3342e-02 0.0 0.00e+00 0.0 0.0e+00 0.0e+00 0.0e+00  0  0  0  0  0   0  0  0  0  0     0
Parloop_set_#x152241c1dcf0_wrap_pyop2_kernel_restrict       6 0.0 1.8038e-01 0.0 0.00e+00 0.0 0.0e+00 0.0e+00 0.0e+00  0  0  0  0  0   0  0  0  0  0     0
Parloop_set_#x152241c1dcf0_wrap_pyop2_kernel_prolong       4 0.0 9.6694e-02 0.0 0.00e+00 0.0 0.0e+00 0.0e+00 0.0e+00  0  0  0  0  0   0  0  0  0  0     0
Parloop_set_#x151588f9e230_wrap_pyop2_kernel_inject       4 0.0 8.3382e-02 0.0 0.00e+00 0.0 0.0e+00 0.0e+00 0.0e+00  0  0  0  0  0   0  0  0  0  0     0
Parloop_set_#x1515910b5c00_wrap_pyop2_kernel_restrict       6 0.0 1.8046e-01 0.0 0.00e+00 0.0 0.0e+00 0.0e+00 0.0e+00  0  0  0  0  0   0  0  0  0  0     0
Parloop_set_#x1515910b5c00_wrap_pyop2_kernel_prolong       4 0.0 9.6666e-02 0.0 0.00e+00 0.0 0.0e+00 0.0e+00 0.0e+00  0  0  0  0  0   0  0  0  0  0     0
Parloop_set_#x1551282260e0_wrap_pyop2_kernel_inject       4 0.0 8.3347e-02 0.0 0.00e+00 0.0 0.0e+00 0.0e+00 0.0e+00  0  0  0  0  0   0  0  0  0  0     0
Parloop_set_#x15512942d180_wrap_pyop2_kernel_restrict       6 0.0 1.8036e-01 0.0 0.00e+00 0.0 0.0e+00 0.0e+00 0.0e+00  0  0  0  0  0   0  0  0  0  0     0
Parloop_set_#x15512942d180_wrap_pyop2_kernel_prolong       4 0.0 9.4519e-02 0.0 0.00e+00 0.0 0.0e+00 0.0e+00 0.0e+00  0  0  0  0  0   0  0  0  0  0     0
Parloop_set_#x15118d2a1ea0_wrap_pyop2_kernel_inject       4 0.0 8.3318e-02 0.0 0.00e+00 0.0 0.0e+00 0.0e+00 0.0e+00  0  0  0  0  0   0  0  0  0  0     0
Parloop_set_#x15118e041a80_wrap_pyop2_kernel_restrict       6 0.0 1.8008e-01 0.0 0.00e+00 0.0 0.0e+00 0.0e+00 0.0e+00  0  0  0  0  0   0  0  0  0  0     0
Parloop_set_#x15118e041a80_wrap_pyop2_kernel_prolong       4 0.0 9.4550e-02 0.0 0.00e+00 0.0 0.0e+00 0.0e+00 0.0e+00  0  0  0  0  0   0  0  0  0  0     0
Parloop_set_#x14b5e3005e40_wrap_pyop2_kernel_inject       4 0.0 8.3694e-02 0.0 0.00e+00 0.0 0.0e+00 0.0e+00 0.0e+00  0  0  0  0  0   0  0  0  0  0     0
Parloop_set_#x14b5f57b8f10_wrap_pyop2_kernel_restrict       6 0.0 1.8008e-01 0.0 0.00e+00 0.0 0.0e+00 0.0e+00 0.0e+00  0  0  0  0  0   0  0  0  0  0     0
Parloop_set_#x14b5f57b8f10_wrap_pyop2_kernel_prolong       4 0.0 9.4516e-02 0.0 0.00e+00 0.0 0.0e+00 0.0e+00 0.0e+00  0  0  0  0  0   0  0  0  0  0     0
Parloop_set_#x14688ccbdc60_wrap_pyop2_kernel_inject       4 0.0 8.3348e-02 0.0 0.00e+00 0.0 0.0e+00 0.0e+00 0.0e+00  0  0  0  0  0   0  0  0  0  0     0
Parloop_set_#x14689aa69870_wrap_pyop2_kernel_restrict       6 0.0 1.7999e-01 0.0 0.00e+00 0.0 0.0e+00 0.0e+00 0.0e+00  0  0  0  0  0   0  0  0  0  0     0
Parloop_set_#x14689aa69870_wrap_pyop2_kernel_prolong       4 0.0 9.8551e-02 0.0 0.00e+00 0.0 0.0e+00 0.0e+00 0.0e+00  0  0  0  0  0   0  0  0  0  0     0
Parloop_set_#x149f85755de0_wrap_pyop2_kernel_inject       4 0.0 8.3362e-02 0.0 0.00e+00 0.0 0.0e+00 0.0e+00 0.0e+00  0  0  0  0  0   0  0  0  0  0     0
Parloop_set_#x149f869517e0_wrap_pyop2_kernel_restrict       6 0.0 1.8032e-01 0.0 0.00e+00 0.0 0.0e+00 0.0e+00 0.0e+00  0  0  0  0  0   0  0  0  0  0     0
Parloop_set_#x149f869517e0_wrap_pyop2_kernel_prolong       4 0.0 9.8653e-02 0.0 0.00e+00 0.0 0.0e+00 0.0e+00 0.0e+00  0  0  0  0  0   0  0  0  0  0     0
Parloop_set_#x153b6ebedc30_wrap_pyop2_kernel_inject       4 0.0 8.3386e-02 0.0 0.00e+00 0.0 0.0e+00 0.0e+00 0.0e+00  0  0  0  0  0   0  0  0  0  0     0
Parloop_set_#x153b6fe94a90_wrap_pyop2_kernel_restrict       6 0.0 1.8051e-01 0.0 0.00e+00 0.0 0.0e+00 0.0e+00 0.0e+00  0  0  0  0  0   0  0  0  0  0     0
Parloop_set_#x153b6fe94a90_wrap_pyop2_kernel_prolong       4 0.0 9.8705e-02 0.0 0.00e+00 0.0 0.0e+00 0.0e+00 0.0e+00  0  0  0  0  0   0  0  0  0  0     0
Parloop_set_#x1538616ae2f0_wrap_pyop2_kernel_inject       4 0.0 8.3378e-02 0.0 0.00e+00 0.0 0.0e+00 0.0e+00 0.0e+00  0  0  0  0  0   0  0  0  0  0     0
Parloop_set_#x1538628a5f60_wrap_pyop2_kernel_restrict       6 0.0 1.8058e-01 0.0 0.00e+00 0.0 0.0e+00 0.0e+00 0.0e+00  0  0  0  0  0   0  0  0  0  0     0
Parloop_set_#x1538628a5f60_wrap_pyop2_kernel_prolong       4 0.0 9.4554e-02 0.0 0.00e+00 0.0 0.0e+00 0.0e+00 0.0e+00  0  0  0  0  0   0  0  0  0  0     0
Parloop_set_#x14c562c563e0_wrap_pyop2_kernel_inject       4 0.0 8.3485e-02 0.0 0.00e+00 0.0 0.0e+00 0.0e+00 0.0e+00  0  0  0  0  0   0  0  0  0  0     0
Parloop_set_#x14c563e550f0_wrap_pyop2_kernel_restrict       6 0.0 1.8053e-01 0.0 0.00e+00 0.0 0.0e+00 0.0e+00 0.0e+00  0  0  0  0  0   0  0  0  0  0     0
Parloop_set_#x14c563e550f0_wrap_pyop2_kernel_prolong       4 0.0 9.4522e-02 0.0 0.00e+00 0.0 0.0e+00 0.0e+00 0.0e+00  0  0  0  0  0   0  0  0  0  0     0
Parloop_set_#x147d283a6350_wrap_pyop2_kernel_inject       4 0.0 8.3627e-02 0.0 0.00e+00 0.0 0.0e+00 0.0e+00 0.0e+00  0  0  0  0  0   0  0  0  0  0     0
Parloop_set_#x147d295a5f60_wrap_pyop2_kernel_restrict       6 0.0 1.8039e-01 0.0 0.00e+00 0.0 0.0e+00 0.0e+00 0.0e+00  0  0  0  0  0   0  0  0  0  0     0
Parloop_set_#x147d295a5f60_wrap_pyop2_kernel_prolong       4 0.0 9.4540e-02 0.0 0.00e+00 0.0 0.0e+00 0.0e+00 0.0e+00  0  0  0  0  0   0  0  0  0  0     0
Parloop_set_#x1551bebde200_wrap_pyop2_kernel_inject       4 0.0 8.3158e-02 0.0 0.00e+00 0.0 0.0e+00 0.0e+00 0.0e+00  0  0  0  0  0   0  0  0  0  0     0
Parloop_set_#x1551ddf419f0_wrap_pyop2_kernel_restrict       6 0.0 1.8026e-01 0.0 0.00e+00 0.0 0.0e+00 0.0e+00 0.0e+00  0  0  0  0  0   0  0  0  0  0     0
Parloop_set_#x1551ddf419f0_wrap_pyop2_kernel_prolong       4 0.0 9.4510e-02 0.0 0.00e+00 0.0 0.0e+00 0.0e+00 0.0e+00  0  0  0  0  0   0  0  0  0  0     0
Parloop_set_#x15450fa42350_wrap_pyop2_kernel_inject       4 0.0 8.3689e-02 0.0 0.00e+00 0.0 0.0e+00 0.0e+00 0.0e+00  0  0  0  0  0   0  0  0  0  0     0
Parloop_set_#x1545107de080_wrap_pyop2_kernel_restrict       6 0.0 1.8044e-01 0.0 0.00e+00 0.0 0.0e+00 0.0e+00 0.0e+00  0  0  0  0  0   0  0  0  0  0     0
Parloop_set_#x1545107de080_wrap_pyop2_kernel_prolong       4 0.0 9.4479e-02 0.0 0.00e+00 0.0 0.0e+00 0.0e+00 0.0e+00  0  0  0  0  0   0  0  0  0  0     0
Parloop_set_#x1460b5316530_wrap_pyop2_kernel_inject       4 0.0 8.3485e-02 0.0 0.00e+00 0.0 0.0e+00 0.0e+00 0.0e+00  0  0  0  0  0   0  0  0  0  0     0
Parloop_set_#x1460b6511ba0_wrap_pyop2_kernel_restrict       6 0.0 1.8030e-01 0.0 0.00e+00 0.0 0.0e+00 0.0e+00 0.0e+00  0  0  0  0  0   0  0  0  0  0     0
Parloop_set_#x1460b6511ba0_wrap_pyop2_kernel_prolong       4 0.0 9.4523e-02 0.0 0.00e+00 0.0 0.0e+00 0.0e+00 0.0e+00  0  0  0  0  0   0  0  0  0  0     0
Parloop_set_#x1503db1f6290_wrap_pyop2_kernel_inject       4 0.0 8.3407e-02 0.0 0.00e+00 0.0 0.0e+00 0.0e+00 0.0e+00  0  0  0  0  0   0  0  0  0  0     0
Parloop_set_#x1503dbf92110_wrap_pyop2_kernel_restrict       6 0.0 1.8059e-01 0.0 0.00e+00 0.0 0.0e+00 0.0e+00 0.0e+00  0  0  0  0  0   0  0  0  0  0     0
Parloop_set_#x1503dbf92110_wrap_pyop2_kernel_prolong       4 0.0 9.4540e-02 0.0 0.00e+00 0.0 0.0e+00 0.0e+00 0.0e+00  0  0  0  0  0   0  0  0  0  0     0
Parloop_set_#x14ce62695d80_wrap_pyop2_kernel_inject       4 0.0 8.3348e-02 0.0 0.00e+00 0.0 0.0e+00 0.0e+00 0.0e+00  0  0  0  0  0   0  0  0  0  0     0
Parloop_set_#x14ce634321a0_wrap_pyop2_kernel_restrict       6 0.0 1.8013e-01 0.0 0.00e+00 0.0 0.0e+00 0.0e+00 0.0e+00  0  0  0  0  0   0  0  0  0  0     0
Parloop_set_#x14ce634321a0_wrap_pyop2_kernel_prolong       4 0.0 9.4532e-02 0.0 0.00e+00 0.0 0.0e+00 0.0e+00 0.0e+00  0  0  0  0  0   0  0  0  0  0     0
Parloop_set_#x1480b63aa020_wrap_pyop2_kernel_inject       4 0.0 8.3720e-02 0.0 0.00e+00 0.0 0.0e+00 0.0e+00 0.0e+00  0  0  0  0  0   0  0  0  0  0     0
Parloop_set_#x1480b75a5810_wrap_pyop2_kernel_restrict       6 0.0 1.8095e-01 0.0 0.00e+00 0.0 0.0e+00 0.0e+00 0.0e+00  0  0  0  0  0   0  0  0  0  0     0
Parloop_set_#x1480b75a5810_wrap_pyop2_kernel_prolong       4 0.0 9.4482e-02 0.0 0.00e+00 0.0 0.0e+00 0.0e+00 0.0e+00  0  0  0  0  0   0  0  0  0  0     0
Parloop_set_#x152cf33e69b0_wrap_pyop2_kernel_inject       4 0.0 8.3492e-02 0.0 0.00e+00 0.0 0.0e+00 0.0e+00 0.0e+00  0  0  0  0  0   0  0  0  0  0     0
Parloop_set_#x152cf4181cf0_wrap_pyop2_kernel_restrict       6 0.0 1.8055e-01 0.0 0.00e+00 0.0 0.0e+00 0.0e+00 0.0e+00  0  0  0  0  0   0  0  0  0  0     0
Parloop_set_#x152cf4181cf0_wrap_pyop2_kernel_prolong       4 0.0 9.6870e-02 0.0 0.00e+00 0.0 0.0e+00 0.0e+00 0.0e+00  0  0  0  0  0   0  0  0  0  0     0
Parloop_set_#x14ed2eede350_wrap_pyop2_kernel_inject       4 0.0 8.3681e-02 0.0 0.00e+00 0.0 0.0e+00 0.0e+00 0.0e+00  0  0  0  0  0   0  0  0  0  0     0
Parloop_set_#x14ed300e18d0_wrap_pyop2_kernel_restrict       6 0.0 1.8034e-01 0.0 0.00e+00 0.0 0.0e+00 0.0e+00 0.0e+00  0  0  0  0  0   0  0  0  0  0     0
Parloop_set_#x14ed300e18d0_wrap_pyop2_kernel_prolong       4 0.0 9.4552e-02 0.0 0.00e+00 0.0 0.0e+00 0.0e+00 0.0e+00  0  0  0  0  0   0  0  0  0  0     0
Parloop_set_#x14d93de32740_wrap_pyop2_kernel_inject       4 0.0 8.3652e-02 0.0 0.00e+00 0.0 0.0e+00 0.0e+00 0.0e+00  0  0  0  0  0   0  0  0  0  0     0
Parloop_set_#x14d93f031000_wrap_pyop2_kernel_restrict       6 0.0 1.8316e-01 0.0 0.00e+00 0.0 0.0e+00 0.0e+00 0.0e+00  0  0  0  0  0   0  0  0  0  0     0
Parloop_set_#x14d93f031000_wrap_pyop2_kernel_prolong       4 0.0 9.6948e-02 0.0 0.00e+00 0.0 0.0e+00 0.0e+00 0.0e+00  0  0  0  0  0   0  0  0  0  0     0
Parloop_set_#x14747444e3b0_wrap_pyop2_kernel_inject       4 0.0 8.3471e-02 0.0 0.00e+00 0.0 0.0e+00 0.0e+00 0.0e+00  0  0  0  0  0   0  0  0  0  0     0
Parloop_set_#x14748597e0e0_wrap_pyop2_kernel_restrict       6 0.0 1.8031e-01 0.0 0.00e+00 0.0 0.0e+00 0.0e+00 0.0e+00  0  0  0  0  0   0  0  0  0  0     0
Parloop_set_#x14748597e0e0_wrap_pyop2_kernel_prolong       4 0.0 9.6886e-02 0.0 0.00e+00 0.0 0.0e+00 0.0e+00 0.0e+00  0  0  0  0  0   0  0  0  0  0     0
Parloop_set_#x151845639f60_wrap_pyop2_kernel_inject       4 0.0 8.3693e-02 0.0 0.00e+00 0.0 0.0e+00 0.0e+00 0.0e+00  0  0  0  0  0   0  0  0  0  0     0
Parloop_set_#x151858c97130_wrap_pyop2_kernel_restrict       6 0.0 1.7987e-01 0.0 0.00e+00 0.0 0.0e+00 0.0e+00 0.0e+00  0  0  0  0  0   0  0  0  0  0     0
Parloop_set_#x151858c97130_wrap_pyop2_kernel_prolong       4 0.0 9.4473e-02 0.0 0.00e+00 0.0 0.0e+00 0.0e+00 0.0e+00  0  0  0  0  0   0  0  0  0  0     0
Parloop_set_#x14fcf4892860_wrap_pyop2_kernel_inject       4 0.0 8.3807e-02 0.0 0.00e+00 0.0 0.0e+00 0.0e+00 0.0e+00  0  0  0  0  0   0  0  0  0  0     0
Parloop_set_#x14fcf5a89e70_wrap_pyop2_kernel_restrict       6 0.0 1.8037e-01 0.0 0.00e+00 0.0 0.0e+00 0.0e+00 0.0e+00  0  0  0  0  0   0  0  0  0  0     0
Parloop_set_#x14fcf5a89e70_wrap_pyop2_kernel_prolong       4 0.0 9.4449e-02 0.0 0.00e+00 0.0 0.0e+00 0.0e+00 0.0e+00  0  0  0  0  0   0  0  0  0  0     0
Parloop_set_#x14e8e66f5ed0_wrap_pyop2_kernel_inject       4 0.0 8.3549e-02 0.0 0.00e+00 0.0 0.0e+00 0.0e+00 0.0e+00  0  0  0  0  0   0  0  0  0  0     0
Parloop_set_#x14e8e78edd80_wrap_pyop2_kernel_restrict       6 0.0 1.8070e-01 0.0 0.00e+00 0.0 0.0e+00 0.0e+00 0.0e+00  0  0  0  0  0   0  0  0  0  0     0
Parloop_set_#x14e8e78edd80_wrap_pyop2_kernel_prolong       4 0.0 9.4512e-02 0.0 0.00e+00 0.0 0.0e+00 0.0e+00 0.0e+00  0  0  0  0  0   0  0  0  0  0     0
Parloop_set_#x1553a52122c0_wrap_pyop2_kernel_inject       4 0.0 7.1787e-02 0.0 0.00e+00 0.0 0.0e+00 0.0e+00 0.0e+00  0  0  0  0  0   0  0  0  0  0     0
Parloop_set_#x1553ad32a080_wrap_pyop2_kernel_restrict       6 0.0 1.8223e-01 0.0 0.00e+00 0.0 0.0e+00 0.0e+00 0.0e+00  0  0  0  0  0   0  0  0  0  0     0
Parloop_set_#x1553ad32a080_wrap_pyop2_kernel_prolong       4 0.0 7.0917e-02 0.0 0.00e+00 0.0 0.0e+00 0.0e+00 0.0e+00  0  0  0  0  0   0  0  0  0  0     0
Parloop_set_#x14ab44105ed0_wrap_pyop2_kernel_inject       4 0.0 7.1724e-02 0.0 0.00e+00 0.0 0.0e+00 0.0e+00 0.0e+00  0  0  0  0  0   0  0  0  0  0     0
Parloop_set_#x14ab57b3e200_wrap_pyop2_kernel_restrict       6 0.0 1.8132e-01 0.0 0.00e+00 0.0 0.0e+00 0.0e+00 0.0e+00  0  0  0  0  0   0  0  0  0  0     0
Parloop_set_#x14ab57b3e200_wrap_pyop2_kernel_prolong       4 0.0 7.0891e-02 0.0 0.00e+00 0.0 0.0e+00 0.0e+00 0.0e+00  0  0  0  0  0   0  0  0  0  0     0
Parloop_set_#x14fba2c41bd0_wrap_pyop2_kernel_inject       4 0.0 7.1643e-02 0.0 0.00e+00 0.0 0.0e+00 0.0e+00 0.0e+00  0  0  0  0  0   0  0  0  0  0     0
Parloop_set_#x14fba39d9de0_wrap_pyop2_kernel_restrict       6 0.0 1.8165e-01 0.0 0.00e+00 0.0 0.0e+00 0.0e+00 0.0e+00  0  0  0  0  0   0  0  0  0  0     0
Parloop_set_#x14fba39d9de0_wrap_pyop2_kernel_prolong       4 0.0 6.8812e-02 0.0 0.00e+00 0.0 0.0e+00 0.0e+00 0.0e+00  0  0  0  0  0   0  0  0  0  0     0
Parloop_set_#x1510dd086200_wrap_pyop2_kernel_inject       4 0.0 7.1772e-02 0.0 0.00e+00 0.0 0.0e+00 0.0e+00 0.0e+00  0  0  0  0  0   0  0  0  0  0     0
Parloop_set_#x1510dde261d0_wrap_pyop2_kernel_restrict       6 0.0 1.8180e-01 0.0 0.00e+00 0.0 0.0e+00 0.0e+00 0.0e+00  0  0  0  0  0   0  0  0  0  0     0
Parloop_set_#x1510dde261d0_wrap_pyop2_kernel_prolong       4 0.0 6.8766e-02 0.0 0.00e+00 0.0 0.0e+00 0.0e+00 0.0e+00  0  0  0  0  0   0  0  0  0  0     0
Parloop_set_#x1466e8e1e5c0_wrap_pyop2_kernel_inject       4 0.0 7.1786e-02 0.0 0.00e+00 0.0 0.0e+00 0.0e+00 0.0e+00  0  0  0  0  0   0  0  0  0  0     0
Parloop_set_#x1466e9bb9150_wrap_pyop2_kernel_restrict       6 0.0 1.8211e-01 0.0 0.00e+00 0.0 0.0e+00 0.0e+00 0.0e+00  0  0  0  0  0   0  0  0  0  0     0
Parloop_set_#x1466e9bb9150_wrap_pyop2_kernel_prolong       4 0.0 6.8737e-02 0.0 0.00e+00 0.0 0.0e+00 0.0e+00 0.0e+00  0  0  0  0  0   0  0  0  0  0     0
Parloop_set_#x15093b786140_wrap_pyop2_kernel_inject       4 0.0 7.1718e-02 0.0 0.00e+00 0.0 0.0e+00 0.0e+00 0.0e+00  0  0  0  0  0   0  0  0  0  0     0
Parloop_set_#x150959869c60_wrap_pyop2_kernel_restrict       6 0.0 1.8205e-01 0.0 0.00e+00 0.0 0.0e+00 0.0e+00 0.0e+00  0  0  0  0  0   0  0  0  0  0     0
Parloop_set_#x150959869c60_wrap_pyop2_kernel_prolong       4 0.0 6.8805e-02 0.0 0.00e+00 0.0 0.0e+00 0.0e+00 0.0e+00  0  0  0  0  0   0  0  0  0  0     0
Parloop_set_#x14de58466d40_wrap_pyop2_kernel_inject       4 0.0 7.1741e-02 0.0 0.00e+00 0.0 0.0e+00 0.0e+00 0.0e+00  0  0  0  0  0   0  0  0  0  0     0
Parloop_set_#x14de59205d50_wrap_pyop2_kernel_restrict       6 0.0 1.8171e-01 0.0 0.00e+00 0.0 0.0e+00 0.0e+00 0.0e+00  0  0  0  0  0   0  0  0  0  0     0
Parloop_set_#x14de59205d50_wrap_pyop2_kernel_prolong       4 0.0 7.1738e-02 0.0 0.00e+00 0.0 0.0e+00 0.0e+00 0.0e+00  0  0  0  0  0   0  0  0  0  0     0
Parloop_set_#x14bb11efa860_wrap_pyop2_kernel_inject       4 0.0 7.1690e-02 0.0 0.00e+00 0.0 0.0e+00 0.0e+00 0.0e+00  0  0  0  0  0   0  0  0  0  0     0
Parloop_set_#x14bb130f5fc0_wrap_pyop2_kernel_restrict       6 0.0 1.8220e-01 0.0 0.00e+00 0.0 0.0e+00 0.0e+00 0.0e+00  0  0  0  0  0   0  0  0  0  0     0
Parloop_set_#x14bb130f5fc0_wrap_pyop2_kernel_prolong       4 0.0 7.2854e-02 0.0 0.00e+00 0.0 0.0e+00 0.0e+00 0.0e+00  0  0  0  0  0   0  0  0  0  0     0
Parloop_set_#x14d7acb1df90_wrap_pyop2_kernel_inject       4 0.0 7.1971e-02 0.0 0.00e+00 0.0 0.0e+00 0.0e+00 0.0e+00  0  0  0  0  0   0  0  0  0  0     0
Parloop_set_#x14d7add1de40_wrap_pyop2_kernel_restrict       6 0.0 1.8188e-01 0.0 0.00e+00 0.0 0.0e+00 0.0e+00 0.0e+00  0  0  0  0  0   0  0  0  0  0     0
Parloop_set_#x14d7add1de40_wrap_pyop2_kernel_prolong       4 0.0 7.2832e-02 0.0 0.00e+00 0.0 0.0e+00 0.0e+00 0.0e+00  0  0  0  0  0   0  0  0  0  0     0
Parloop_set_#x1540c1571d20_wrap_pyop2_kernel_inject       4 0.0 7.1755e-02 0.0 0.00e+00 0.0 0.0e+00 0.0e+00 0.0e+00  0  0  0  0  0   0  0  0  0  0     0
Parloop_set_#x1540c230d3c0_wrap_pyop2_kernel_restrict       6 0.0 1.8198e-01 0.0 0.00e+00 0.0 0.0e+00 0.0e+00 0.0e+00  0  0  0  0  0   0  0  0  0  0     0
Parloop_set_#x1540c230d3c0_wrap_pyop2_kernel_prolong       4 0.0 7.1642e-02 0.0 0.00e+00 0.0 0.0e+00 0.0e+00 0.0e+00  0  0  0  0  0   0  0  0  0  0     0
Parloop_set_#x14f79c741c60_wrap_pyop2_kernel_inject       4 0.0 7.1654e-02 0.0 0.00e+00 0.0 0.0e+00 0.0e+00 0.0e+00  0  0  0  0  0   0  0  0  0  0     0
Parloop_set_#x14f7b2623b50_wrap_pyop2_kernel_restrict       6 0.0 1.8247e-01 0.0 0.00e+00 0.0 0.0e+00 0.0e+00 0.0e+00  0  0  0  0  0   0  0  0  0  0     0
Parloop_set_#x14f7b2623b50_wrap_pyop2_kernel_prolong       4 0.0 7.2847e-02 0.0 0.00e+00 0.0 0.0e+00 0.0e+00 0.0e+00  0  0  0  0  0   0  0  0  0  0     0
Parloop_set_#x14c91aec2710_wrap_pyop2_kernel_inject       4 0.0 7.1769e-02 0.0 0.00e+00 0.0 0.0e+00 0.0e+00 0.0e+00  0  0  0  0  0   0  0  0  0  0     0
Parloop_set_#x14c91bc59ed0_wrap_pyop2_kernel_restrict       6 0.0 1.8229e-01 0.0 0.00e+00 0.0 0.0e+00 0.0e+00 0.0e+00  0  0  0  0  0   0  0  0  0  0     0
Parloop_set_#x14c91bc59ed0_wrap_pyop2_kernel_prolong       4 0.0 7.0847e-02 0.0 0.00e+00 0.0 0.0e+00 0.0e+00 0.0e+00  0  0  0  0  0   0  0  0  0  0     0
Parloop_set_#x151687cc6050_wrap_pyop2_kernel_inject       4 0.0 7.1733e-02 0.0 0.00e+00 0.0 0.0e+00 0.0e+00 0.0e+00  0  0  0  0  0   0  0  0  0  0     0
Parloop_set_#x151688ec5d20_wrap_pyop2_kernel_restrict       6 0.0 1.8243e-01 0.0 0.00e+00 0.0 0.0e+00 0.0e+00 0.0e+00  0  0  0  0  0   0  0  0  0  0     0
Parloop_set_#x151688ec5d20_wrap_pyop2_kernel_prolong       4 0.0 7.1156e-02 0.0 0.00e+00 0.0 0.0e+00 0.0e+00 0.0e+00  0  0  0  0  0   0  0  0  0  0     0
Parloop_set_#x14e4c0c668f0_wrap_pyop2_kernel_inject       4 0.0 7.1698e-02 0.0 0.00e+00 0.0 0.0e+00 0.0e+00 0.0e+00  0  0  0  0  0   0  0  0  0  0     0
Parloop_set_#x14e4c1e61120_wrap_pyop2_kernel_restrict       6 0.0 1.8047e-01 0.0 0.00e+00 0.0 0.0e+00 0.0e+00 0.0e+00  0  0  0  0  0   0  0  0  0  0     0
Parloop_set_#x14e4c1e61120_wrap_pyop2_kernel_prolong       4 0.0 7.0794e-02 0.0 0.00e+00 0.0 0.0e+00 0.0e+00 0.0e+00  0  0  0  0  0   0  0  0  0  0     0
Parloop_set_#x14fde73a6590_wrap_pyop2_kernel_inject       4 0.0 7.1689e-02 0.0 0.00e+00 0.0 0.0e+00 0.0e+00 0.0e+00  0  0  0  0  0   0  0  0  0  0     0
Parloop_set_#x14fde85a1e70_wrap_pyop2_kernel_restrict       6 0.0 1.8459e-01 0.0 0.00e+00 0.0 0.0e+00 0.0e+00 0.0e+00  0  0  0  0  0   0  0  0  0  0     0
Parloop_set_#x14fde85a1e70_wrap_pyop2_kernel_prolong       4 0.0 7.0814e-02 0.0 0.00e+00 0.0 0.0e+00 0.0e+00 0.0e+00  0  0  0  0  0   0  0  0  0  0     0
Parloop_set_#x148e7b60e380_wrap_pyop2_kernel_inject       4 0.0 7.1740e-02 0.0 0.00e+00 0.0 0.0e+00 0.0e+00 0.0e+00  0  0  0  0  0   0  0  0  0  0     0
Parloop_set_#x148e7c3ae2c0_wrap_pyop2_kernel_restrict       6 0.0 1.8159e-01 0.0 0.00e+00 0.0 0.0e+00 0.0e+00 0.0e+00  0  0  0  0  0   0  0  0  0  0     0
Parloop_set_#x148e7c3ae2c0_wrap_pyop2_kernel_prolong       4 0.0 6.8657e-02 0.0 0.00e+00 0.0 0.0e+00 0.0e+00 0.0e+00  0  0  0  0  0   0  0  0  0  0     0
Parloop_set_#x14ce7f87e020_wrap_pyop2_kernel_inject       4 0.0 7.1767e-02 0.0 0.00e+00 0.0 0.0e+00 0.0e+00 0.0e+00  0  0  0  0  0   0  0  0  0  0     0
Parloop_set_#x14ce80a79d50_wrap_pyop2_kernel_restrict       6 0.0 1.8194e-01 0.0 0.00e+00 0.0 0.0e+00 0.0e+00 0.0e+00  0  0  0  0  0   0  0  0  0  0     0
Parloop_set_#x14ce80a79d50_wrap_pyop2_kernel_prolong       4 0.0 6.8763e-02 0.0 0.00e+00 0.0 0.0e+00 0.0e+00 0.0e+00  0  0  0  0  0   0  0  0  0  0     0
Parloop_set_#x14be9c6b2590_wrap_pyop2_kernel_inject       4 0.0 7.1814e-02 0.0 0.00e+00 0.0 0.0e+00 0.0e+00 0.0e+00  0  0  0  0  0   0  0  0  0  0     0
Parloop_set_#x14bebcc99f60_wrap_pyop2_kernel_restrict       6 0.0 1.8187e-01 0.0 0.00e+00 0.0 0.0e+00 0.0e+00 0.0e+00  0  0  0  0  0   0  0  0  0  0     0
Parloop_set_#x14bebcc99f60_wrap_pyop2_kernel_prolong       4 0.0 6.8745e-02 0.0 0.00e+00 0.0 0.0e+00 0.0e+00 0.0e+00  0  0  0  0  0   0  0  0  0  0     0
Parloop_set_#x150c085a2770_wrap_pyop2_kernel_inject       4 0.0 7.1896e-02 0.0 0.00e+00 0.0 0.0e+00 0.0e+00 0.0e+00  0  0  0  0  0   0  0  0  0  0     0
Parloop_set_#x150c0979df30_wrap_pyop2_kernel_restrict       6 0.0 1.8243e-01 0.0 0.00e+00 0.0 0.0e+00 0.0e+00 0.0e+00  0  0  0  0  0   0  0  0  0  0     0
Parloop_set_#x150c0979df30_wrap_pyop2_kernel_prolong       4 0.0 6.8689e-02 0.0 0.00e+00 0.0 0.0e+00 0.0e+00 0.0e+00  0  0  0  0  0   0  0  0  0  0     0
Parloop_set_#x14d785d82260_wrap_pyop2_kernel_inject       4 0.0 7.1873e-02 0.0 0.00e+00 0.0 0.0e+00 0.0e+00 0.0e+00  0  0  0  0  0   0  0  0  0  0     0
Parloop_set_#x14d7af78e2c0_wrap_pyop2_kernel_restrict       6 0.0 1.8308e-01 0.0 0.00e+00 0.0 0.0e+00 0.0e+00 0.0e+00  0  0  0  0  0   0  0  0  0  0     0
Parloop_set_#x14d7af78e2c0_wrap_pyop2_kernel_prolong       4 0.0 6.8705e-02 0.0 0.00e+00 0.0 0.0e+00 0.0e+00 0.0e+00  0  0  0  0  0   0  0  0  0  0     0
Parloop_set_#x14cd1856df90_wrap_pyop2_kernel_inject       4 0.0 7.1876e-02 0.0 0.00e+00 0.0 0.0e+00 0.0e+00 0.0e+00  0  0  0  0  0   0  0  0  0  0     0
Parloop_set_#x14cd19766110_wrap_pyop2_kernel_restrict       6 0.0 1.8271e-01 0.0 0.00e+00 0.0 0.0e+00 0.0e+00 0.0e+00  0  0  0  0  0   0  0  0  0  0     0
Parloop_set_#x14cd19766110_wrap_pyop2_kernel_prolong       4 0.0 7.1096e-02 0.0 0.00e+00 0.0 0.0e+00 0.0e+00 0.0e+00  0  0  0  0  0   0  0  0  0  0     0
Parloop_set_#x14a98172a170_wrap_pyop2_kernel_inject       4 0.0 7.1868e-02 0.0 0.00e+00 0.0 0.0e+00 0.0e+00 0.0e+00  0  0  0  0  0   0  0  0  0  0     0
Parloop_set_#x14a990755630_wrap_pyop2_kernel_restrict       6 0.0 1.8170e-01 0.0 0.00e+00 0.0 0.0e+00 0.0e+00 0.0e+00  0  0  0  0  0   0  0  0  0  0     0
Parloop_set_#x14a990755630_wrap_pyop2_kernel_prolong       4 0.0 7.1120e-02 0.0 0.00e+00 0.0 0.0e+00 0.0e+00 0.0e+00  0  0  0  0  0   0  0  0  0  0     0
Parloop_set_#x14e16d50eaa0_wrap_pyop2_kernel_inject       4 0.0 7.2017e-02 0.0 0.00e+00 0.0 0.0e+00 0.0e+00 0.0e+00  0  0  0  0  0   0  0  0  0  0     0
Parloop_set_#x14e16e70d870_wrap_pyop2_kernel_restrict       6 0.0 1.8218e-01 0.0 0.00e+00 0.0 0.0e+00 0.0e+00 0.0e+00  0  0  0  0  0   0  0  0  0  0     0
Parloop_set_#x14e16e70d870_wrap_pyop2_kernel_prolong       4 0.0 7.1750e-02 0.0 0.00e+00 0.0 0.0e+00 0.0e+00 0.0e+00  0  0  0  0  0   0  0  0  0  0     0
Parloop_set_#x14b425f0a350_wrap_pyop2_kernel_inject       4 0.0 7.2001e-02 0.0 0.00e+00 0.0 0.0e+00 0.0e+00 0.0e+00  0  0  0  0  0   0  0  0  0  0     0
Parloop_set_#x14b427105db0_wrap_pyop2_kernel_restrict       6 0.0 1.8196e-01 0.0 0.00e+00 0.0 0.0e+00 0.0e+00 0.0e+00  0  0  0  0  0   0  0  0  0  0     0
Parloop_set_#x14b427105db0_wrap_pyop2_kernel_prolong       4 0.0 7.2910e-02 0.0 0.00e+00 0.0 0.0e+00 0.0e+00 0.0e+00  0  0  0  0  0   0  0  0  0  0     0

--- Event Stage 2: Warm Solve: k=6 nref=1

SFBcastBegin           2 1.0 8.8580e-03 4.1 0.00e+00 0.0 4.5e+03 1.1e+05 0.0e+00  0  0  1  2  0   6  0 48 50  0     0
SFBcastEnd             2 1.0 2.1797e-02 2.9 0.00e+00 0.0 0.0e+00 0.0e+00 0.0e+00  0  0  0  0  0  18  0  0  0  0     0
SFReduceBegin          2 1.0 9.5505e-03 15.4 0.00e+00 0.0 4.5e+03 1.1e+05 0.0e+00  0  0  1  2  0   4  0 48 50  0     0
SFReduceEnd            2 1.0 2.9387e-02 4.9 1.61e+06 4.2 0.0e+00 0.0e+00 0.0e+00  0  0  0  0  0  20  1  0  0  0  2169
SFPack                 4 1.0 1.6006e-02 6.1 0.00e+00 0.0 0.0e+00 0.0e+00 0.0e+00  0  0  0  0  0   9  0  0  0  0     0
SFUnpack               4 1.0 1.5530e-02 11.4 1.61e+06 4.2 0.0e+00 0.0e+00 0.0e+00  0  0  0  0  0   9  1  0  0  0  4104
VecNorm                1 1.0 1.4816e-02 398.0 1.16e+05 1.1 0.0e+00 0.0e+00 1.0e+00  0  0  0  0  0   6  0  0  0  6   543
VecCopy                4 1.0 1.2899e-03 3.6 0.00e+00 0.0 0.0e+00 0.0e+00 0.0e+00  0  0  0  0  0   1  0  0  0  0     0
VecSet                 1 1.0 2.0806e-04 10.5 0.00e+00 0.0 0.0e+00 0.0e+00 0.0e+00  0  0  0  0  0   0  0  0  0  0     0
MatView               18 1.3 6.8997e-03 1.2 0.00e+00 0.0 0.0e+00 0.0e+00 1.4e+01  0  0  0  0  1   7  0  0  0 88     0
KSPSetUp               1 1.0 1.5155e-05 126.3 0.00e+00 0.0 0.0e+00 0.0e+00 0.0e+00  0  0  0  0  0   0  0  0  0  0     0
KSPSolve               1 1.0 1.5071e-02 66.8 1.16e+05 1.1 0.0e+00 0.0e+00 2.0e+00  0  0  0  0  0   6  0  0  0 12   534
SNESSolve              1 1.0 8.5837e-02 1.1 1.48e+08 1.0 9.4e+03 1.1e+05 1.6e+01  0  0  1  5  2  94 99 100 100 100 122250
SNESFunctionEval       1 1.0 7.1548e-02 1.2 1.48e+08 1.0 9.1e+03 1.1e+05 0.0e+00  0  0  1  5  0  76 99 97 100  0 146552
firedrake.function.Function.assign       2 1.0 9.6586e-04 2.3 0.00e+00 0.0 0.0e+00 0.0e+00 0.0e+00  0  0  0  0  0   1  0  0  0  0     0
firedrake.assign.Assigner.assign       2 1.0 5.8590e-04 2.5 0.00e+00 0.0 0.0e+00 0.0e+00 0.0e+00  0  0  0  0  0   0  0  0  0  0     0
ParLoopExecute         4 1.0 4.5738e-02 1.6 1.47e+08 1.0 4.5e+03 1.1e+05 0.0e+00  0  0  1  2  0  44 99 48 50  0 229707
ParLoopRednBegin       4 1.0 4.5815e-05 5.6 0.00e+00 0.0 0.0e+00 0.0e+00 0.0e+00  0  0  0  0  0   0  0  0  0  0     0
ParLoopRednEnd         4 1.0 4.1904e-05 4.2 0.00e+00 0.0 0.0e+00 0.0e+00 0.0e+00  0  0  0  0  0   0  0  0  0  0     0
firedrake.function.Function.sub       2 1.0 1.6203e-05 2.3 0.00e+00 0.0 0.0e+00 0.0e+00 0.0e+00  0  0  0  0  0   0  0  0  0  0     0
firedrake.variational_solver.NonlinearVariationalSolver.solve       1 1.0 8.8856e-02 1.0 1.49e+08 1.0 9.4e+03 1.1e+05 1.6e+01  0  0  1  5  2 100 100 100 100 100 119048
ApplyBC                2 1.0 4.3466e-03 3.5 1.19e+06 1.0 0.0e+00 0.0e+00 0.0e+00  0  0  0  0  0   3  1  0  0  0 19480
firedrake.interpolation.SameMeshInterpolator._interpolate       2 1.0 3.3309e-03 5.1 1.19e+06 1.0 0.0e+00 0.0e+00 0.0e+00  0  0  0  0  0   2  1  0  0  0 25420
Parloop_Cells_wrap_expression_kernel       4 1.0 3.0631e-03 6.6 1.19e+06 1.0 0.0e+00 0.0e+00 0.0e+00  0  0  0  0  0   2  1  0  0  0 27643
Log_Event_expression_kernel     672 1.0 1.4126e-03 13.9 0.00e+00 0.0 0.0e+00 0.0e+00 0.0e+00  0  0  0  0  0   1  0  0  0  0     0
firedrake.halo.Halo.global_to_local_begin       2 1.0 8.9889e-03 4.0 0.00e+00 0.0 4.5e+03 1.1e+05 0.0e+00  0  0  1  2  0   6  0 48 50  0     0
Parloop_Cells_wrap_form0_cell_integral       2 1.0 1.3695e-02 1.4 1.05e+08 1.0 0.0e+00 0.0e+00 0.0e+00  0  0  0  0  0  12 71  0  0  0 547810
Log_Event_form0_cell_integral     336 1.0 8.0643e-03 1.1 0.00e+00 0.0 0.0e+00 0.0e+00 0.0e+00  0  0  0  0  0   8  0  0  0  0     0
firedrake.halo.Halo.global_to_local_end       2 1.0 2.1840e-02 2.9 0.00e+00 0.0 0.0e+00 0.0e+00 0.0e+00  0  0  0  0  0  18  0  0  0  0     0
Parloop_Cells_wrap_form1_cell_integral       2 1.0 5.1856e-03 1.4 4.09e+07 1.0 0.0e+00 0.0e+00 0.0e+00  0  0  0  0  0   5 28  0  0  0 562960
Log_Event_form1_cell_integral     336 1.0 2.8367e-03 1.2 0.00e+00 0.0 0.0e+00 0.0e+00 0.0e+00  0  0  0  0  0   3  0  0  0  0     0
firedrake.halo.Halo.local_to_global_begin       2 1.0 9.6843e-03 14.7 0.00e+00 0.0 4.5e+03 1.1e+05 0.0e+00  0  0  1  2  0   4  0 48 50  0     0
firedrake.halo.Halo.local_to_global_end       2 1.0 2.9434e-02 4.9 1.61e+06 4.2 0.0e+00 0.0e+00 0.0e+00  0  0  0  0  0  20  1  0  0  0  2165
firedrake.bcs.BCBase.zero       2 1.0 3.5172e-04 5.3 0.00e+00 0.0 0.0e+00 0.0e+00 0.0e+00  0  0  0  0  0   0  0  0  0  0     0
firedrake.cofunction.Cofunction.sub       2 1.0 7.6406e-05 6.6 0.00e+00 0.0 0.0e+00 0.0e+00 0.0e+00  0  0  0  0  0   0  0  0  0  0     0
------------------------------------------------------------------------------------------------------------------------

Object Type          Creations   Destructions. Reports information only for process 0.

--- Event Stage 0: Main Stage

           Container     8              4
              Viewer     3              0
           Index Set  1231           1161
   IS L to G Mapping    14              9
             Section   177            145
   Star Forest Graph   119             91
              Vector    34              6
              Matrix    23              6
   Matrix Null Space     2              0
      Preconditioner     1              0
       Krylov Solver     1              0
                SNES     1              0
              DMSNES     1              0
    GraphPartitioner     7              3
    Distributed Mesh    20              6
            DM Label    99             56
      Mesh Transform     1              0
     Discrete System    32             18
           Weak Form    32             18

--- Event Stage 1: Warm-up Solve: k=6 nref=1

           Container     2              2
              Viewer     2              2
           Index Set  1648            914
   IS L to G Mapping   194            180
             Section     4              0
   Star Forest Graph   210              7
              Vector   645            201
              Matrix   959            545
      Preconditioner   194              3
       Krylov Solver   190              1
     DMKSP interface     4              1
    Distributed Mesh     9              0
     Discrete System     9              0
           Weak Form     9              0

--- Event Stage 2: Warm Solve: k=6 nref=1

           Container     2              2
              Viewer     2              2
========================================================================================================================
Average time to get PetscTime(): 1.2013e-06
Average time for MPI_Barrier(): 2.34946e-05
Average time for zero size MPI_Send(): 2.69083e-06
#PETSc Option Table entries:
-firedrake_0_fieldsplit_0_pmg_mg_coarse_mg_levels_1_pc_star_sub_sub_pc_factor_shift_type NONE # (source: code)
-firedrake_0_fieldsplit_0_pmg_mg_coarse_mg_levels_1_pc_star_sub_sub_pc_type lu # (source: code)
-firedrake_0_fieldsplit_0_pmg_mg_coarse_pc_mg_levels 2 # (source: code)
-firedrake_0_fieldsplit_0_pmg_mg_levels_1_pc_star_sub_sub_pc_factor_shift_type NONE # (source: code)
-firedrake_0_fieldsplit_0_pmg_mg_levels_1_pc_star_sub_sub_pc_type lu # (source: code)
#End of PETSc Option Table entries
Compiled without FORTRAN kernels
Compiled with full precision matrices (default)
sizeof(short) 2 sizeof(int) 4 sizeof(long) 8 sizeof(void*) 8 sizeof(PetscScalar) 8 sizeof(PetscInt) 4
Configure options: PETSC_DIR=/u/avoronin1/firedrake_metis/firedrake/src/petsc PETSC_ARCH=default --with-fc=mpif90 --with-cc=mpicc --download-superlu_dist --download-chaco --with-mpiexec=mpiexec --download-openblas --download-pastix --download-bison --download-metis --download-hwloc --download-mumps --with-fortran-bindings=0 --with-shared-libraries=1 --download-cmake --with-cxx=mpicxx --download-openblas-make-options="'USE_THREAD=0 USE_LOCKING=1 USE_OPENMP=0'" --download-netcdf --with-zlib --with-c2html=0 --download-hdf5 --download-pnetcdf --download-ptscotch --download-suitesparse --download-scalapack --download-parmetis --download-hypre --with-debugging=0
-----------------------------------------
Libraries compiled on 2024-02-15 18:43:41 on cn053.delta.ncsa.illinois.edu 
Machine characteristics: Linux-4.18.0-477.27.1.el8_8.x86_64-x86_64-with-glibc2.28
Using PETSc directory: /u/avoronin1/firedrake_metis/firedrake/src/petsc
Using PETSc arch: default
-----------------------------------------

Using C compiler: mpicc  -fPIC -Wall -Wwrite-strings -Wno-unknown-pragmas -Wno-lto-type-mismatch -Wno-stringop-overflow -fstack-protector -fvisibility=hidden -g -O  
Using Fortran compiler: mpif90  -fPIC -Wall -ffree-line-length-none -ffree-line-length-0 -Wno-lto-type-mismatch -Wno-unused-dummy-argument -g -O    
-----------------------------------------

Using include paths: -I/u/avoronin1/firedrake_metis/firedrake/src/petsc/include -I/u/avoronin1/firedrake_metis/firedrake/src/petsc/default/include -I/u/avoronin1/firedrake_metis/firedrake/src/petsc/default/include/suitesparse
-----------------------------------------

Using C linker: mpicc
Using Fortran linker: mpif90
Using libraries: -Wl,-rpath,/u/avoronin1/firedrake_metis/firedrake/src/petsc/default/lib -L/u/avoronin1/firedrake_metis/firedrake/src/petsc/default/lib -lpetsc -Wl,-rpath,/u/avoronin1/firedrake_metis/firedrake/src/petsc/default/lib -L/u/avoronin1/firedrake_metis/firedrake/src/petsc/default/lib -Wl,-rpath,/sw/spack/deltas11-2023-03/apps/linux-rhel8-zen3/gcc-11.4.0/openmpi-4.1.6-lranp74/lib -L/sw/spack/deltas11-2023-03/apps/linux-rhel8-zen3/gcc-11.4.0/openmpi-4.1.6-lranp74/lib -Wl,-rpath,/opt/cray/libfabric/1.15.2.0/lib -L/opt/cray/libfabric/1.15.2.0/lib -Wl,-rpath,/sw/spack/deltas11-2023-03/apps/linux-rhel8-zen3/gcc-11.4.0/libevent-2.1.12-dhfcc5z/lib -L/sw/spack/deltas11-2023-03/apps/linux-rhel8-zen3/gcc-11.4.0/libevent-2.1.12-dhfcc5z/lib -Wl,-rpath,/sw/spack/deltas11-2023-03/apps/linux-rhel8-zen3/gcc-11.4.0/pmix-5.0.1-kawfcsj/lib -L/sw/spack/deltas11-2023-03/apps/linux-rhel8-zen3/gcc-11.4.0/pmix-5.0.1-kawfcsj/lib -Wl,-rpath,/sw/spack/deltas11-2023-03/apps/linux-rhel8-x86_64/gcc-8.5.0/gcc-11.4.0-yycklku/lib64 -L/sw/spack/deltas11-2023-03/apps/linux-rhel8-x86_64/gcc-8.5.0/gcc-11.4.0-yycklku/lib64 -Wl,-rpath,/sw/spack/deltas11-2023-03/apps/linux-rhel8-x86_64/gcc-8.5.0/gcc-11.4.0-yycklku/lib/gcc/x86_64-pc-linux-gnu/11.4.0 -L/sw/spack/deltas11-2023-03/apps/linux-rhel8-x86_64/gcc-8.5.0/gcc-11.4.0-yycklku/lib/gcc/x86_64-pc-linux-gnu/11.4.0 -Wl,-rpath,/sw/spack/deltas11-2023-03/apps/linux-rhel8-x86_64/gcc-8.5.0/gcc-11.4.0-yycklku/lib -L/sw/spack/deltas11-2023-03/apps/linux-rhel8-x86_64/gcc-8.5.0/gcc-11.4.0-yycklku/lib -lHYPRE -lspqr -lumfpack -lklu -lcholmod -lamd -ldmumps -lmumps_common -lpord -lpthread -lscalapack -lpastix -lsuperlu_dist -lopenblas -lptesmumps -lptscotchparmetisv3 -lptscotch -lptscotcherr -lesmumps -lscotch -lscotcherr -lparmetis -lmetis -lnetcdf -lpnetcdf -lhdf5_hl -lhdf5 -lchaco -lm -lz -lhwloc -lX11 -ldl -lmpi_usempif08 -lmpi_usempi_ignore_tkr -lmpi_mpifh -lmpi -lgfortran -lm -lgfortran -lm -lgcc_s -lquadmath -lpthread -lstdc++ -lrt -lm -lrt -lquadmath -ldl
-----------------------------------------

