order= 2 nref= 1 baseN(quad=False)=80 | ndofs=  269442 | rel_resid[11]=6.83e-12 | overall_time(s)=1.971e+01 warm_time(s)=5.926e+00
order= 2 nref= 2 baseN(quad=False)=80 | ndofs= 1076482 | rel_resid[11]=5.31e-12 | overall_time(s)=8.501e+01 warm_time(s)=2.688e+01
order= 2 nref= 3 baseN(quad=False)=80 | ndofs= 4303362 | rel_resid[11]=4.04e-12 | overall_time(s)=2.527e+03 warm_time(s)=1.092e+02
order= 3 nref= 1 baseN(quad=False)=52 | ndofs=  243986 | rel_resid[ 9]=3.77e-12 | overall_time(s)=9.238e+00 warm_time(s)=2.534e+00
order= 3 nref= 2 baseN(quad=False)=52 | ndofs=  974690 | rel_resid[ 9]=3.47e-12 | overall_time(s)=3.566e+01 warm_time(s)=1.097e+01
order= 3 nref= 3 baseN(quad=False)=52 | ndofs= 3896258 | rel_resid[ 9]=3.49e-12 | overall_time(s)=8.595e+02 warm_time(s)=4.353e+01
order= 4 nref= 1 baseN(quad=False)=40 | ndofs=  250242 | rel_resid[11]=4.59e-12 | overall_time(s)=8.105e+00 warm_time(s)=2.348e+00
order= 4 nref= 2 baseN(quad=False)=40 | ndofs=  999682 | rel_resid[11]=2.43e-12 | overall_time(s)=3.021e+01 warm_time(s)=1.002e+01
order= 4 nref= 3 baseN(quad=False)=40 | ndofs= 3996162 | rel_resid[11]=1.72e-12 | overall_time(s)=4.621e+02 warm_time(s)=3.954e+01
order= 5 nref= 1 baseN(quad=False)=32 | ndofs=  246402 | rel_resid[13]=4.06e-12 | overall_time(s)=8.152e+00 warm_time(s)=2.525e+00
order= 5 nref= 2 baseN(quad=False)=32 | ndofs=  984322 | rel_resid[13]=2.54e-12 | overall_time(s)=2.989e+01 warm_time(s)=1.041e+01
order= 5 nref= 3 baseN(quad=False)=32 | ndofs= 3934722 | rel_resid[12]=8.98e-12 | overall_time(s)=3.397e+02 warm_time(s)=3.747e+01
order= 6 nref= 1 baseN(quad=False)=26 | ndofs=  231818 | rel_resid[14]=5.53e-12 | overall_time(s)=8.528e+00 warm_time(s)=2.639e+00
order= 6 nref= 2 baseN(quad=False)=26 | ndofs=  926018 | rel_resid[14]=3.65e-12 | overall_time(s)=2.998e+01 warm_time(s)=1.063e+01
order= 6 nref= 3 baseN(quad=False)=26 | ndofs= 3701570 | rel_resid[14]=2.11e-12 | overall_time(s)=2.587e+02 warm_time(s)=4.134e+01
order= 7 nref= 1 baseN(quad=False)=22 | ndofs=  224226 | rel_resid[16]=3.30e-12 | overall_time(s)=1.151e+01 warm_time(s)=3.474e+00
order= 7 nref= 2 baseN(quad=False)=22 | ndofs=  895666 | rel_resid[15]=8.51e-12 | overall_time(s)=3.217e+01 warm_time(s)=1.144e+01
order= 7 nref= 3 baseN(quad=False)=22 | ndofs= 3580194 | rel_resid[15]=5.00e-12 | overall_time(s)=2.265e+02 warm_time(s)=4.576e+01
order= 8 nref= 1 baseN(quad=False)=20 | ndofs=  240642 | rel_resid[17]=3.59e-12 | overall_time(s)=1.259e+01 warm_time(s)=4.202e+00
order= 8 nref= 2 baseN(quad=False)=20 | ndofs=  961282 | rel_resid[16]=9.11e-12 | overall_time(s)=4.166e+01 warm_time(s)=1.476e+01
order= 8 nref= 3 baseN(quad=False)=20 | ndofs= 3842562 | rel_resid[16]=5.02e-12 | overall_time(s)=2.486e+02 warm_time(s)=5.679e+01
order= 9 nref= 1 baseN(quad=False)=16 | ndofs=  194114 | rel_resid[18]=7.18e-12 | overall_time(s)=1.319e+01 warm_time(s)=4.169e+00
order= 9 nref= 2 baseN(quad=False)=16 | ndofs=  775298 | rel_resid[18]=4.85e-12 | overall_time(s)=4.257e+01 warm_time(s)=1.541e+01
order= 9 nref= 3 baseN(quad=False)=16 | ndofs= 3098882 | rel_resid[17]=9.03e-12 | overall_time(s)=2.080e+02 warm_time(s)=5.624e+01
order=10 nref= 1 baseN(quad=False)=16 | ndofs=  238722 | rel_resid[19]=5.47e-12 | overall_time(s)=1.797e+01 warm_time(s)=5.984e+00
order=10 nref= 2 baseN(quad=False)=16 | ndofs=  953602 | rel_resid[19]=3.65e-12 | overall_time(s)=6.132e+01 warm_time(s)=2.194e+01
order=10 nref= 3 baseN(quad=False)=16 | ndofs= 3811842 | rel_resid[18]=6.98e-12 | overall_time(s)=2.851e+02 warm_time(s)=8.006e+01
Overall run-time: 1h 42min 31s
