order= 3 nref= 1 baseN(quad=False)=51 | ndofs=  230523 | rel_resid[10]=2.66e-12 | overall_time(s)=1.288e+01 warm_time(s)=2.776e+00
order= 3 nref= 2 baseN(quad=False)=51 | ndofs=  918819 | rel_resid[10]=1.75e-12 | overall_time(s)=3.662e+01 warm_time(s)=1.077e+01
order= 3 nref= 3 baseN(quad=False)=51 | ndofs= 3668739 | rel_resid[10]=1.90e-12 | overall_time(s)=1.090e+03 warm_time(s)=4.243e+01
order= 4 nref= 1 baseN(quad=False)=39 | ndofs=  251163 | rel_resid[ 8]=5.28e-12 | overall_time(s)=7.148e+00 warm_time(s)=1.736e+00
order= 4 nref= 2 baseN(quad=False)=39 | ndofs= 1001211 | rel_resid[ 8]=3.59e-12 | overall_time(s)=2.566e+01 warm_time(s)=6.808e+00
order= 4 nref= 3 baseN(quad=False)=39 | ndofs= 3997971 | rel_resid[ 8]=1.93e-12 | overall_time(s)=5.349e+02 warm_time(s)=2.595e+01
order= 5 nref= 1 baseN(quad=False)=31 | ndofs=  255443 | rel_resid[ 9]=7.09e-12 | overall_time(s)=6.912e+00 warm_time(s)=1.724e+00
order= 5 nref= 2 baseN(quad=False)=31 | ndofs= 1018291 | rel_resid[ 9]=4.50e-12 | overall_time(s)=2.394e+01 warm_time(s)=7.085e+00
order= 5 nref= 3 baseN(quad=False)=31 | ndofs= 4066211 | rel_resid[ 9]=4.59e-12 | overall_time(s)=3.794e+02 warm_time(s)=2.608e+01
order= 6 nref= 1 baseN(quad=False)=26 | ndofs=  264059 | rel_resid[ 8]=4.03e-12 | overall_time(s)=1.002e+01 warm_time(s)=2.291e+00
order= 6 nref= 2 baseN(quad=False)=26 | ndofs= 1052691 | rel_resid[ 8]=2.20e-12 | overall_time(s)=3.074e+01 warm_time(s)=8.319e+00
order= 6 nref= 3 baseN(quad=False)=26 | ndofs= 4203683 | rel_resid[ 8]=1.63e-12 | overall_time(s)=4.043e+02 warm_time(s)=3.147e+01
order= 7 nref= 1 baseN(quad=False)=22 | ndofs=  261187 | rel_resid[ 9]=1.66e-12 | overall_time(s)=1.150e+01 warm_time(s)=2.887e+00
order= 7 nref= 2 baseN(quad=False)=22 | ndofs= 1041219 | rel_resid[ 9]=9.70e-13 | overall_time(s)=3.245e+01 warm_time(s)=9.577e+00
order= 7 nref= 3 baseN(quad=False)=22 | ndofs= 4157827 | rel_resid[ 9]=8.77e-13 | overall_time(s)=2.764e+02 warm_time(s)=3.669e+01
order= 8 nref= 1 baseN(quad=False)=20 | ndofs=  285043 | rel_resid[ 9]=3.52e-12 | overall_time(s)=1.238e+01 warm_time(s)=3.101e+00
order= 8 nref= 2 baseN(quad=False)=20 | ndofs= 1136483 | rel_resid[ 9]=1.70e-12 | overall_time(s)=4.963e+01 warm_time(s)=1.159e+01
order= 8 nref= 3 baseN(quad=False)=20 | ndofs= 4538563 | rel_resid[ 9]=1.08e-12 | overall_time(s)=3.430e+02 warm_time(s)=4.621e+01
order= 9 nref= 1 baseN(quad=False)=18 | ndofs=  294771 | rel_resid[ 9]=2.64e-12 | overall_time(s)=1.490e+01 warm_time(s)=3.871e+00
order= 9 nref= 2 baseN(quad=False)=18 | ndofs= 1175331 | rel_resid[ 9]=1.94e-12 | overall_time(s)=5.439e+01 warm_time(s)=1.337e+01
order= 9 nref= 3 baseN(quad=False)=18 | ndofs= 4693827 | rel_resid[ 9]=1.56e-12 | overall_time(s)=3.249e+02 warm_time(s)=5.136e+01
order=10 nref= 1 baseN(quad=False)=16 | ndofs=  289603 | rel_resid[ 9]=5.38e-12 | overall_time(s)=1.725e+01 warm_time(s)=3.935e+00
order=10 nref= 2 baseN(quad=False)=16 | ndofs= 1154691 | rel_resid[ 9]=3.84e-12 | overall_time(s)=5.705e+01 warm_time(s)=1.439e+01
order=10 nref= 3 baseN(quad=False)=16 | ndofs= 4611331 | rel_resid[ 9]=2.58e-12 | overall_time(s)=2.875e+02 warm_time(s)=5.578e+01
Overall run-time: 1h 11min 38s
