order= 3 nref= 1 baseN(quad=False)=8 | ndofs=  154151 | rel_resid[12]=4.99e-12 | overall_time(s)=1.074e+01 warm_time(s)=2.904e+00
order= 3 nref= 2 baseN(quad=False)=8 | ndofs=  613219 | rel_resid[12]=1.62e-12 | overall_time(s)=3.492e+01 warm_time(s)=1.257e+01
order= 3 nref= 3 baseN(quad=False)=8 | ndofs= 2446115 | rel_resid[11]=6.93e-12 | overall_time(s)=3.909e+02 warm_time(s)=4.558e+01
order= 4 nref= 1 baseN(quad=False)=7 | ndofs=  149931 | rel_resid[11]=1.79e-12 | overall_time(s)=6.254e+00 warm_time(s)=1.825e+00
order= 4 nref= 2 baseN(quad=False)=7 | ndofs=  596371 | rel_resid[11]=1.78e-12 | overall_time(s)=2.036e+01 warm_time(s)=7.077e+00
order= 4 nref= 3 baseN(quad=False)=7 | ndofs= 2378787 | rel_resid[10]=6.81e-12 | overall_time(s)=8.106e+01 warm_time(s)=2.496e+01
order= 5 nref= 1 baseN(quad=False)=6 | ndofs=  126533 | rel_resid[12]=1.54e-12 | overall_time(s)=5.280e+00 warm_time(s)=1.432e+00
order= 5 nref= 2 baseN(quad=False)=6 | ndofs=  503071 | rel_resid[12]=3.72e-12 | overall_time(s)=1.572e+01 warm_time(s)=5.454e+00
order= 5 nref= 3 baseN(quad=False)=6 | ndofs= 2006171 | rel_resid[12]=3.46e-12 | overall_time(s)=6.240e+01 warm_time(s)=2.072e+01
order= 6 nref= 1 baseN(quad=False)=6 | ndofs=  185574 | rel_resid[10]=2.66e-12 | overall_time(s)=8.362e+00 warm_time(s)=1.798e+00
order= 6 nref= 2 baseN(quad=False)=6 | ndofs=  738581 | rel_resid[10]=1.06e-12 | overall_time(s)=2.321e+01 warm_time(s)=6.960e+00
order= 6 nref= 3 baseN(quad=False)=6 | ndofs= 2946903 | rel_resid[10]=8.68e-13 | overall_time(s)=9.488e+01 warm_time(s)=2.578e+01
order= 7 nref= 1 baseN(quad=False)=5 | ndofs=  137747 | rel_resid[11]=2.39e-12 | overall_time(s)=6.849e+00 warm_time(s)=1.446e+00
order= 7 nref= 2 baseN(quad=False)=5 | ndofs=  547779 | rel_resid[11]=1.15e-12 | overall_time(s)=1.835e+01 warm_time(s)=5.373e+00
order= 7 nref= 3 baseN(quad=False)=5 | ndofs= 2184707 | rel_resid[11]=7.48e-13 | overall_time(s)=1.032e+02 warm_time(s)=2.003e+01
order= 8 nref= 1 baseN(quad=False)=4 | ndofs=   99749 | rel_resid[10]=7.09e-12 | overall_time(s)=5.388e+00 warm_time(s)=1.121e+00
order= 8 nref= 2 baseN(quad=False)=4 | ndofs=  396319 | rel_resid[10]=2.84e-12 | overall_time(s)=1.467e+01 warm_time(s)=3.765e+00
order= 8 nref= 3 baseN(quad=False)=4 | ndofs= 1579931 | rel_resid[10]=2.21e-12 | overall_time(s)=5.421e+01 warm_time(s)=1.436e+01
order= 9 nref= 1 baseN(quad=False)=3 | ndofs=   65279 | rel_resid[11]=8.68e-12 | overall_time(s)=4.714e+00 warm_time(s)=9.599e-01
order= 9 nref= 2 baseN(quad=False)=3 | ndofs=  258923 | rel_resid[13]=5.71e-12 | overall_time(s)=1.211e+01 warm_time(s)=3.399e+00
order= 9 nref= 3 baseN(quad=False)=3 | ndofs= 1031315 | rel_resid[14]=1.84e-12 | overall_time(s)=4.600e+01 warm_time(s)=1.368e+01
order=10 nref= 1 baseN(quad=False)=3 | ndofs=   81025 | rel_resid[12]=8.78e-12 | overall_time(s)=6.295e+00 warm_time(s)=1.370e+00
order=10 nref= 2 baseN(quad=False)=3 | ndofs=  321655 | rel_resid[13]=1.13e-12 | overall_time(s)=1.712e+01 warm_time(s)=4.388e+00
order=10 nref= 3 baseN(quad=False)=3 | ndofs= 1281739 | rel_resid[11]=4.30e-12 | overall_time(s)=5.389e+01 warm_time(s)=1.407e+01
Overall run-time: 0h 20min 34s
