order= 3 nref= 1 baseN(quad=False)=6 | ndofs=  171116 | rel_resid[31]=8.73e-12 | overall_time(s)=8.435e+00 warm_time(s)=2.621e+00
order= 3 nref= 2 baseN(quad=False)=6 | ndofs=  683150 | rel_resid[30]=9.52e-12 | overall_time(s)=2.840e+01 warm_time(s)=1.113e+01
order= 3 nref= 3 baseN(quad=False)=6 | ndofs= 2729978 | rel_resid[30]=7.32e-12 | overall_time(s)=1.175e+02 warm_time(s)=4.651e+01
order= 4 nref= 1 baseN(quad=False)=6 | ndofs=  296338 | rel_resid[29]=6.64e-12 | overall_time(s)=1.033e+01 warm_time(s)=3.723e+00
order= 4 nref= 2 baseN(quad=False)=6 | ndofs= 1183602 | rel_resid[29]=5.72e-12 | overall_time(s)=3.941e+01 warm_time(s)=1.558e+01
order= 4 nref= 3 baseN(quad=False)=6 | ndofs= 4730914 | rel_resid[28]=7.51e-12 | overall_time(s)=1.453e+02 warm_time(s)=5.774e+01
order= 5 nref= 1 baseN(quad=False)=5 | ndofs=  244642 | rel_resid[29]=5.42e-12 | overall_time(s)=8.272e+00 warm_time(s)=2.959e+00
order= 5 nref= 2 baseN(quad=False)=5 | ndofs=  976962 | rel_resid[28]=8.40e-12 | overall_time(s)=2.900e+01 warm_time(s)=1.162e+01
order= 5 nref= 3 baseN(quad=False)=5 | ndofs= 3904642 | rel_resid[28]=6.04e-12 | overall_time(s)=1.167e+02 warm_time(s)=4.629e+01
order= 6 nref= 1 baseN(quad=False)=4 | ndofs=  190850 | rel_resid[29]=5.47e-12 | overall_time(s)=8.197e+00 warm_time(s)=2.763e+00
order= 6 nref= 2 baseN(quad=False)=4 | ndofs=  762002 | rel_resid[29]=4.68e-12 | overall_time(s)=2.514e+01 warm_time(s)=1.007e+01
order= 6 nref= 3 baseN(quad=False)=4 | ndofs= 3045218 | rel_resid[29]=3.66e-12 | overall_time(s)=1.011e+02 warm_time(s)=3.970e+01
order= 7 nref= 1 baseN(quad=False)=4 | ndofs=  257686 | rel_resid[29]=4.61e-12 | overall_time(s)=1.091e+01 warm_time(s)=4.096e+00
order= 7 nref= 2 baseN(quad=False)=4 | ndofs= 1029114 | rel_resid[29]=3.52e-12 | overall_time(s)=3.990e+01 warm_time(s)=1.590e+01
order= 7 nref= 3 baseN(quad=False)=4 | ndofs= 4113202 | rel_resid[28]=9.52e-12 | overall_time(s)=1.415e+02 warm_time(s)=5.643e+01
order= 8 nref= 1 baseN(quad=False)=4 | ndofs=  334530 | rel_resid[28]=9.68e-12 | overall_time(s)=1.722e+01 warm_time(s)=5.863e+00
order= 8 nref= 2 baseN(quad=False)=4 | ndofs= 1336258 | rel_resid[29]=2.94e-12 | overall_time(s)=5.977e+01 warm_time(s)=2.321e+01
order= 8 nref= 3 baseN(quad=False)=4 | ndofs= 5341314 | rel_resid[28]=7.64e-12 | overall_time(s)=2.117e+02 warm_time(s)=8.476e+01
order= 9 nref= 1 baseN(quad=False)=3 | ndofs=  215462 | rel_resid[28]=4.89e-12 | overall_time(s)=1.278e+01 warm_time(s)=4.685e+00
order= 9 nref= 2 baseN(quad=False)=3 | ndofs=  860330 | rel_resid[28]=4.90e-12 | overall_time(s)=4.454e+01 warm_time(s)=1.704e+01
order= 9 nref= 3 baseN(quad=False)=3 | ndofs= 3438290 | rel_resid[28]=3.54e-12 | overall_time(s)=1.624e+02 warm_time(s)=6.465e+01
order=10 nref= 1 baseN(quad=False)=3 | ndofs=  264962 | rel_resid[28]=4.16e-12 | overall_time(s)=1.702e+01 warm_time(s)=6.356e+00
order=10 nref= 2 baseN(quad=False)=3 | ndofs= 1058162 | rel_resid[28]=3.79e-12 | overall_time(s)=6.332e+01 warm_time(s)=2.427e+01
order=10 nref= 3 baseN(quad=False)=3 | ndofs= 4229282 | rel_resid[27]=8.68e-12 | overall_time(s)=2.175e+02 warm_time(s)=8.537e+01
Overall run-time: 0h 29min 15s
