Taylor Hood Problem has been set up
Setting up the solver..
{'ksp_atol': 1e-15,
 'ksp_error_if_not_converged': False,
 'ksp_max_it': 80,
 'ksp_monitor': None,
 'ksp_rtol': 1e-11,
 'ksp_type': 'fgmres',
 'mat_type': 'aij',
 'mg_coarse': {'assembled': {'pc_factor_mat_solver_type': 'mumps',
                             'pc_type': 'lu'},
               'ksp_type': 'preonly',
               'mat_type': 'aij',
               'pc_python_type': 'firedrake.AssembledPC',
               'pc_type': 'python'},
 'mg_levels': {'ksp_chebyshev_esteig': '0,0.125,0,1.1',
               'ksp_convergence_test': 'skip',
               'ksp_max_it': 3,
               'ksp_type': 'chebyshev',
               'pc_python_type': 'phmg.preconditioners.rlx_params.ASMVankaStarPC',
               'pc_type': 'python',
               'pc_vankastar_construct_dim': 0,
               'pc_vankastar_exclude_subspaces': '1',
               'pc_vankastar_sub_sub_pc_factor_shift_type': 'nonzero'},
 'pc_mg_multiplicative_cycles': 1,
 'pc_type': 'mg',
 'petscpartitioner_type': 'parmetis',
 'snes_atol': 1e-10,
 'snes_convergence_test': 'skip',
 'snes_lag_jacobian': -2,
 'snes_lag_preconditioner': -2,
 'snes_max_it': 1,
 'snes_rtol': 1e-10,
 'snes_stol': 1e-10,
 'snes_type': 'ksponly'}
Warm-up run complete.
Warm run complete.
order= 6 nref= 2 baseN(quad=False)=8 | ndofs=25740452 | rel_resid[14]=9.20e-12 | overall_time(s)=5.572e+02 warm_time(s)=1.310e+02
