order= 3 nref= 1 baseN(quad=False)=6 | ndofs=  171116 | rel_resid[28]=6.38e-12 | overall_time(s)=9.679e+00 warm_time(s)=3.005e+00
order= 3 nref= 2 baseN(quad=False)=6 | ndofs=  683150 | rel_resid[27]=7.40e-12 | overall_time(s)=3.079e+01 warm_time(s)=1.218e+01
order= 3 nref= 3 baseN(quad=False)=6 | ndofs= 2729978 | rel_resid[26]=8.01e-12 | overall_time(s)=1.214e+02 warm_time(s)=4.969e+01
order= 4 nref= 1 baseN(quad=False)=6 | ndofs=  296338 | rel_resid[26]=7.14e-12 | overall_time(s)=1.132e+01 warm_time(s)=4.045e+00
order= 4 nref= 2 baseN(quad=False)=6 | ndofs= 1183602 | rel_resid[26]=4.24e-12 | overall_time(s)=4.342e+01 warm_time(s)=1.753e+01
order= 4 nref= 3 baseN(quad=False)=6 | ndofs= 4730914 | rel_resid[25]=7.45e-12 | overall_time(s)=1.572e+02 warm_time(s)=6.477e+01
order= 5 nref= 1 baseN(quad=False)=5 | ndofs=  244642 | rel_resid[26]=5.52e-12 | overall_time(s)=9.330e+00 warm_time(s)=3.428e+00
order= 5 nref= 2 baseN(quad=False)=5 | ndofs=  976962 | rel_resid[25]=8.56e-12 | overall_time(s)=3.178e+01 warm_time(s)=1.295e+01
order= 5 nref= 3 baseN(quad=False)=5 | ndofs= 3904642 | rel_resid[25]=7.10e-12 | overall_time(s)=1.292e+02 warm_time(s)=5.213e+01
order= 6 nref= 1 baseN(quad=False)=4 | ndofs=  190850 | rel_resid[26]=6.68e-12 | overall_time(s)=9.168e+00 warm_time(s)=3.142e+00
order= 6 nref= 2 baseN(quad=False)=4 | ndofs=  762002 | rel_resid[26]=3.59e-12 | overall_time(s)=2.849e+01 warm_time(s)=1.178e+01
order= 6 nref= 3 baseN(quad=False)=4 | ndofs= 3045218 | rel_resid[25]=7.97e-12 | overall_time(s)=1.088e+02 warm_time(s)=4.410e+01
order= 7 nref= 1 baseN(quad=False)=4 | ndofs=  257686 | rel_resid[25]=9.61e-12 | overall_time(s)=1.243e+01 warm_time(s)=4.583e+00
order= 7 nref= 2 baseN(quad=False)=4 | ndofs= 1029114 | rel_resid[25]=9.12e-12 | overall_time(s)=4.352e+01 warm_time(s)=1.776e+01
order= 7 nref= 3 baseN(quad=False)=4 | ndofs= 4113202 | rel_resid[25]=7.07e-12 | overall_time(s)=1.668e+02 warm_time(s)=6.807e+01
order= 8 nref= 1 baseN(quad=False)=4 | ndofs=  334530 | rel_resid[25]=7.05e-12 | overall_time(s)=1.786e+01 warm_time(s)=6.788e+00
order= 8 nref= 2 baseN(quad=False)=4 | ndofs= 1336258 | rel_resid[25]=7.43e-12 | overall_time(s)=6.600e+01 warm_time(s)=2.660e+01
order= 8 nref= 3 baseN(quad=False)=4 | ndofs= 5341314 | rel_resid[25]=6.48e-12 | overall_time(s)=2.477e+02 warm_time(s)=1.008e+02
order= 9 nref= 1 baseN(quad=False)=3 | ndofs=  215462 | rel_resid[25]=5.90e-12 | overall_time(s)=1.412e+01 warm_time(s)=5.315e+00
order= 9 nref= 2 baseN(quad=False)=3 | ndofs=  860330 | rel_resid[25]=5.11e-12 | overall_time(s)=5.242e+01 warm_time(s)=1.998e+01
order= 9 nref= 3 baseN(quad=False)=3 | ndofs= 3438290 | rel_resid[24]=9.00e-12 | overall_time(s)=1.857e+02 warm_time(s)=7.484e+01
order=10 nref= 1 baseN(quad=False)=3 | ndofs=  264962 | rel_resid[25]=4.41e-12 | overall_time(s)=1.960e+01 warm_time(s)=7.568e+00
order=10 nref= 2 baseN(quad=False)=3 | ndofs= 1058162 | rel_resid[24]=8.40e-12 | overall_time(s)=7.017e+01 warm_time(s)=2.759e+01
order=10 nref= 3 baseN(quad=False)=3 | ndofs= 4229282 | rel_resid[24]=7.67e-12 | overall_time(s)=2.567e+02 warm_time(s)=1.040e+02
Overall run-time: 0h 32min 41s
