order= 2 nref= 1 baseN(quad=False)=80 | ndofs=  269442 | rel_resid[11]=8.04e-12 | overall_time(s)=1.644e+01 warm_time(s)=4.698e+00
order= 2 nref= 2 baseN(quad=False)=80 | ndofs= 1076482 | rel_resid[11]=5.63e-12 | overall_time(s)=7.125e+01 warm_time(s)=1.989e+01
order= 2 nref= 3 baseN(quad=False)=80 | ndofs= 4303362 | rel_resid[11]=4.27e-12 | overall_time(s)=2.476e+03 warm_time(s)=8.155e+01
order= 3 nref= 1 baseN(quad=False)=52 | ndofs=  243986 | rel_resid[ 9]=8.15e-12 | overall_time(s)=1.001e+01 warm_time(s)=2.230e+00
order= 3 nref= 2 baseN(quad=False)=52 | ndofs=  974690 | rel_resid[ 9]=3.81e-12 | overall_time(s)=3.057e+01 warm_time(s)=8.495e+00
order= 3 nref= 3 baseN(quad=False)=52 | ndofs= 3896258 | rel_resid[ 9]=3.86e-12 | overall_time(s)=8.564e+02 warm_time(s)=3.354e+01
order= 4 nref= 1 baseN(quad=False)=40 | ndofs=  250242 | rel_resid[11]=7.66e-12 | overall_time(s)=7.966e+00 warm_time(s)=2.291e+00
order= 4 nref= 2 baseN(quad=False)=40 | ndofs=  999682 | rel_resid[11]=4.04e-12 | overall_time(s)=2.749e+01 warm_time(s)=8.592e+00
order= 4 nref= 3 baseN(quad=False)=40 | ndofs= 3996162 | rel_resid[11]=2.83e-12 | overall_time(s)=4.524e+02 warm_time(s)=3.392e+01
order= 5 nref= 1 baseN(quad=False)=32 | ndofs=  246402 | rel_resid[13]=8.18e-12 | overall_time(s)=7.930e+00 warm_time(s)=2.387e+00
order= 5 nref= 2 baseN(quad=False)=32 | ndofs=  984322 | rel_resid[13]=3.74e-12 | overall_time(s)=2.860e+01 warm_time(s)=9.590e+00
order= 5 nref= 3 baseN(quad=False)=32 | ndofs= 3934722 | rel_resid[13]=2.60e-12 | overall_time(s)=3.423e+02 warm_time(s)=3.709e+01
order= 6 nref= 1 baseN(quad=False)=26 | ndofs=  231818 | rel_resid[14]=9.93e-12 | overall_time(s)=8.242e+00 warm_time(s)=2.517e+00
order= 6 nref= 2 baseN(quad=False)=26 | ndofs=  926018 | rel_resid[14]=4.31e-12 | overall_time(s)=2.837e+01 warm_time(s)=9.782e+00
order= 6 nref= 3 baseN(quad=False)=26 | ndofs= 3701570 | rel_resid[14]=2.62e-12 | overall_time(s)=2.540e+02 warm_time(s)=3.729e+01
order= 7 nref= 1 baseN(quad=False)=22 | ndofs=  224226 | rel_resid[16]=5.93e-12 | overall_time(s)=1.155e+01 warm_time(s)=3.480e+00
order= 7 nref= 2 baseN(quad=False)=22 | ndofs=  895666 | rel_resid[16]=3.12e-12 | overall_time(s)=3.270e+01 warm_time(s)=1.174e+01
order= 7 nref= 3 baseN(quad=False)=22 | ndofs= 3580194 | rel_resid[15]=5.09e-12 | overall_time(s)=2.208e+02 warm_time(s)=4.332e+01
order= 8 nref= 1 baseN(quad=False)=20 | ndofs=  240642 | rel_resid[17]=6.05e-12 | overall_time(s)=1.288e+01 warm_time(s)=4.195e+00
order= 8 nref= 2 baseN(quad=False)=20 | ndofs=  961282 | rel_resid[17]=3.54e-12 | overall_time(s)=4.236e+01 warm_time(s)=1.511e+01
order= 8 nref= 3 baseN(quad=False)=20 | ndofs= 3842562 | rel_resid[16]=5.93e-12 | overall_time(s)=2.437e+02 warm_time(s)=5.466e+01
order= 9 nref= 1 baseN(quad=False)=16 | ndofs=  194114 | rel_resid[19]=3.52e-12 | overall_time(s)=1.310e+01 warm_time(s)=4.258e+00
order= 9 nref= 2 baseN(quad=False)=16 | ndofs=  775298 | rel_resid[18]=7.02e-12 | overall_time(s)=4.109e+01 warm_time(s)=1.488e+01
order= 9 nref= 3 baseN(quad=False)=16 | ndofs= 3098882 | rel_resid[17]=9.96e-12 | overall_time(s)=2.034e+02 warm_time(s)=5.453e+01
order=10 nref= 1 baseN(quad=False)=16 | ndofs=  238722 | rel_resid[19]=8.20e-12 | overall_time(s)=1.805e+01 warm_time(s)=5.898e+00
order=10 nref= 2 baseN(quad=False)=16 | ndofs=  953602 | rel_resid[19]=5.50e-12 | overall_time(s)=6.062e+01 warm_time(s)=2.177e+01
order=10 nref= 3 baseN(quad=False)=16 | ndofs= 3811842 | rel_resid[18]=8.13e-12 | overall_time(s)=2.797e+02 warm_time(s)=7.841e+01
Overall run-time: 1h 40min 40s
