Scott Vogelius Problem has been set up
Setting up the solver..
{'ksp_atol': 1e-15,
 'ksp_error_if_not_converged': False,
 'ksp_max_it': 80,
 'ksp_rtol': 1e-11,
 'ksp_type': 'fgmres',
 'ksp_view': None,
 'mat_type': 'aij',
 'pc_python_type': 'phmg.Direct_Coarsening_SVk_TH2',
 'pc_type': 'python',
 'petscpartitioner_parmetis_debug': 'true',
 'petscpartitioner_type': 'parmetis',
 'pmg': {'mg_levels': {'ksp_chebyshev_esteig': '0,0.25,0,1.1',
                       'ksp_convergence_test': 'skip',
                       'ksp_max_it': 3,
                       'ksp_type': 'chebyshev',
                       'pc_python_type': 'phmg.preconditioners.rlx_params.ASMVankaStarPC',
                       'pc_type': 'python',
                       'pc_vankastar_construct_dim': 0,
                       'pc_vankastar_exclude_subspaces': '1',
                       'pc_vankastar_sub_sub_pc_factor_shift_type': 'nonzero'},
         'pc_mg_type': 'multiplicative'},
 'pmg_mg_coarse': {'ksp_convergence_test': 'skip',
                   'ksp_norm': 'none',
                   'ksp_type': 'preonly',
                   'mg_coarse': {'ksp_type': 'preonly',
                                 'pc_factor_mat_solver_type': 'mumps',
                                 'pc_type': 'lu'},
                   'mg_levels': {'ksp_chebyshev_esteig': '0,0.25,0,1.1',
                                 'ksp_convergence_test': 'skip',
                                 'ksp_max_it': 2,
                                 'ksp_type': 'chebyshev',
                                 'pc_python_type': 'phmg.preconditioners.rlx_params.ASMVankaStarPC',
                                 'pc_type': 'python',
                                 'pc_vankastar_construct_dim': 0,
                                 'pc_vankastar_exclude_subspaces': '1',
                                 'pc_vankastar_sub_sub_pc_factor_shift_type': 'nonzero'},
                   'pc_mg_multiplicative_cycles': 2,
                   'pc_type': 'mg'},
 'snes_atol': 1e-10,
 'snes_convergence_test': 'skip',
 'snes_lag_jacobian': -2,
 'snes_lag_preconditioner': -2,
 'snes_max_it': 1,
 'snes_rtol': 1e-10,
 'snes_stol': 1e-10,
 'snes_type': 'ksponly'}
Warm-up run complete.
Warm run complete.
order= 2 nref= 1 baseN(quad=False)=80 | ndofs=  269442 | rel_resid[11]=8.04e-12 | overall_time(s)=1.644e+01 warm_time(s)=4.698e+00
Scott Vogelius Problem has been set up
Setting up the solver..
{'ksp_atol': 1e-15,
 'ksp_error_if_not_converged': False,
 'ksp_max_it': 80,
 'ksp_rtol': 1e-11,
 'ksp_type': 'fgmres',
 'ksp_view': None,
 'mat_type': 'aij',
 'pc_python_type': 'phmg.Direct_Coarsening_SVk_TH2',
 'pc_type': 'python',
 'petscpartitioner_parmetis_debug': 'true',
 'petscpartitioner_type': 'parmetis',
 'pmg': {'mg_levels': {'ksp_chebyshev_esteig': '0,0.25,0,1.1',
                       'ksp_convergence_test': 'skip',
                       'ksp_max_it': 3,
                       'ksp_type': 'chebyshev',
                       'pc_python_type': 'phmg.preconditioners.rlx_params.ASMVankaStarPC',
                       'pc_type': 'python',
                       'pc_vankastar_construct_dim': 0,
                       'pc_vankastar_exclude_subspaces': '1',
                       'pc_vankastar_sub_sub_pc_factor_shift_type': 'nonzero'},
         'pc_mg_type': 'multiplicative'},
 'pmg_mg_coarse': {'ksp_convergence_test': 'skip',
                   'ksp_norm': 'none',
                   'ksp_type': 'preonly',
                   'mg_coarse': {'ksp_type': 'preonly',
                                 'pc_factor_mat_solver_type': 'mumps',
                                 'pc_type': 'lu'},
                   'mg_levels': {'ksp_chebyshev_esteig': '0,0.25,0,1.1',
                                 'ksp_convergence_test': 'skip',
                                 'ksp_max_it': 2,
                                 'ksp_type': 'chebyshev',
                                 'pc_python_type': 'phmg.preconditioners.rlx_params.ASMVankaStarPC',
                                 'pc_type': 'python',
                                 'pc_vankastar_construct_dim': 0,
                                 'pc_vankastar_exclude_subspaces': '1',
                                 'pc_vankastar_sub_sub_pc_factor_shift_type': 'nonzero'},
                   'pc_mg_multiplicative_cycles': 2,
                   'pc_type': 'mg'},
 'snes_atol': 1e-10,
 'snes_convergence_test': 'skip',
 'snes_lag_jacobian': -2,
 'snes_lag_preconditioner': -2,
 'snes_max_it': 1,
 'snes_rtol': 1e-10,
 'snes_stol': 1e-10,
 'snes_type': 'ksponly'}
Warm-up run complete.
Warm run complete.
order= 2 nref= 2 baseN(quad=False)=80 | ndofs= 1076482 | rel_resid[11]=5.63e-12 | overall_time(s)=7.125e+01 warm_time(s)=1.989e+01
Scott Vogelius Problem has been set up
Setting up the solver..
{'ksp_atol': 1e-15,
 'ksp_error_if_not_converged': False,
 'ksp_max_it': 80,
 'ksp_rtol': 1e-11,
 'ksp_type': 'fgmres',
 'ksp_view': None,
 'mat_type': 'aij',
 'pc_python_type': 'phmg.Direct_Coarsening_SVk_TH2',
 'pc_type': 'python',
 'petscpartitioner_parmetis_debug': 'true',
 'petscpartitioner_type': 'parmetis',
 'pmg': {'mg_levels': {'ksp_chebyshev_esteig': '0,0.25,0,1.1',
                       'ksp_convergence_test': 'skip',
                       'ksp_max_it': 3,
                       'ksp_type': 'chebyshev',
                       'pc_python_type': 'phmg.preconditioners.rlx_params.ASMVankaStarPC',
                       'pc_type': 'python',
                       'pc_vankastar_construct_dim': 0,
                       'pc_vankastar_exclude_subspaces': '1',
                       'pc_vankastar_sub_sub_pc_factor_shift_type': 'nonzero'},
         'pc_mg_type': 'multiplicative'},
 'pmg_mg_coarse': {'ksp_convergence_test': 'skip',
                   'ksp_norm': 'none',
                   'ksp_type': 'preonly',
                   'mg_coarse': {'ksp_type': 'preonly',
                                 'pc_factor_mat_solver_type': 'mumps',
                                 'pc_type': 'lu'},
                   'mg_levels': {'ksp_chebyshev_esteig': '0,0.25,0,1.1',
                                 'ksp_convergence_test': 'skip',
                                 'ksp_max_it': 2,
                                 'ksp_type': 'chebyshev',
                                 'pc_python_type': 'phmg.preconditioners.rlx_params.ASMVankaStarPC',
                                 'pc_type': 'python',
                                 'pc_vankastar_construct_dim': 0,
                                 'pc_vankastar_exclude_subspaces': '1',
                                 'pc_vankastar_sub_sub_pc_factor_shift_type': 'nonzero'},
                   'pc_mg_multiplicative_cycles': 2,
                   'pc_type': 'mg'},
 'snes_atol': 1e-10,
 'snes_convergence_test': 'skip',
 'snes_lag_jacobian': -2,
 'snes_lag_preconditioner': -2,
 'snes_max_it': 1,
 'snes_rtol': 1e-10,
 'snes_stol': 1e-10,
 'snes_type': 'ksponly'}
Warm-up run complete.
Warm run complete.
order= 2 nref= 3 baseN(quad=False)=80 | ndofs= 4303362 | rel_resid[11]=4.27e-12 | overall_time(s)=2.476e+03 warm_time(s)=8.155e+01
Scott Vogelius Problem has been set up
Setting up the solver..
{'ksp_atol': 1e-15,
 'ksp_error_if_not_converged': False,
 'ksp_max_it': 80,
 'ksp_rtol': 1e-11,
 'ksp_type': 'fgmres',
 'ksp_view': None,
 'mat_type': 'aij',
 'pc_python_type': 'phmg.Direct_Coarsening_SVk_TH2',
 'pc_type': 'python',
 'petscpartitioner_parmetis_debug': 'true',
 'petscpartitioner_type': 'parmetis',
 'pmg': {'mg_levels': {'ksp_chebyshev_esteig': '0,0.25,0,1.1',
                       'ksp_convergence_test': 'skip',
                       'ksp_max_it': 3,
                       'ksp_type': 'chebyshev',
                       'pc_python_type': 'phmg.preconditioners.rlx_params.ASMVankaStarPC',
                       'pc_type': 'python',
                       'pc_vankastar_construct_dim': 0,
                       'pc_vankastar_exclude_subspaces': '1',
                       'pc_vankastar_sub_sub_pc_factor_shift_type': 'nonzero'},
         'pc_mg_type': 'multiplicative'},
 'pmg_mg_coarse': {'ksp_convergence_test': 'skip',
                   'ksp_norm': 'none',
                   'ksp_type': 'preonly',
                   'mg_coarse': {'ksp_type': 'preonly',
                                 'pc_factor_mat_solver_type': 'mumps',
                                 'pc_type': 'lu'},
                   'mg_levels': {'ksp_chebyshev_esteig': '0,0.25,0,1.1',
                                 'ksp_convergence_test': 'skip',
                                 'ksp_max_it': 2,
                                 'ksp_type': 'chebyshev',
                                 'pc_python_type': 'phmg.preconditioners.rlx_params.ASMVankaStarPC',
                                 'pc_type': 'python',
                                 'pc_vankastar_construct_dim': 0,
                                 'pc_vankastar_exclude_subspaces': '1',
                                 'pc_vankastar_sub_sub_pc_factor_shift_type': 'nonzero'},
                   'pc_mg_multiplicative_cycles': 2,
                   'pc_type': 'mg'},
 'snes_atol': 1e-10,
 'snes_convergence_test': 'skip',
 'snes_lag_jacobian': -2,
 'snes_lag_preconditioner': -2,
 'snes_max_it': 1,
 'snes_rtol': 1e-10,
 'snes_stol': 1e-10,
 'snes_type': 'ksponly'}
Warm-up run complete.
Warm run complete.
order= 3 nref= 1 baseN(quad=False)=52 | ndofs=  243986 | rel_resid[ 9]=8.15e-12 | overall_time(s)=1.001e+01 warm_time(s)=2.230e+00
Scott Vogelius Problem has been set up
Setting up the solver..
{'ksp_atol': 1e-15,
 'ksp_error_if_not_converged': False,
 'ksp_max_it': 80,
 'ksp_rtol': 1e-11,
 'ksp_type': 'fgmres',
 'ksp_view': None,
 'mat_type': 'aij',
 'pc_python_type': 'phmg.Direct_Coarsening_SVk_TH2',
 'pc_type': 'python',
 'petscpartitioner_parmetis_debug': 'true',
 'petscpartitioner_type': 'parmetis',
 'pmg': {'mg_levels': {'ksp_chebyshev_esteig': '0,0.25,0,1.1',
                       'ksp_convergence_test': 'skip',
                       'ksp_max_it': 3,
                       'ksp_type': 'chebyshev',
                       'pc_python_type': 'phmg.preconditioners.rlx_params.ASMVankaStarPC',
                       'pc_type': 'python',
                       'pc_vankastar_construct_dim': 0,
                       'pc_vankastar_exclude_subspaces': '1',
                       'pc_vankastar_sub_sub_pc_factor_shift_type': 'nonzero'},
         'pc_mg_type': 'multiplicative'},
 'pmg_mg_coarse': {'ksp_convergence_test': 'skip',
                   'ksp_norm': 'none',
                   'ksp_type': 'preonly',
                   'mg_coarse': {'ksp_type': 'preonly',
                                 'pc_factor_mat_solver_type': 'mumps',
                                 'pc_type': 'lu'},
                   'mg_levels': {'ksp_chebyshev_esteig': '0,0.25,0,1.1',
                                 'ksp_convergence_test': 'skip',
                                 'ksp_max_it': 2,
                                 'ksp_type': 'chebyshev',
                                 'pc_python_type': 'phmg.preconditioners.rlx_params.ASMVankaStarPC',
                                 'pc_type': 'python',
                                 'pc_vankastar_construct_dim': 0,
                                 'pc_vankastar_exclude_subspaces': '1',
                                 'pc_vankastar_sub_sub_pc_factor_shift_type': 'nonzero'},
                   'pc_mg_multiplicative_cycles': 2,
                   'pc_type': 'mg'},
 'snes_atol': 1e-10,
 'snes_convergence_test': 'skip',
 'snes_lag_jacobian': -2,
 'snes_lag_preconditioner': -2,
 'snes_max_it': 1,
 'snes_rtol': 1e-10,
 'snes_stol': 1e-10,
 'snes_type': 'ksponly'}
Warm-up run complete.
Warm run complete.
order= 3 nref= 2 baseN(quad=False)=52 | ndofs=  974690 | rel_resid[ 9]=3.81e-12 | overall_time(s)=3.057e+01 warm_time(s)=8.495e+00
Scott Vogelius Problem has been set up
Setting up the solver..
{'ksp_atol': 1e-15,
 'ksp_error_if_not_converged': False,
 'ksp_max_it': 80,
 'ksp_rtol': 1e-11,
 'ksp_type': 'fgmres',
 'ksp_view': None,
 'mat_type': 'aij',
 'pc_python_type': 'phmg.Direct_Coarsening_SVk_TH2',
 'pc_type': 'python',
 'petscpartitioner_parmetis_debug': 'true',
 'petscpartitioner_type': 'parmetis',
 'pmg': {'mg_levels': {'ksp_chebyshev_esteig': '0,0.25,0,1.1',
                       'ksp_convergence_test': 'skip',
                       'ksp_max_it': 3,
                       'ksp_type': 'chebyshev',
                       'pc_python_type': 'phmg.preconditioners.rlx_params.ASMVankaStarPC',
                       'pc_type': 'python',
                       'pc_vankastar_construct_dim': 0,
                       'pc_vankastar_exclude_subspaces': '1',
                       'pc_vankastar_sub_sub_pc_factor_shift_type': 'nonzero'},
         'pc_mg_type': 'multiplicative'},
 'pmg_mg_coarse': {'ksp_convergence_test': 'skip',
                   'ksp_norm': 'none',
                   'ksp_type': 'preonly',
                   'mg_coarse': {'ksp_type': 'preonly',
                                 'pc_factor_mat_solver_type': 'mumps',
                                 'pc_type': 'lu'},
                   'mg_levels': {'ksp_chebyshev_esteig': '0,0.25,0,1.1',
                                 'ksp_convergence_test': 'skip',
                                 'ksp_max_it': 2,
                                 'ksp_type': 'chebyshev',
                                 'pc_python_type': 'phmg.preconditioners.rlx_params.ASMVankaStarPC',
                                 'pc_type': 'python',
                                 'pc_vankastar_construct_dim': 0,
                                 'pc_vankastar_exclude_subspaces': '1',
                                 'pc_vankastar_sub_sub_pc_factor_shift_type': 'nonzero'},
                   'pc_mg_multiplicative_cycles': 2,
                   'pc_type': 'mg'},
 'snes_atol': 1e-10,
 'snes_convergence_test': 'skip',
 'snes_lag_jacobian': -2,
 'snes_lag_preconditioner': -2,
 'snes_max_it': 1,
 'snes_rtol': 1e-10,
 'snes_stol': 1e-10,
 'snes_type': 'ksponly'}
Warm-up run complete.
Warm run complete.
order= 3 nref= 3 baseN(quad=False)=52 | ndofs= 3896258 | rel_resid[ 9]=3.86e-12 | overall_time(s)=8.564e+02 warm_time(s)=3.354e+01
Scott Vogelius Problem has been set up
Setting up the solver..
{'ksp_atol': 1e-15,
 'ksp_error_if_not_converged': False,
 'ksp_max_it': 80,
 'ksp_rtol': 1e-11,
 'ksp_type': 'fgmres',
 'ksp_view': None,
 'mat_type': 'aij',
 'pc_python_type': 'phmg.Direct_Coarsening_SVk_TH2',
 'pc_type': 'python',
 'petscpartitioner_parmetis_debug': 'true',
 'petscpartitioner_type': 'parmetis',
 'pmg': {'mg_levels': {'ksp_chebyshev_esteig': '0,0.25,0,1.1',
                       'ksp_convergence_test': 'skip',
                       'ksp_max_it': 3,
                       'ksp_type': 'chebyshev',
                       'pc_python_type': 'phmg.preconditioners.rlx_params.ASMVankaStarPC',
                       'pc_type': 'python',
                       'pc_vankastar_construct_dim': 0,
                       'pc_vankastar_exclude_subspaces': '1',
                       'pc_vankastar_sub_sub_pc_factor_shift_type': 'nonzero'},
         'pc_mg_type': 'multiplicative'},
 'pmg_mg_coarse': {'ksp_convergence_test': 'skip',
                   'ksp_norm': 'none',
                   'ksp_type': 'preonly',
                   'mg_coarse': {'ksp_type': 'preonly',
                                 'pc_factor_mat_solver_type': 'mumps',
                                 'pc_type': 'lu'},
                   'mg_levels': {'ksp_chebyshev_esteig': '0,0.25,0,1.1',
                                 'ksp_convergence_test': 'skip',
                                 'ksp_max_it': 2,
                                 'ksp_type': 'chebyshev',
                                 'pc_python_type': 'phmg.preconditioners.rlx_params.ASMVankaStarPC',
                                 'pc_type': 'python',
                                 'pc_vankastar_construct_dim': 0,
                                 'pc_vankastar_exclude_subspaces': '1',
                                 'pc_vankastar_sub_sub_pc_factor_shift_type': 'nonzero'},
                   'pc_mg_multiplicative_cycles': 2,
                   'pc_type': 'mg'},
 'snes_atol': 1e-10,
 'snes_convergence_test': 'skip',
 'snes_lag_jacobian': -2,
 'snes_lag_preconditioner': -2,
 'snes_max_it': 1,
 'snes_rtol': 1e-10,
 'snes_stol': 1e-10,
 'snes_type': 'ksponly'}
Warm-up run complete.
Warm run complete.
order= 4 nref= 1 baseN(quad=False)=40 | ndofs=  250242 | rel_resid[11]=7.66e-12 | overall_time(s)=7.966e+00 warm_time(s)=2.291e+00
Scott Vogelius Problem has been set up
Setting up the solver..
{'ksp_atol': 1e-15,
 'ksp_error_if_not_converged': False,
 'ksp_max_it': 80,
 'ksp_rtol': 1e-11,
 'ksp_type': 'fgmres',
 'ksp_view': None,
 'mat_type': 'aij',
 'pc_python_type': 'phmg.Direct_Coarsening_SVk_TH2',
 'pc_type': 'python',
 'petscpartitioner_parmetis_debug': 'true',
 'petscpartitioner_type': 'parmetis',
 'pmg': {'mg_levels': {'ksp_chebyshev_esteig': '0,0.25,0,1.1',
                       'ksp_convergence_test': 'skip',
                       'ksp_max_it': 3,
                       'ksp_type': 'chebyshev',
                       'pc_python_type': 'phmg.preconditioners.rlx_params.ASMVankaStarPC',
                       'pc_type': 'python',
                       'pc_vankastar_construct_dim': 0,
                       'pc_vankastar_exclude_subspaces': '1',
                       'pc_vankastar_sub_sub_pc_factor_shift_type': 'nonzero'},
         'pc_mg_type': 'multiplicative'},
 'pmg_mg_coarse': {'ksp_convergence_test': 'skip',
                   'ksp_norm': 'none',
                   'ksp_type': 'preonly',
                   'mg_coarse': {'ksp_type': 'preonly',
                                 'pc_factor_mat_solver_type': 'mumps',
                                 'pc_type': 'lu'},
                   'mg_levels': {'ksp_chebyshev_esteig': '0,0.25,0,1.1',
                                 'ksp_convergence_test': 'skip',
                                 'ksp_max_it': 2,
                                 'ksp_type': 'chebyshev',
                                 'pc_python_type': 'phmg.preconditioners.rlx_params.ASMVankaStarPC',
                                 'pc_type': 'python',
                                 'pc_vankastar_construct_dim': 0,
                                 'pc_vankastar_exclude_subspaces': '1',
                                 'pc_vankastar_sub_sub_pc_factor_shift_type': 'nonzero'},
                   'pc_mg_multiplicative_cycles': 2,
                   'pc_type': 'mg'},
 'snes_atol': 1e-10,
 'snes_convergence_test': 'skip',
 'snes_lag_jacobian': -2,
 'snes_lag_preconditioner': -2,
 'snes_max_it': 1,
 'snes_rtol': 1e-10,
 'snes_stol': 1e-10,
 'snes_type': 'ksponly'}
Warm-up run complete.
Warm run complete.
order= 4 nref= 2 baseN(quad=False)=40 | ndofs=  999682 | rel_resid[11]=4.04e-12 | overall_time(s)=2.749e+01 warm_time(s)=8.592e+00
Scott Vogelius Problem has been set up
Setting up the solver..
{'ksp_atol': 1e-15,
 'ksp_error_if_not_converged': False,
 'ksp_max_it': 80,
 'ksp_rtol': 1e-11,
 'ksp_type': 'fgmres',
 'ksp_view': None,
 'mat_type': 'aij',
 'pc_python_type': 'phmg.Direct_Coarsening_SVk_TH2',
 'pc_type': 'python',
 'petscpartitioner_parmetis_debug': 'true',
 'petscpartitioner_type': 'parmetis',
 'pmg': {'mg_levels': {'ksp_chebyshev_esteig': '0,0.25,0,1.1',
                       'ksp_convergence_test': 'skip',
                       'ksp_max_it': 3,
                       'ksp_type': 'chebyshev',
                       'pc_python_type': 'phmg.preconditioners.rlx_params.ASMVankaStarPC',
                       'pc_type': 'python',
                       'pc_vankastar_construct_dim': 0,
                       'pc_vankastar_exclude_subspaces': '1',
                       'pc_vankastar_sub_sub_pc_factor_shift_type': 'nonzero'},
         'pc_mg_type': 'multiplicative'},
 'pmg_mg_coarse': {'ksp_convergence_test': 'skip',
                   'ksp_norm': 'none',
                   'ksp_type': 'preonly',
                   'mg_coarse': {'ksp_type': 'preonly',
                                 'pc_factor_mat_solver_type': 'mumps',
                                 'pc_type': 'lu'},
                   'mg_levels': {'ksp_chebyshev_esteig': '0,0.25,0,1.1',
                                 'ksp_convergence_test': 'skip',
                                 'ksp_max_it': 2,
                                 'ksp_type': 'chebyshev',
                                 'pc_python_type': 'phmg.preconditioners.rlx_params.ASMVankaStarPC',
                                 'pc_type': 'python',
                                 'pc_vankastar_construct_dim': 0,
                                 'pc_vankastar_exclude_subspaces': '1',
                                 'pc_vankastar_sub_sub_pc_factor_shift_type': 'nonzero'},
                   'pc_mg_multiplicative_cycles': 2,
                   'pc_type': 'mg'},
 'snes_atol': 1e-10,
 'snes_convergence_test': 'skip',
 'snes_lag_jacobian': -2,
 'snes_lag_preconditioner': -2,
 'snes_max_it': 1,
 'snes_rtol': 1e-10,
 'snes_stol': 1e-10,
 'snes_type': 'ksponly'}
Warm-up run complete.
Warm run complete.
order= 4 nref= 3 baseN(quad=False)=40 | ndofs= 3996162 | rel_resid[11]=2.83e-12 | overall_time(s)=4.524e+02 warm_time(s)=3.392e+01
Scott Vogelius Problem has been set up
Setting up the solver..
{'ksp_atol': 1e-15,
 'ksp_error_if_not_converged': False,
 'ksp_max_it': 80,
 'ksp_rtol': 1e-11,
 'ksp_type': 'fgmres',
 'ksp_view': None,
 'mat_type': 'aij',
 'pc_python_type': 'phmg.Direct_Coarsening_SVk_TH2',
 'pc_type': 'python',
 'petscpartitioner_parmetis_debug': 'true',
 'petscpartitioner_type': 'parmetis',
 'pmg': {'mg_levels': {'ksp_chebyshev_esteig': '0,0.25,0,1.1',
                       'ksp_convergence_test': 'skip',
                       'ksp_max_it': 3,
                       'ksp_type': 'chebyshev',
                       'pc_python_type': 'phmg.preconditioners.rlx_params.ASMVankaStarPC',
                       'pc_type': 'python',
                       'pc_vankastar_construct_dim': 0,
                       'pc_vankastar_exclude_subspaces': '1',
                       'pc_vankastar_sub_sub_pc_factor_shift_type': 'nonzero'},
         'pc_mg_type': 'multiplicative'},
 'pmg_mg_coarse': {'ksp_convergence_test': 'skip',
                   'ksp_norm': 'none',
                   'ksp_type': 'preonly',
                   'mg_coarse': {'ksp_type': 'preonly',
                                 'pc_factor_mat_solver_type': 'mumps',
                                 'pc_type': 'lu'},
                   'mg_levels': {'ksp_chebyshev_esteig': '0,0.25,0,1.1',
                                 'ksp_convergence_test': 'skip',
                                 'ksp_max_it': 2,
                                 'ksp_type': 'chebyshev',
                                 'pc_python_type': 'phmg.preconditioners.rlx_params.ASMVankaStarPC',
                                 'pc_type': 'python',
                                 'pc_vankastar_construct_dim': 0,
                                 'pc_vankastar_exclude_subspaces': '1',
                                 'pc_vankastar_sub_sub_pc_factor_shift_type': 'nonzero'},
                   'pc_mg_multiplicative_cycles': 2,
                   'pc_type': 'mg'},
 'snes_atol': 1e-10,
 'snes_convergence_test': 'skip',
 'snes_lag_jacobian': -2,
 'snes_lag_preconditioner': -2,
 'snes_max_it': 1,
 'snes_rtol': 1e-10,
 'snes_stol': 1e-10,
 'snes_type': 'ksponly'}
Warm-up run complete.
Warm run complete.
order= 5 nref= 1 baseN(quad=False)=32 | ndofs=  246402 | rel_resid[13]=8.18e-12 | overall_time(s)=7.930e+00 warm_time(s)=2.387e+00
Scott Vogelius Problem has been set up
Setting up the solver..
{'ksp_atol': 1e-15,
 'ksp_error_if_not_converged': False,
 'ksp_max_it': 80,
 'ksp_rtol': 1e-11,
 'ksp_type': 'fgmres',
 'ksp_view': None,
 'mat_type': 'aij',
 'pc_python_type': 'phmg.Direct_Coarsening_SVk_TH2',
 'pc_type': 'python',
 'petscpartitioner_parmetis_debug': 'true',
 'petscpartitioner_type': 'parmetis',
 'pmg': {'mg_levels': {'ksp_chebyshev_esteig': '0,0.25,0,1.1',
                       'ksp_convergence_test': 'skip',
                       'ksp_max_it': 3,
                       'ksp_type': 'chebyshev',
                       'pc_python_type': 'phmg.preconditioners.rlx_params.ASMVankaStarPC',
                       'pc_type': 'python',
                       'pc_vankastar_construct_dim': 0,
                       'pc_vankastar_exclude_subspaces': '1',
                       'pc_vankastar_sub_sub_pc_factor_shift_type': 'nonzero'},
         'pc_mg_type': 'multiplicative'},
 'pmg_mg_coarse': {'ksp_convergence_test': 'skip',
                   'ksp_norm': 'none',
                   'ksp_type': 'preonly',
                   'mg_coarse': {'ksp_type': 'preonly',
                                 'pc_factor_mat_solver_type': 'mumps',
                                 'pc_type': 'lu'},
                   'mg_levels': {'ksp_chebyshev_esteig': '0,0.25,0,1.1',
                                 'ksp_convergence_test': 'skip',
                                 'ksp_max_it': 2,
                                 'ksp_type': 'chebyshev',
                                 'pc_python_type': 'phmg.preconditioners.rlx_params.ASMVankaStarPC',
                                 'pc_type': 'python',
                                 'pc_vankastar_construct_dim': 0,
                                 'pc_vankastar_exclude_subspaces': '1',
                                 'pc_vankastar_sub_sub_pc_factor_shift_type': 'nonzero'},
                   'pc_mg_multiplicative_cycles': 2,
                   'pc_type': 'mg'},
 'snes_atol': 1e-10,
 'snes_convergence_test': 'skip',
 'snes_lag_jacobian': -2,
 'snes_lag_preconditioner': -2,
 'snes_max_it': 1,
 'snes_rtol': 1e-10,
 'snes_stol': 1e-10,
 'snes_type': 'ksponly'}
Warm-up run complete.
Warm run complete.
order= 5 nref= 2 baseN(quad=False)=32 | ndofs=  984322 | rel_resid[13]=3.74e-12 | overall_time(s)=2.860e+01 warm_time(s)=9.590e+00
Scott Vogelius Problem has been set up
Setting up the solver..
{'ksp_atol': 1e-15,
 'ksp_error_if_not_converged': False,
 'ksp_max_it': 80,
 'ksp_rtol': 1e-11,
 'ksp_type': 'fgmres',
 'ksp_view': None,
 'mat_type': 'aij',
 'pc_python_type': 'phmg.Direct_Coarsening_SVk_TH2',
 'pc_type': 'python',
 'petscpartitioner_parmetis_debug': 'true',
 'petscpartitioner_type': 'parmetis',
 'pmg': {'mg_levels': {'ksp_chebyshev_esteig': '0,0.25,0,1.1',
                       'ksp_convergence_test': 'skip',
                       'ksp_max_it': 3,
                       'ksp_type': 'chebyshev',
                       'pc_python_type': 'phmg.preconditioners.rlx_params.ASMVankaStarPC',
                       'pc_type': 'python',
                       'pc_vankastar_construct_dim': 0,
                       'pc_vankastar_exclude_subspaces': '1',
                       'pc_vankastar_sub_sub_pc_factor_shift_type': 'nonzero'},
         'pc_mg_type': 'multiplicative'},
 'pmg_mg_coarse': {'ksp_convergence_test': 'skip',
                   'ksp_norm': 'none',
                   'ksp_type': 'preonly',
                   'mg_coarse': {'ksp_type': 'preonly',
                                 'pc_factor_mat_solver_type': 'mumps',
                                 'pc_type': 'lu'},
                   'mg_levels': {'ksp_chebyshev_esteig': '0,0.25,0,1.1',
                                 'ksp_convergence_test': 'skip',
                                 'ksp_max_it': 2,
                                 'ksp_type': 'chebyshev',
                                 'pc_python_type': 'phmg.preconditioners.rlx_params.ASMVankaStarPC',
                                 'pc_type': 'python',
                                 'pc_vankastar_construct_dim': 0,
                                 'pc_vankastar_exclude_subspaces': '1',
                                 'pc_vankastar_sub_sub_pc_factor_shift_type': 'nonzero'},
                   'pc_mg_multiplicative_cycles': 2,
                   'pc_type': 'mg'},
 'snes_atol': 1e-10,
 'snes_convergence_test': 'skip',
 'snes_lag_jacobian': -2,
 'snes_lag_preconditioner': -2,
 'snes_max_it': 1,
 'snes_rtol': 1e-10,
 'snes_stol': 1e-10,
 'snes_type': 'ksponly'}
Warm-up run complete.
Warm run complete.
order= 5 nref= 3 baseN(quad=False)=32 | ndofs= 3934722 | rel_resid[13]=2.60e-12 | overall_time(s)=3.423e+02 warm_time(s)=3.709e+01
Scott Vogelius Problem has been set up
Setting up the solver..
{'ksp_atol': 1e-15,
 'ksp_error_if_not_converged': False,
 'ksp_max_it': 80,
 'ksp_rtol': 1e-11,
 'ksp_type': 'fgmres',
 'ksp_view': None,
 'mat_type': 'aij',
 'pc_python_type': 'phmg.Direct_Coarsening_SVk_TH2',
 'pc_type': 'python',
 'petscpartitioner_parmetis_debug': 'true',
 'petscpartitioner_type': 'parmetis',
 'pmg': {'mg_levels': {'ksp_chebyshev_esteig': '0,0.25,0,1.1',
                       'ksp_convergence_test': 'skip',
                       'ksp_max_it': 3,
                       'ksp_type': 'chebyshev',
                       'pc_python_type': 'phmg.preconditioners.rlx_params.ASMVankaStarPC',
                       'pc_type': 'python',
                       'pc_vankastar_construct_dim': 0,
                       'pc_vankastar_exclude_subspaces': '1',
                       'pc_vankastar_sub_sub_pc_factor_shift_type': 'nonzero'},
         'pc_mg_type': 'multiplicative'},
 'pmg_mg_coarse': {'ksp_convergence_test': 'skip',
                   'ksp_norm': 'none',
                   'ksp_type': 'preonly',
                   'mg_coarse': {'ksp_type': 'preonly',
                                 'pc_factor_mat_solver_type': 'mumps',
                                 'pc_type': 'lu'},
                   'mg_levels': {'ksp_chebyshev_esteig': '0,0.25,0,1.1',
                                 'ksp_convergence_test': 'skip',
                                 'ksp_max_it': 2,
                                 'ksp_type': 'chebyshev',
                                 'pc_python_type': 'phmg.preconditioners.rlx_params.ASMVankaStarPC',
                                 'pc_type': 'python',
                                 'pc_vankastar_construct_dim': 0,
                                 'pc_vankastar_exclude_subspaces': '1',
                                 'pc_vankastar_sub_sub_pc_factor_shift_type': 'nonzero'},
                   'pc_mg_multiplicative_cycles': 2,
                   'pc_type': 'mg'},
 'snes_atol': 1e-10,
 'snes_convergence_test': 'skip',
 'snes_lag_jacobian': -2,
 'snes_lag_preconditioner': -2,
 'snes_max_it': 1,
 'snes_rtol': 1e-10,
 'snes_stol': 1e-10,
 'snes_type': 'ksponly'}
Warm-up run complete.
Warm run complete.
order= 6 nref= 1 baseN(quad=False)=26 | ndofs=  231818 | rel_resid[14]=9.93e-12 | overall_time(s)=8.242e+00 warm_time(s)=2.517e+00
Scott Vogelius Problem has been set up
Setting up the solver..
{'ksp_atol': 1e-15,
 'ksp_error_if_not_converged': False,
 'ksp_max_it': 80,
 'ksp_rtol': 1e-11,
 'ksp_type': 'fgmres',
 'ksp_view': None,
 'mat_type': 'aij',
 'pc_python_type': 'phmg.Direct_Coarsening_SVk_TH2',
 'pc_type': 'python',
 'petscpartitioner_parmetis_debug': 'true',
 'petscpartitioner_type': 'parmetis',
 'pmg': {'mg_levels': {'ksp_chebyshev_esteig': '0,0.25,0,1.1',
                       'ksp_convergence_test': 'skip',
                       'ksp_max_it': 3,
                       'ksp_type': 'chebyshev',
                       'pc_python_type': 'phmg.preconditioners.rlx_params.ASMVankaStarPC',
                       'pc_type': 'python',
                       'pc_vankastar_construct_dim': 0,
                       'pc_vankastar_exclude_subspaces': '1',
                       'pc_vankastar_sub_sub_pc_factor_shift_type': 'nonzero'},
         'pc_mg_type': 'multiplicative'},
 'pmg_mg_coarse': {'ksp_convergence_test': 'skip',
                   'ksp_norm': 'none',
                   'ksp_type': 'preonly',
                   'mg_coarse': {'ksp_type': 'preonly',
                                 'pc_factor_mat_solver_type': 'mumps',
                                 'pc_type': 'lu'},
                   'mg_levels': {'ksp_chebyshev_esteig': '0,0.25,0,1.1',
                                 'ksp_convergence_test': 'skip',
                                 'ksp_max_it': 2,
                                 'ksp_type': 'chebyshev',
                                 'pc_python_type': 'phmg.preconditioners.rlx_params.ASMVankaStarPC',
                                 'pc_type': 'python',
                                 'pc_vankastar_construct_dim': 0,
                                 'pc_vankastar_exclude_subspaces': '1',
                                 'pc_vankastar_sub_sub_pc_factor_shift_type': 'nonzero'},
                   'pc_mg_multiplicative_cycles': 2,
                   'pc_type': 'mg'},
 'snes_atol': 1e-10,
 'snes_convergence_test': 'skip',
 'snes_lag_jacobian': -2,
 'snes_lag_preconditioner': -2,
 'snes_max_it': 1,
 'snes_rtol': 1e-10,
 'snes_stol': 1e-10,
 'snes_type': 'ksponly'}
Warm-up run complete.
Warm run complete.
order= 6 nref= 2 baseN(quad=False)=26 | ndofs=  926018 | rel_resid[14]=4.31e-12 | overall_time(s)=2.837e+01 warm_time(s)=9.782e+00
Scott Vogelius Problem has been set up
Setting up the solver..
{'ksp_atol': 1e-15,
 'ksp_error_if_not_converged': False,
 'ksp_max_it': 80,
 'ksp_rtol': 1e-11,
 'ksp_type': 'fgmres',
 'ksp_view': None,
 'mat_type': 'aij',
 'pc_python_type': 'phmg.Direct_Coarsening_SVk_TH2',
 'pc_type': 'python',
 'petscpartitioner_parmetis_debug': 'true',
 'petscpartitioner_type': 'parmetis',
 'pmg': {'mg_levels': {'ksp_chebyshev_esteig': '0,0.25,0,1.1',
                       'ksp_convergence_test': 'skip',
                       'ksp_max_it': 3,
                       'ksp_type': 'chebyshev',
                       'pc_python_type': 'phmg.preconditioners.rlx_params.ASMVankaStarPC',
                       'pc_type': 'python',
                       'pc_vankastar_construct_dim': 0,
                       'pc_vankastar_exclude_subspaces': '1',
                       'pc_vankastar_sub_sub_pc_factor_shift_type': 'nonzero'},
         'pc_mg_type': 'multiplicative'},
 'pmg_mg_coarse': {'ksp_convergence_test': 'skip',
                   'ksp_norm': 'none',
                   'ksp_type': 'preonly',
                   'mg_coarse': {'ksp_type': 'preonly',
                                 'pc_factor_mat_solver_type': 'mumps',
                                 'pc_type': 'lu'},
                   'mg_levels': {'ksp_chebyshev_esteig': '0,0.25,0,1.1',
                                 'ksp_convergence_test': 'skip',
                                 'ksp_max_it': 2,
                                 'ksp_type': 'chebyshev',
                                 'pc_python_type': 'phmg.preconditioners.rlx_params.ASMVankaStarPC',
                                 'pc_type': 'python',
                                 'pc_vankastar_construct_dim': 0,
                                 'pc_vankastar_exclude_subspaces': '1',
                                 'pc_vankastar_sub_sub_pc_factor_shift_type': 'nonzero'},
                   'pc_mg_multiplicative_cycles': 2,
                   'pc_type': 'mg'},
 'snes_atol': 1e-10,
 'snes_convergence_test': 'skip',
 'snes_lag_jacobian': -2,
 'snes_lag_preconditioner': -2,
 'snes_max_it': 1,
 'snes_rtol': 1e-10,
 'snes_stol': 1e-10,
 'snes_type': 'ksponly'}
Warm-up run complete.
Warm run complete.
order= 6 nref= 3 baseN(quad=False)=26 | ndofs= 3701570 | rel_resid[14]=2.62e-12 | overall_time(s)=2.540e+02 warm_time(s)=3.729e+01
Scott Vogelius Problem has been set up
Setting up the solver..
{'ksp_atol': 1e-15,
 'ksp_error_if_not_converged': False,
 'ksp_max_it': 80,
 'ksp_rtol': 1e-11,
 'ksp_type': 'fgmres',
 'ksp_view': None,
 'mat_type': 'aij',
 'pc_python_type': 'phmg.Direct_Coarsening_SVk_TH2',
 'pc_type': 'python',
 'petscpartitioner_parmetis_debug': 'true',
 'petscpartitioner_type': 'parmetis',
 'pmg': {'mg_levels': {'ksp_chebyshev_esteig': '0,0.25,0,1.1',
                       'ksp_convergence_test': 'skip',
                       'ksp_max_it': 3,
                       'ksp_type': 'chebyshev',
                       'pc_python_type': 'phmg.preconditioners.rlx_params.ASMVankaStarPC',
                       'pc_type': 'python',
                       'pc_vankastar_construct_dim': 0,
                       'pc_vankastar_exclude_subspaces': '1',
                       'pc_vankastar_sub_sub_pc_factor_shift_type': 'nonzero'},
         'pc_mg_type': 'multiplicative'},
 'pmg_mg_coarse': {'ksp_convergence_test': 'skip',
                   'ksp_norm': 'none',
                   'ksp_type': 'preonly',
                   'mg_coarse': {'ksp_type': 'preonly',
                                 'pc_factor_mat_solver_type': 'mumps',
                                 'pc_type': 'lu'},
                   'mg_levels': {'ksp_chebyshev_esteig': '0,0.25,0,1.1',
                                 'ksp_convergence_test': 'skip',
                                 'ksp_max_it': 2,
                                 'ksp_type': 'chebyshev',
                                 'pc_python_type': 'phmg.preconditioners.rlx_params.ASMVankaStarPC',
                                 'pc_type': 'python',
                                 'pc_vankastar_construct_dim': 0,
                                 'pc_vankastar_exclude_subspaces': '1',
                                 'pc_vankastar_sub_sub_pc_factor_shift_type': 'nonzero'},
                   'pc_mg_multiplicative_cycles': 2,
                   'pc_type': 'mg'},
 'snes_atol': 1e-10,
 'snes_convergence_test': 'skip',
 'snes_lag_jacobian': -2,
 'snes_lag_preconditioner': -2,
 'snes_max_it': 1,
 'snes_rtol': 1e-10,
 'snes_stol': 1e-10,
 'snes_type': 'ksponly'}
Warm-up run complete.
Warm run complete.
order= 7 nref= 1 baseN(quad=False)=22 | ndofs=  224226 | rel_resid[16]=5.93e-12 | overall_time(s)=1.155e+01 warm_time(s)=3.480e+00
Scott Vogelius Problem has been set up
Setting up the solver..
{'ksp_atol': 1e-15,
 'ksp_error_if_not_converged': False,
 'ksp_max_it': 80,
 'ksp_rtol': 1e-11,
 'ksp_type': 'fgmres',
 'ksp_view': None,
 'mat_type': 'aij',
 'pc_python_type': 'phmg.Direct_Coarsening_SVk_TH2',
 'pc_type': 'python',
 'petscpartitioner_parmetis_debug': 'true',
 'petscpartitioner_type': 'parmetis',
 'pmg': {'mg_levels': {'ksp_chebyshev_esteig': '0,0.25,0,1.1',
                       'ksp_convergence_test': 'skip',
                       'ksp_max_it': 3,
                       'ksp_type': 'chebyshev',
                       'pc_python_type': 'phmg.preconditioners.rlx_params.ASMVankaStarPC',
                       'pc_type': 'python',
                       'pc_vankastar_construct_dim': 0,
                       'pc_vankastar_exclude_subspaces': '1',
                       'pc_vankastar_sub_sub_pc_factor_shift_type': 'nonzero'},
         'pc_mg_type': 'multiplicative'},
 'pmg_mg_coarse': {'ksp_convergence_test': 'skip',
                   'ksp_norm': 'none',
                   'ksp_type': 'preonly',
                   'mg_coarse': {'ksp_type': 'preonly',
                                 'pc_factor_mat_solver_type': 'mumps',
                                 'pc_type': 'lu'},
                   'mg_levels': {'ksp_chebyshev_esteig': '0,0.25,0,1.1',
                                 'ksp_convergence_test': 'skip',
                                 'ksp_max_it': 2,
                                 'ksp_type': 'chebyshev',
                                 'pc_python_type': 'phmg.preconditioners.rlx_params.ASMVankaStarPC',
                                 'pc_type': 'python',
                                 'pc_vankastar_construct_dim': 0,
                                 'pc_vankastar_exclude_subspaces': '1',
                                 'pc_vankastar_sub_sub_pc_factor_shift_type': 'nonzero'},
                   'pc_mg_multiplicative_cycles': 2,
                   'pc_type': 'mg'},
 'snes_atol': 1e-10,
 'snes_convergence_test': 'skip',
 'snes_lag_jacobian': -2,
 'snes_lag_preconditioner': -2,
 'snes_max_it': 1,
 'snes_rtol': 1e-10,
 'snes_stol': 1e-10,
 'snes_type': 'ksponly'}
Warm-up run complete.
Warm run complete.
order= 7 nref= 2 baseN(quad=False)=22 | ndofs=  895666 | rel_resid[16]=3.12e-12 | overall_time(s)=3.270e+01 warm_time(s)=1.174e+01
Scott Vogelius Problem has been set up
Setting up the solver..
{'ksp_atol': 1e-15,
 'ksp_error_if_not_converged': False,
 'ksp_max_it': 80,
 'ksp_rtol': 1e-11,
 'ksp_type': 'fgmres',
 'ksp_view': None,
 'mat_type': 'aij',
 'pc_python_type': 'phmg.Direct_Coarsening_SVk_TH2',
 'pc_type': 'python',
 'petscpartitioner_parmetis_debug': 'true',
 'petscpartitioner_type': 'parmetis',
 'pmg': {'mg_levels': {'ksp_chebyshev_esteig': '0,0.25,0,1.1',
                       'ksp_convergence_test': 'skip',
                       'ksp_max_it': 3,
                       'ksp_type': 'chebyshev',
                       'pc_python_type': 'phmg.preconditioners.rlx_params.ASMVankaStarPC',
                       'pc_type': 'python',
                       'pc_vankastar_construct_dim': 0,
                       'pc_vankastar_exclude_subspaces': '1',
                       'pc_vankastar_sub_sub_pc_factor_shift_type': 'nonzero'},
         'pc_mg_type': 'multiplicative'},
 'pmg_mg_coarse': {'ksp_convergence_test': 'skip',
                   'ksp_norm': 'none',
                   'ksp_type': 'preonly',
                   'mg_coarse': {'ksp_type': 'preonly',
                                 'pc_factor_mat_solver_type': 'mumps',
                                 'pc_type': 'lu'},
                   'mg_levels': {'ksp_chebyshev_esteig': '0,0.25,0,1.1',
                                 'ksp_convergence_test': 'skip',
                                 'ksp_max_it': 2,
                                 'ksp_type': 'chebyshev',
                                 'pc_python_type': 'phmg.preconditioners.rlx_params.ASMVankaStarPC',
                                 'pc_type': 'python',
                                 'pc_vankastar_construct_dim': 0,
                                 'pc_vankastar_exclude_subspaces': '1',
                                 'pc_vankastar_sub_sub_pc_factor_shift_type': 'nonzero'},
                   'pc_mg_multiplicative_cycles': 2,
                   'pc_type': 'mg'},
 'snes_atol': 1e-10,
 'snes_convergence_test': 'skip',
 'snes_lag_jacobian': -2,
 'snes_lag_preconditioner': -2,
 'snes_max_it': 1,
 'snes_rtol': 1e-10,
 'snes_stol': 1e-10,
 'snes_type': 'ksponly'}
Warm-up run complete.
Warm run complete.
order= 7 nref= 3 baseN(quad=False)=22 | ndofs= 3580194 | rel_resid[15]=5.09e-12 | overall_time(s)=2.208e+02 warm_time(s)=4.332e+01
Scott Vogelius Problem has been set up
Setting up the solver..
{'ksp_atol': 1e-15,
 'ksp_error_if_not_converged': False,
 'ksp_max_it': 80,
 'ksp_rtol': 1e-11,
 'ksp_type': 'fgmres',
 'ksp_view': None,
 'mat_type': 'aij',
 'pc_python_type': 'phmg.Direct_Coarsening_SVk_TH2',
 'pc_type': 'python',
 'petscpartitioner_parmetis_debug': 'true',
 'petscpartitioner_type': 'parmetis',
 'pmg': {'mg_levels': {'ksp_chebyshev_esteig': '0,0.25,0,1.1',
                       'ksp_convergence_test': 'skip',
                       'ksp_max_it': 3,
                       'ksp_type': 'chebyshev',
                       'pc_python_type': 'phmg.preconditioners.rlx_params.ASMVankaStarPC',
                       'pc_type': 'python',
                       'pc_vankastar_construct_dim': 0,
                       'pc_vankastar_exclude_subspaces': '1',
                       'pc_vankastar_sub_sub_pc_factor_shift_type': 'nonzero'},
         'pc_mg_type': 'multiplicative'},
 'pmg_mg_coarse': {'ksp_convergence_test': 'skip',
                   'ksp_norm': 'none',
                   'ksp_type': 'preonly',
                   'mg_coarse': {'ksp_type': 'preonly',
                                 'pc_factor_mat_solver_type': 'mumps',
                                 'pc_type': 'lu'},
                   'mg_levels': {'ksp_chebyshev_esteig': '0,0.25,0,1.1',
                                 'ksp_convergence_test': 'skip',
                                 'ksp_max_it': 2,
                                 'ksp_type': 'chebyshev',
                                 'pc_python_type': 'phmg.preconditioners.rlx_params.ASMVankaStarPC',
                                 'pc_type': 'python',
                                 'pc_vankastar_construct_dim': 0,
                                 'pc_vankastar_exclude_subspaces': '1',
                                 'pc_vankastar_sub_sub_pc_factor_shift_type': 'nonzero'},
                   'pc_mg_multiplicative_cycles': 2,
                   'pc_type': 'mg'},
 'snes_atol': 1e-10,
 'snes_convergence_test': 'skip',
 'snes_lag_jacobian': -2,
 'snes_lag_preconditioner': -2,
 'snes_max_it': 1,
 'snes_rtol': 1e-10,
 'snes_stol': 1e-10,
 'snes_type': 'ksponly'}
Warm-up run complete.
Warm run complete.
order= 8 nref= 1 baseN(quad=False)=20 | ndofs=  240642 | rel_resid[17]=6.05e-12 | overall_time(s)=1.288e+01 warm_time(s)=4.195e+00
Scott Vogelius Problem has been set up
Setting up the solver..
{'ksp_atol': 1e-15,
 'ksp_error_if_not_converged': False,
 'ksp_max_it': 80,
 'ksp_rtol': 1e-11,
 'ksp_type': 'fgmres',
 'ksp_view': None,
 'mat_type': 'aij',
 'pc_python_type': 'phmg.Direct_Coarsening_SVk_TH2',
 'pc_type': 'python',
 'petscpartitioner_parmetis_debug': 'true',
 'petscpartitioner_type': 'parmetis',
 'pmg': {'mg_levels': {'ksp_chebyshev_esteig': '0,0.25,0,1.1',
                       'ksp_convergence_test': 'skip',
                       'ksp_max_it': 3,
                       'ksp_type': 'chebyshev',
                       'pc_python_type': 'phmg.preconditioners.rlx_params.ASMVankaStarPC',
                       'pc_type': 'python',
                       'pc_vankastar_construct_dim': 0,
                       'pc_vankastar_exclude_subspaces': '1',
                       'pc_vankastar_sub_sub_pc_factor_shift_type': 'nonzero'},
         'pc_mg_type': 'multiplicative'},
 'pmg_mg_coarse': {'ksp_convergence_test': 'skip',
                   'ksp_norm': 'none',
                   'ksp_type': 'preonly',
                   'mg_coarse': {'ksp_type': 'preonly',
                                 'pc_factor_mat_solver_type': 'mumps',
                                 'pc_type': 'lu'},
                   'mg_levels': {'ksp_chebyshev_esteig': '0,0.25,0,1.1',
                                 'ksp_convergence_test': 'skip',
                                 'ksp_max_it': 2,
                                 'ksp_type': 'chebyshev',
                                 'pc_python_type': 'phmg.preconditioners.rlx_params.ASMVankaStarPC',
                                 'pc_type': 'python',
                                 'pc_vankastar_construct_dim': 0,
                                 'pc_vankastar_exclude_subspaces': '1',
                                 'pc_vankastar_sub_sub_pc_factor_shift_type': 'nonzero'},
                   'pc_mg_multiplicative_cycles': 2,
                   'pc_type': 'mg'},
 'snes_atol': 1e-10,
 'snes_convergence_test': 'skip',
 'snes_lag_jacobian': -2,
 'snes_lag_preconditioner': -2,
 'snes_max_it': 1,
 'snes_rtol': 1e-10,
 'snes_stol': 1e-10,
 'snes_type': 'ksponly'}
Warm-up run complete.
Warm run complete.
order= 8 nref= 2 baseN(quad=False)=20 | ndofs=  961282 | rel_resid[17]=3.54e-12 | overall_time(s)=4.236e+01 warm_time(s)=1.511e+01
Scott Vogelius Problem has been set up
Setting up the solver..
{'ksp_atol': 1e-15,
 'ksp_error_if_not_converged': False,
 'ksp_max_it': 80,
 'ksp_rtol': 1e-11,
 'ksp_type': 'fgmres',
 'ksp_view': None,
 'mat_type': 'aij',
 'pc_python_type': 'phmg.Direct_Coarsening_SVk_TH2',
 'pc_type': 'python',
 'petscpartitioner_parmetis_debug': 'true',
 'petscpartitioner_type': 'parmetis',
 'pmg': {'mg_levels': {'ksp_chebyshev_esteig': '0,0.25,0,1.1',
                       'ksp_convergence_test': 'skip',
                       'ksp_max_it': 3,
                       'ksp_type': 'chebyshev',
                       'pc_python_type': 'phmg.preconditioners.rlx_params.ASMVankaStarPC',
                       'pc_type': 'python',
                       'pc_vankastar_construct_dim': 0,
                       'pc_vankastar_exclude_subspaces': '1',
                       'pc_vankastar_sub_sub_pc_factor_shift_type': 'nonzero'},
         'pc_mg_type': 'multiplicative'},
 'pmg_mg_coarse': {'ksp_convergence_test': 'skip',
                   'ksp_norm': 'none',
                   'ksp_type': 'preonly',
                   'mg_coarse': {'ksp_type': 'preonly',
                                 'pc_factor_mat_solver_type': 'mumps',
                                 'pc_type': 'lu'},
                   'mg_levels': {'ksp_chebyshev_esteig': '0,0.25,0,1.1',
                                 'ksp_convergence_test': 'skip',
                                 'ksp_max_it': 2,
                                 'ksp_type': 'chebyshev',
                                 'pc_python_type': 'phmg.preconditioners.rlx_params.ASMVankaStarPC',
                                 'pc_type': 'python',
                                 'pc_vankastar_construct_dim': 0,
                                 'pc_vankastar_exclude_subspaces': '1',
                                 'pc_vankastar_sub_sub_pc_factor_shift_type': 'nonzero'},
                   'pc_mg_multiplicative_cycles': 2,
                   'pc_type': 'mg'},
 'snes_atol': 1e-10,
 'snes_convergence_test': 'skip',
 'snes_lag_jacobian': -2,
 'snes_lag_preconditioner': -2,
 'snes_max_it': 1,
 'snes_rtol': 1e-10,
 'snes_stol': 1e-10,
 'snes_type': 'ksponly'}
Warm-up run complete.
Warm run complete.
order= 8 nref= 3 baseN(quad=False)=20 | ndofs= 3842562 | rel_resid[16]=5.93e-12 | overall_time(s)=2.437e+02 warm_time(s)=5.466e+01
Scott Vogelius Problem has been set up
Setting up the solver..
{'ksp_atol': 1e-15,
 'ksp_error_if_not_converged': False,
 'ksp_max_it': 80,
 'ksp_rtol': 1e-11,
 'ksp_type': 'fgmres',
 'ksp_view': None,
 'mat_type': 'aij',
 'pc_python_type': 'phmg.Direct_Coarsening_SVk_TH2',
 'pc_type': 'python',
 'petscpartitioner_parmetis_debug': 'true',
 'petscpartitioner_type': 'parmetis',
 'pmg': {'mg_levels': {'ksp_chebyshev_esteig': '0,0.25,0,1.1',
                       'ksp_convergence_test': 'skip',
                       'ksp_max_it': 3,
                       'ksp_type': 'chebyshev',
                       'pc_python_type': 'phmg.preconditioners.rlx_params.ASMVankaStarPC',
                       'pc_type': 'python',
                       'pc_vankastar_construct_dim': 0,
                       'pc_vankastar_exclude_subspaces': '1',
                       'pc_vankastar_sub_sub_pc_factor_shift_type': 'nonzero'},
         'pc_mg_type': 'multiplicative'},
 'pmg_mg_coarse': {'ksp_convergence_test': 'skip',
                   'ksp_norm': 'none',
                   'ksp_type': 'preonly',
                   'mg_coarse': {'ksp_type': 'preonly',
                                 'pc_factor_mat_solver_type': 'mumps',
                                 'pc_type': 'lu'},
                   'mg_levels': {'ksp_chebyshev_esteig': '0,0.25,0,1.1',
                                 'ksp_convergence_test': 'skip',
                                 'ksp_max_it': 2,
                                 'ksp_type': 'chebyshev',
                                 'pc_python_type': 'phmg.preconditioners.rlx_params.ASMVankaStarPC',
                                 'pc_type': 'python',
                                 'pc_vankastar_construct_dim': 0,
                                 'pc_vankastar_exclude_subspaces': '1',
                                 'pc_vankastar_sub_sub_pc_factor_shift_type': 'nonzero'},
                   'pc_mg_multiplicative_cycles': 2,
                   'pc_type': 'mg'},
 'snes_atol': 1e-10,
 'snes_convergence_test': 'skip',
 'snes_lag_jacobian': -2,
 'snes_lag_preconditioner': -2,
 'snes_max_it': 1,
 'snes_rtol': 1e-10,
 'snes_stol': 1e-10,
 'snes_type': 'ksponly'}
Warm-up run complete.
Warm run complete.
order= 9 nref= 1 baseN(quad=False)=16 | ndofs=  194114 | rel_resid[19]=3.52e-12 | overall_time(s)=1.310e+01 warm_time(s)=4.258e+00
Scott Vogelius Problem has been set up
Setting up the solver..
{'ksp_atol': 1e-15,
 'ksp_error_if_not_converged': False,
 'ksp_max_it': 80,
 'ksp_rtol': 1e-11,
 'ksp_type': 'fgmres',
 'ksp_view': None,
 'mat_type': 'aij',
 'pc_python_type': 'phmg.Direct_Coarsening_SVk_TH2',
 'pc_type': 'python',
 'petscpartitioner_parmetis_debug': 'true',
 'petscpartitioner_type': 'parmetis',
 'pmg': {'mg_levels': {'ksp_chebyshev_esteig': '0,0.25,0,1.1',
                       'ksp_convergence_test': 'skip',
                       'ksp_max_it': 3,
                       'ksp_type': 'chebyshev',
                       'pc_python_type': 'phmg.preconditioners.rlx_params.ASMVankaStarPC',
                       'pc_type': 'python',
                       'pc_vankastar_construct_dim': 0,
                       'pc_vankastar_exclude_subspaces': '1',
                       'pc_vankastar_sub_sub_pc_factor_shift_type': 'nonzero'},
         'pc_mg_type': 'multiplicative'},
 'pmg_mg_coarse': {'ksp_convergence_test': 'skip',
                   'ksp_norm': 'none',
                   'ksp_type': 'preonly',
                   'mg_coarse': {'ksp_type': 'preonly',
                                 'pc_factor_mat_solver_type': 'mumps',
                                 'pc_type': 'lu'},
                   'mg_levels': {'ksp_chebyshev_esteig': '0,0.25,0,1.1',
                                 'ksp_convergence_test': 'skip',
                                 'ksp_max_it': 2,
                                 'ksp_type': 'chebyshev',
                                 'pc_python_type': 'phmg.preconditioners.rlx_params.ASMVankaStarPC',
                                 'pc_type': 'python',
                                 'pc_vankastar_construct_dim': 0,
                                 'pc_vankastar_exclude_subspaces': '1',
                                 'pc_vankastar_sub_sub_pc_factor_shift_type': 'nonzero'},
                   'pc_mg_multiplicative_cycles': 2,
                   'pc_type': 'mg'},
 'snes_atol': 1e-10,
 'snes_convergence_test': 'skip',
 'snes_lag_jacobian': -2,
 'snes_lag_preconditioner': -2,
 'snes_max_it': 1,
 'snes_rtol': 1e-10,
 'snes_stol': 1e-10,
 'snes_type': 'ksponly'}
Warm-up run complete.
Warm run complete.
order= 9 nref= 2 baseN(quad=False)=16 | ndofs=  775298 | rel_resid[18]=7.02e-12 | overall_time(s)=4.109e+01 warm_time(s)=1.488e+01
Scott Vogelius Problem has been set up
Setting up the solver..
{'ksp_atol': 1e-15,
 'ksp_error_if_not_converged': False,
 'ksp_max_it': 80,
 'ksp_rtol': 1e-11,
 'ksp_type': 'fgmres',
 'ksp_view': None,
 'mat_type': 'aij',
 'pc_python_type': 'phmg.Direct_Coarsening_SVk_TH2',
 'pc_type': 'python',
 'petscpartitioner_parmetis_debug': 'true',
 'petscpartitioner_type': 'parmetis',
 'pmg': {'mg_levels': {'ksp_chebyshev_esteig': '0,0.25,0,1.1',
                       'ksp_convergence_test': 'skip',
                       'ksp_max_it': 3,
                       'ksp_type': 'chebyshev',
                       'pc_python_type': 'phmg.preconditioners.rlx_params.ASMVankaStarPC',
                       'pc_type': 'python',
                       'pc_vankastar_construct_dim': 0,
                       'pc_vankastar_exclude_subspaces': '1',
                       'pc_vankastar_sub_sub_pc_factor_shift_type': 'nonzero'},
         'pc_mg_type': 'multiplicative'},
 'pmg_mg_coarse': {'ksp_convergence_test': 'skip',
                   'ksp_norm': 'none',
                   'ksp_type': 'preonly',
                   'mg_coarse': {'ksp_type': 'preonly',
                                 'pc_factor_mat_solver_type': 'mumps',
                                 'pc_type': 'lu'},
                   'mg_levels': {'ksp_chebyshev_esteig': '0,0.25,0,1.1',
                                 'ksp_convergence_test': 'skip',
                                 'ksp_max_it': 2,
                                 'ksp_type': 'chebyshev',
                                 'pc_python_type': 'phmg.preconditioners.rlx_params.ASMVankaStarPC',
                                 'pc_type': 'python',
                                 'pc_vankastar_construct_dim': 0,
                                 'pc_vankastar_exclude_subspaces': '1',
                                 'pc_vankastar_sub_sub_pc_factor_shift_type': 'nonzero'},
                   'pc_mg_multiplicative_cycles': 2,
                   'pc_type': 'mg'},
 'snes_atol': 1e-10,
 'snes_convergence_test': 'skip',
 'snes_lag_jacobian': -2,
 'snes_lag_preconditioner': -2,
 'snes_max_it': 1,
 'snes_rtol': 1e-10,
 'snes_stol': 1e-10,
 'snes_type': 'ksponly'}
Warm-up run complete.
Warm run complete.
order= 9 nref= 3 baseN(quad=False)=16 | ndofs= 3098882 | rel_resid[17]=9.96e-12 | overall_time(s)=2.034e+02 warm_time(s)=5.453e+01
Scott Vogelius Problem has been set up
Setting up the solver..
{'ksp_atol': 1e-15,
 'ksp_error_if_not_converged': False,
 'ksp_max_it': 80,
 'ksp_rtol': 1e-11,
 'ksp_type': 'fgmres',
 'ksp_view': None,
 'mat_type': 'aij',
 'pc_python_type': 'phmg.Direct_Coarsening_SVk_TH2',
 'pc_type': 'python',
 'petscpartitioner_parmetis_debug': 'true',
 'petscpartitioner_type': 'parmetis',
 'pmg': {'mg_levels': {'ksp_chebyshev_esteig': '0,0.25,0,1.1',
                       'ksp_convergence_test': 'skip',
                       'ksp_max_it': 3,
                       'ksp_type': 'chebyshev',
                       'pc_python_type': 'phmg.preconditioners.rlx_params.ASMVankaStarPC',
                       'pc_type': 'python',
                       'pc_vankastar_construct_dim': 0,
                       'pc_vankastar_exclude_subspaces': '1',
                       'pc_vankastar_sub_sub_pc_factor_shift_type': 'nonzero'},
         'pc_mg_type': 'multiplicative'},
 'pmg_mg_coarse': {'ksp_convergence_test': 'skip',
                   'ksp_norm': 'none',
                   'ksp_type': 'preonly',
                   'mg_coarse': {'ksp_type': 'preonly',
                                 'pc_factor_mat_solver_type': 'mumps',
                                 'pc_type': 'lu'},
                   'mg_levels': {'ksp_chebyshev_esteig': '0,0.25,0,1.1',
                                 'ksp_convergence_test': 'skip',
                                 'ksp_max_it': 2,
                                 'ksp_type': 'chebyshev',
                                 'pc_python_type': 'phmg.preconditioners.rlx_params.ASMVankaStarPC',
                                 'pc_type': 'python',
                                 'pc_vankastar_construct_dim': 0,
                                 'pc_vankastar_exclude_subspaces': '1',
                                 'pc_vankastar_sub_sub_pc_factor_shift_type': 'nonzero'},
                   'pc_mg_multiplicative_cycles': 2,
                   'pc_type': 'mg'},
 'snes_atol': 1e-10,
 'snes_convergence_test': 'skip',
 'snes_lag_jacobian': -2,
 'snes_lag_preconditioner': -2,
 'snes_max_it': 1,
 'snes_rtol': 1e-10,
 'snes_stol': 1e-10,
 'snes_type': 'ksponly'}
Warm-up run complete.
Warm run complete.
order=10 nref= 1 baseN(quad=False)=16 | ndofs=  238722 | rel_resid[19]=8.20e-12 | overall_time(s)=1.805e+01 warm_time(s)=5.898e+00
Scott Vogelius Problem has been set up
Setting up the solver..
{'ksp_atol': 1e-15,
 'ksp_error_if_not_converged': False,
 'ksp_max_it': 80,
 'ksp_rtol': 1e-11,
 'ksp_type': 'fgmres',
 'ksp_view': None,
 'mat_type': 'aij',
 'pc_python_type': 'phmg.Direct_Coarsening_SVk_TH2',
 'pc_type': 'python',
 'petscpartitioner_parmetis_debug': 'true',
 'petscpartitioner_type': 'parmetis',
 'pmg': {'mg_levels': {'ksp_chebyshev_esteig': '0,0.25,0,1.1',
                       'ksp_convergence_test': 'skip',
                       'ksp_max_it': 3,
                       'ksp_type': 'chebyshev',
                       'pc_python_type': 'phmg.preconditioners.rlx_params.ASMVankaStarPC',
                       'pc_type': 'python',
                       'pc_vankastar_construct_dim': 0,
                       'pc_vankastar_exclude_subspaces': '1',
                       'pc_vankastar_sub_sub_pc_factor_shift_type': 'nonzero'},
         'pc_mg_type': 'multiplicative'},
 'pmg_mg_coarse': {'ksp_convergence_test': 'skip',
                   'ksp_norm': 'none',
                   'ksp_type': 'preonly',
                   'mg_coarse': {'ksp_type': 'preonly',
                                 'pc_factor_mat_solver_type': 'mumps',
                                 'pc_type': 'lu'},
                   'mg_levels': {'ksp_chebyshev_esteig': '0,0.25,0,1.1',
                                 'ksp_convergence_test': 'skip',
                                 'ksp_max_it': 2,
                                 'ksp_type': 'chebyshev',
                                 'pc_python_type': 'phmg.preconditioners.rlx_params.ASMVankaStarPC',
                                 'pc_type': 'python',
                                 'pc_vankastar_construct_dim': 0,
                                 'pc_vankastar_exclude_subspaces': '1',
                                 'pc_vankastar_sub_sub_pc_factor_shift_type': 'nonzero'},
                   'pc_mg_multiplicative_cycles': 2,
                   'pc_type': 'mg'},
 'snes_atol': 1e-10,
 'snes_convergence_test': 'skip',
 'snes_lag_jacobian': -2,
 'snes_lag_preconditioner': -2,
 'snes_max_it': 1,
 'snes_rtol': 1e-10,
 'snes_stol': 1e-10,
 'snes_type': 'ksponly'}
Warm-up run complete.
Warm run complete.
order=10 nref= 2 baseN(quad=False)=16 | ndofs=  953602 | rel_resid[19]=5.50e-12 | overall_time(s)=6.062e+01 warm_time(s)=2.177e+01
Scott Vogelius Problem has been set up
Setting up the solver..
{'ksp_atol': 1e-15,
 'ksp_error_if_not_converged': False,
 'ksp_max_it': 80,
 'ksp_rtol': 1e-11,
 'ksp_type': 'fgmres',
 'ksp_view': None,
 'mat_type': 'aij',
 'pc_python_type': 'phmg.Direct_Coarsening_SVk_TH2',
 'pc_type': 'python',
 'petscpartitioner_parmetis_debug': 'true',
 'petscpartitioner_type': 'parmetis',
 'pmg': {'mg_levels': {'ksp_chebyshev_esteig': '0,0.25,0,1.1',
                       'ksp_convergence_test': 'skip',
                       'ksp_max_it': 3,
                       'ksp_type': 'chebyshev',
                       'pc_python_type': 'phmg.preconditioners.rlx_params.ASMVankaStarPC',
                       'pc_type': 'python',
                       'pc_vankastar_construct_dim': 0,
                       'pc_vankastar_exclude_subspaces': '1',
                       'pc_vankastar_sub_sub_pc_factor_shift_type': 'nonzero'},
         'pc_mg_type': 'multiplicative'},
 'pmg_mg_coarse': {'ksp_convergence_test': 'skip',
                   'ksp_norm': 'none',
                   'ksp_type': 'preonly',
                   'mg_coarse': {'ksp_type': 'preonly',
                                 'pc_factor_mat_solver_type': 'mumps',
                                 'pc_type': 'lu'},
                   'mg_levels': {'ksp_chebyshev_esteig': '0,0.25,0,1.1',
                                 'ksp_convergence_test': 'skip',
                                 'ksp_max_it': 2,
                                 'ksp_type': 'chebyshev',
                                 'pc_python_type': 'phmg.preconditioners.rlx_params.ASMVankaStarPC',
                                 'pc_type': 'python',
                                 'pc_vankastar_construct_dim': 0,
                                 'pc_vankastar_exclude_subspaces': '1',
                                 'pc_vankastar_sub_sub_pc_factor_shift_type': 'nonzero'},
                   'pc_mg_multiplicative_cycles': 2,
                   'pc_type': 'mg'},
 'snes_atol': 1e-10,
 'snes_convergence_test': 'skip',
 'snes_lag_jacobian': -2,
 'snes_lag_preconditioner': -2,
 'snes_max_it': 1,
 'snes_rtol': 1e-10,
 'snes_stol': 1e-10,
 'snes_type': 'ksponly'}
Warm-up run complete.
Warm run complete.
order=10 nref= 3 baseN(quad=False)=16 | ndofs= 3811842 | rel_resid[18]=8.13e-12 | overall_time(s)=2.797e+02 warm_time(s)=7.841e+01
