order= 3 nref= 1 baseN(quad=False)=52 | ndofs=  243986 | rel_resid[20]=6.72e-12 | overall_time(s)=8.985e+00 warm_time(s)=2.539e+00
order= 3 nref= 2 baseN(quad=False)=52 | ndofs=  974690 | rel_resid[19]=6.74e-12 | overall_time(s)=2.799e+01 warm_time(s)=1.104e+01
order= 3 nref= 3 baseN(quad=False)=52 | ndofs= 3896258 | rel_resid[18]=9.89e-12 | overall_time(s)=1.043e+02 warm_time(s)=4.178e+01
order= 4 nref= 1 baseN(quad=False)=40 | ndofs=  250242 | rel_resid[18]=4.59e-12 | overall_time(s)=9.548e+00 warm_time(s)=2.509e+00
order= 4 nref= 2 baseN(quad=False)=40 | ndofs=  999682 | rel_resid[16]=9.97e-12 | overall_time(s)=2.757e+01 warm_time(s)=1.009e+01
order= 4 nref= 3 baseN(quad=False)=40 | ndofs= 3996162 | rel_resid[16]=6.01e-12 | overall_time(s)=1.062e+02 warm_time(s)=4.183e+01
order= 5 nref= 1 baseN(quad=False)=32 | ndofs=  246402 | rel_resid[17]=8.72e-12 | overall_time(s)=1.252e+01 warm_time(s)=2.819e+00
order= 5 nref= 2 baseN(quad=False)=32 | ndofs=  984322 | rel_resid[17]=5.36e-12 | overall_time(s)=3.511e+01 warm_time(s)=1.257e+01
order= 5 nref= 3 baseN(quad=False)=32 | ndofs= 3934722 | rel_resid[16]=8.13e-12 | overall_time(s)=1.245e+02 warm_time(s)=4.807e+01
order= 6 nref= 1 baseN(quad=False)=26 | ndofs=  231818 | rel_resid[17]=2.87e-12 | overall_time(s)=1.673e+01 warm_time(s)=3.172e+00
order= 6 nref= 2 baseN(quad=False)=26 | ndofs=  926018 | rel_resid[16]=5.68e-12 | overall_time(s)=4.128e+01 warm_time(s)=1.380e+01
order= 6 nref= 3 baseN(quad=False)=26 | ndofs= 3701570 | rel_resid[16]=3.64e-12 | overall_time(s)=1.453e+02 warm_time(s)=5.608e+01
order= 7 nref= 1 baseN(quad=False)=22 | ndofs=  224226 | rel_resid[17]=4.17e-12 | overall_time(s)=2.234e+01 warm_time(s)=3.823e+00
order= 7 nref= 2 baseN(quad=False)=22 | ndofs=  895666 | rel_resid[16]=5.24e-12 | overall_time(s)=5.410e+01 warm_time(s)=1.720e+01
order= 7 nref= 3 baseN(quad=False)=22 | ndofs= 3580194 | rel_resid[16]=2.93e-12 | overall_time(s)=1.815e+02 warm_time(s)=6.906e+01
order= 8 nref= 1 baseN(quad=False)=20 | ndofs=  240642 | rel_resid[16]=6.55e-12 | overall_time(s)=3.314e+01 warm_time(s)=5.045e+00
order= 8 nref= 2 baseN(quad=False)=20 | ndofs=  961282 | rel_resid[16]=3.42e-12 | overall_time(s)=7.694e+01 warm_time(s)=2.368e+01
order= 8 nref= 3 baseN(quad=False)=20 | ndofs= 3842562 | rel_resid[15]=8.16e-12 | overall_time(s)=2.420e+02 warm_time(s)=9.011e+01
order= 9 nref= 1 baseN(quad=False)=16 | ndofs=  194114 | rel_resid[16]=7.54e-12 | overall_time(s)=4.482e+01 warm_time(s)=5.125e+00
order= 9 nref= 2 baseN(quad=False)=16 | ndofs=  775298 | rel_resid[15]=9.70e-12 | overall_time(s)=8.812e+01 warm_time(s)=2.283e+01
order= 9 nref= 3 baseN(quad=False)=16 | ndofs= 3098882 | rel_resid[15]=6.66e-12 | overall_time(s)=2.636e+02 warm_time(s)=9.387e+01
order=10 nref= 1 baseN(quad=False)=16 | ndofs=  238722 | rel_resid[15]=8.14e-12 | overall_time(s)=7.231e+01 warm_time(s)=7.333e+00
order=10 nref= 2 baseN(quad=False)=16 | ndofs=  953602 | rel_resid[15]=5.71e-12 | overall_time(s)=1.362e+02 warm_time(s)=3.610e+01
order=10 nref= 3 baseN(quad=False)=16 | ndofs= 3811842 | rel_resid[14]=7.82e-12 | overall_time(s)=3.879e+02 warm_time(s)=1.388e+02
Overall run-time: 0h 39min 26s
