order= 3 nref= 1 baseN(quad=False)=51 | ndofs=  230523 | rel_resid[11]=6.67e-12 | overall_time(s)=1.214e+01 warm_time(s)=2.532e+00
order= 3 nref= 2 baseN(quad=False)=51 | ndofs=  918819 | rel_resid[11]=6.04e-12 | overall_time(s)=3.508e+01 warm_time(s)=9.900e+00
order= 3 nref= 3 baseN(quad=False)=51 | ndofs= 3668739 | rel_resid[11]=3.66e-12 | overall_time(s)=1.064e+03 warm_time(s)=3.909e+01
order= 4 nref= 1 baseN(quad=False)=39 | ndofs=  251163 | rel_resid[11]=2.03e-12 | overall_time(s)=7.286e+00 warm_time(s)=1.882e+00
order= 4 nref= 2 baseN(quad=False)=39 | ndofs= 1001211 | rel_resid[11]=1.07e-12 | overall_time(s)=2.780e+01 warm_time(s)=7.719e+00
order= 4 nref= 3 baseN(quad=False)=39 | ndofs= 3997971 | rel_resid[10]=8.61e-12 | overall_time(s)=5.364e+02 warm_time(s)=2.663e+01
order= 5 nref= 1 baseN(quad=False)=31 | ndofs=  255443 | rel_resid[11]=6.43e-12 | overall_time(s)=7.057e+00 warm_time(s)=1.736e+00
order= 5 nref= 2 baseN(quad=False)=31 | ndofs= 1018291 | rel_resid[11]=4.34e-12 | overall_time(s)=2.352e+01 warm_time(s)=6.776e+00
order= 5 nref= 3 baseN(quad=False)=31 | ndofs= 4066211 | rel_resid[11]=3.14e-12 | overall_time(s)=3.733e+02 warm_time(s)=2.409e+01
order= 6 nref= 1 baseN(quad=False)=26 | ndofs=  264059 | rel_resid[10]=4.23e-12 | overall_time(s)=1.003e+01 warm_time(s)=2.386e+00
order= 6 nref= 2 baseN(quad=False)=26 | ndofs= 1052691 | rel_resid[10]=2.58e-12 | overall_time(s)=2.951e+01 warm_time(s)=7.914e+00
order= 6 nref= 3 baseN(quad=False)=26 | ndofs= 4203683 | rel_resid[10]=2.00e-12 | overall_time(s)=3.984e+02 warm_time(s)=2.909e+01
order= 7 nref= 1 baseN(quad=False)=22 | ndofs=  261187 | rel_resid[11]=2.44e-12 | overall_time(s)=1.035e+01 warm_time(s)=2.277e+00
order= 7 nref= 2 baseN(quad=False)=22 | ndofs= 1041219 | rel_resid[11]=1.46e-12 | overall_time(s)=3.078e+01 warm_time(s)=8.499e+00
order= 7 nref= 3 baseN(quad=False)=22 | ndofs= 4157827 | rel_resid[10]=8.39e-12 | overall_time(s)=2.626e+02 warm_time(s)=2.911e+01
order= 8 nref= 1 baseN(quad=False)=20 | ndofs=  285043 | rel_resid[10]=6.60e-12 | overall_time(s)=1.133e+01 warm_time(s)=2.621e+00
order= 8 nref= 2 baseN(quad=False)=20 | ndofs= 1136483 | rel_resid[10]=4.02e-12 | overall_time(s)=4.465e+01 warm_time(s)=9.117e+00
order= 8 nref= 3 baseN(quad=False)=20 | ndofs= 4538563 | rel_resid[10]=3.65e-12 | overall_time(s)=3.193e+02 warm_time(s)=3.640e+01
order= 9 nref= 1 baseN(quad=False)=18 | ndofs=  294771 | rel_resid[11]=1.47e-12 | overall_time(s)=1.393e+01 warm_time(s)=3.750e+00
order= 9 nref= 2 baseN(quad=False)=18 | ndofs= 1175331 | rel_resid[10]=7.43e-12 | overall_time(s)=4.880e+01 warm_time(s)=1.074e+01
order= 9 nref= 3 baseN(quad=False)=18 | ndofs= 4693827 | rel_resid[10]=6.10e-12 | overall_time(s)=2.956e+02 warm_time(s)=3.981e+01
order=10 nref= 1 baseN(quad=False)=16 | ndofs=  289603 | rel_resid[10]=7.79e-12 | overall_time(s)=1.419e+01 warm_time(s)=2.946e+00
order=10 nref= 2 baseN(quad=False)=16 | ndofs= 1154691 | rel_resid[10]=4.71e-12 | overall_time(s)=5.039e+01 warm_time(s)=1.102e+01
order=10 nref= 3 baseN(quad=False)=16 | ndofs= 4611331 | rel_resid[10]=3.87e-12 | overall_time(s)=2.598e+02 warm_time(s)=4.286e+01
Overall run-time: 1h 9min 1s
