order= 3 nref= 1 baseN(quad=False)=52 | ndofs=  243986 | rel_resid[12]=6.65e-12 | overall_time(s)=1.095e+01 warm_time(s)=2.908e+00
order= 3 nref= 2 baseN(quad=False)=52 | ndofs=  974690 | rel_resid[12]=4.40e-12 | overall_time(s)=4.218e+01 warm_time(s)=1.342e+01
order= 3 nref= 3 baseN(quad=False)=52 | ndofs= 3896258 | rel_resid[12]=3.59e-12 | overall_time(s)=8.692e+02 warm_time(s)=5.016e+01
order= 4 nref= 1 baseN(quad=False)=40 | ndofs=  250242 | rel_resid[15]=2.86e-12 | overall_time(s)=9.119e+00 warm_time(s)=2.974e+00
order= 4 nref= 2 baseN(quad=False)=40 | ndofs=  999682 | rel_resid[14]=6.40e-12 | overall_time(s)=3.216e+01 warm_time(s)=1.078e+01
order= 4 nref= 3 baseN(quad=False)=40 | ndofs= 3996162 | rel_resid[14]=4.03e-12 | overall_time(s)=4.672e+02 warm_time(s)=4.187e+01
order= 5 nref= 1 baseN(quad=False)=32 | ndofs=  246402 | rel_resid[17]=6.28e-12 | overall_time(s)=8.918e+00 warm_time(s)=2.799e+00
order= 5 nref= 2 baseN(quad=False)=32 | ndofs=  984322 | rel_resid[16]=8.78e-12 | overall_time(s)=2.999e+01 warm_time(s)=1.041e+01
order= 5 nref= 3 baseN(quad=False)=32 | ndofs= 3934722 | rel_resid[16]=6.45e-12 | overall_time(s)=3.442e+02 warm_time(s)=3.943e+01
order= 6 nref= 1 baseN(quad=False)=26 | ndofs=  231818 | rel_resid[19]=3.43e-12 | overall_time(s)=8.862e+00 warm_time(s)=2.770e+00
order= 6 nref= 2 baseN(quad=False)=26 | ndofs=  926018 | rel_resid[18]=4.72e-12 | overall_time(s)=3.052e+01 warm_time(s)=1.066e+01
order= 6 nref= 3 baseN(quad=False)=26 | ndofs= 3701570 | rel_resid[18]=2.66e-12 | overall_time(s)=2.557e+02 warm_time(s)=4.017e+01
order= 7 nref= 1 baseN(quad=False)=22 | ndofs=  224226 | rel_resid[21]=3.47e-12 | overall_time(s)=1.136e+01 warm_time(s)=3.395e+00
order= 7 nref= 2 baseN(quad=False)=22 | ndofs=  895666 | rel_resid[20]=5.11e-12 | overall_time(s)=3.282e+01 warm_time(s)=1.171e+01
order= 7 nref= 3 baseN(quad=False)=22 | ndofs= 3580194 | rel_resid[19]=8.33e-12 | overall_time(s)=2.244e+02 warm_time(s)=4.313e+01
order= 8 nref= 1 baseN(quad=False)=20 | ndofs=  240642 | rel_resid[22]=5.89e-12 | overall_time(s)=1.251e+01 warm_time(s)=4.010e+00
order= 8 nref= 2 baseN(quad=False)=20 | ndofs=  961282 | rel_resid[21]=7.66e-12 | overall_time(s)=4.083e+01 warm_time(s)=1.427e+01
order= 8 nref= 3 baseN(quad=False)=20 | ndofs= 3842562 | rel_resid[21]=4.26e-12 | overall_time(s)=2.454e+02 warm_time(s)=5.538e+01
order= 9 nref= 1 baseN(quad=False)=16 | ndofs=  194114 | rel_resid[24]=5.19e-12 | overall_time(s)=1.264e+01 warm_time(s)=3.989e+00
order= 9 nref= 2 baseN(quad=False)=16 | ndofs=  775298 | rel_resid[23]=7.01e-12 | overall_time(s)=4.079e+01 warm_time(s)=1.435e+01
order= 9 nref= 3 baseN(quad=False)=16 | ndofs= 3098882 | rel_resid[22]=9.56e-12 | overall_time(s)=1.985e+02 warm_time(s)=5.157e+01
order=10 nref= 1 baseN(quad=False)=16 | ndofs=  238722 | rel_resid[25]=6.07e-12 | overall_time(s)=1.807e+01 warm_time(s)=5.570e+00
order=10 nref= 2 baseN(quad=False)=16 | ndofs=  953602 | rel_resid[24]=8.03e-12 | overall_time(s)=5.711e+01 warm_time(s)=1.978e+01
order=10 nref= 3 baseN(quad=False)=16 | ndofs= 3811842 | rel_resid[24]=4.79e-12 | overall_time(s)=2.735e+02 warm_time(s)=7.535e+01
Overall run-time: 0h 57min 58s
