Scott Vogelius Problem has been set up
Setting up the solver..
{'ksp_atol': 1e-15,
 'ksp_error_if_not_converged': False,
 'ksp_max_it': 80,
 'ksp_rtol': 1e-11,
 'ksp_type': 'fgmres',
 'ksp_view': None,
 'mat_type': 'aij',
 'pc_python_type': 'phmg.Gradual_Coarsening_SVk_THkhat_TH2',
 'pc_type': 'python',
 'petscpartitioner_parmetis_debug': 'true',
 'petscpartitioner_type': 'parmetis',
 'pmg': {'mg_levels': {'ksp_chebyshev_esteig': '0,0.25,0,1.1',
                       'ksp_convergence_test': 'skip',
                       'ksp_max_it': 3,
                       'ksp_type': 'chebyshev',
                       'pc_python_type': 'phmg.preconditioners.rlx_params.ASMVankaStarPC',
                       'pc_type': 'python',
                       'pc_vankastar_construct_dim': 0,
                       'pc_vankastar_exclude_subspaces': '1',
                       'pc_vankastar_sub_sub_pc_factor_shift_type': 'nonzero'},
         'pc_mg_type': 'multiplicative'},
 'pmg_mg_coarse': {'ksp_convergence_test': 'skip',
                   'ksp_norm': 'none',
                   'ksp_type': 'preonly',
                   'mg_coarse': {'ksp_type': 'preonly',
                                 'pc_factor_mat_solver_type': 'mumps',
                                 'pc_type': 'lu'},
                   'mg_levels': {'ksp_chebyshev_esteig': '0,0.25,0,1.1',
                                 'ksp_convergence_test': 'skip',
                                 'ksp_max_it': 2,
                                 'ksp_type': 'chebyshev',
                                 'pc_python_type': 'phmg.preconditioners.rlx_params.ASMVankaStarPC',
                                 'pc_type': 'python',
                                 'pc_vankastar_construct_dim': 0,
                                 'pc_vankastar_exclude_subspaces': '1',
                                 'pc_vankastar_sub_sub_pc_factor_shift_type': 'nonzero'},
                   'pc_mg_multiplicative_cycles': 2,
                   'pc_type': 'mg'},
 'snes_atol': 1e-10,
 'snes_convergence_test': 'skip',
 'snes_lag_jacobian': -2,
 'snes_lag_preconditioner': -2,
 'snes_max_it': 1,
 'snes_rtol': 1e-10,
 'snes_stol': 1e-10,
 'snes_type': 'ksponly'}
Warm-up run complete.
Warm run complete.
order= 3 nref= 3 baseN(quad=False)=52 | ndofs= 3896258 | rel_resid[ 9]=3.86e-12 | overall_time(s)=8.761e+02 warm_time(s)=3.789e+01
Scott Vogelius Problem has been set up
Setting up the solver..
{'ksp_atol': 1e-15,
 'ksp_error_if_not_converged': False,
 'ksp_max_it': 80,
 'ksp_rtol': 1e-11,
 'ksp_type': 'fgmres',
 'ksp_view': None,
 'mat_type': 'aij',
 'pc_python_type': 'phmg.Gradual_Coarsening_SVk_THkhat_TH2',
 'pc_type': 'python',
 'petscpartitioner_parmetis_debug': 'true',
 'petscpartitioner_type': 'parmetis',
 'pmg': {'mg_levels': {'ksp_chebyshev_esteig': '0,0.25,0,1.1',
                       'ksp_convergence_test': 'skip',
                       'ksp_max_it': 3,
                       'ksp_type': 'chebyshev',
                       'pc_python_type': 'phmg.preconditioners.rlx_params.ASMVankaStarPC',
                       'pc_type': 'python',
                       'pc_vankastar_construct_dim': 0,
                       'pc_vankastar_exclude_subspaces': '1',
                       'pc_vankastar_sub_sub_pc_factor_shift_type': 'nonzero'},
         'pc_mg_type': 'multiplicative'},
 'pmg_mg_coarse': {'ksp_convergence_test': 'skip',
                   'ksp_norm': 'none',
                   'ksp_type': 'preonly',
                   'mg_coarse': {'ksp_type': 'preonly',
                                 'pc_factor_mat_solver_type': 'mumps',
                                 'pc_type': 'lu'},
                   'mg_levels': {'ksp_chebyshev_esteig': '0,0.25,0,1.1',
                                 'ksp_convergence_test': 'skip',
                                 'ksp_max_it': 2,
                                 'ksp_type': 'chebyshev',
                                 'pc_python_type': 'phmg.preconditioners.rlx_params.ASMVankaStarPC',
                                 'pc_type': 'python',
                                 'pc_vankastar_construct_dim': 0,
                                 'pc_vankastar_exclude_subspaces': '1',
                                 'pc_vankastar_sub_sub_pc_factor_shift_type': 'nonzero'},
                   'pc_mg_multiplicative_cycles': 2,
                   'pc_type': 'mg'},
 'snes_atol': 1e-10,
 'snes_convergence_test': 'skip',
 'snes_lag_jacobian': -2,
 'snes_lag_preconditioner': -2,
 'snes_max_it': 1,
 'snes_rtol': 1e-10,
 'snes_stol': 1e-10,
 'snes_type': 'ksponly'}
Warm-up run complete.
Warm run complete.
order= 4 nref= 3 baseN(quad=False)=40 | ndofs= 3996162 | rel_resid[11]=2.83e-12 | overall_time(s)=4.672e+02 warm_time(s)=3.662e+01
Scott Vogelius Problem has been set up
Setting up the solver..
{'ksp_atol': 1e-15,
 'ksp_error_if_not_converged': False,
 'ksp_max_it': 80,
 'ksp_rtol': 1e-11,
 'ksp_type': 'fgmres',
 'ksp_view': None,
 'mat_type': 'aij',
 'pc_python_type': 'phmg.Gradual_Coarsening_SVk_THkhat_TH2',
 'pc_type': 'python',
 'petscpartitioner_parmetis_debug': 'true',
 'petscpartitioner_type': 'parmetis',
 'pmg': {'mg_levels': {'ksp_chebyshev_esteig': '0,0.25,0,1.1',
                       'ksp_convergence_test': 'skip',
                       'ksp_max_it': 3,
                       'ksp_type': 'chebyshev',
                       'pc_python_type': 'phmg.preconditioners.rlx_params.ASMVankaStarPC',
                       'pc_type': 'python',
                       'pc_vankastar_construct_dim': 0,
                       'pc_vankastar_exclude_subspaces': '1',
                       'pc_vankastar_sub_sub_pc_factor_shift_type': 'nonzero'},
         'pc_mg_type': 'multiplicative'},
 'pmg_mg_coarse': {'ksp_convergence_test': 'skip',
                   'ksp_norm': 'none',
                   'ksp_type': 'preonly',
                   'mg_coarse': {'ksp_type': 'preonly',
                                 'pc_factor_mat_solver_type': 'mumps',
                                 'pc_type': 'lu'},
                   'mg_levels': {'ksp_chebyshev_esteig': '0,0.25,0,1.1',
                                 'ksp_convergence_test': 'skip',
                                 'ksp_max_it': 2,
                                 'ksp_type': 'chebyshev',
                                 'pc_python_type': 'phmg.preconditioners.rlx_params.ASMVankaStarPC',
                                 'pc_type': 'python',
                                 'pc_vankastar_construct_dim': 0,
                                 'pc_vankastar_exclude_subspaces': '1',
                                 'pc_vankastar_sub_sub_pc_factor_shift_type': 'nonzero'},
                   'pc_mg_multiplicative_cycles': 2,
                   'pc_type': 'mg'},
 'snes_atol': 1e-10,
 'snes_convergence_test': 'skip',
 'snes_lag_jacobian': -2,
 'snes_lag_preconditioner': -2,
 'snes_max_it': 1,
 'snes_rtol': 1e-10,
 'snes_stol': 1e-10,
 'snes_type': 'ksponly'}
Warm-up run complete.
Warm run complete.
order= 5 nref= 3 baseN(quad=False)=32 | ndofs= 3934722 | rel_resid[13]=2.60e-12 | overall_time(s)=3.487e+02 warm_time(s)=3.927e+01
Scott Vogelius Problem has been set up
Setting up the solver..
{'ksp_atol': 1e-15,
 'ksp_error_if_not_converged': False,
 'ksp_max_it': 80,
 'ksp_rtol': 1e-11,
 'ksp_type': 'fgmres',
 'ksp_view': None,
 'mat_type': 'aij',
 'pc_python_type': 'phmg.Gradual_Coarsening_SVk_THkhat_TH2',
 'pc_type': 'python',
 'petscpartitioner_parmetis_debug': 'true',
 'petscpartitioner_type': 'parmetis',
 'pmg': {'mg_levels': {'ksp_chebyshev_esteig': '0,0.25,0,1.1',
                       'ksp_convergence_test': 'skip',
                       'ksp_max_it': 3,
                       'ksp_type': 'chebyshev',
                       'pc_python_type': 'phmg.preconditioners.rlx_params.ASMVankaStarPC',
                       'pc_type': 'python',
                       'pc_vankastar_construct_dim': 0,
                       'pc_vankastar_exclude_subspaces': '1',
                       'pc_vankastar_sub_sub_pc_factor_shift_type': 'nonzero'},
         'pc_mg_type': 'multiplicative'},
 'pmg_mg_coarse': {'ksp_convergence_test': 'skip',
                   'ksp_norm': 'none',
                   'ksp_type': 'preonly',
                   'mg_coarse': {'ksp_type': 'preonly',
                                 'pc_factor_mat_solver_type': 'mumps',
                                 'pc_type': 'lu'},
                   'mg_levels': {'ksp_chebyshev_esteig': '0,0.25,0,1.1',
                                 'ksp_convergence_test': 'skip',
                                 'ksp_max_it': 2,
                                 'ksp_type': 'chebyshev',
                                 'pc_python_type': 'phmg.preconditioners.rlx_params.ASMVankaStarPC',
                                 'pc_type': 'python',
                                 'pc_vankastar_construct_dim': 0,
                                 'pc_vankastar_exclude_subspaces': '1',
                                 'pc_vankastar_sub_sub_pc_factor_shift_type': 'nonzero'},
                   'pc_mg_multiplicative_cycles': 2,
                   'pc_type': 'mg'},
 'snes_atol': 1e-10,
 'snes_convergence_test': 'skip',
 'snes_lag_jacobian': -2,
 'snes_lag_preconditioner': -2,
 'snes_max_it': 1,
 'snes_rtol': 1e-10,
 'snes_stol': 1e-10,
 'snes_type': 'ksponly'}
Warm-up run complete.
Warm run complete.
order= 6 nref= 3 baseN(quad=False)=26 | ndofs= 3701570 | rel_resid[ 9]=8.28e-12 | overall_time(s)=3.168e+02 warm_time(s)=3.481e+01
Scott Vogelius Problem has been set up
Setting up the solver..
{'ksp_atol': 1e-15,
 'ksp_error_if_not_converged': False,
 'ksp_max_it': 80,
 'ksp_rtol': 1e-11,
 'ksp_type': 'fgmres',
 'ksp_view': None,
 'mat_type': 'aij',
 'pc_python_type': 'phmg.Gradual_Coarsening_SVk_THkhat_TH2',
 'pc_type': 'python',
 'petscpartitioner_parmetis_debug': 'true',
 'petscpartitioner_type': 'parmetis',
 'pmg': {'mg_levels': {'ksp_chebyshev_esteig': '0,0.25,0,1.1',
                       'ksp_convergence_test': 'skip',
                       'ksp_max_it': 3,
                       'ksp_type': 'chebyshev',
                       'pc_python_type': 'phmg.preconditioners.rlx_params.ASMVankaStarPC',
                       'pc_type': 'python',
                       'pc_vankastar_construct_dim': 0,
                       'pc_vankastar_exclude_subspaces': '1',
                       'pc_vankastar_sub_sub_pc_factor_shift_type': 'nonzero'},
         'pc_mg_type': 'multiplicative'},
 'pmg_mg_coarse': {'ksp_convergence_test': 'skip',
                   'ksp_norm': 'none',
                   'ksp_type': 'preonly',
                   'mg_coarse': {'ksp_type': 'preonly',
                                 'pc_factor_mat_solver_type': 'mumps',
                                 'pc_type': 'lu'},
                   'mg_levels': {'ksp_chebyshev_esteig': '0,0.25,0,1.1',
                                 'ksp_convergence_test': 'skip',
                                 'ksp_max_it': 2,
                                 'ksp_type': 'chebyshev',
                                 'pc_python_type': 'phmg.preconditioners.rlx_params.ASMVankaStarPC',
                                 'pc_type': 'python',
                                 'pc_vankastar_construct_dim': 0,
                                 'pc_vankastar_exclude_subspaces': '1',
                                 'pc_vankastar_sub_sub_pc_factor_shift_type': 'nonzero'},
                   'pc_mg_multiplicative_cycles': 2,
                   'pc_type': 'mg'},
 'snes_atol': 1e-10,
 'snes_convergence_test': 'skip',
 'snes_lag_jacobian': -2,
 'snes_lag_preconditioner': -2,
 'snes_max_it': 1,
 'snes_rtol': 1e-10,
 'snes_stol': 1e-10,
 'snes_type': 'ksponly'}
Warm-up run complete.
Warm run complete.
order= 7 nref= 3 baseN(quad=False)=22 | ndofs= 3580194 | rel_resid[10]=5.65e-12 | overall_time(s)=2.270e+02 warm_time(s)=3.661e+01
Scott Vogelius Problem has been set up
Setting up the solver..
{'ksp_atol': 1e-15,
 'ksp_error_if_not_converged': False,
 'ksp_max_it': 80,
 'ksp_rtol': 1e-11,
 'ksp_type': 'fgmres',
 'ksp_view': None,
 'mat_type': 'aij',
 'pc_python_type': 'phmg.Gradual_Coarsening_SVk_THkhat_TH2',
 'pc_type': 'python',
 'petscpartitioner_parmetis_debug': 'true',
 'petscpartitioner_type': 'parmetis',
 'pmg': {'mg_levels': {'ksp_chebyshev_esteig': '0,0.25,0,1.1',
                       'ksp_convergence_test': 'skip',
                       'ksp_max_it': 3,
                       'ksp_type': 'chebyshev',
                       'pc_python_type': 'phmg.preconditioners.rlx_params.ASMVankaStarPC',
                       'pc_type': 'python',
                       'pc_vankastar_construct_dim': 0,
                       'pc_vankastar_exclude_subspaces': '1',
                       'pc_vankastar_sub_sub_pc_factor_shift_type': 'nonzero'},
         'pc_mg_type': 'multiplicative'},
 'pmg_mg_coarse': {'ksp_convergence_test': 'skip',
                   'ksp_norm': 'none',
                   'ksp_type': 'preonly',
                   'mg_coarse': {'ksp_type': 'preonly',
                                 'pc_factor_mat_solver_type': 'mumps',
                                 'pc_type': 'lu'},
                   'mg_levels': {'ksp_chebyshev_esteig': '0,0.25,0,1.1',
                                 'ksp_convergence_test': 'skip',
                                 'ksp_max_it': 2,
                                 'ksp_type': 'chebyshev',
                                 'pc_python_type': 'phmg.preconditioners.rlx_params.ASMVankaStarPC',
                                 'pc_type': 'python',
                                 'pc_vankastar_construct_dim': 0,
                                 'pc_vankastar_exclude_subspaces': '1',
                                 'pc_vankastar_sub_sub_pc_factor_shift_type': 'nonzero'},
                   'pc_mg_multiplicative_cycles': 2,
                   'pc_type': 'mg'},
 'snes_atol': 1e-10,
 'snes_convergence_test': 'skip',
 'snes_lag_jacobian': -2,
 'snes_lag_preconditioner': -2,
 'snes_max_it': 1,
 'snes_rtol': 1e-10,
 'snes_stol': 1e-10,
 'snes_type': 'ksponly'}
Warm-up run complete.
Warm run complete.
order= 8 nref= 3 baseN(quad=False)=20 | ndofs= 3842562 | rel_resid[10]=2.61e-12 | overall_time(s)=2.666e+02 warm_time(s)=4.446e+01
Scott Vogelius Problem has been set up
Setting up the solver..
{'ksp_atol': 1e-15,
 'ksp_error_if_not_converged': False,
 'ksp_max_it': 80,
 'ksp_rtol': 1e-11,
 'ksp_type': 'fgmres',
 'ksp_view': None,
 'mat_type': 'aij',
 'pc_python_type': 'phmg.Gradual_Coarsening_SVk_THkhat_TH2',
 'pc_type': 'python',
 'petscpartitioner_parmetis_debug': 'true',
 'petscpartitioner_type': 'parmetis',
 'pmg': {'mg_levels': {'ksp_chebyshev_esteig': '0,0.25,0,1.1',
                       'ksp_convergence_test': 'skip',
                       'ksp_max_it': 3,
                       'ksp_type': 'chebyshev',
                       'pc_python_type': 'phmg.preconditioners.rlx_params.ASMVankaStarPC',
                       'pc_type': 'python',
                       'pc_vankastar_construct_dim': 0,
                       'pc_vankastar_exclude_subspaces': '1',
                       'pc_vankastar_sub_sub_pc_factor_shift_type': 'nonzero'},
         'pc_mg_type': 'multiplicative'},
 'pmg_mg_coarse': {'ksp_convergence_test': 'skip',
                   'ksp_norm': 'none',
                   'ksp_type': 'preonly',
                   'mg_coarse': {'ksp_type': 'preonly',
                                 'pc_factor_mat_solver_type': 'mumps',
                                 'pc_type': 'lu'},
                   'mg_levels': {'ksp_chebyshev_esteig': '0,0.25,0,1.1',
                                 'ksp_convergence_test': 'skip',
                                 'ksp_max_it': 2,
                                 'ksp_type': 'chebyshev',
                                 'pc_python_type': 'phmg.preconditioners.rlx_params.ASMVankaStarPC',
                                 'pc_type': 'python',
                                 'pc_vankastar_construct_dim': 0,
                                 'pc_vankastar_exclude_subspaces': '1',
                                 'pc_vankastar_sub_sub_pc_factor_shift_type': 'nonzero'},
                   'pc_mg_multiplicative_cycles': 2,
                   'pc_type': 'mg'},
 'snes_atol': 1e-10,
 'snes_convergence_test': 'skip',
 'snes_lag_jacobian': -2,
 'snes_lag_preconditioner': -2,
 'snes_max_it': 1,
 'snes_rtol': 1e-10,
 'snes_stol': 1e-10,
 'snes_type': 'ksponly'}
Warm-up run complete.
Warm run complete.
order= 9 nref= 3 baseN(quad=False)=16 | ndofs= 3098882 | rel_resid[11]=1.07e-12 | overall_time(s)=2.005e+02 warm_time(s)=4.335e+01
Scott Vogelius Problem has been set up
Setting up the solver..
{'ksp_atol': 1e-15,
 'ksp_error_if_not_converged': False,
 'ksp_max_it': 80,
 'ksp_rtol': 1e-11,
 'ksp_type': 'fgmres',
 'ksp_view': None,
 'mat_type': 'aij',
 'pc_python_type': 'phmg.Gradual_Coarsening_SVk_THkhat_TH2',
 'pc_type': 'python',
 'petscpartitioner_parmetis_debug': 'true',
 'petscpartitioner_type': 'parmetis',
 'pmg': {'mg_levels': {'ksp_chebyshev_esteig': '0,0.25,0,1.1',
                       'ksp_convergence_test': 'skip',
                       'ksp_max_it': 3,
                       'ksp_type': 'chebyshev',
                       'pc_python_type': 'phmg.preconditioners.rlx_params.ASMVankaStarPC',
                       'pc_type': 'python',
                       'pc_vankastar_construct_dim': 0,
                       'pc_vankastar_exclude_subspaces': '1',
                       'pc_vankastar_sub_sub_pc_factor_shift_type': 'nonzero'},
         'pc_mg_type': 'multiplicative'},
 'pmg_mg_coarse': {'ksp_convergence_test': 'skip',
                   'ksp_norm': 'none',
                   'ksp_type': 'preonly',
                   'mg_coarse': {'ksp_type': 'preonly',
                                 'pc_factor_mat_solver_type': 'mumps',
                                 'pc_type': 'lu'},
                   'mg_levels': {'ksp_chebyshev_esteig': '0,0.25,0,1.1',
                                 'ksp_convergence_test': 'skip',
                                 'ksp_max_it': 2,
                                 'ksp_type': 'chebyshev',
                                 'pc_python_type': 'phmg.preconditioners.rlx_params.ASMVankaStarPC',
                                 'pc_type': 'python',
                                 'pc_vankastar_construct_dim': 0,
                                 'pc_vankastar_exclude_subspaces': '1',
                                 'pc_vankastar_sub_sub_pc_factor_shift_type': 'nonzero'},
                   'pc_mg_multiplicative_cycles': 2,
                   'pc_type': 'mg'},
 'snes_atol': 1e-10,
 'snes_convergence_test': 'skip',
 'snes_lag_jacobian': -2,
 'snes_lag_preconditioner': -2,
 'snes_max_it': 1,
 'snes_rtol': 1e-10,
 'snes_stol': 1e-10,
 'snes_type': 'ksponly'}
Warm-up run complete.
Warm run complete.
order=10 nref= 3 baseN(quad=False)=16 | ndofs= 3811842 | rel_resid[11]=3.58e-12 | overall_time(s)=2.587e+02 warm_time(s)=5.652e+01
Scott Vogelius Problem has been set up
Setting up the solver..
{'ksp_atol': 1e-15,
 'ksp_error_if_not_converged': False,
 'ksp_max_it': 80,
 'ksp_rtol': 1e-11,
 'ksp_type': 'fgmres',
 'ksp_view': None,
 'mat_type': 'aij',
 'pc_python_type': 'phmg.Gradual_Coarsening_SVk_THkhat_TH2',
 'pc_type': 'python',
 'petscpartitioner_parmetis_debug': 'true',
 'petscpartitioner_type': 'parmetis',
 'pmg': {'mg_levels': {'ksp_chebyshev_esteig': '0,0.25,0,1.1',
                       'ksp_convergence_test': 'skip',
                       'ksp_max_it': 3,
                       'ksp_type': 'chebyshev',
                       'pc_python_type': 'phmg.preconditioners.rlx_params.ASMVankaStarPC',
                       'pc_type': 'python',
                       'pc_vankastar_construct_dim': 0,
                       'pc_vankastar_exclude_subspaces': '1',
                       'pc_vankastar_sub_sub_pc_factor_shift_type': 'nonzero'},
         'pc_mg_type': 'multiplicative'},
 'pmg_mg_coarse': {'ksp_convergence_test': 'skip',
                   'ksp_norm': 'none',
                   'ksp_type': 'preonly',
                   'mg_coarse': {'ksp_type': 'preonly',
                                 'pc_factor_mat_solver_type': 'mumps',
                                 'pc_type': 'lu'},
                   'mg_levels': {'ksp_chebyshev_esteig': '0,0.25,0,1.1',
                                 'ksp_convergence_test': 'skip',
                                 'ksp_max_it': 2,
                                 'ksp_type': 'chebyshev',
                                 'pc_python_type': 'phmg.preconditioners.rlx_params.ASMVankaStarPC',
                                 'pc_type': 'python',
                                 'pc_vankastar_construct_dim': 0,
                                 'pc_vankastar_exclude_subspaces': '1',
                                 'pc_vankastar_sub_sub_pc_factor_shift_type': 'nonzero'},
                   'pc_mg_multiplicative_cycles': 2,
                   'pc_type': 'mg'},
 'snes_atol': 1e-10,
 'snes_convergence_test': 'skip',
 'snes_lag_jacobian': -2,
 'snes_lag_preconditioner': -2,
 'snes_max_it': 1,
 'snes_rtol': 1e-10,
 'snes_stol': 1e-10,
 'snes_type': 'ksponly'}
Warm-up run complete.
Warm run complete.
order= 3 nref= 3 baseN(quad=False)=52 | ndofs= 3896258 | rel_resid[ 9]=3.86e-12 | overall_time(s)=8.634e+02 warm_time(s)=3.856e+01
Scott Vogelius Problem has been set up
Setting up the solver..
{'ksp_atol': 1e-15,
 'ksp_error_if_not_converged': False,
 'ksp_max_it': 80,
 'ksp_rtol': 1e-11,
 'ksp_type': 'fgmres',
 'ksp_view': None,
 'mat_type': 'aij',
 'pc_python_type': 'phmg.Gradual_Coarsening_SVk_THkhat_TH2',
 'pc_type': 'python',
 'petscpartitioner_parmetis_debug': 'true',
 'petscpartitioner_type': 'parmetis',
 'pmg': {'mg_levels': {'ksp_chebyshev_esteig': '0,0.25,0,1.1',
                       'ksp_convergence_test': 'skip',
                       'ksp_max_it': 3,
                       'ksp_type': 'chebyshev',
                       'pc_python_type': 'phmg.preconditioners.rlx_params.ASMVankaStarPC',
                       'pc_type': 'python',
                       'pc_vankastar_construct_dim': 0,
                       'pc_vankastar_exclude_subspaces': '1',
                       'pc_vankastar_sub_sub_pc_factor_shift_type': 'nonzero'},
         'pc_mg_type': 'multiplicative'},
 'pmg_mg_coarse': {'ksp_convergence_test': 'skip',
                   'ksp_norm': 'none',
                   'ksp_type': 'preonly',
                   'mg_coarse': {'ksp_type': 'preonly',
                                 'pc_factor_mat_solver_type': 'mumps',
                                 'pc_type': 'lu'},
                   'mg_levels': {'ksp_chebyshev_esteig': '0,0.25,0,1.1',
                                 'ksp_convergence_test': 'skip',
                                 'ksp_max_it': 2,
                                 'ksp_type': 'chebyshev',
                                 'pc_python_type': 'phmg.preconditioners.rlx_params.ASMVankaStarPC',
                                 'pc_type': 'python',
                                 'pc_vankastar_construct_dim': 0,
                                 'pc_vankastar_exclude_subspaces': '1',
                                 'pc_vankastar_sub_sub_pc_factor_shift_type': 'nonzero'},
                   'pc_mg_multiplicative_cycles': 2,
                   'pc_type': 'mg'},
 'snes_atol': 1e-10,
 'snes_convergence_test': 'skip',
 'snes_lag_jacobian': -2,
 'snes_lag_preconditioner': -2,
 'snes_max_it': 1,
 'snes_rtol': 1e-10,
 'snes_stol': 1e-10,
 'snes_type': 'ksponly'}
Warm-up run complete.
Warm run complete.
order= 4 nref= 3 baseN(quad=False)=40 | ndofs= 3996162 | rel_resid[11]=2.83e-12 | overall_time(s)=4.656e+02 warm_time(s)=3.669e+01
Scott Vogelius Problem has been set up
Setting up the solver..
{'ksp_atol': 1e-15,
 'ksp_error_if_not_converged': False,
 'ksp_max_it': 80,
 'ksp_rtol': 1e-11,
 'ksp_type': 'fgmres',
 'ksp_view': None,
 'mat_type': 'aij',
 'pc_python_type': 'phmg.Gradual_Coarsening_SVk_THkhat_TH2',
 'pc_type': 'python',
 'petscpartitioner_parmetis_debug': 'true',
 'petscpartitioner_type': 'parmetis',
 'pmg': {'mg_levels': {'ksp_chebyshev_esteig': '0,0.25,0,1.1',
                       'ksp_convergence_test': 'skip',
                       'ksp_max_it': 3,
                       'ksp_type': 'chebyshev',
                       'pc_python_type': 'phmg.preconditioners.rlx_params.ASMVankaStarPC',
                       'pc_type': 'python',
                       'pc_vankastar_construct_dim': 0,
                       'pc_vankastar_exclude_subspaces': '1',
                       'pc_vankastar_sub_sub_pc_factor_shift_type': 'nonzero'},
         'pc_mg_type': 'multiplicative'},
 'pmg_mg_coarse': {'ksp_convergence_test': 'skip',
                   'ksp_norm': 'none',
                   'ksp_type': 'preonly',
                   'mg_coarse': {'ksp_type': 'preonly',
                                 'pc_factor_mat_solver_type': 'mumps',
                                 'pc_type': 'lu'},
                   'mg_levels': {'ksp_chebyshev_esteig': '0,0.25,0,1.1',
                                 'ksp_convergence_test': 'skip',
                                 'ksp_max_it': 2,
                                 'ksp_type': 'chebyshev',
                                 'pc_python_type': 'phmg.preconditioners.rlx_params.ASMVankaStarPC',
                                 'pc_type': 'python',
                                 'pc_vankastar_construct_dim': 0,
                                 'pc_vankastar_exclude_subspaces': '1',
                                 'pc_vankastar_sub_sub_pc_factor_shift_type': 'nonzero'},
                   'pc_mg_multiplicative_cycles': 2,
                   'pc_type': 'mg'},
 'snes_atol': 1e-10,
 'snes_convergence_test': 'skip',
 'snes_lag_jacobian': -2,
 'snes_lag_preconditioner': -2,
 'snes_max_it': 1,
 'snes_rtol': 1e-10,
 'snes_stol': 1e-10,
 'snes_type': 'ksponly'}
Warm-up run complete.
Warm run complete.
order= 5 nref= 3 baseN(quad=False)=32 | ndofs= 3934722 | rel_resid[13]=2.60e-12 | overall_time(s)=3.485e+02 warm_time(s)=3.893e+01
Scott Vogelius Problem has been set up
Setting up the solver..
{'ksp_atol': 1e-15,
 'ksp_error_if_not_converged': False,
 'ksp_max_it': 80,
 'ksp_rtol': 1e-11,
 'ksp_type': 'fgmres',
 'ksp_view': None,
 'mat_type': 'aij',
 'pc_python_type': 'phmg.Gradual_Coarsening_SVk_THkhat_TH2',
 'pc_type': 'python',
 'petscpartitioner_parmetis_debug': 'true',
 'petscpartitioner_type': 'parmetis',
 'pmg': {'mg_levels': {'ksp_chebyshev_esteig': '0,0.25,0,1.1',
                       'ksp_convergence_test': 'skip',
                       'ksp_max_it': 3,
                       'ksp_type': 'chebyshev',
                       'pc_python_type': 'phmg.preconditioners.rlx_params.ASMVankaStarPC',
                       'pc_type': 'python',
                       'pc_vankastar_construct_dim': 0,
                       'pc_vankastar_exclude_subspaces': '1',
                       'pc_vankastar_sub_sub_pc_factor_shift_type': 'nonzero'},
         'pc_mg_type': 'multiplicative'},
 'pmg_mg_coarse': {'ksp_convergence_test': 'skip',
                   'ksp_norm': 'none',
                   'ksp_type': 'preonly',
                   'mg_coarse': {'ksp_type': 'preonly',
                                 'pc_factor_mat_solver_type': 'mumps',
                                 'pc_type': 'lu'},
                   'mg_levels': {'ksp_chebyshev_esteig': '0,0.25,0,1.1',
                                 'ksp_convergence_test': 'skip',
                                 'ksp_max_it': 2,
                                 'ksp_type': 'chebyshev',
                                 'pc_python_type': 'phmg.preconditioners.rlx_params.ASMVankaStarPC',
                                 'pc_type': 'python',
                                 'pc_vankastar_construct_dim': 0,
                                 'pc_vankastar_exclude_subspaces': '1',
                                 'pc_vankastar_sub_sub_pc_factor_shift_type': 'nonzero'},
                   'pc_mg_multiplicative_cycles': 2,
                   'pc_type': 'mg'},
 'snes_atol': 1e-10,
 'snes_convergence_test': 'skip',
 'snes_lag_jacobian': -2,
 'snes_lag_preconditioner': -2,
 'snes_max_it': 1,
 'snes_rtol': 1e-10,
 'snes_stol': 1e-10,
 'snes_type': 'ksponly'}
Warm-up run complete.
Warm run complete.
order= 6 nref= 3 baseN(quad=False)=26 | ndofs= 3701570 | rel_resid[ 9]=8.28e-12 | overall_time(s)=3.072e+02 warm_time(s)=3.520e+01
Scott Vogelius Problem has been set up
Setting up the solver..
{'ksp_atol': 1e-15,
 'ksp_error_if_not_converged': False,
 'ksp_max_it': 80,
 'ksp_rtol': 1e-11,
 'ksp_type': 'fgmres',
 'ksp_view': None,
 'mat_type': 'aij',
 'pc_python_type': 'phmg.Gradual_Coarsening_SVk_THkhat_TH2',
 'pc_type': 'python',
 'petscpartitioner_parmetis_debug': 'true',
 'petscpartitioner_type': 'parmetis',
 'pmg': {'mg_levels': {'ksp_chebyshev_esteig': '0,0.25,0,1.1',
                       'ksp_convergence_test': 'skip',
                       'ksp_max_it': 3,
                       'ksp_type': 'chebyshev',
                       'pc_python_type': 'phmg.preconditioners.rlx_params.ASMVankaStarPC',
                       'pc_type': 'python',
                       'pc_vankastar_construct_dim': 0,
                       'pc_vankastar_exclude_subspaces': '1',
                       'pc_vankastar_sub_sub_pc_factor_shift_type': 'nonzero'},
         'pc_mg_type': 'multiplicative'},
 'pmg_mg_coarse': {'ksp_convergence_test': 'skip',
                   'ksp_norm': 'none',
                   'ksp_type': 'preonly',
                   'mg_coarse': {'ksp_type': 'preonly',
                                 'pc_factor_mat_solver_type': 'mumps',
                                 'pc_type': 'lu'},
                   'mg_levels': {'ksp_chebyshev_esteig': '0,0.25,0,1.1',
                                 'ksp_convergence_test': 'skip',
                                 'ksp_max_it': 2,
                                 'ksp_type': 'chebyshev',
                                 'pc_python_type': 'phmg.preconditioners.rlx_params.ASMVankaStarPC',
                                 'pc_type': 'python',
                                 'pc_vankastar_construct_dim': 0,
                                 'pc_vankastar_exclude_subspaces': '1',
                                 'pc_vankastar_sub_sub_pc_factor_shift_type': 'nonzero'},
                   'pc_mg_multiplicative_cycles': 2,
                   'pc_type': 'mg'},
 'snes_atol': 1e-10,
 'snes_convergence_test': 'skip',
 'snes_lag_jacobian': -2,
 'snes_lag_preconditioner': -2,
 'snes_max_it': 1,
 'snes_rtol': 1e-10,
 'snes_stol': 1e-10,
 'snes_type': 'ksponly'}
Warm-up run complete.
Warm run complete.
order= 7 nref= 3 baseN(quad=False)=22 | ndofs= 3580194 | rel_resid[10]=5.65e-12 | overall_time(s)=2.286e+02 warm_time(s)=3.728e+01
Scott Vogelius Problem has been set up
Setting up the solver..
{'ksp_atol': 1e-15,
 'ksp_error_if_not_converged': False,
 'ksp_max_it': 80,
 'ksp_rtol': 1e-11,
 'ksp_type': 'fgmres',
 'ksp_view': None,
 'mat_type': 'aij',
 'pc_python_type': 'phmg.Gradual_Coarsening_SVk_THkhat_TH2',
 'pc_type': 'python',
 'petscpartitioner_parmetis_debug': 'true',
 'petscpartitioner_type': 'parmetis',
 'pmg': {'mg_levels': {'ksp_chebyshev_esteig': '0,0.25,0,1.1',
                       'ksp_convergence_test': 'skip',
                       'ksp_max_it': 3,
                       'ksp_type': 'chebyshev',
                       'pc_python_type': 'phmg.preconditioners.rlx_params.ASMVankaStarPC',
                       'pc_type': 'python',
                       'pc_vankastar_construct_dim': 0,
                       'pc_vankastar_exclude_subspaces': '1',
                       'pc_vankastar_sub_sub_pc_factor_shift_type': 'nonzero'},
         'pc_mg_type': 'multiplicative'},
 'pmg_mg_coarse': {'ksp_convergence_test': 'skip',
                   'ksp_norm': 'none',
                   'ksp_type': 'preonly',
                   'mg_coarse': {'ksp_type': 'preonly',
                                 'pc_factor_mat_solver_type': 'mumps',
                                 'pc_type': 'lu'},
                   'mg_levels': {'ksp_chebyshev_esteig': '0,0.25,0,1.1',
                                 'ksp_convergence_test': 'skip',
                                 'ksp_max_it': 2,
                                 'ksp_type': 'chebyshev',
                                 'pc_python_type': 'phmg.preconditioners.rlx_params.ASMVankaStarPC',
                                 'pc_type': 'python',
                                 'pc_vankastar_construct_dim': 0,
                                 'pc_vankastar_exclude_subspaces': '1',
                                 'pc_vankastar_sub_sub_pc_factor_shift_type': 'nonzero'},
                   'pc_mg_multiplicative_cycles': 2,
                   'pc_type': 'mg'},
 'snes_atol': 1e-10,
 'snes_convergence_test': 'skip',
 'snes_lag_jacobian': -2,
 'snes_lag_preconditioner': -2,
 'snes_max_it': 1,
 'snes_rtol': 1e-10,
 'snes_stol': 1e-10,
 'snes_type': 'ksponly'}
Warm-up run complete.
Warm run complete.
order= 8 nref= 3 baseN(quad=False)=20 | ndofs= 3842562 | rel_resid[10]=2.61e-12 | overall_time(s)=2.794e+02 warm_time(s)=4.543e+01
Scott Vogelius Problem has been set up
Setting up the solver..
{'ksp_atol': 1e-15,
 'ksp_error_if_not_converged': False,
 'ksp_max_it': 80,
 'ksp_rtol': 1e-11,
 'ksp_type': 'fgmres',
 'ksp_view': None,
 'mat_type': 'aij',
 'pc_python_type': 'phmg.Gradual_Coarsening_SVk_THkhat_TH2',
 'pc_type': 'python',
 'petscpartitioner_parmetis_debug': 'true',
 'petscpartitioner_type': 'parmetis',
 'pmg': {'mg_levels': {'ksp_chebyshev_esteig': '0,0.25,0,1.1',
                       'ksp_convergence_test': 'skip',
                       'ksp_max_it': 3,
                       'ksp_type': 'chebyshev',
                       'pc_python_type': 'phmg.preconditioners.rlx_params.ASMVankaStarPC',
                       'pc_type': 'python',
                       'pc_vankastar_construct_dim': 0,
                       'pc_vankastar_exclude_subspaces': '1',
                       'pc_vankastar_sub_sub_pc_factor_shift_type': 'nonzero'},
         'pc_mg_type': 'multiplicative'},
 'pmg_mg_coarse': {'ksp_convergence_test': 'skip',
                   'ksp_norm': 'none',
                   'ksp_type': 'preonly',
                   'mg_coarse': {'ksp_type': 'preonly',
                                 'pc_factor_mat_solver_type': 'mumps',
                                 'pc_type': 'lu'},
                   'mg_levels': {'ksp_chebyshev_esteig': '0,0.25,0,1.1',
                                 'ksp_convergence_test': 'skip',
                                 'ksp_max_it': 2,
                                 'ksp_type': 'chebyshev',
                                 'pc_python_type': 'phmg.preconditioners.rlx_params.ASMVankaStarPC',
                                 'pc_type': 'python',
                                 'pc_vankastar_construct_dim': 0,
                                 'pc_vankastar_exclude_subspaces': '1',
                                 'pc_vankastar_sub_sub_pc_factor_shift_type': 'nonzero'},
                   'pc_mg_multiplicative_cycles': 2,
                   'pc_type': 'mg'},
 'snes_atol': 1e-10,
 'snes_convergence_test': 'skip',
 'snes_lag_jacobian': -2,
 'snes_lag_preconditioner': -2,
 'snes_max_it': 1,
 'snes_rtol': 1e-10,
 'snes_stol': 1e-10,
 'snes_type': 'ksponly'}
Warm-up run complete.
Warm run complete.
order= 9 nref= 3 baseN(quad=False)=16 | ndofs= 3098882 | rel_resid[11]=1.07e-12 | overall_time(s)=1.954e+02 warm_time(s)=4.242e+01
Scott Vogelius Problem has been set up
Setting up the solver..
{'ksp_atol': 1e-15,
 'ksp_error_if_not_converged': False,
 'ksp_max_it': 80,
 'ksp_rtol': 1e-11,
 'ksp_type': 'fgmres',
 'ksp_view': None,
 'mat_type': 'aij',
 'pc_python_type': 'phmg.Gradual_Coarsening_SVk_THkhat_TH2',
 'pc_type': 'python',
 'petscpartitioner_parmetis_debug': 'true',
 'petscpartitioner_type': 'parmetis',
 'pmg': {'mg_levels': {'ksp_chebyshev_esteig': '0,0.25,0,1.1',
                       'ksp_convergence_test': 'skip',
                       'ksp_max_it': 3,
                       'ksp_type': 'chebyshev',
                       'pc_python_type': 'phmg.preconditioners.rlx_params.ASMVankaStarPC',
                       'pc_type': 'python',
                       'pc_vankastar_construct_dim': 0,
                       'pc_vankastar_exclude_subspaces': '1',
                       'pc_vankastar_sub_sub_pc_factor_shift_type': 'nonzero'},
         'pc_mg_type': 'multiplicative'},
 'pmg_mg_coarse': {'ksp_convergence_test': 'skip',
                   'ksp_norm': 'none',
                   'ksp_type': 'preonly',
                   'mg_coarse': {'ksp_type': 'preonly',
                                 'pc_factor_mat_solver_type': 'mumps',
                                 'pc_type': 'lu'},
                   'mg_levels': {'ksp_chebyshev_esteig': '0,0.25,0,1.1',
                                 'ksp_convergence_test': 'skip',
                                 'ksp_max_it': 2,
                                 'ksp_type': 'chebyshev',
                                 'pc_python_type': 'phmg.preconditioners.rlx_params.ASMVankaStarPC',
                                 'pc_type': 'python',
                                 'pc_vankastar_construct_dim': 0,
                                 'pc_vankastar_exclude_subspaces': '1',
                                 'pc_vankastar_sub_sub_pc_factor_shift_type': 'nonzero'},
                   'pc_mg_multiplicative_cycles': 2,
                   'pc_type': 'mg'},
 'snes_atol': 1e-10,
 'snes_convergence_test': 'skip',
 'snes_lag_jacobian': -2,
 'snes_lag_preconditioner': -2,
 'snes_max_it': 1,
 'snes_rtol': 1e-10,
 'snes_stol': 1e-10,
 'snes_type': 'ksponly'}
Warm-up run complete.
Warm run complete.
order=10 nref= 3 baseN(quad=False)=16 | ndofs= 3811842 | rel_resid[11]=3.58e-12 | overall_time(s)=2.501e+02 warm_time(s)=5.560e+01
