order= 3 nref= 1 baseN(quad=False)=51 | ndofs=  230523 | rel_resid[11]=6.67e-12 | overall_time(s)=1.094e+01 warm_time(s)=2.703e+00
order= 3 nref= 2 baseN(quad=False)=51 | ndofs=  918819 | rel_resid[11]=6.04e-12 | overall_time(s)=3.601e+01 warm_time(s)=9.994e+00
order= 3 nref= 3 baseN(quad=False)=51 | ndofs= 3668739 | rel_resid[11]=3.66e-12 | overall_time(s)=1.086e+03 warm_time(s)=3.976e+01
order= 4 nref= 1 baseN(quad=False)=39 | ndofs=  251163 | rel_resid[11]=2.03e-12 | overall_time(s)=7.874e+00 warm_time(s)=2.139e+00
order= 4 nref= 2 baseN(quad=False)=39 | ndofs= 1001211 | rel_resid[11]=1.07e-12 | overall_time(s)=2.758e+01 warm_time(s)=7.720e+00
order= 4 nref= 3 baseN(quad=False)=39 | ndofs= 3997971 | rel_resid[10]=8.61e-12 | overall_time(s)=5.394e+02 warm_time(s)=2.611e+01
order= 5 nref= 1 baseN(quad=False)=31 | ndofs=  255443 | rel_resid[11]=6.43e-12 | overall_time(s)=7.019e+00 warm_time(s)=1.676e+00
order= 5 nref= 2 baseN(quad=False)=31 | ndofs= 1018291 | rel_resid[11]=4.34e-12 | overall_time(s)=2.355e+01 warm_time(s)=6.816e+00
order= 5 nref= 3 baseN(quad=False)=31 | ndofs= 4066211 | rel_resid[11]=3.14e-12 | overall_time(s)=3.805e+02 warm_time(s)=2.500e+01
order= 6 nref= 1 baseN(quad=False)=26 | ndofs=  264059 | rel_resid[11]=4.46e-12 | overall_time(s)=7.641e+00 warm_time(s)=1.698e+00
order= 6 nref= 2 baseN(quad=False)=26 | ndofs= 1052691 | rel_resid[11]=2.54e-12 | overall_time(s)=2.408e+01 warm_time(s)=6.890e+00
order= 6 nref= 3 baseN(quad=False)=26 | ndofs= 4203683 | rel_resid[11]=2.32e-12 | overall_time(s)=3.072e+02 warm_time(s)=2.680e+01
order= 7 nref= 1 baseN(quad=False)=22 | ndofs=  261187 | rel_resid[12]=6.69e-12 | overall_time(s)=8.280e+00 warm_time(s)=2.115e+00
order= 7 nref= 2 baseN(quad=False)=22 | ndofs= 1041219 | rel_resid[12]=2.54e-12 | overall_time(s)=2.822e+01 warm_time(s)=7.900e+00
order= 7 nref= 3 baseN(quad=False)=22 | ndofs= 4157827 | rel_resid[12]=1.78e-12 | overall_time(s)=2.733e+02 warm_time(s)=3.190e+01
order= 8 nref= 1 baseN(quad=False)=20 | ndofs=  285043 | rel_resid[12]=7.83e-12 | overall_time(s)=1.173e+01 warm_time(s)=2.629e+00
order= 8 nref= 2 baseN(quad=False)=20 | ndofs= 1136483 | rel_resid[12]=3.64e-12 | overall_time(s)=4.483e+01 warm_time(s)=1.102e+01
order= 8 nref= 3 baseN(quad=False)=20 | ndofs= 4538563 | rel_resid[12]=3.13e-12 | overall_time(s)=3.655e+02 warm_time(s)=6.752e+01
order= 9 nref= 1 baseN(quad=False)=18 | ndofs=  294771 | rel_resid[13]=8.30e-12 | overall_time(s)=2.189e+01 warm_time(s)=5.327e+00
order= 9 nref= 2 baseN(quad=False)=18 | ndofs= 1175331 | rel_resid[13]=3.85e-12 | overall_time(s)=7.946e+01 warm_time(s)=1.848e+01
order= 9 nref= 3 baseN(quad=False)=18 | ndofs= 4693827 | rel_resid[13]=3.12e-12 | overall_time(s)=3.957e+02 warm_time(s)=7.090e+01
order=10 nref= 1 baseN(quad=False)=16 | ndofs=  289603 | rel_resid[14]=3.08e-12 | overall_time(s)=1.794e+01 warm_time(s)=4.642e+00
order=10 nref= 2 baseN(quad=False)=16 | ndofs= 1154691 | rel_resid[14]=1.94e-12 | overall_time(s)=8.093e+01 warm_time(s)=2.192e+01
order=10 nref= 3 baseN(quad=False)=16 | ndofs= 4611331 | rel_resid[13]=9.68e-12 | overall_time(s)=4.159e+02 warm_time(s)=8.259e+01
Overall run-time: 1h 15min 28s
