order= 3 nref= 1 baseN(quad=False)=8 | ndofs=  154151 | rel_resid[12]=5.06e-12 | overall_time(s)=9.731e+00 warm_time(s)=2.377e+00
order= 3 nref= 2 baseN(quad=False)=8 | ndofs=  613219 | rel_resid[12]=1.57e-12 | overall_time(s)=2.912e+01 warm_time(s)=9.651e+00
order= 3 nref= 3 baseN(quad=False)=8 | ndofs= 2446115 | rel_resid[11]=6.21e-12 | overall_time(s)=3.708e+02 warm_time(s)=3.406e+01
order= 4 nref= 1 baseN(quad=False)=7 | ndofs=  149931 | rel_resid[11]=1.89e-12 | overall_time(s)=5.202e+00 warm_time(s)=1.400e+00
order= 4 nref= 2 baseN(quad=False)=7 | ndofs=  596371 | rel_resid[11]=1.73e-12 | overall_time(s)=1.772e+01 warm_time(s)=5.731e+00
order= 4 nref= 3 baseN(quad=False)=7 | ndofs= 2378787 | rel_resid[11]=3.08e-12 | overall_time(s)=7.636e+01 warm_time(s)=2.266e+01
order= 5 nref= 1 baseN(quad=False)=6 | ndofs=  126533 | rel_resid[12]=1.60e-12 | overall_time(s)=4.348e+00 warm_time(s)=1.096e+00
order= 5 nref= 2 baseN(quad=False)=6 | ndofs=  503071 | rel_resid[12]=3.79e-12 | overall_time(s)=1.330e+01 warm_time(s)=4.285e+00
order= 5 nref= 3 baseN(quad=False)=6 | ndofs= 2006171 | rel_resid[12]=5.62e-12 | overall_time(s)=5.268e+01 warm_time(s)=1.607e+01
order= 6 nref= 1 baseN(quad=False)=6 | ndofs=  185574 | rel_resid[11]=7.70e-12 | overall_time(s)=6.152e+00 warm_time(s)=1.476e+00
order= 6 nref= 2 baseN(quad=False)=6 | ndofs=  738581 | rel_resid[11]=4.16e-12 | overall_time(s)=1.773e+01 warm_time(s)=5.302e+00
order= 6 nref= 3 baseN(quad=False)=6 | ndofs= 2946903 | rel_resid[11]=3.27e-12 | overall_time(s)=7.159e+01 warm_time(s)=2.065e+01
order= 7 nref= 1 baseN(quad=False)=5 | ndofs=  137747 | rel_resid[12]=8.63e-12 | overall_time(s)=6.424e+00 warm_time(s)=1.274e+00
order= 7 nref= 2 baseN(quad=False)=5 | ndofs=  547779 | rel_resid[12]=6.67e-12 | overall_time(s)=1.522e+01 warm_time(s)=4.515e+00
order= 7 nref= 3 baseN(quad=False)=5 | ndofs= 2184707 | rel_resid[12]=6.72e-12 | overall_time(s)=9.040e+01 warm_time(s)=1.629e+01
order= 8 nref= 1 baseN(quad=False)=4 | ndofs=   99749 | rel_resid[13]=1.38e-12 | overall_time(s)=4.595e+00 warm_time(s)=1.009e+00
order= 8 nref= 2 baseN(quad=False)=4 | ndofs=  396319 | rel_resid[13]=1.70e-12 | overall_time(s)=1.308e+01 warm_time(s)=3.882e+00
order= 8 nref= 3 baseN(quad=False)=4 | ndofs= 1579931 | rel_resid[12]=8.69e-12 | overall_time(s)=4.590e+01 warm_time(s)=1.325e+01
order= 9 nref= 1 baseN(quad=False)=3 | ndofs=   65279 | rel_resid[14]=6.78e-12 | overall_time(s)=4.991e+00 warm_time(s)=8.710e-01
order= 9 nref= 2 baseN(quad=False)=3 | ndofs=  258923 | rel_resid[17]=3.58e-12 | overall_time(s)=1.197e+01 warm_time(s)=3.602e+00
order= 9 nref= 3 baseN(quad=False)=3 | ndofs= 1031315 | rel_resid[18]=1.80e-12 | overall_time(s)=4.419e+01 warm_time(s)=1.424e+01
order=10 nref= 1 baseN(quad=False)=3 | ndofs=   81025 | rel_resid[17]=2.35e-12 | overall_time(s)=6.207e+00 warm_time(s)=1.642e+00
order=10 nref= 2 baseN(quad=False)=3 | ndofs=  321655 | rel_resid[17]=2.86e-12 | overall_time(s)=1.601e+01 warm_time(s)=4.825e+00
order=10 nref= 3 baseN(quad=False)=3 | ndofs= 1281739 | rel_resid[16]=3.54e-12 | overall_time(s)=5.762e+01 warm_time(s)=1.738e+01
Overall run-time: 0h 18min 43s
