order= 3 nref= 1 baseN(quad=False)=8 | ndofs=  154151 | rel_resid[11]=1.57e-12 | overall_time(s)=7.419e+00 warm_time(s)=1.453e+00
order= 3 nref= 2 baseN(quad=False)=8 | ndofs=  613219 | rel_resid[12]=1.53e-12 | overall_time(s)=2.196e+01 warm_time(s)=6.283e+00
order= 3 nref= 3 baseN(quad=False)=8 | ndofs= 2446115 | rel_resid[13]=2.52e-12 | overall_time(s)=3.466e+02 warm_time(s)=2.432e+01
order= 4 nref= 1 baseN(quad=False)=7 | ndofs=  149931 | rel_resid[ 9]=2.10e-12 | overall_time(s)=4.172e+00 warm_time(s)=8.984e-01
order= 4 nref= 2 baseN(quad=False)=7 | ndofs=  596371 | rel_resid[10]=1.30e-12 | overall_time(s)=1.417e+01 warm_time(s)=4.005e+00
order= 4 nref= 3 baseN(quad=False)=7 | ndofs= 2378787 | rel_resid[12]=2.26e-12 | overall_time(s)=6.944e+01 warm_time(s)=1.909e+01
order= 5 nref= 1 baseN(quad=False)=6 | ndofs=  126533 | rel_resid[10]=5.36e-12 | overall_time(s)=4.058e+00 warm_time(s)=9.037e-01
order= 5 nref= 2 baseN(quad=False)=6 | ndofs=  503071 | rel_resid[12]=1.54e-12 | overall_time(s)=1.292e+01 warm_time(s)=4.061e+00
order= 5 nref= 3 baseN(quad=False)=6 | ndofs= 2006171 | rel_resid[15]=2.69e-12 | overall_time(s)=5.935e+01 warm_time(s)=1.917e+01
order= 6 nref= 1 baseN(quad=False)=6 | ndofs=  185574 | rel_resid[ 8]=7.36e-12 | overall_time(s)=7.020e+00 warm_time(s)=1.503e+00
order= 6 nref= 2 baseN(quad=False)=6 | ndofs=  738581 | rel_resid[ 9]=5.25e-12 | overall_time(s)=2.149e+01 warm_time(s)=6.093e+00
order= 6 nref= 3 baseN(quad=False)=6 | ndofs= 2946903 | rel_resid[10]=7.69e-12 | overall_time(s)=9.437e+01 warm_time(s)=2.567e+01
order= 7 nref= 1 baseN(quad=False)=5 | ndofs=  137747 | rel_resid[ 9]=4.78e-12 | overall_time(s)=6.025e+00 warm_time(s)=1.220e+00
order= 7 nref= 2 baseN(quad=False)=5 | ndofs=  547779 | rel_resid[10]=4.06e-12 | overall_time(s)=1.779e+01 warm_time(s)=5.186e+00
order= 7 nref= 3 baseN(quad=False)=5 | ndofs= 2184707 | rel_resid[12]=1.23e-12 | overall_time(s)=1.101e+02 warm_time(s)=2.340e+01
order= 8 nref= 1 baseN(quad=False)=4 | ndofs=   99749 | rel_resid[ 9]=1.62e-12 | overall_time(s)=5.363e+00 warm_time(s)=1.162e+00
order= 8 nref= 2 baseN(quad=False)=4 | ndofs=  396319 | rel_resid[10]=5.42e-12 | overall_time(s)=1.586e+01 warm_time(s)=4.442e+00
order= 8 nref= 3 baseN(quad=False)=4 | ndofs= 1579931 | rel_resid[13]=2.23e-12 | overall_time(s)=6.909e+01 warm_time(s)=2.196e+01
order= 9 nref= 1 baseN(quad=False)=3 | ndofs=   65279 | rel_resid[10]=9.02e-13 | overall_time(s)=5.007e+00 warm_time(s)=1.040e+00
order= 9 nref= 2 baseN(quad=False)=3 | ndofs=  258923 | rel_resid[13]=3.24e-12 | overall_time(s)=1.364e+01 warm_time(s)=4.140e+00
order= 9 nref= 3 baseN(quad=False)=3 | ndofs= 1031315 | rel_resid[19]=2.71e-12 | overall_time(s)=6.431e+01 warm_time(s)=2.286e+01
order=10 nref= 1 baseN(quad=False)=3 | ndofs=   81025 | rel_resid[11]=1.29e-12 | overall_time(s)=6.054e+00 warm_time(s)=1.363e+00
order=10 nref= 2 baseN(quad=False)=3 | ndofs=  321655 | rel_resid[12]=3.93e-12 | overall_time(s)=1.796e+01 warm_time(s)=5.133e+00
order=10 nref= 3 baseN(quad=False)=3 | ndofs= 1281739 | rel_resid[17]=3.45e-12 | overall_time(s)=8.145e+01 warm_time(s)=2.796e+01
Overall run-time: 0h 20min 9s
