order= 3 nref= 1 baseN(quad=False)=8 | ndofs=  154151 | rel_resid[12]=2.23e-12 | overall_time(s)=5.600e+00 warm_time(s)=7.258e-01
order= 3 nref= 2 baseN(quad=False)=8 | ndofs=  613219 | rel_resid[12]=6.53e-12 | overall_time(s)=1.397e+01 warm_time(s)=3.386e+00
order= 3 nref= 3 baseN(quad=False)=8 | ndofs= 2446115 | rel_resid[13]=3.33e-12 | overall_time(s)=3.140e+02 warm_time(s)=1.377e+01
order= 4 nref= 1 baseN(quad=False)=7 | ndofs=  149931 | rel_resid[11]=1.75e-12 | overall_time(s)=6.242e+00 warm_time(s)=7.267e-01
order= 4 nref= 2 baseN(quad=False)=7 | ndofs=  596371 | rel_resid[11]=2.38e-12 | overall_time(s)=1.459e+01 warm_time(s)=3.224e+00
order= 4 nref= 3 baseN(quad=False)=7 | ndofs= 2378787 | rel_resid[12]=1.51e-12 | overall_time(s)=5.839e+01 warm_time(s)=1.334e+01
order= 5 nref= 1 baseN(quad=False)=6 | ndofs=  126533 | rel_resid[10]=8.72e-12 | overall_time(s)=9.307e+00 warm_time(s)=6.293e-01
order= 5 nref= 2 baseN(quad=False)=6 | ndofs=  503071 | rel_resid[11]=4.57e-12 | overall_time(s)=1.626e+01 warm_time(s)=2.959e+00
order= 5 nref= 3 baseN(quad=False)=6 | ndofs= 2006171 | rel_resid[13]=2.00e-12 | overall_time(s)=5.665e+01 warm_time(s)=1.428e+01
order= 6 nref= 1 baseN(quad=False)=6 | ndofs=  185574 | rel_resid[10]=2.27e-12 | overall_time(s)=1.472e+01 warm_time(s)=1.073e+00
order= 6 nref= 2 baseN(quad=False)=6 | ndofs=  738581 | rel_resid[10]=3.18e-12 | overall_time(s)=2.740e+01 warm_time(s)=4.712e+00
order= 6 nref= 3 baseN(quad=False)=6 | ndofs= 2946903 | rel_resid[11]=1.45e-12 | overall_time(s)=8.961e+01 warm_time(s)=2.044e+01
order= 7 nref= 1 baseN(quad=False)=5 | ndofs=  137747 | rel_resid[11]=8.62e-13 | overall_time(s)=2.091e+01 warm_time(s)=1.012e+00
order= 7 nref= 2 baseN(quad=False)=5 | ndofs=  547779 | rel_resid[10]=8.05e-12 | overall_time(s)=3.159e+01 warm_time(s)=4.153e+00
order= 7 nref= 3 baseN(quad=False)=5 | ndofs= 2184707 | rel_resid[11]=1.94e-12 | overall_time(s)=1.186e+02 warm_time(s)=1.821e+01
order= 8 nref= 1 baseN(quad=False)=4 | ndofs=   99749 | rel_resid[10]=3.20e-12 | overall_time(s)=3.100e+01 warm_time(s)=9.263e-01
order= 8 nref= 2 baseN(quad=False)=4 | ndofs=  396319 | rel_resid[10]=4.93e-12 | overall_time(s)=4.062e+01 warm_time(s)=3.755e+00
order= 8 nref= 3 baseN(quad=False)=4 | ndofs= 1579931 | rel_resid[10]=6.74e-12 | overall_time(s)=8.621e+01 warm_time(s)=1.588e+01
order= 9 nref= 1 baseN(quad=False)=3 | ndofs=   65279 | rel_resid[11]=3.46e-12 | overall_time(s)=4.594e+01 warm_time(s)=7.971e-01
order= 9 nref= 2 baseN(quad=False)=3 | ndofs=  258923 | rel_resid[13]=3.70e-12 | overall_time(s)=5.554e+01 warm_time(s)=4.181e+00
order= 9 nref= 3 baseN(quad=False)=3 | ndofs= 1031315 | rel_resid[14]=1.54e-12 | overall_time(s)=1.014e+02 warm_time(s)=1.856e+01
order=10 nref= 1 baseN(quad=False)=3 | ndofs=   81025 | rel_resid[12]=1.77e-12 | overall_time(s)=6.978e+01 warm_time(s)=1.416e+00
order=10 nref= 2 baseN(quad=False)=3 | ndofs=  321655 | rel_resid[12]=2.62e-12 | overall_time(s)=8.494e+01 warm_time(s)=6.233e+00
order=10 nref= 3 baseN(quad=False)=3 | ndofs= 1281739 | rel_resid[12]=6.11e-12 | overall_time(s)=1.491e+02 warm_time(s)=2.531e+01
Overall run-time: 0h 26min 33s
