order= 3 nref= 1 baseN(quad=False)=52 | ndofs=  243986 | rel_resid[22]=3.35e-12 | overall_time(s)=9.947e+00 warm_time(s)=2.969e+00
order= 3 nref= 2 baseN(quad=False)=52 | ndofs=  974690 | rel_resid[21]=6.55e-12 | overall_time(s)=3.063e+01 warm_time(s)=1.151e+01
order= 3 nref= 3 baseN(quad=False)=52 | ndofs= 3896258 | rel_resid[20]=8.20e-12 | overall_time(s)=1.198e+02 warm_time(s)=4.397e+01
order= 4 nref= 1 baseN(quad=False)=40 | ndofs=  250242 | rel_resid[19]=6.42e-12 | overall_time(s)=7.278e+00 warm_time(s)=2.401e+00
order= 4 nref= 2 baseN(quad=False)=40 | ndofs=  999682 | rel_resid[19]=5.86e-12 | overall_time(s)=2.572e+01 warm_time(s)=9.719e+00
order= 4 nref= 3 baseN(quad=False)=40 | ndofs= 3996162 | rel_resid[18]=6.78e-12 | overall_time(s)=9.786e+01 warm_time(s)=3.651e+01
order= 5 nref= 1 baseN(quad=False)=32 | ndofs=  246402 | rel_resid[19]=7.95e-12 | overall_time(s)=7.528e+00 warm_time(s)=2.481e+00
order= 5 nref= 2 baseN(quad=False)=32 | ndofs=  984322 | rel_resid[19]=5.85e-12 | overall_time(s)=2.526e+01 warm_time(s)=9.704e+00
order= 5 nref= 3 baseN(quad=False)=32 | ndofs= 3934722 | rel_resid[19]=5.80e-12 | overall_time(s)=9.391e+01 warm_time(s)=3.662e+01
order= 6 nref= 1 baseN(quad=False)=26 | ndofs=  231818 | rel_resid[18]=9.94e-12 | overall_time(s)=8.273e+00 warm_time(s)=2.650e+00
order= 6 nref= 2 baseN(quad=False)=26 | ndofs=  926018 | rel_resid[18]=6.75e-12 | overall_time(s)=2.562e+01 warm_time(s)=9.636e+00
order= 6 nref= 3 baseN(quad=False)=26 | ndofs= 3701570 | rel_resid[18]=4.46e-12 | overall_time(s)=9.440e+01 warm_time(s)=3.707e+01
order= 7 nref= 1 baseN(quad=False)=22 | ndofs=  224226 | rel_resid[19]=3.95e-12 | overall_time(s)=8.750e+00 warm_time(s)=3.022e+00
order= 7 nref= 2 baseN(quad=False)=22 | ndofs=  895666 | rel_resid[18]=7.85e-12 | overall_time(s)=2.861e+01 warm_time(s)=1.111e+01
order= 7 nref= 3 baseN(quad=False)=22 | ndofs= 3580194 | rel_resid[18]=4.67e-12 | overall_time(s)=1.069e+02 warm_time(s)=4.186e+01
order= 8 nref= 1 baseN(quad=False)=20 | ndofs=  240642 | rel_resid[18]=6.40e-12 | overall_time(s)=1.081e+01 warm_time(s)=3.804e+00
order= 8 nref= 2 baseN(quad=False)=20 | ndofs=  961282 | rel_resid[18]=4.43e-12 | overall_time(s)=3.684e+01 warm_time(s)=1.432e+01
order= 8 nref= 3 baseN(quad=False)=20 | ndofs= 3842562 | rel_resid[18]=2.88e-12 | overall_time(s)=1.346e+02 warm_time(s)=5.213e+01
order= 9 nref= 1 baseN(quad=False)=16 | ndofs=  194114 | rel_resid[18]=7.52e-12 | overall_time(s)=1.056e+01 warm_time(s)=3.670e+00
order= 9 nref= 2 baseN(quad=False)=16 | ndofs=  775298 | rel_resid[18]=4.92e-12 | overall_time(s)=3.411e+01 warm_time(s)=1.314e+01
order= 9 nref= 3 baseN(quad=False)=16 | ndofs= 3098882 | rel_resid[17]=9.14e-12 | overall_time(s)=1.231e+02 warm_time(s)=4.760e+01
order=10 nref= 1 baseN(quad=False)=16 | ndofs=  238722 | rel_resid[17]=6.82e-12 | overall_time(s)=1.370e+01 warm_time(s)=4.770e+00
order=10 nref= 2 baseN(quad=False)=16 | ndofs=  953602 | rel_resid[17]=8.01e-12 | overall_time(s)=4.561e+01 warm_time(s)=1.755e+01
order=10 nref= 3 baseN(quad=False)=16 | ndofs= 3811842 | rel_resid[17]=6.31e-12 | overall_time(s)=1.739e+02 warm_time(s)=6.607e+01
Overall run-time: 0h 23min 4s
