order= 3 nref= 1 baseN(quad=False)=8 | ndofs=  154151 | rel_resid[12]=5.40e-12 | overall_time(s)=8.252e+00 warm_time(s)=1.750e+00
order= 3 nref= 2 baseN(quad=False)=8 | ndofs=  613219 | rel_resid[12]=1.59e-12 | overall_time(s)=2.307e+01 warm_time(s)=7.004e+00
order= 3 nref= 3 baseN(quad=False)=8 | ndofs= 2446115 | rel_resid[12]=2.14e-12 | overall_time(s)=3.503e+02 warm_time(s)=2.637e+01
order= 4 nref= 1 baseN(quad=False)=7 | ndofs=  149931 | rel_resid[11]=2.70e-12 | overall_time(s)=4.623e+00 warm_time(s)=1.128e+00
order= 4 nref= 2 baseN(quad=False)=7 | ndofs=  596371 | rel_resid[11]=1.94e-12 | overall_time(s)=1.571e+01 warm_time(s)=4.756e+00
order= 4 nref= 3 baseN(quad=False)=7 | ndofs= 2378787 | rel_resid[11]=3.28e-12 | overall_time(s)=6.830e+01 warm_time(s)=1.848e+01
order= 5 nref= 1 baseN(quad=False)=6 | ndofs=  126533 | rel_resid[12]=2.52e-12 | overall_time(s)=4.404e+00 warm_time(s)=1.064e+00
order= 5 nref= 2 baseN(quad=False)=6 | ndofs=  503071 | rel_resid[12]=2.96e-12 | overall_time(s)=1.214e+01 warm_time(s)=3.737e+00
order= 5 nref= 3 baseN(quad=False)=6 | ndofs= 2006171 | rel_resid[13]=2.86e-12 | overall_time(s)=5.121e+01 warm_time(s)=1.518e+01
order= 6 nref= 1 baseN(quad=False)=6 | ndofs=  185574 | rel_resid[12]=1.56e-12 | overall_time(s)=5.958e+00 warm_time(s)=1.391e+00
order= 6 nref= 2 baseN(quad=False)=6 | ndofs=  738581 | rel_resid[11]=4.39e-12 | overall_time(s)=1.646e+01 warm_time(s)=4.766e+00
order= 6 nref= 3 baseN(quad=False)=6 | ndofs= 2946903 | rel_resid[12]=1.26e-12 | overall_time(s)=7.005e+01 warm_time(s)=1.977e+01
order= 7 nref= 1 baseN(quad=False)=5 | ndofs=  137747 | rel_resid[13]=1.94e-12 | overall_time(s)=5.888e+00 warm_time(s)=1.298e+00
order= 7 nref= 2 baseN(quad=False)=5 | ndofs=  547779 | rel_resid[12]=4.60e-12 | overall_time(s)=1.472e+01 warm_time(s)=4.158e+00
order= 7 nref= 3 baseN(quad=False)=5 | ndofs= 2184707 | rel_resid[13]=3.29e-12 | overall_time(s)=9.003e+01 warm_time(s)=1.641e+01
order= 8 nref= 1 baseN(quad=False)=4 | ndofs=   99749 | rel_resid[13]=1.98e-12 | overall_time(s)=4.431e+00 warm_time(s)=1.011e+00
order= 8 nref= 2 baseN(quad=False)=4 | ndofs=  396319 | rel_resid[12]=9.93e-12 | overall_time(s)=1.218e+01 warm_time(s)=3.443e+00
order= 8 nref= 3 baseN(quad=False)=4 | ndofs= 1579931 | rel_resid[13]=3.71e-12 | overall_time(s)=4.653e+01 warm_time(s)=1.337e+01
order= 9 nref= 1 baseN(quad=False)=3 | ndofs=   65279 | rel_resid[15]=1.72e-12 | overall_time(s)=4.975e+00 warm_time(s)=9.173e-01
order= 9 nref= 2 baseN(quad=False)=3 | ndofs=  258923 | rel_resid[17]=5.35e-12 | overall_time(s)=1.182e+01 warm_time(s)=3.527e+00
order= 9 nref= 3 baseN(quad=False)=3 | ndofs= 1031315 | rel_resid[22]=4.54e-12 | overall_time(s)=4.942e+01 warm_time(s)=1.678e+01
order=10 nref= 1 baseN(quad=False)=3 | ndofs=   81025 | rel_resid[17]=4.01e-12 | overall_time(s)=5.581e+00 warm_time(s)=1.374e+00
order=10 nref= 2 baseN(quad=False)=3 | ndofs=  321655 | rel_resid[17]=3.77e-12 | overall_time(s)=1.596e+01 warm_time(s)=4.825e+00
order=10 nref= 3 baseN(quad=False)=3 | ndofs= 1281739 | rel_resid[20]=3.45e-12 | overall_time(s)=6.553e+01 warm_time(s)=2.145e+01
Overall run-time: 0h 18min 9s
