order= 3 nref= 1 baseN(quad=False)=51 | ndofs=  230523 | rel_resid[11]=6.67e-12 | overall_time(s)=1.095e+01 warm_time(s)=2.525e+00
order= 3 nref= 2 baseN(quad=False)=51 | ndofs=  918819 | rel_resid[11]=6.04e-12 | overall_time(s)=3.373e+01 warm_time(s)=9.439e+00
order= 3 nref= 3 baseN(quad=False)=51 | ndofs= 3668739 | rel_resid[11]=3.66e-12 | overall_time(s)=1.069e+03 warm_time(s)=3.712e+01
order= 4 nref= 1 baseN(quad=False)=39 | ndofs=  251163 | rel_resid[11]=2.03e-12 | overall_time(s)=7.804e+00 warm_time(s)=2.120e+00
order= 4 nref= 2 baseN(quad=False)=39 | ndofs= 1001211 | rel_resid[11]=1.07e-12 | overall_time(s)=2.768e+01 warm_time(s)=7.689e+00
order= 4 nref= 3 baseN(quad=False)=39 | ndofs= 3997971 | rel_resid[10]=8.61e-12 | overall_time(s)=5.438e+02 warm_time(s)=2.657e+01
order= 5 nref= 1 baseN(quad=False)=31 | ndofs=  255443 | rel_resid[11]=6.43e-12 | overall_time(s)=6.948e+00 warm_time(s)=1.695e+00
order= 5 nref= 2 baseN(quad=False)=31 | ndofs= 1018291 | rel_resid[11]=4.34e-12 | overall_time(s)=2.348e+01 warm_time(s)=6.842e+00
order= 5 nref= 3 baseN(quad=False)=31 | ndofs= 4066211 | rel_resid[11]=3.14e-12 | overall_time(s)=3.681e+02 warm_time(s)=2.508e+01
Warm-up solve failed due to: Nonlinear solve failed to converge after 0 nonlinear iterations.
Reason:
   DIVERGED_LINEAR_SOLVE. Please check the input conditions and solver configurations.
Traceback: Traceback (most recent call last):
  File "/home/voronin2/paper_phMG_stokes/phmg/phmg/solver.py", line 278, in _solve
    self.solver.solve()
  File "petsc4py/PETSc/Log.pyx", line 188, in petsc4py.PETSc.Log.EventDecorator.decorator.wrapped_func
  File "petsc4py/PETSc/Log.pyx", line 189, in petsc4py.PETSc.Log.EventDecorator.decorator.wrapped_func
  File "/home/voronin2/firedrake/src/firedrake/firedrake/adjoint_utils/variational_solver.py", line 89, in wrapper
    out = solve(self, **kwargs)
          ^^^^^^^^^^^^^^^^^^^^^
  File "/home/voronin2/firedrake/src/firedrake/firedrake/variational_solver.py", line 286, in solve
    solving_utils.check_snes_convergence(self.snes)
  File "/home/voronin2/firedrake/src/firedrake/firedrake/solving_utils.py", line 138, in check_snes_convergence
    raise ConvergenceError(r"""Nonlinear solve failed to converge after %d nonlinear iterations.
firedrake.exceptions.ConvergenceError: Nonlinear solve failed to converge after 0 nonlinear iterations.
Reason:
   DIVERGED_LINEAR_SOLVE

Warm solve failed due to: Nonlinear solve failed to converge after 0 nonlinear iterations.
Reason:
   DIVERGED_LINEAR_SOLVE. Please check the input conditions and solver configurations.
Traceback: Traceback (most recent call last):
  File "/home/voronin2/paper_phMG_stokes/phmg/phmg/solver.py", line 278, in _solve
    self.solver.solve()
  File "petsc4py/PETSc/Log.pyx", line 188, in petsc4py.PETSc.Log.EventDecorator.decorator.wrapped_func
  File "petsc4py/PETSc/Log.pyx", line 189, in petsc4py.PETSc.Log.EventDecorator.decorator.wrapped_func
  File "/home/voronin2/firedrake/src/firedrake/firedrake/adjoint_utils/variational_solver.py", line 89, in wrapper
    out = solve(self, **kwargs)
          ^^^^^^^^^^^^^^^^^^^^^
  File "/home/voronin2/firedrake/src/firedrake/firedrake/variational_solver.py", line 286, in solve
    solving_utils.check_snes_convergence(self.snes)
  File "/home/voronin2/firedrake/src/firedrake/firedrake/solving_utils.py", line 138, in check_snes_convergence
    raise ConvergenceError(r"""Nonlinear solve failed to converge after %d nonlinear iterations.
firedrake.exceptions.ConvergenceError: Nonlinear solve failed to converge after 0 nonlinear iterations.
Reason:
   DIVERGED_LINEAR_SOLVE

order= 6 nref= 1 baseN(quad=False)=26 | ndofs=  264059 | rel_resid[80]=5.97e-05 | overall_time(s)=2.868e+01 warm_time(s)=1.174e+01
order= 6 nref= 2 baseN(quad=False)=26 | ndofs= 1052691 | rel_resid[11]=2.54e-12 | overall_time(s)=2.335e+01 warm_time(s)=6.744e+00
order= 6 nref= 3 baseN(quad=False)=26 | ndofs= 4203683 | rel_resid[11]=2.32e-12 | overall_time(s)=3.008e+02 warm_time(s)=2.536e+01
order= 7 nref= 1 baseN(quad=False)=22 | ndofs=  261187 | rel_resid[12]=6.69e-12 | overall_time(s)=8.484e+00 warm_time(s)=2.077e+00
order= 7 nref= 2 baseN(quad=False)=22 | ndofs= 1041219 | rel_resid[12]=2.54e-12 | overall_time(s)=2.688e+01 warm_time(s)=7.607e+00
order= 7 nref= 3 baseN(quad=False)=22 | ndofs= 4157827 | rel_resid[12]=1.78e-12 | overall_time(s)=2.446e+02 warm_time(s)=2.903e+01
order= 8 nref= 1 baseN(quad=False)=20 | ndofs=  285043 | rel_resid[12]=7.83e-12 | overall_time(s)=9.675e+00 warm_time(s)=2.450e+00
order= 8 nref= 2 baseN(quad=False)=20 | ndofs= 1136483 | rel_resid[12]=3.64e-12 | overall_time(s)=3.935e+01 warm_time(s)=8.871e+00
order= 8 nref= 3 baseN(quad=False)=20 | ndofs= 4538563 | rel_resid[12]=3.13e-12 | overall_time(s)=2.555e+02 warm_time(s)=3.557e+01
order= 9 nref= 1 baseN(quad=False)=18 | ndofs=  294771 | rel_resid[13]=8.30e-12 | overall_time(s)=1.337e+01 warm_time(s)=3.314e+00
order= 9 nref= 2 baseN(quad=False)=18 | ndofs= 1175331 | rel_resid[13]=3.85e-12 | overall_time(s)=4.655e+01 warm_time(s)=1.107e+01
order= 9 nref= 3 baseN(quad=False)=18 | ndofs= 4693827 | rel_resid[13]=3.12e-12 | overall_time(s)=2.693e+02 warm_time(s)=4.392e+01
order=10 nref= 1 baseN(quad=False)=16 | ndofs=  289603 | rel_resid[14]=3.08e-12 | overall_time(s)=1.538e+01 warm_time(s)=4.119e+00
order=10 nref= 2 baseN(quad=False)=16 | ndofs= 1154691 | rel_resid[14]=1.94e-12 | overall_time(s)=5.328e+01 warm_time(s)=1.381e+01
order=10 nref= 3 baseN(quad=False)=16 | ndofs= 4611331 | rel_resid[13]=9.68e-12 | overall_time(s)=2.653e+02 warm_time(s)=4.887e+01
Overall run-time: 1h 5min 38s
