order= 3 nref= 1 baseN(quad=False)=51 | ndofs=  230523 | rel_resid[11]=6.96e-12 | overall_time(s)=1.026e+01 warm_time(s)=2.372e+00
order= 3 nref= 2 baseN(quad=False)=51 | ndofs=  918819 | rel_resid[11]=6.30e-12 | overall_time(s)=3.102e+01 warm_time(s)=7.984e+00
order= 3 nref= 3 baseN(quad=False)=51 | ndofs= 3668739 | rel_resid[11]=7.07e-12 | overall_time(s)=1.046e+03 warm_time(s)=3.106e+01
order= 4 nref= 1 baseN(quad=False)=39 | ndofs=  251163 | rel_resid[11]=2.57e-12 | overall_time(s)=7.087e+00 warm_time(s)=1.609e+00
order= 4 nref= 2 baseN(quad=False)=39 | ndofs= 1001211 | rel_resid[11]=2.00e-12 | overall_time(s)=2.507e+01 warm_time(s)=6.525e+00
order= 4 nref= 3 baseN(quad=False)=39 | ndofs= 3997971 | rel_resid[11]=2.60e-12 | overall_time(s)=5.498e+02 warm_time(s)=2.403e+01
order= 5 nref= 1 baseN(quad=False)=31 | ndofs=  255443 | rel_resid[11]=8.42e-12 | overall_time(s)=6.466e+00 warm_time(s)=1.537e+00
order= 5 nref= 2 baseN(quad=False)=31 | ndofs= 1018291 | rel_resid[11]=8.16e-12 | overall_time(s)=2.257e+01 warm_time(s)=6.261e+00
order= 5 nref= 3 baseN(quad=False)=31 | ndofs= 4066211 | rel_resid[12]=1.41e-12 | overall_time(s)=3.675e+02 warm_time(s)=2.440e+01
order= 6 nref= 1 baseN(quad=False)=26 | ndofs=  264059 | rel_resid[10]=4.39e-12 | overall_time(s)=8.586e+00 warm_time(s)=1.863e+00
order= 6 nref= 2 baseN(quad=False)=26 | ndofs= 1052691 | rel_resid[10]=3.50e-12 | overall_time(s)=2.880e+01 warm_time(s)=7.534e+00
order= 6 nref= 3 baseN(quad=False)=26 | ndofs= 4203683 | rel_resid[10]=7.36e-12 | overall_time(s)=4.053e+02 warm_time(s)=2.758e+01
order= 7 nref= 1 baseN(quad=False)=22 | ndofs=  261187 | rel_resid[11]=2.26e-12 | overall_time(s)=9.705e+00 warm_time(s)=2.317e+00
order= 7 nref= 2 baseN(quad=False)=22 | ndofs= 1041219 | rel_resid[11]=1.81e-12 | overall_time(s)=3.023e+01 warm_time(s)=8.261e+00
order= 7 nref= 3 baseN(quad=False)=22 | ndofs= 4157827 | rel_resid[11]=3.51e-12 | overall_time(s)=2.606e+02 warm_time(s)=3.070e+01
order= 8 nref= 1 baseN(quad=False)=20 | ndofs=  285043 | rel_resid[10]=6.72e-12 | overall_time(s)=1.153e+01 warm_time(s)=2.451e+00
order= 8 nref= 2 baseN(quad=False)=20 | ndofs= 1136483 | rel_resid[10]=5.30e-12 | overall_time(s)=4.444e+01 warm_time(s)=9.062e+00
order= 8 nref= 3 baseN(quad=False)=20 | ndofs= 4538563 | rel_resid[11]=2.33e-12 | overall_time(s)=3.264e+02 warm_time(s)=3.883e+01
order= 9 nref= 1 baseN(quad=False)=18 | ndofs=  294771 | rel_resid[11]=1.49e-12 | overall_time(s)=1.332e+01 warm_time(s)=3.200e+00
order= 9 nref= 2 baseN(quad=False)=18 | ndofs= 1175331 | rel_resid[10]=8.39e-12 | overall_time(s)=4.863e+01 warm_time(s)=1.063e+01
order= 9 nref= 3 baseN(quad=False)=18 | ndofs= 4693827 | rel_resid[11]=5.17e-12 | overall_time(s)=3.042e+02 warm_time(s)=4.233e+01
order=10 nref= 1 baseN(quad=False)=16 | ndofs=  289603 | rel_resid[10]=7.72e-12 | overall_time(s)=1.402e+01 warm_time(s)=3.061e+00
order=10 nref= 2 baseN(quad=False)=16 | ndofs= 1154691 | rel_resid[10]=6.11e-12 | overall_time(s)=4.991e+01 warm_time(s)=1.079e+01
order=10 nref= 3 baseN(quad=False)=16 | ndofs= 4611331 | rel_resid[11]=4.58e-12 | overall_time(s)=2.683e+02 warm_time(s)=4.631e+01
Overall run-time: 1h 9min 2s
