order= 3 nref= 1 baseN(quad=False)=8 | ndofs=  154151 | rel_resid[12]=8.38e-12 | overall_time(s)=7.276e+00 warm_time(s)=1.254e+00
order= 3 nref= 2 baseN(quad=False)=8 | ndofs=  613219 | rel_resid[12]=8.37e-12 | overall_time(s)=1.910e+01 warm_time(s)=4.892e+00
order= 3 nref= 3 baseN(quad=False)=8 | ndofs= 2446115 | rel_resid[14]=2.11e-12 | overall_time(s)=3.411e+02 warm_time(s)=2.096e+01
order= 4 nref= 1 baseN(quad=False)=7 | ndofs=  149931 | rel_resid[11]=6.98e-12 | overall_time(s)=4.257e+00 warm_time(s)=9.013e-01
order= 4 nref= 2 baseN(quad=False)=7 | ndofs=  596371 | rel_resid[12]=4.95e-12 | overall_time(s)=1.371e+01 warm_time(s)=3.798e+00
order= 4 nref= 3 baseN(quad=False)=7 | ndofs= 2378787 | rel_resid[14]=2.94e-12 | overall_time(s)=6.466e+01 warm_time(s)=1.679e+01
order= 5 nref= 1 baseN(quad=False)=6 | ndofs=  126533 | rel_resid[12]=5.07e-12 | overall_time(s)=3.843e+00 warm_time(s)=7.827e-01
order= 5 nref= 2 baseN(quad=False)=6 | ndofs=  503071 | rel_resid[14]=7.54e-12 | overall_time(s)=1.180e+01 warm_time(s)=3.554e+00
order= 5 nref= 3 baseN(quad=False)=6 | ndofs= 2006171 | rel_resid[17]=4.28e-12 | overall_time(s)=5.259e+01 warm_time(s)=1.595e+01
order= 6 nref= 1 baseN(quad=False)=6 | ndofs=  185574 | rel_resid[10]=5.38e-12 | overall_time(s)=6.515e+00 warm_time(s)=1.347e+00
order= 6 nref= 2 baseN(quad=False)=6 | ndofs=  738581 | rel_resid[11]=1.82e-12 | overall_time(s)=2.000e+01 warm_time(s)=5.403e+00
order= 6 nref= 3 baseN(quad=False)=6 | ndofs= 2946903 | rel_resid[13]=3.44e-12 | overall_time(s)=8.976e+01 warm_time(s)=2.351e+01
order= 7 nref= 1 baseN(quad=False)=5 | ndofs=  137747 | rel_resid[11]=3.36e-12 | overall_time(s)=5.930e+00 warm_time(s)=1.126e+00
order= 7 nref= 2 baseN(quad=False)=5 | ndofs=  547779 | rel_resid[12]=1.46e-12 | overall_time(s)=1.636e+01 warm_time(s)=4.376e+00
order= 7 nref= 3 baseN(quad=False)=5 | ndofs= 2184707 | rel_resid[15]=2.61e-12 | overall_time(s)=1.039e+02 warm_time(s)=2.055e+01
order= 8 nref= 1 baseN(quad=False)=4 | ndofs=   99749 | rel_resid[11]=1.46e-12 | overall_time(s)=5.118e+00 warm_time(s)=1.050e+00
order= 8 nref= 2 baseN(quad=False)=4 | ndofs=  396319 | rel_resid[12]=2.09e-12 | overall_time(s)=1.470e+01 warm_time(s)=3.728e+00
order= 8 nref= 3 baseN(quad=False)=4 | ndofs= 1579931 | rel_resid[16]=4.37e-12 | overall_time(s)=6.340e+01 warm_time(s)=1.895e+01
order= 9 nref= 1 baseN(quad=False)=3 | ndofs=   65279 | rel_resid[12]=2.33e-12 | overall_time(s)=4.370e+00 warm_time(s)=8.226e-01
order= 9 nref= 2 baseN(quad=False)=3 | ndofs=  258923 | rel_resid[15]=8.54e-12 | overall_time(s)=1.212e+01 warm_time(s)=3.392e+00
order= 9 nref= 3 baseN(quad=False)=3 | ndofs= 1031315 | rel_resid[25]=7.96e-12 | overall_time(s)=6.034e+01 warm_time(s)=2.087e+01
order=10 nref= 1 baseN(quad=False)=3 | ndofs=   81025 | rel_resid[13]=2.50e-12 | overall_time(s)=5.930e+00 warm_time(s)=1.112e+00
order=10 nref= 2 baseN(quad=False)=3 | ndofs=  321655 | rel_resid[15]=4.18e-12 | overall_time(s)=1.642e+01 warm_time(s)=4.441e+00
order=10 nref= 3 baseN(quad=False)=3 | ndofs= 1281739 | rel_resid[24]=5.27e-12 | overall_time(s)=8.103e+01 warm_time(s)=2.718e+01
Overall run-time: 0h 19min 10s
