order= 3 nref= 1 baseN(quad=False)=52 | ndofs=  243986 | rel_resid[25]=9.76e-12 | overall_time(s)=1.005e+01 warm_time(s)=2.716e+00
order= 3 nref= 2 baseN(quad=False)=52 | ndofs=  974690 | rel_resid[25]=6.20e-12 | overall_time(s)=3.164e+01 warm_time(s)=1.184e+01
order= 3 nref= 3 baseN(quad=False)=52 | ndofs= 3896258 | rel_resid[24]=9.79e-12 | overall_time(s)=1.194e+02 warm_time(s)=4.490e+01
order= 4 nref= 1 baseN(quad=False)=40 | ndofs=  250242 | rel_resid[23]=4.66e-12 | overall_time(s)=7.022e+00 warm_time(s)=2.350e+00
order= 4 nref= 2 baseN(quad=False)=40 | ndofs=  999682 | rel_resid[23]=4.21e-12 | overall_time(s)=2.547e+01 warm_time(s)=9.305e+00
order= 4 nref= 3 baseN(quad=False)=40 | ndofs= 3996162 | rel_resid[22]=7.40e-12 | overall_time(s)=9.557e+01 warm_time(s)=3.554e+01
order= 5 nref= 1 baseN(quad=False)=32 | ndofs=  246402 | rel_resid[23]=5.94e-12 | overall_time(s)=7.032e+00 warm_time(s)=2.357e+00
order= 5 nref= 2 baseN(quad=False)=32 | ndofs=  984322 | rel_resid[23]=4.21e-12 | overall_time(s)=2.461e+01 warm_time(s)=9.234e+00
order= 5 nref= 3 baseN(quad=False)=32 | ndofs= 3934722 | rel_resid[22]=9.74e-12 | overall_time(s)=8.841e+01 warm_time(s)=3.379e+01
order= 6 nref= 1 baseN(quad=False)=26 | ndofs=  231818 | rel_resid[22]=6.25e-12 | overall_time(s)=7.310e+00 warm_time(s)=2.336e+00
order= 6 nref= 2 baseN(quad=False)=26 | ndofs=  926018 | rel_resid[21]=9.37e-12 | overall_time(s)=2.400e+01 warm_time(s)=8.839e+00
order= 6 nref= 3 baseN(quad=False)=26 | ndofs= 3701570 | rel_resid[21]=9.76e-12 | overall_time(s)=8.731e+01 warm_time(s)=3.373e+01
order= 7 nref= 1 baseN(quad=False)=22 | ndofs=  224226 | rel_resid[22]=6.18e-12 | overall_time(s)=8.452e+00 warm_time(s)=2.756e+00
order= 7 nref= 2 baseN(quad=False)=22 | ndofs=  895666 | rel_resid[21]=9.33e-12 | overall_time(s)=2.591e+01 warm_time(s)=9.889e+00
order= 7 nref= 3 baseN(quad=False)=22 | ndofs= 3580194 | rel_resid[21]=9.47e-12 | overall_time(s)=9.728e+01 warm_time(s)=3.711e+01
order= 8 nref= 1 baseN(quad=False)=20 | ndofs=  240642 | rel_resid[21]=6.46e-12 | overall_time(s)=9.721e+00 warm_time(s)=3.259e+00
order= 8 nref= 2 baseN(quad=False)=20 | ndofs=  961282 | rel_resid[21]=5.36e-12 | overall_time(s)=3.305e+01 warm_time(s)=1.249e+01
order= 8 nref= 3 baseN(quad=False)=20 | ndofs= 3842562 | rel_resid[21]=5.41e-12 | overall_time(s)=1.212e+02 warm_time(s)=4.583e+01
order= 9 nref= 1 baseN(quad=False)=16 | ndofs=  194114 | rel_resid[21]=7.56e-12 | overall_time(s)=9.309e+00 warm_time(s)=3.177e+00
order= 9 nref= 2 baseN(quad=False)=16 | ndofs=  775298 | rel_resid[21]=6.07e-12 | overall_time(s)=3.116e+01 warm_time(s)=1.170e+01
order= 9 nref= 3 baseN(quad=False)=16 | ndofs= 3098882 | rel_resid[21]=5.65e-12 | overall_time(s)=1.154e+02 warm_time(s)=4.419e+01
order=10 nref= 1 baseN(quad=False)=16 | ndofs=  238722 | rel_resid[20]=9.32e-12 | overall_time(s)=1.262e+01 warm_time(s)=4.370e+00
order=10 nref= 2 baseN(quad=False)=16 | ndofs=  953602 | rel_resid[20]=7.42e-12 | overall_time(s)=4.272e+01 warm_time(s)=1.546e+01
order=10 nref= 3 baseN(quad=False)=16 | ndofs= 3811842 | rel_resid[20]=6.45e-12 | overall_time(s)=1.558e+02 warm_time(s)=5.777e+01
Overall run-time: 0h 21min 40s
