order= 3 nref= 1 baseN(quad=False)=6 | ndofs=  171116 | rel_resid[28]=6.90e-12 | overall_time(s)=8.676e+00 warm_time(s)=2.618e+00
order= 3 nref= 2 baseN(quad=False)=6 | ndofs=  683150 | rel_resid[27]=8.54e-12 | overall_time(s)=2.754e+01 warm_time(s)=1.065e+01
order= 3 nref= 3 baseN(quad=False)=6 | ndofs= 2729978 | rel_resid[27]=6.37e-12 | overall_time(s)=1.068e+02 warm_time(s)=4.171e+01
order= 4 nref= 1 baseN(quad=False)=6 | ndofs=  296338 | rel_resid[26]=8.45e-12 | overall_time(s)=1.091e+01 warm_time(s)=3.846e+00
order= 4 nref= 2 baseN(quad=False)=6 | ndofs= 1183602 | rel_resid[26]=5.14e-12 | overall_time(s)=3.962e+01 warm_time(s)=1.558e+01
order= 4 nref= 3 baseN(quad=False)=6 | ndofs= 4730914 | rel_resid[26]=3.86e-12 | overall_time(s)=1.499e+02 warm_time(s)=6.005e+01
order= 5 nref= 1 baseN(quad=False)=5 | ndofs=  244642 | rel_resid[26]=6.82e-12 | overall_time(s)=9.206e+00 warm_time(s)=3.277e+00
order= 5 nref= 2 baseN(quad=False)=5 | ndofs=  976962 | rel_resid[26]=4.19e-12 | overall_time(s)=3.176e+01 warm_time(s)=1.299e+01
order= 5 nref= 3 baseN(quad=False)=5 | ndofs= 3904642 | rel_resid[26]=3.34e-12 | overall_time(s)=1.257e+02 warm_time(s)=5.012e+01
order= 6 nref= 1 baseN(quad=False)=4 | ndofs=  190850 | rel_resid[26]=7.24e-12 | overall_time(s)=8.504e+00 warm_time(s)=2.959e+00
order= 6 nref= 2 baseN(quad=False)=4 | ndofs=  762002 | rel_resid[26]=6.92e-12 | overall_time(s)=2.771e+01 warm_time(s)=1.142e+01
order= 6 nref= 3 baseN(quad=False)=4 | ndofs= 3045218 | rel_resid[26]=5.66e-12 | overall_time(s)=1.095e+02 warm_time(s)=4.427e+01
order= 7 nref= 1 baseN(quad=False)=4 | ndofs=  257686 | rel_resid[26]=4.82e-12 | overall_time(s)=1.266e+01 warm_time(s)=4.683e+00
order= 7 nref= 2 baseN(quad=False)=4 | ndofs= 1029114 | rel_resid[26]=4.65e-12 | overall_time(s)=4.428e+01 warm_time(s)=1.798e+01
order= 7 nref= 3 baseN(quad=False)=4 | ndofs= 4113202 | rel_resid[26]=4.90e-12 | overall_time(s)=1.707e+02 warm_time(s)=6.807e+01
order= 8 nref= 1 baseN(quad=False)=4 | ndofs=  334530 | rel_resid[25]=8.59e-12 | overall_time(s)=1.779e+01 warm_time(s)=6.849e+00
order= 8 nref= 2 baseN(quad=False)=4 | ndofs= 1336258 | rel_resid[25]=8.96e-12 | overall_time(s)=6.569e+01 warm_time(s)=2.660e+01
order= 8 nref= 3 baseN(quad=False)=4 | ndofs= 5341314 | rel_resid[26]=4.41e-12 | overall_time(s)=2.532e+02 warm_time(s)=1.035e+02
order= 9 nref= 1 baseN(quad=False)=3 | ndofs=  215462 | rel_resid[25]=6.95e-12 | overall_time(s)=1.408e+01 warm_time(s)=5.288e+00
order= 9 nref= 2 baseN(quad=False)=3 | ndofs=  860330 | rel_resid[25]=7.33e-12 | overall_time(s)=5.102e+01 warm_time(s)=2.007e+01
order= 9 nref= 3 baseN(quad=False)=3 | ndofs= 3438290 | rel_resid[25]=5.93e-12 | overall_time(s)=1.849e+02 warm_time(s)=7.513e+01
order=10 nref= 1 baseN(quad=False)=3 | ndofs=  264962 | rel_resid[25]=5.22e-12 | overall_time(s)=2.048e+01 warm_time(s)=7.525e+00
order=10 nref= 2 baseN(quad=False)=3 | ndofs= 1058162 | rel_resid[25]=5.81e-12 | overall_time(s)=7.187e+01 warm_time(s)=2.859e+01
order=10 nref= 3 baseN(quad=False)=3 | ndofs= 4229282 | rel_resid[25]=5.14e-12 | overall_time(s)=2.617e+02 warm_time(s)=1.072e+02
Overall run-time: 0h 32min 22s
