order= 3 nref= 1 baseN(quad=False)=51 | ndofs=  230523 | rel_resid[11]=6.67e-12 | overall_time(s)=1.147e+01 warm_time(s)=2.501e+00
order= 3 nref= 2 baseN(quad=False)=51 | ndofs=  918819 | rel_resid[11]=6.04e-12 | overall_time(s)=3.372e+01 warm_time(s)=9.436e+00
order= 3 nref= 3 baseN(quad=False)=51 | ndofs= 3668739 | rel_resid[11]=3.66e-12 | overall_time(s)=1.057e+03 warm_time(s)=3.619e+01
order= 4 nref= 1 baseN(quad=False)=39 | ndofs=  251163 | rel_resid[11]=2.03e-12 | overall_time(s)=7.438e+00 warm_time(s)=1.992e+00
order= 4 nref= 2 baseN(quad=False)=39 | ndofs= 1001211 | rel_resid[11]=1.07e-12 | overall_time(s)=2.745e+01 warm_time(s)=7.740e+00
order= 4 nref= 3 baseN(quad=False)=39 | ndofs= 3997971 | rel_resid[10]=8.61e-12 | overall_time(s)=5.449e+02 warm_time(s)=2.631e+01
order= 5 nref= 1 baseN(quad=False)=31 | ndofs=  255443 | rel_resid[11]=6.43e-12 | overall_time(s)=6.866e+00 warm_time(s)=1.714e+00
order= 5 nref= 2 baseN(quad=False)=31 | ndofs= 1018291 | rel_resid[11]=4.34e-12 | overall_time(s)=2.358e+01 warm_time(s)=6.793e+00
order= 5 nref= 3 baseN(quad=False)=31 | ndofs= 4066211 | rel_resid[11]=3.14e-12 | overall_time(s)=3.733e+02 warm_time(s)=2.504e+01
order= 6 nref= 1 baseN(quad=False)=26 | ndofs=  264059 | rel_resid[10]=4.23e-12 | overall_time(s)=9.262e+00 warm_time(s)=2.095e+00
order= 6 nref= 2 baseN(quad=False)=26 | ndofs= 1052691 | rel_resid[10]=2.58e-12 | overall_time(s)=2.966e+01 warm_time(s)=7.944e+00
order= 6 nref= 3 baseN(quad=False)=26 | ndofs= 4203683 | rel_resid[10]=2.00e-12 | overall_time(s)=4.008e+02 warm_time(s)=2.943e+01
order= 7 nref= 1 baseN(quad=False)=22 | ndofs=  261187 | rel_resid[11]=2.44e-12 | overall_time(s)=1.107e+01 warm_time(s)=2.452e+00
order= 7 nref= 2 baseN(quad=False)=22 | ndofs= 1041219 | rel_resid[11]=1.46e-12 | overall_time(s)=3.075e+01 warm_time(s)=8.410e+00
order= 7 nref= 3 baseN(quad=False)=22 | ndofs= 4157827 | rel_resid[10]=8.39e-12 | overall_time(s)=2.670e+02 warm_time(s)=2.884e+01
order= 8 nref= 1 baseN(quad=False)=20 | ndofs=  285043 | rel_resid[10]=6.60e-12 | overall_time(s)=1.132e+01 warm_time(s)=2.591e+00
order= 8 nref= 2 baseN(quad=False)=20 | ndofs= 1136483 | rel_resid[10]=4.02e-12 | overall_time(s)=4.502e+01 warm_time(s)=9.207e+00
order= 8 nref= 3 baseN(quad=False)=20 | ndofs= 4538563 | rel_resid[10]=3.65e-12 | overall_time(s)=3.242e+02 warm_time(s)=3.650e+01
order= 9 nref= 1 baseN(quad=False)=18 | ndofs=  294771 | rel_resid[11]=1.47e-12 | overall_time(s)=1.372e+01 warm_time(s)=3.325e+00
order= 9 nref= 2 baseN(quad=False)=18 | ndofs= 1175331 | rel_resid[10]=7.43e-12 | overall_time(s)=4.770e+01 warm_time(s)=9.919e+00
order= 9 nref= 3 baseN(quad=False)=18 | ndofs= 4693827 | rel_resid[10]=6.10e-12 | overall_time(s)=3.015e+02 warm_time(s)=4.005e+01
order=10 nref= 1 baseN(quad=False)=16 | ndofs=  289603 | rel_resid[10]=7.79e-12 | overall_time(s)=1.646e+01 warm_time(s)=3.624e+00
order=10 nref= 2 baseN(quad=False)=16 | ndofs= 1154691 | rel_resid[10]=4.71e-12 | overall_time(s)=5.062e+01 warm_time(s)=1.109e+01
order=10 nref= 3 baseN(quad=False)=16 | ndofs= 4611331 | rel_resid[10]=3.87e-12 | overall_time(s)=2.608e+02 warm_time(s)=4.296e+01
Overall run-time: 1h 9min 19s
