order= 3 nref= 1 baseN(quad=False)=52 | ndofs=  243986 | rel_resid[26]=5.14e-12 | overall_time(s)=7.835e+00 warm_time(s)=2.093e+00
order= 3 nref= 2 baseN(quad=False)=52 | ndofs=  974690 | rel_resid[25]=9.52e-12 | overall_time(s)=2.303e+01 warm_time(s)=8.442e+00
order= 3 nref= 3 baseN(quad=False)=52 | ndofs= 3896258 | rel_resid[25]=6.75e-12 | overall_time(s)=8.775e+01 warm_time(s)=3.412e+01
order= 4 nref= 1 baseN(quad=False)=40 | ndofs=  250242 | rel_resid[22]=9.75e-12 | overall_time(s)=8.483e+00 warm_time(s)=2.000e+00
order= 4 nref= 2 baseN(quad=False)=40 | ndofs=  999682 | rel_resid[22]=7.92e-12 | overall_time(s)=2.501e+01 warm_time(s)=8.486e+00
order= 4 nref= 3 baseN(quad=False)=40 | ndofs= 3996162 | rel_resid[22]=5.99e-12 | overall_time(s)=9.038e+01 warm_time(s)=3.380e+01
order= 5 nref= 1 baseN(quad=False)=32 | ndofs=  246402 | rel_resid[23]=5.85e-12 | overall_time(s)=1.136e+01 warm_time(s)=2.432e+00
order= 5 nref= 2 baseN(quad=False)=32 | ndofs=  984322 | rel_resid[22]=8.41e-12 | overall_time(s)=3.021e+01 warm_time(s)=1.013e+01
order= 5 nref= 3 baseN(quad=False)=32 | ndofs= 3934722 | rel_resid[22]=7.05e-12 | overall_time(s)=1.060e+02 warm_time(s)=3.984e+01
order= 6 nref= 1 baseN(quad=False)=26 | ndofs=  231818 | rel_resid[21]=8.04e-12 | overall_time(s)=1.484e+01 warm_time(s)=2.546e+00
order= 6 nref= 2 baseN(quad=False)=26 | ndofs=  926018 | rel_resid[21]=6.58e-12 | overall_time(s)=3.608e+01 warm_time(s)=1.146e+01
order= 6 nref= 3 baseN(quad=False)=26 | ndofs= 3701570 | rel_resid[21]=5.59e-12 | overall_time(s)=1.247e+02 warm_time(s)=4.601e+01
order= 7 nref= 1 baseN(quad=False)=22 | ndofs=  224226 | rel_resid[21]=8.54e-12 | overall_time(s)=2.105e+01 warm_time(s)=3.113e+00
order= 7 nref= 2 baseN(quad=False)=22 | ndofs=  895666 | rel_resid[21]=6.40e-12 | overall_time(s)=4.795e+01 warm_time(s)=1.429e+01
order= 7 nref= 3 baseN(quad=False)=22 | ndofs= 3580194 | rel_resid[21]=5.07e-12 | overall_time(s)=1.570e+02 warm_time(s)=5.752e+01
order= 8 nref= 1 baseN(quad=False)=20 | ndofs=  240642 | rel_resid[21]=4.18e-12 | overall_time(s)=3.208e+01 warm_time(s)=4.375e+00
order= 8 nref= 2 baseN(quad=False)=20 | ndofs=  961282 | rel_resid[20]=9.97e-12 | overall_time(s)=7.850e+01 warm_time(s)=1.922e+01
order= 8 nref= 3 baseN(quad=False)=20 | ndofs= 3842562 | rel_resid[20]=9.21e-12 | overall_time(s)=2.202e+02 warm_time(s)=7.917e+01
order= 9 nref= 1 baseN(quad=False)=16 | ndofs=  194114 | rel_resid[21]=5.08e-12 | overall_time(s)=4.372e+01 warm_time(s)=4.532e+00
order= 9 nref= 2 baseN(quad=False)=16 | ndofs=  775298 | rel_resid[21]=3.89e-12 | overall_time(s)=8.464e+01 warm_time(s)=2.175e+01
order= 9 nref= 3 baseN(quad=False)=16 | ndofs= 3098882 | rel_resid[21]=3.01e-12 | overall_time(s)=2.526e+02 warm_time(s)=8.901e+01
order=10 nref= 1 baseN(quad=False)=16 | ndofs=  238722 | rel_resid[20]=6.95e-12 | overall_time(s)=6.738e+01 warm_time(s)=6.990e+00
order=10 nref= 2 baseN(quad=False)=16 | ndofs=  953602 | rel_resid[20]=5.70e-12 | overall_time(s)=1.302e+02 warm_time(s)=3.339e+01
order=10 nref= 3 baseN(quad=False)=16 | ndofs= 3811842 | rel_resid[20]=5.16e-12 | overall_time(s)=3.866e+02 warm_time(s)=1.383e+02
Overall run-time: 0h 36min 31s
