KSP Object: (firedrake_23_) 8 MPI processes
  type: fgmres
    restart=30, using Classical (unmodified) Gram-Schmidt Orthogonalization with no iterative refinement
    happy breakdown tolerance 1e-30
  maximum iterations=80, initial guess is zero
  tolerances:  relative=1e-11, absolute=1e-15, divergence=10000.
  right preconditioning
  using UNPRECONDITIONED norm type for convergence test
PC Object: (firedrake_23_) 8 MPI processes
  type: mg
    type is MULTIPLICATIVE, levels=4 cycles=v
      Cycles per PCApply=1
      Not using Galerkin computed coarse grid matrices
  Coarse grid solver -- level 0 -------------------------------
    KSP Object: (firedrake_23_mg_coarse_) 8 MPI processes
      type: preonly
      maximum iterations=10000, initial guess is zero
      tolerances:  relative=1e-05, absolute=1e-50, divergence=10000.
      left preconditioning
      using NONE norm type for convergence test
    PC Object: (firedrake_23_mg_coarse_) 8 MPI processes
      type: python
        Python: firedrake.AssembledPC
      Firedrake custom preconditioner AssembledPC
      PC to apply inverse
      PC Object: (firedrake_23_mg_coarse_assembled_) 8 MPI processes
        type: lu
          out-of-place factorization
          tolerance for zero pivot 2.22045e-14
          matrix ordering: external
          factor fill ratio given 0., needed 0.
            Factored matrix follows:
              Mat Object: (firedrake_23_mg_coarse_assembled_) 8 MPI processes
                type: mumps
                rows=72867, cols=72867
                package used to perform factorization: mumps
                total: nonzeros=25295033, allocated nonzeros=25295033
                  MUMPS run parameters:
                    Use -firedrake_23_mg_coarse_assembled_ksp_view ::ascii_info_detail to display information for all processes
                    RINFOG(1) (global estimated flops for the elimination after analysis): 6.06791e+09
                    RINFOG(2) (global estimated flops for the assembly after factorization): 1.88499e+07
                    RINFOG(3) (global estimated flops for the elimination after factorization): 6.06805e+09
                    (RINFOG(12) RINFOG(13))*2^INFOG(34) (determinant): (0.,0.)*(2^0)
                    INFOG(3) (estimated real workspace for factors on all processors after analysis): 25295033
                    INFOG(4) (estimated integer workspace for factors on all processors after analysis): 388348
                    INFOG(5) (estimated maximum front size in the complete tree): 870
                    INFOG(6) (number of nodes in the complete tree): 920
                    INFOG(7) (ordering option effectively used after analysis): 5
                    INFOG(8) (structural symmetry in percent of the permuted matrix after analysis): -1
                    INFOG(9) (total real/complex workspace to store the matrix factors after factorization): 25295653
                    INFOG(10) (total integer space store the matrix factors after factorization): 388352
                    INFOG(11) (order of largest frontal matrix after factorization): 870
                    INFOG(12) (number of off-diagonal pivots): 14639
                    INFOG(13) (number of delayed pivots after factorization): 2
                    INFOG(14) (number of memory compress after factorization): 0
                    INFOG(15) (number of steps of iterative refinement after solution): 0
                    INFOG(16) (estimated size (in MB) of all MUMPS internal data for factorization after analysis: value on the most memory consuming processor): 116
                    INFOG(17) (estimated size of all MUMPS internal data for factorization after analysis: sum over all processors): 854
                    INFOG(18) (size of all MUMPS internal data allocated during factorization: value on the most memory consuming processor): 116
                    INFOG(19) (size of all MUMPS internal data allocated during factorization: sum over all processors): 854
                    INFOG(20) (estimated number of entries in the factors): 25295033
                    INFOG(21) (size in MB of memory effectively used during factorization - value on the most memory consuming processor): 106
                    INFOG(22) (size in MB of memory effectively used during factorization - sum over all processors): 790
                    INFOG(23) (after analysis: value of ICNTL(6) effectively used): 0
                    INFOG(24) (after analysis: value of ICNTL(12) effectively used): 1
                    INFOG(25) (after factorization: number of pivots modified by static pivoting): 0
                    INFOG(28) (after factorization: number of null pivots encountered): 0
                    INFOG(29) (after factorization: effective number of entries in the factors (sum over all processors)): 25295653
                    INFOG(30, 31) (after solution: size in Mbytes of memory used during solution phase): 62, 443
                    INFOG(32) (after analysis: type of analysis done): 1
                    INFOG(33) (value used for ICNTL(8)): 7
                    INFOG(34) (exponent of the determinant if determinant is requested): 0
                    INFOG(35) (after factorization: number of entries taking into account BLR factor compression - sum over all processors): 25295653
                    INFOG(36) (after analysis: estimated size of all MUMPS internal data for running BLR in-core - value on the most memory consuming processor): 0
                    INFOG(37) (after analysis: estimated size of all MUMPS internal data for running BLR in-core - sum over all processors): 0
                    INFOG(38) (after analysis: estimated size of all MUMPS internal data for running BLR out-of-core - value on the most memory consuming processor): 0
                    INFOG(39) (after analysis: estimated size of all MUMPS internal data for running BLR out-of-core - sum over all processors): 0
        linear system matrix = precond matrix:
        Mat Object: (firedrake_23_mg_coarse_assembled_) 8 MPI processes
          type: mpiaij
          rows=72867, cols=72867
          total: nonzeros=17152489, allocated nonzeros=17152489
          total number of mallocs used during MatSetValues calls=0
            has attached null space
            using I-node (on process 0) routines: found 1890 nodes, limit used is 5
      linear system matrix = precond matrix:
      Mat Object: 8 MPI processes
        type: mpiaij
        rows=72867, cols=72867
        total: nonzeros=17152489, allocated nonzeros=17152489
        total number of mallocs used during MatSetValues calls=0
          has attached null space
          using I-node (on process 0) routines: found 1890 nodes, limit used is 5
  Down solver (pre-smoother) on level 1 -------------------------------
    KSP Object: (firedrake_23_mg_levels_1_) 8 MPI processes
      type: chebyshev
        Chebyshev polynomial of first kind
        eigenvalue targets used: min 1.69561, max 7.46068
        eigenvalues estimated via gmres: min 0.67361, max 6.78244
        eigenvalues estimated using gmres with transform: [0. 0.25; 0. 1.1]
        KSP Object: (firedrake_23_mg_levels_1_esteig_) 8 MPI processes
          type: gmres
            restart=30, using Classical (unmodified) Gram-Schmidt Orthogonalization with no iterative refinement
            happy breakdown tolerance 1e-30
          maximum iterations=10, initial guess is zero
          tolerances:  relative=1e-12, absolute=1e-50, divergence=10000.
          left preconditioning
          using PRECONDITIONED norm type for convergence test
        estimating eigenvalues using noisy right hand side
      maximum iterations=3, nonzero initial guess
      tolerances:  relative=1e-05, absolute=1e-50, divergence=10000.
      left preconditioning
      using NONE norm type for convergence test
    PC Object: (firedrake_23_mg_levels_1_) 8 MPI processes
      type: python
        Python: phmg.preconditioners.rlx_params.ASMVankaStarPC
      PC Object: (firedrake_23_mg_levels_1_pc_vankastar_sub_) 8 MPI processes
        type: asm
          total subdomain blocks = 1089, user-defined overlap
          restriction/interpolation type - BASIC
          Local solver information for first block is in the following KSP and PC objects on rank 0:
          Use -firedrake_23_mg_levels_1_pc_vankastar_sub_ksp_view ::ascii_info_detail to display information for all blocks
          KSP Object: (firedrake_23_mg_levels_1_pc_vankastar_sub_sub_) 1 MPI process
            type: preonly
            maximum iterations=10000, initial guess is zero
            tolerances:  relative=1e-05, absolute=1e-50, divergence=10000.
            left preconditioning
            using NONE norm type for convergence test
          PC Object: (firedrake_23_mg_levels_1_pc_vankastar_sub_sub_) 1 MPI process
            type: lu
              out-of-place factorization
              tolerance for zero pivot 2.22045e-14
              using diagonal shift to prevent zero pivot [NONZERO]
              matrix ordering: nd
              factor fill ratio given 5., needed 1.02582
                Factored matrix follows:
                  Mat Object: (firedrake_23_mg_levels_1_pc_vankastar_sub_sub_) 1 MPI process
                    type: seqaij
                    rows=879, cols=879
                    package used to perform factorization: petsc
                    total: nonzeros=186921, allocated nonzeros=186921
                      using I-node routines: found 184 nodes, limit used is 5
            linear system matrix = precond matrix:
            Mat Object: (firedrake_23_mg_levels_1_pc_vankastar_sub_sub_) 1 MPI process
              type: seqaij
              rows=879, cols=879
              total: nonzeros=182217, allocated nonzeros=182217
              total number of mallocs used during MatSetValues calls=0
                using I-node routines: found 193 nodes, limit used is 5
        linear system matrix = precond matrix:
        Mat Object: 8 MPI processes
          type: mpiaij
          rows=289603, cols=289603
          total: nonzeros=68544969, allocated nonzeros=68544969
          total number of mallocs used during MatSetValues calls=0
            has attached null space
            using I-node (on process 0) routines: found 7746 nodes, limit used is 5
      linear system matrix = precond matrix:
      Mat Object: 8 MPI processes
        type: mpiaij
        rows=289603, cols=289603
        total: nonzeros=68544969, allocated nonzeros=68544969
        total number of mallocs used during MatSetValues calls=0
          has attached null space
          using I-node (on process 0) routines: found 7746 nodes, limit used is 5
  Up solver (post-smoother) same as down solver (pre-smoother)
  Down solver (pre-smoother) on level 2 -------------------------------
    KSP Object: (firedrake_23_mg_levels_2_) 8 MPI processes
      type: chebyshev
        Chebyshev polynomial of first kind
        eigenvalue targets used: min 1.69307, max 7.44949
        eigenvalues estimated via gmres: min 0.604442, max 6.77227
        eigenvalues estimated using gmres with transform: [0. 0.25; 0. 1.1]
        KSP Object: (firedrake_23_mg_levels_2_esteig_) 8 MPI processes
          type: gmres
            restart=30, using Classical (unmodified) Gram-Schmidt Orthogonalization with no iterative refinement
            happy breakdown tolerance 1e-30
          maximum iterations=10, initial guess is zero
          tolerances:  relative=1e-12, absolute=1e-50, divergence=10000.
          left preconditioning
          using PRECONDITIONED norm type for convergence test
        estimating eigenvalues using noisy right hand side
      maximum iterations=3, nonzero initial guess
      tolerances:  relative=1e-05, absolute=1e-50, divergence=10000.
      left preconditioning
      using NONE norm type for convergence test
    PC Object: (firedrake_23_mg_levels_2_) 8 MPI processes
      type: python
        Python: phmg.preconditioners.rlx_params.ASMVankaStarPC
      PC Object: (firedrake_23_mg_levels_2_pc_vankastar_sub_) 8 MPI processes
        type: asm
          total subdomain blocks = 4225, user-defined overlap
          restriction/interpolation type - BASIC
          Local solver information for first block is in the following KSP and PC objects on rank 0:
          Use -firedrake_23_mg_levels_2_pc_vankastar_sub_ksp_view ::ascii_info_detail to display information for all blocks
          KSP Object: (firedrake_23_mg_levels_2_pc_vankastar_sub_sub_) 1 MPI process
            type: preonly
            maximum iterations=10000, initial guess is zero
            tolerances:  relative=1e-05, absolute=1e-50, divergence=10000.
            left preconditioning
            using NONE norm type for convergence test
          PC Object: (firedrake_23_mg_levels_2_pc_vankastar_sub_sub_) 1 MPI process
            type: lu
              out-of-place factorization
              tolerance for zero pivot 2.22045e-14
              using diagonal shift to prevent zero pivot [NONZERO]
              matrix ordering: nd
              factor fill ratio given 5., needed 1.02582
                Factored matrix follows:
                  Mat Object: (firedrake_23_mg_levels_2_pc_vankastar_sub_sub_) 1 MPI process
                    type: seqaij
                    rows=879, cols=879
                    package used to perform factorization: petsc
                    total: nonzeros=186921, allocated nonzeros=186921
                      using I-node routines: found 183 nodes, limit used is 5
            linear system matrix = precond matrix:
            Mat Object: (firedrake_23_mg_levels_2_pc_vankastar_sub_sub_) 1 MPI process
              type: seqaij
              rows=879, cols=879
              total: nonzeros=182217, allocated nonzeros=182217
              total number of mallocs used during MatSetValues calls=0
                using I-node routines: found 191 nodes, limit used is 5
        linear system matrix = precond matrix:
        Mat Object: 8 MPI processes
          type: mpiaij
          rows=1154691, cols=1154691
          total: nonzeros=274049929, allocated nonzeros=274049929
          total number of mallocs used during MatSetValues calls=0
            has attached null space
            using I-node (on process 0) routines: found 31362 nodes, limit used is 5
      linear system matrix = precond matrix:
      Mat Object: 8 MPI processes
        type: mpiaij
        rows=1154691, cols=1154691
        total: nonzeros=274049929, allocated nonzeros=274049929
        total number of mallocs used during MatSetValues calls=0
          has attached null space
          using I-node (on process 0) routines: found 31362 nodes, limit used is 5
  Up solver (post-smoother) same as down solver (pre-smoother)
  Down solver (pre-smoother) on level 3 -------------------------------
    KSP Object: (firedrake_23_mg_levels_3_) 8 MPI processes
      type: chebyshev
        Chebyshev polynomial of first kind
        eigenvalue targets used: min 1.68544, max 7.41595
        eigenvalues estimated via gmres: min 0.573211, max 6.74177
        eigenvalues estimated using gmres with transform: [0. 0.25; 0. 1.1]
        KSP Object: (firedrake_23_mg_levels_3_esteig_) 8 MPI processes
          type: gmres
            restart=30, using Classical (unmodified) Gram-Schmidt Orthogonalization with no iterative refinement
            happy breakdown tolerance 1e-30
          maximum iterations=10, initial guess is zero
          tolerances:  relative=1e-12, absolute=1e-50, divergence=10000.
          left preconditioning
          using PRECONDITIONED norm type for convergence test
        estimating eigenvalues using noisy right hand side
      maximum iterations=3, nonzero initial guess
      tolerances:  relative=1e-05, absolute=1e-50, divergence=10000.
      left preconditioning
      using NONE norm type for convergence test
    PC Object: (firedrake_23_mg_levels_3_) 8 MPI processes
      type: python
        Python: phmg.preconditioners.rlx_params.ASMVankaStarPC
      PC Object: (firedrake_23_mg_levels_3_pc_vankastar_sub_) 8 MPI processes
        type: asm
          total subdomain blocks = 16641, user-defined overlap
          restriction/interpolation type - BASIC
          Local solver information for first block is in the following KSP and PC objects on rank 0:
          Use -firedrake_23_mg_levels_3_pc_vankastar_sub_ksp_view ::ascii_info_detail to display information for all blocks
          KSP Object: (firedrake_23_mg_levels_3_pc_vankastar_sub_sub_) 1 MPI process
            type: preonly
            maximum iterations=10000, initial guess is zero
            tolerances:  relative=1e-05, absolute=1e-50, divergence=10000.
            left preconditioning
            using NONE norm type for convergence test
          PC Object: (firedrake_23_mg_levels_3_pc_vankastar_sub_sub_) 1 MPI process
            type: lu
              out-of-place factorization
              tolerance for zero pivot 2.22045e-14
              using diagonal shift to prevent zero pivot [NONZERO]
              matrix ordering: nd
              factor fill ratio given 5., needed 1.02582
                Factored matrix follows:
                  Mat Object: (firedrake_23_mg_levels_3_pc_vankastar_sub_sub_) 1 MPI process
                    type: seqaij
                    rows=879, cols=879
                    package used to perform factorization: petsc
                    total: nonzeros=186921, allocated nonzeros=186921
                      using I-node routines: found 183 nodes, limit used is 5
            linear system matrix = precond matrix:
            Mat Object: (firedrake_23_mg_levels_3_pc_vankastar_sub_sub_) 1 MPI process
              type: seqaij
              rows=879, cols=879
              total: nonzeros=182217, allocated nonzeros=182217
              total number of mallocs used during MatSetValues calls=0
                using I-node routines: found 191 nodes, limit used is 5
        linear system matrix = precond matrix:
        Mat Object: (firedrake_23_) 8 MPI processes
          type: mpiaij
          rows=4611331, cols=4611331
          total: nonzeros=1095939849, allocated nonzeros=1095939849
          total number of mallocs used during MatSetValues calls=0
            has attached null space
            using I-node (on process 0) routines: found 126210 nodes, limit used is 5
      linear system matrix = precond matrix:
      Mat Object: (firedrake_23_) 8 MPI processes
        type: mpiaij
        rows=4611331, cols=4611331
        total: nonzeros=1095939849, allocated nonzeros=1095939849
        total number of mallocs used during MatSetValues calls=0
          has attached null space
          using I-node (on process 0) routines: found 126210 nodes, limit used is 5
  Up solver (post-smoother) same as down solver (pre-smoother)
  linear system matrix = precond matrix:
  Mat Object: (firedrake_23_) 8 MPI processes
    type: mpiaij
    rows=4611331, cols=4611331
    total: nonzeros=1095939849, allocated nonzeros=1095939849
    total number of mallocs used during MatSetValues calls=0
      has attached null space
      using I-node (on process 0) routines: found 126210 nodes, limit used is 5
KSP Object: (firedrake_23_) 8 MPI processes
  type: fgmres
    restart=30, using Classical (unmodified) Gram-Schmidt Orthogonalization with no iterative refinement
    happy breakdown tolerance 1e-30
  maximum iterations=80, initial guess is zero
  tolerances:  relative=1e-11, absolute=1e-15, divergence=10000.
  right preconditioning
  using UNPRECONDITIONED norm type for convergence test
PC Object: (firedrake_23_) 8 MPI processes
  type: mg
    type is MULTIPLICATIVE, levels=4 cycles=v
      Cycles per PCApply=1
      Not using Galerkin computed coarse grid matrices
  Coarse grid solver -- level 0 -------------------------------
    KSP Object: (firedrake_23_mg_coarse_) 8 MPI processes
      type: preonly
      maximum iterations=10000, initial guess is zero
      tolerances:  relative=1e-05, absolute=1e-50, divergence=10000.
      left preconditioning
      using NONE norm type for convergence test
    PC Object: (firedrake_23_mg_coarse_) 8 MPI processes
      type: python
        Python: firedrake.AssembledPC
      Firedrake custom preconditioner AssembledPC
      PC to apply inverse
      PC Object: (firedrake_23_mg_coarse_assembled_) 8 MPI processes
        type: lu
          out-of-place factorization
          tolerance for zero pivot 2.22045e-14
          matrix ordering: external
          factor fill ratio given 0., needed 0.
            Factored matrix follows:
              Mat Object: (firedrake_23_mg_coarse_assembled_) 8 MPI processes
                type: mumps
                rows=72867, cols=72867
                package used to perform factorization: mumps
                total: nonzeros=25295033, allocated nonzeros=25295033
                  MUMPS run parameters:
                    Use -firedrake_23_mg_coarse_assembled_ksp_view ::ascii_info_detail to display information for all processes
                    RINFOG(1) (global estimated flops for the elimination after analysis): 6.06791e+09
                    RINFOG(2) (global estimated flops for the assembly after factorization): 1.88499e+07
                    RINFOG(3) (global estimated flops for the elimination after factorization): 6.06805e+09
                    (RINFOG(12) RINFOG(13))*2^INFOG(34) (determinant): (0.,0.)*(2^0)
                    INFOG(3) (estimated real workspace for factors on all processors after analysis): 25295033
                    INFOG(4) (estimated integer workspace for factors on all processors after analysis): 388348
                    INFOG(5) (estimated maximum front size in the complete tree): 870
                    INFOG(6) (number of nodes in the complete tree): 920
                    INFOG(7) (ordering option effectively used after analysis): 5
                    INFOG(8) (structural symmetry in percent of the permuted matrix after analysis): -1
                    INFOG(9) (total real/complex workspace to store the matrix factors after factorization): 25295653
                    INFOG(10) (total integer space store the matrix factors after factorization): 388352
                    INFOG(11) (order of largest frontal matrix after factorization): 870
                    INFOG(12) (number of off-diagonal pivots): 14639
                    INFOG(13) (number of delayed pivots after factorization): 2
                    INFOG(14) (number of memory compress after factorization): 0
                    INFOG(15) (number of steps of iterative refinement after solution): 0
                    INFOG(16) (estimated size (in MB) of all MUMPS internal data for factorization after analysis: value on the most memory consuming processor): 116
                    INFOG(17) (estimated size of all MUMPS internal data for factorization after analysis: sum over all processors): 854
                    INFOG(18) (size of all MUMPS internal data allocated during factorization: value on the most memory consuming processor): 116
                    INFOG(19) (size of all MUMPS internal data allocated during factorization: sum over all processors): 854
                    INFOG(20) (estimated number of entries in the factors): 25295033
                    INFOG(21) (size in MB of memory effectively used during factorization - value on the most memory consuming processor): 106
                    INFOG(22) (size in MB of memory effectively used during factorization - sum over all processors): 790
                    INFOG(23) (after analysis: value of ICNTL(6) effectively used): 0
                    INFOG(24) (after analysis: value of ICNTL(12) effectively used): 1
                    INFOG(25) (after factorization: number of pivots modified by static pivoting): 0
                    INFOG(28) (after factorization: number of null pivots encountered): 0
                    INFOG(29) (after factorization: effective number of entries in the factors (sum over all processors)): 25295653
                    INFOG(30, 31) (after solution: size in Mbytes of memory used during solution phase): 62, 443
                    INFOG(32) (after analysis: type of analysis done): 1
                    INFOG(33) (value used for ICNTL(8)): 7
                    INFOG(34) (exponent of the determinant if determinant is requested): 0
                    INFOG(35) (after factorization: number of entries taking into account BLR factor compression - sum over all processors): 25295653
                    INFOG(36) (after analysis: estimated size of all MUMPS internal data for running BLR in-core - value on the most memory consuming processor): 0
                    INFOG(37) (after analysis: estimated size of all MUMPS internal data for running BLR in-core - sum over all processors): 0
                    INFOG(38) (after analysis: estimated size of all MUMPS internal data for running BLR out-of-core - value on the most memory consuming processor): 0
                    INFOG(39) (after analysis: estimated size of all MUMPS internal data for running BLR out-of-core - sum over all processors): 0
        linear system matrix = precond matrix:
        Mat Object: (firedrake_23_mg_coarse_assembled_) 8 MPI processes
          type: mpiaij
          rows=72867, cols=72867
          total: nonzeros=17152489, allocated nonzeros=17152489
          total number of mallocs used during MatSetValues calls=0
            has attached null space
            using I-node (on process 0) routines: found 1890 nodes, limit used is 5
      linear system matrix = precond matrix:
      Mat Object: 8 MPI processes
        type: mpiaij
        rows=72867, cols=72867
        total: nonzeros=17152489, allocated nonzeros=17152489
        total number of mallocs used during MatSetValues calls=0
          has attached null space
          using I-node (on process 0) routines: found 1890 nodes, limit used is 5
  Down solver (pre-smoother) on level 1 -------------------------------
    KSP Object: (firedrake_23_mg_levels_1_) 8 MPI processes
      type: chebyshev
        Chebyshev polynomial of first kind
        eigenvalue targets used: min 1.69561, max 7.46068
        eigenvalues estimated via gmres: min 0.67361, max 6.78244
        eigenvalues estimated using gmres with transform: [0. 0.25; 0. 1.1]
        KSP Object: (firedrake_23_mg_levels_1_esteig_) 8 MPI processes
          type: gmres
            restart=30, using Classical (unmodified) Gram-Schmidt Orthogonalization with no iterative refinement
            happy breakdown tolerance 1e-30
          maximum iterations=10, initial guess is zero
          tolerances:  relative=1e-12, absolute=1e-50, divergence=10000.
          left preconditioning
          using PRECONDITIONED norm type for convergence test
        estimating eigenvalues using noisy right hand side
      maximum iterations=3, nonzero initial guess
      tolerances:  relative=1e-05, absolute=1e-50, divergence=10000.
      left preconditioning
      using NONE norm type for convergence test
    PC Object: (firedrake_23_mg_levels_1_) 8 MPI processes
      type: python
        Python: phmg.preconditioners.rlx_params.ASMVankaStarPC
      PC Object: (firedrake_23_mg_levels_1_pc_vankastar_sub_) 8 MPI processes
        type: asm
          total subdomain blocks = 1089, user-defined overlap
          restriction/interpolation type - BASIC
          Local solver information for first block is in the following KSP and PC objects on rank 0:
          Use -firedrake_23_mg_levels_1_pc_vankastar_sub_ksp_view ::ascii_info_detail to display information for all blocks
          KSP Object: (firedrake_23_mg_levels_1_pc_vankastar_sub_sub_) 1 MPI process
            type: preonly
            maximum iterations=10000, initial guess is zero
            tolerances:  relative=1e-05, absolute=1e-50, divergence=10000.
            left preconditioning
            using NONE norm type for convergence test
          PC Object: (firedrake_23_mg_levels_1_pc_vankastar_sub_sub_) 1 MPI process
            type: lu
              out-of-place factorization
              tolerance for zero pivot 2.22045e-14
              using diagonal shift to prevent zero pivot [NONZERO]
              matrix ordering: nd
              factor fill ratio given 5., needed 1.02582
                Factored matrix follows:
                  Mat Object: (firedrake_23_mg_levels_1_pc_vankastar_sub_sub_) 1 MPI process
                    type: seqaij
                    rows=879, cols=879
                    package used to perform factorization: petsc
                    total: nonzeros=186921, allocated nonzeros=186921
                      using I-node routines: found 184 nodes, limit used is 5
            linear system matrix = precond matrix:
            Mat Object: (firedrake_23_mg_levels_1_pc_vankastar_sub_sub_) 1 MPI process
              type: seqaij
              rows=879, cols=879
              total: nonzeros=182217, allocated nonzeros=182217
              total number of mallocs used during MatSetValues calls=0
                using I-node routines: found 193 nodes, limit used is 5
        linear system matrix = precond matrix:
        Mat Object: 8 MPI processes
          type: mpiaij
          rows=289603, cols=289603
          total: nonzeros=68544969, allocated nonzeros=68544969
          total number of mallocs used during MatSetValues calls=0
            has attached null space
            using I-node (on process 0) routines: found 7746 nodes, limit used is 5
      linear system matrix = precond matrix:
      Mat Object: 8 MPI processes
        type: mpiaij
        rows=289603, cols=289603
        total: nonzeros=68544969, allocated nonzeros=68544969
        total number of mallocs used during MatSetValues calls=0
          has attached null space
          using I-node (on process 0) routines: found 7746 nodes, limit used is 5
  Up solver (post-smoother) same as down solver (pre-smoother)
  Down solver (pre-smoother) on level 2 -------------------------------
    KSP Object: (firedrake_23_mg_levels_2_) 8 MPI processes
      type: chebyshev
        Chebyshev polynomial of first kind
        eigenvalue targets used: min 1.69307, max 7.44949
        eigenvalues estimated via gmres: min 0.604442, max 6.77227
        eigenvalues estimated using gmres with transform: [0. 0.25; 0. 1.1]
        KSP Object: (firedrake_23_mg_levels_2_esteig_) 8 MPI processes
          type: gmres
            restart=30, using Classical (unmodified) Gram-Schmidt Orthogonalization with no iterative refinement
            happy breakdown tolerance 1e-30
          maximum iterations=10, initial guess is zero
          tolerances:  relative=1e-12, absolute=1e-50, divergence=10000.
          left preconditioning
          using PRECONDITIONED norm type for convergence test
        estimating eigenvalues using noisy right hand side
      maximum iterations=3, nonzero initial guess
      tolerances:  relative=1e-05, absolute=1e-50, divergence=10000.
      left preconditioning
      using NONE norm type for convergence test
    PC Object: (firedrake_23_mg_levels_2_) 8 MPI processes
      type: python
        Python: phmg.preconditioners.rlx_params.ASMVankaStarPC
      PC Object: (firedrake_23_mg_levels_2_pc_vankastar_sub_) 8 MPI processes
        type: asm
          total subdomain blocks = 4225, user-defined overlap
          restriction/interpolation type - BASIC
          Local solver information for first block is in the following KSP and PC objects on rank 0:
          Use -firedrake_23_mg_levels_2_pc_vankastar_sub_ksp_view ::ascii_info_detail to display information for all blocks
          KSP Object: (firedrake_23_mg_levels_2_pc_vankastar_sub_sub_) 1 MPI process
            type: preonly
            maximum iterations=10000, initial guess is zero
            tolerances:  relative=1e-05, absolute=1e-50, divergence=10000.
            left preconditioning
            using NONE norm type for convergence test
          PC Object: (firedrake_23_mg_levels_2_pc_vankastar_sub_sub_) 1 MPI process
            type: lu
              out-of-place factorization
              tolerance for zero pivot 2.22045e-14
              using diagonal shift to prevent zero pivot [NONZERO]
              matrix ordering: nd
              factor fill ratio given 5., needed 1.02582
                Factored matrix follows:
                  Mat Object: (firedrake_23_mg_levels_2_pc_vankastar_sub_sub_) 1 MPI process
                    type: seqaij
                    rows=879, cols=879
                    package used to perform factorization: petsc
                    total: nonzeros=186921, allocated nonzeros=186921
                      using I-node routines: found 183 nodes, limit used is 5
            linear system matrix = precond matrix:
            Mat Object: (firedrake_23_mg_levels_2_pc_vankastar_sub_sub_) 1 MPI process
              type: seqaij
              rows=879, cols=879
              total: nonzeros=182217, allocated nonzeros=182217
              total number of mallocs used during MatSetValues calls=0
                using I-node routines: found 191 nodes, limit used is 5
        linear system matrix = precond matrix:
        Mat Object: 8 MPI processes
          type: mpiaij
          rows=1154691, cols=1154691
          total: nonzeros=274049929, allocated nonzeros=274049929
          total number of mallocs used during MatSetValues calls=0
            has attached null space
            using I-node (on process 0) routines: found 31362 nodes, limit used is 5
      linear system matrix = precond matrix:
      Mat Object: 8 MPI processes
        type: mpiaij
        rows=1154691, cols=1154691
        total: nonzeros=274049929, allocated nonzeros=274049929
        total number of mallocs used during MatSetValues calls=0
          has attached null space
          using I-node (on process 0) routines: found 31362 nodes, limit used is 5
  Up solver (post-smoother) same as down solver (pre-smoother)
  Down solver (pre-smoother) on level 3 -------------------------------
    KSP Object: (firedrake_23_mg_levels_3_) 8 MPI processes
      type: chebyshev
        Chebyshev polynomial of first kind
        eigenvalue targets used: min 1.68544, max 7.41595
        eigenvalues estimated via gmres: min 0.573211, max 6.74177
        eigenvalues estimated using gmres with transform: [0. 0.25; 0. 1.1]
        KSP Object: (firedrake_23_mg_levels_3_esteig_) 8 MPI processes
          type: gmres
            restart=30, using Classical (unmodified) Gram-Schmidt Orthogonalization with no iterative refinement
            happy breakdown tolerance 1e-30
          maximum iterations=10, initial guess is zero
          tolerances:  relative=1e-12, absolute=1e-50, divergence=10000.
          left preconditioning
          using PRECONDITIONED norm type for convergence test
        estimating eigenvalues using noisy right hand side
      maximum iterations=3, nonzero initial guess
      tolerances:  relative=1e-05, absolute=1e-50, divergence=10000.
      left preconditioning
      using NONE norm type for convergence test
    PC Object: (firedrake_23_mg_levels_3_) 8 MPI processes
      type: python
        Python: phmg.preconditioners.rlx_params.ASMVankaStarPC
      PC Object: (firedrake_23_mg_levels_3_pc_vankastar_sub_) 8 MPI processes
        type: asm
          total subdomain blocks = 16641, user-defined overlap
          restriction/interpolation type - BASIC
          Local solver information for first block is in the following KSP and PC objects on rank 0:
          Use -firedrake_23_mg_levels_3_pc_vankastar_sub_ksp_view ::ascii_info_detail to display information for all blocks
          KSP Object: (firedrake_23_mg_levels_3_pc_vankastar_sub_sub_) 1 MPI process
            type: preonly
            maximum iterations=10000, initial guess is zero
            tolerances:  relative=1e-05, absolute=1e-50, divergence=10000.
            left preconditioning
            using NONE norm type for convergence test
          PC Object: (firedrake_23_mg_levels_3_pc_vankastar_sub_sub_) 1 MPI process
            type: lu
              out-of-place factorization
              tolerance for zero pivot 2.22045e-14
              using diagonal shift to prevent zero pivot [NONZERO]
              matrix ordering: nd
              factor fill ratio given 5., needed 1.02582
                Factored matrix follows:
                  Mat Object: (firedrake_23_mg_levels_3_pc_vankastar_sub_sub_) 1 MPI process
                    type: seqaij
                    rows=879, cols=879
                    package used to perform factorization: petsc
                    total: nonzeros=186921, allocated nonzeros=186921
                      using I-node routines: found 183 nodes, limit used is 5
            linear system matrix = precond matrix:
            Mat Object: (firedrake_23_mg_levels_3_pc_vankastar_sub_sub_) 1 MPI process
              type: seqaij
              rows=879, cols=879
              total: nonzeros=182217, allocated nonzeros=182217
              total number of mallocs used during MatSetValues calls=0
                using I-node routines: found 191 nodes, limit used is 5
        linear system matrix = precond matrix:
        Mat Object: (firedrake_23_) 8 MPI processes
          type: mpiaij
          rows=4611331, cols=4611331
          total: nonzeros=1095939849, allocated nonzeros=1095939849
          total number of mallocs used during MatSetValues calls=0
            has attached null space
            using I-node (on process 0) routines: found 126210 nodes, limit used is 5
      linear system matrix = precond matrix:
      Mat Object: (firedrake_23_) 8 MPI processes
        type: mpiaij
        rows=4611331, cols=4611331
        total: nonzeros=1095939849, allocated nonzeros=1095939849
        total number of mallocs used during MatSetValues calls=0
          has attached null space
          using I-node (on process 0) routines: found 126210 nodes, limit used is 5
  Up solver (post-smoother) same as down solver (pre-smoother)
  linear system matrix = precond matrix:
  Mat Object: (firedrake_23_) 8 MPI processes
    type: mpiaij
    rows=4611331, cols=4611331
    total: nonzeros=1095939849, allocated nonzeros=1095939849
    total number of mallocs used during MatSetValues calls=0
      has attached null space
      using I-node (on process 0) routines: found 126210 nodes, limit used is 5
