Taylor Hood Problem has been set up
Setting up the solver..
{'ksp_atol': 1e-15,
 'ksp_error_if_not_converged': False,
 'ksp_max_it': 80,
 'ksp_monitor': None,
 'ksp_rtol': 1e-11,
 'ksp_type': 'fgmres',
 'mat_type': 'aij',
 'mg_coarse': {'assembled': {'pc_factor_mat_solver_type': 'mumps',
                             'pc_type': 'lu'},
               'ksp_type': 'preonly',
               'mat_type': 'aij',
               'pc_python_type': 'firedrake.AssembledPC',
               'pc_type': 'python'},
 'mg_levels': {'ksp_chebyshev_esteig': '0,0.25,0,1.1',
               'ksp_convergence_test': 'skip',
               'ksp_max_it': 3,
               'ksp_type': 'chebyshev',
               'pc_python_type': 'phmg.preconditioners.rlx_params.ASMVankaStarPC',
               'pc_type': 'python',
               'pc_vankastar_construct_dim': 0,
               'pc_vankastar_exclude_subspaces': '1',
               'pc_vankastar_sub_sub_pc_factor_shift_type': 'nonzero'},
 'pc_mg_multiplicative_cycles': 1,
 'pc_type': 'mg',
 'petscpartitioner_parmetis_debug': 'true',
 'petscpartitioner_type': 'parmetis',
 'snes_atol': 1e-10,
 'snes_convergence_test': 'skip',
 'snes_lag_jacobian': -2,
 'snes_lag_preconditioner': -2,
 'snes_max_it': 1,
 'snes_rtol': 1e-10,
 'snes_stol': 1e-10,
 'snes_type': 'ksponly'}
Warm-up run complete.
Warm run complete.
order= 3 nref= 1 baseN(quad=False)=51 | ndofs=  230523 | rel_resid[10]=9.05e-13 | overall_time(s)=7.953e+00 warm_time(s)=1.679e+00
Taylor Hood Problem has been set up
Setting up the solver..
{'ksp_atol': 1e-15,
 'ksp_error_if_not_converged': False,
 'ksp_max_it': 80,
 'ksp_monitor': None,
 'ksp_rtol': 1e-11,
 'ksp_type': 'fgmres',
 'mat_type': 'aij',
 'mg_coarse': {'assembled': {'pc_factor_mat_solver_type': 'mumps',
                             'pc_type': 'lu'},
               'ksp_type': 'preonly',
               'mat_type': 'aij',
               'pc_python_type': 'firedrake.AssembledPC',
               'pc_type': 'python'},
 'mg_levels': {'ksp_chebyshev_esteig': '0,0.25,0,1.1',
               'ksp_convergence_test': 'skip',
               'ksp_max_it': 3,
               'ksp_type': 'chebyshev',
               'pc_python_type': 'phmg.preconditioners.rlx_params.ASMVankaStarPC',
               'pc_type': 'python',
               'pc_vankastar_construct_dim': 0,
               'pc_vankastar_exclude_subspaces': '1',
               'pc_vankastar_sub_sub_pc_factor_shift_type': 'nonzero'},
 'pc_mg_multiplicative_cycles': 1,
 'pc_type': 'mg',
 'petscpartitioner_parmetis_debug': 'true',
 'petscpartitioner_type': 'parmetis',
 'snes_atol': 1e-10,
 'snes_convergence_test': 'skip',
 'snes_lag_jacobian': -2,
 'snes_lag_preconditioner': -2,
 'snes_max_it': 1,
 'snes_rtol': 1e-10,
 'snes_stol': 1e-10,
 'snes_type': 'ksponly'}
Warm-up run complete.
Warm run complete.
order= 3 nref= 2 baseN(quad=False)=51 | ndofs=  918819 | rel_resid[11]=4.29e-12 | overall_time(s)=2.556e+01 warm_time(s)=6.788e+00
Taylor Hood Problem has been set up
Setting up the solver..
{'ksp_atol': 1e-15,
 'ksp_error_if_not_converged': False,
 'ksp_max_it': 80,
 'ksp_monitor': None,
 'ksp_rtol': 1e-11,
 'ksp_type': 'fgmres',
 'mat_type': 'aij',
 'mg_coarse': {'assembled': {'pc_factor_mat_solver_type': 'mumps',
                             'pc_type': 'lu'},
               'ksp_type': 'preonly',
               'mat_type': 'aij',
               'pc_python_type': 'firedrake.AssembledPC',
               'pc_type': 'python'},
 'mg_levels': {'ksp_chebyshev_esteig': '0,0.25,0,1.1',
               'ksp_convergence_test': 'skip',
               'ksp_max_it': 3,
               'ksp_type': 'chebyshev',
               'pc_python_type': 'phmg.preconditioners.rlx_params.ASMVankaStarPC',
               'pc_type': 'python',
               'pc_vankastar_construct_dim': 0,
               'pc_vankastar_exclude_subspaces': '1',
               'pc_vankastar_sub_sub_pc_factor_shift_type': 'nonzero'},
 'pc_mg_multiplicative_cycles': 1,
 'pc_type': 'mg',
 'petscpartitioner_parmetis_debug': 'true',
 'petscpartitioner_type': 'parmetis',
 'snes_atol': 1e-10,
 'snes_convergence_test': 'skip',
 'snes_lag_jacobian': -2,
 'snes_lag_preconditioner': -2,
 'snes_max_it': 1,
 'snes_rtol': 1e-10,
 'snes_stol': 1e-10,
 'snes_type': 'ksponly'}
Warm-up run complete.
Warm run complete.
order= 3 nref= 3 baseN(quad=False)=51 | ndofs= 3668739 | rel_resid[12]=5.65e-12 | overall_time(s)=8.164e+02 warm_time(s)=2.967e+01
Taylor Hood Problem has been set up
Setting up the solver..
{'ksp_atol': 1e-15,
 'ksp_error_if_not_converged': False,
 'ksp_max_it': 80,
 'ksp_monitor': None,
 'ksp_rtol': 1e-11,
 'ksp_type': 'fgmres',
 'mat_type': 'aij',
 'mg_coarse': {'assembled': {'pc_factor_mat_solver_type': 'mumps',
                             'pc_type': 'lu'},
               'ksp_type': 'preonly',
               'mat_type': 'aij',
               'pc_python_type': 'firedrake.AssembledPC',
               'pc_type': 'python'},
 'mg_levels': {'ksp_chebyshev_esteig': '0,0.25,0,1.1',
               'ksp_convergence_test': 'skip',
               'ksp_max_it': 3,
               'ksp_type': 'chebyshev',
               'pc_python_type': 'phmg.preconditioners.rlx_params.ASMVankaStarPC',
               'pc_type': 'python',
               'pc_vankastar_construct_dim': 0,
               'pc_vankastar_exclude_subspaces': '1',
               'pc_vankastar_sub_sub_pc_factor_shift_type': 'nonzero'},
 'pc_mg_multiplicative_cycles': 1,
 'pc_type': 'mg',
 'petscpartitioner_parmetis_debug': 'true',
 'petscpartitioner_type': 'parmetis',
 'snes_atol': 1e-10,
 'snes_convergence_test': 'skip',
 'snes_lag_jacobian': -2,
 'snes_lag_preconditioner': -2,
 'snes_max_it': 1,
 'snes_rtol': 1e-10,
 'snes_stol': 1e-10,
 'snes_type': 'ksponly'}
Warm-up run complete.
Warm run complete.
order= 4 nref= 1 baseN(quad=False)=39 | ndofs=  251163 | rel_resid[ 8]=3.59e-12 | overall_time(s)=8.523e+00 warm_time(s)=1.246e+00
Taylor Hood Problem has been set up
Setting up the solver..
{'ksp_atol': 1e-15,
 'ksp_error_if_not_converged': False,
 'ksp_max_it': 80,
 'ksp_monitor': None,
 'ksp_rtol': 1e-11,
 'ksp_type': 'fgmres',
 'mat_type': 'aij',
 'mg_coarse': {'assembled': {'pc_factor_mat_solver_type': 'mumps',
                             'pc_type': 'lu'},
               'ksp_type': 'preonly',
               'mat_type': 'aij',
               'pc_python_type': 'firedrake.AssembledPC',
               'pc_type': 'python'},
 'mg_levels': {'ksp_chebyshev_esteig': '0,0.25,0,1.1',
               'ksp_convergence_test': 'skip',
               'ksp_max_it': 3,
               'ksp_type': 'chebyshev',
               'pc_python_type': 'phmg.preconditioners.rlx_params.ASMVankaStarPC',
               'pc_type': 'python',
               'pc_vankastar_construct_dim': 0,
               'pc_vankastar_exclude_subspaces': '1',
               'pc_vankastar_sub_sub_pc_factor_shift_type': 'nonzero'},
 'pc_mg_multiplicative_cycles': 1,
 'pc_type': 'mg',
 'petscpartitioner_parmetis_debug': 'true',
 'petscpartitioner_type': 'parmetis',
 'snes_atol': 1e-10,
 'snes_convergence_test': 'skip',
 'snes_lag_jacobian': -2,
 'snes_lag_preconditioner': -2,
 'snes_max_it': 1,
 'snes_rtol': 1e-10,
 'snes_stol': 1e-10,
 'snes_type': 'ksponly'}
Warm-up run complete.
Warm run complete.
order= 4 nref= 2 baseN(quad=False)=39 | ndofs= 1001211 | rel_resid[ 8]=5.57e-12 | overall_time(s)=2.453e+01 warm_time(s)=5.490e+00
Taylor Hood Problem has been set up
Setting up the solver..
{'ksp_atol': 1e-15,
 'ksp_error_if_not_converged': False,
 'ksp_max_it': 80,
 'ksp_monitor': None,
 'ksp_rtol': 1e-11,
 'ksp_type': 'fgmres',
 'mat_type': 'aij',
 'mg_coarse': {'assembled': {'pc_factor_mat_solver_type': 'mumps',
                             'pc_type': 'lu'},
               'ksp_type': 'preonly',
               'mat_type': 'aij',
               'pc_python_type': 'firedrake.AssembledPC',
               'pc_type': 'python'},
 'mg_levels': {'ksp_chebyshev_esteig': '0,0.25,0,1.1',
               'ksp_convergence_test': 'skip',
               'ksp_max_it': 3,
               'ksp_type': 'chebyshev',
               'pc_python_type': 'phmg.preconditioners.rlx_params.ASMVankaStarPC',
               'pc_type': 'python',
               'pc_vankastar_construct_dim': 0,
               'pc_vankastar_exclude_subspaces': '1',
               'pc_vankastar_sub_sub_pc_factor_shift_type': 'nonzero'},
 'pc_mg_multiplicative_cycles': 1,
 'pc_type': 'mg',
 'petscpartitioner_parmetis_debug': 'true',
 'petscpartitioner_type': 'parmetis',
 'snes_atol': 1e-10,
 'snes_convergence_test': 'skip',
 'snes_lag_jacobian': -2,
 'snes_lag_preconditioner': -2,
 'snes_max_it': 1,
 'snes_rtol': 1e-10,
 'snes_stol': 1e-10,
 'snes_type': 'ksponly'}
Warm-up run complete.
Warm run complete.
order= 4 nref= 3 baseN(quad=False)=39 | ndofs= 3997971 | rel_resid[ 9]=8.55e-13 | overall_time(s)=5.284e+02 warm_time(s)=2.331e+01
Taylor Hood Problem has been set up
Setting up the solver..
{'ksp_atol': 1e-15,
 'ksp_error_if_not_converged': False,
 'ksp_max_it': 80,
 'ksp_monitor': None,
 'ksp_rtol': 1e-11,
 'ksp_type': 'fgmres',
 'mat_type': 'aij',
 'mg_coarse': {'assembled': {'pc_factor_mat_solver_type': 'mumps',
                             'pc_type': 'lu'},
               'ksp_type': 'preonly',
               'mat_type': 'aij',
               'pc_python_type': 'firedrake.AssembledPC',
               'pc_type': 'python'},
 'mg_levels': {'ksp_chebyshev_esteig': '0,0.25,0,1.1',
               'ksp_convergence_test': 'skip',
               'ksp_max_it': 3,
               'ksp_type': 'chebyshev',
               'pc_python_type': 'phmg.preconditioners.rlx_params.ASMVankaStarPC',
               'pc_type': 'python',
               'pc_vankastar_construct_dim': 0,
               'pc_vankastar_exclude_subspaces': '1',
               'pc_vankastar_sub_sub_pc_factor_shift_type': 'nonzero'},
 'pc_mg_multiplicative_cycles': 1,
 'pc_type': 'mg',
 'petscpartitioner_parmetis_debug': 'true',
 'petscpartitioner_type': 'parmetis',
 'snes_atol': 1e-10,
 'snes_convergence_test': 'skip',
 'snes_lag_jacobian': -2,
 'snes_lag_preconditioner': -2,
 'snes_max_it': 1,
 'snes_rtol': 1e-10,
 'snes_stol': 1e-10,
 'snes_type': 'ksponly'}
Warm-up run complete.
Warm run complete.
order= 5 nref= 1 baseN(quad=False)=31 | ndofs=  255443 | rel_resid[ 8]=4.25e-12 | overall_time(s)=1.179e+01 warm_time(s)=1.429e+00
Taylor Hood Problem has been set up
Setting up the solver..
{'ksp_atol': 1e-15,
 'ksp_error_if_not_converged': False,
 'ksp_max_it': 80,
 'ksp_monitor': None,
 'ksp_rtol': 1e-11,
 'ksp_type': 'fgmres',
 'mat_type': 'aij',
 'mg_coarse': {'assembled': {'pc_factor_mat_solver_type': 'mumps',
                             'pc_type': 'lu'},
               'ksp_type': 'preonly',
               'mat_type': 'aij',
               'pc_python_type': 'firedrake.AssembledPC',
               'pc_type': 'python'},
 'mg_levels': {'ksp_chebyshev_esteig': '0,0.25,0,1.1',
               'ksp_convergence_test': 'skip',
               'ksp_max_it': 3,
               'ksp_type': 'chebyshev',
               'pc_python_type': 'phmg.preconditioners.rlx_params.ASMVankaStarPC',
               'pc_type': 'python',
               'pc_vankastar_construct_dim': 0,
               'pc_vankastar_exclude_subspaces': '1',
               'pc_vankastar_sub_sub_pc_factor_shift_type': 'nonzero'},
 'pc_mg_multiplicative_cycles': 1,
 'pc_type': 'mg',
 'petscpartitioner_parmetis_debug': 'true',
 'petscpartitioner_type': 'parmetis',
 'snes_atol': 1e-10,
 'snes_convergence_test': 'skip',
 'snes_lag_jacobian': -2,
 'snes_lag_preconditioner': -2,
 'snes_max_it': 1,
 'snes_rtol': 1e-10,
 'snes_stol': 1e-10,
 'snes_type': 'ksponly'}
Warm-up run complete.
Warm run complete.
order= 5 nref= 2 baseN(quad=False)=31 | ndofs= 1018291 | rel_resid[ 9]=2.48e-12 | overall_time(s)=2.953e+01 warm_time(s)=6.681e+00
Taylor Hood Problem has been set up
Setting up the solver..
{'ksp_atol': 1e-15,
 'ksp_error_if_not_converged': False,
 'ksp_max_it': 80,
 'ksp_monitor': None,
 'ksp_rtol': 1e-11,
 'ksp_type': 'fgmres',
 'mat_type': 'aij',
 'mg_coarse': {'assembled': {'pc_factor_mat_solver_type': 'mumps',
                             'pc_type': 'lu'},
               'ksp_type': 'preonly',
               'mat_type': 'aij',
               'pc_python_type': 'firedrake.AssembledPC',
               'pc_type': 'python'},
 'mg_levels': {'ksp_chebyshev_esteig': '0,0.25,0,1.1',
               'ksp_convergence_test': 'skip',
               'ksp_max_it': 3,
               'ksp_type': 'chebyshev',
               'pc_python_type': 'phmg.preconditioners.rlx_params.ASMVankaStarPC',
               'pc_type': 'python',
               'pc_vankastar_construct_dim': 0,
               'pc_vankastar_exclude_subspaces': '1',
               'pc_vankastar_sub_sub_pc_factor_shift_type': 'nonzero'},
 'pc_mg_multiplicative_cycles': 1,
 'pc_type': 'mg',
 'petscpartitioner_parmetis_debug': 'true',
 'petscpartitioner_type': 'parmetis',
 'snes_atol': 1e-10,
 'snes_convergence_test': 'skip',
 'snes_lag_jacobian': -2,
 'snes_lag_preconditioner': -2,
 'snes_max_it': 1,
 'snes_rtol': 1e-10,
 'snes_stol': 1e-10,
 'snes_type': 'ksponly'}
Warm-up run complete.
Warm run complete.
order= 5 nref= 3 baseN(quad=False)=31 | ndofs= 4066211 | rel_resid[10]=1.63e-12 | overall_time(s)=3.996e+02 warm_time(s)=2.990e+01
Taylor Hood Problem has been set up
Setting up the solver..
{'ksp_atol': 1e-15,
 'ksp_error_if_not_converged': False,
 'ksp_max_it': 80,
 'ksp_monitor': None,
 'ksp_rtol': 1e-11,
 'ksp_type': 'fgmres',
 'mat_type': 'aij',
 'mg_coarse': {'assembled': {'pc_factor_mat_solver_type': 'mumps',
                             'pc_type': 'lu'},
               'ksp_type': 'preonly',
               'mat_type': 'aij',
               'pc_python_type': 'firedrake.AssembledPC',
               'pc_type': 'python'},
 'mg_levels': {'ksp_chebyshev_esteig': '0,0.25,0,1.1',
               'ksp_convergence_test': 'skip',
               'ksp_max_it': 3,
               'ksp_type': 'chebyshev',
               'pc_python_type': 'phmg.preconditioners.rlx_params.ASMVankaStarPC',
               'pc_type': 'python',
               'pc_vankastar_construct_dim': 0,
               'pc_vankastar_exclude_subspaces': '1',
               'pc_vankastar_sub_sub_pc_factor_shift_type': 'nonzero'},
 'pc_mg_multiplicative_cycles': 1,
 'pc_type': 'mg',
 'petscpartitioner_parmetis_debug': 'true',
 'petscpartitioner_type': 'parmetis',
 'snes_atol': 1e-10,
 'snes_convergence_test': 'skip',
 'snes_lag_jacobian': -2,
 'snes_lag_preconditioner': -2,
 'snes_max_it': 1,
 'snes_rtol': 1e-10,
 'snes_stol': 1e-10,
 'snes_type': 'ksponly'}
Warm-up run complete.
Warm run complete.
order= 6 nref= 1 baseN(quad=False)=26 | ndofs=  264059 | rel_resid[ 8]=2.35e-12 | overall_time(s)=1.688e+01 warm_time(s)=1.673e+00
Taylor Hood Problem has been set up
Setting up the solver..
{'ksp_atol': 1e-15,
 'ksp_error_if_not_converged': False,
 'ksp_max_it': 80,
 'ksp_monitor': None,
 'ksp_rtol': 1e-11,
 'ksp_type': 'fgmres',
 'mat_type': 'aij',
 'mg_coarse': {'assembled': {'pc_factor_mat_solver_type': 'mumps',
                             'pc_type': 'lu'},
               'ksp_type': 'preonly',
               'mat_type': 'aij',
               'pc_python_type': 'firedrake.AssembledPC',
               'pc_type': 'python'},
 'mg_levels': {'ksp_chebyshev_esteig': '0,0.25,0,1.1',
               'ksp_convergence_test': 'skip',
               'ksp_max_it': 3,
               'ksp_type': 'chebyshev',
               'pc_python_type': 'phmg.preconditioners.rlx_params.ASMVankaStarPC',
               'pc_type': 'python',
               'pc_vankastar_construct_dim': 0,
               'pc_vankastar_exclude_subspaces': '1',
               'pc_vankastar_sub_sub_pc_factor_shift_type': 'nonzero'},
 'pc_mg_multiplicative_cycles': 1,
 'pc_type': 'mg',
 'petscpartitioner_parmetis_debug': 'true',
 'petscpartitioner_type': 'parmetis',
 'snes_atol': 1e-10,
 'snes_convergence_test': 'skip',
 'snes_lag_jacobian': -2,
 'snes_lag_preconditioner': -2,
 'snes_max_it': 1,
 'snes_rtol': 1e-10,
 'snes_stol': 1e-10,
 'snes_type': 'ksponly'}
Warm-up run complete.
Warm run complete.
order= 6 nref= 2 baseN(quad=False)=26 | ndofs= 1052691 | rel_resid[ 8]=9.08e-12 | overall_time(s)=3.702e+01 warm_time(s)=7.518e+00
Taylor Hood Problem has been set up
Setting up the solver..
{'ksp_atol': 1e-15,
 'ksp_error_if_not_converged': False,
 'ksp_max_it': 80,
 'ksp_monitor': None,
 'ksp_rtol': 1e-11,
 'ksp_type': 'fgmres',
 'mat_type': 'aij',
 'mg_coarse': {'assembled': {'pc_factor_mat_solver_type': 'mumps',
                             'pc_type': 'lu'},
               'ksp_type': 'preonly',
               'mat_type': 'aij',
               'pc_python_type': 'firedrake.AssembledPC',
               'pc_type': 'python'},
 'mg_levels': {'ksp_chebyshev_esteig': '0,0.25,0,1.1',
               'ksp_convergence_test': 'skip',
               'ksp_max_it': 3,
               'ksp_type': 'chebyshev',
               'pc_python_type': 'phmg.preconditioners.rlx_params.ASMVankaStarPC',
               'pc_type': 'python',
               'pc_vankastar_construct_dim': 0,
               'pc_vankastar_exclude_subspaces': '1',
               'pc_vankastar_sub_sub_pc_factor_shift_type': 'nonzero'},
 'pc_mg_multiplicative_cycles': 1,
 'pc_type': 'mg',
 'petscpartitioner_parmetis_debug': 'true',
 'petscpartitioner_type': 'parmetis',
 'snes_atol': 1e-10,
 'snes_convergence_test': 'skip',
 'snes_lag_jacobian': -2,
 'snes_lag_preconditioner': -2,
 'snes_max_it': 1,
 'snes_rtol': 1e-10,
 'snes_stol': 1e-10,
 'snes_type': 'ksponly'}
Warm-up run complete.
Warm run complete.
order= 6 nref= 3 baseN(quad=False)=26 | ndofs= 4203683 | rel_resid[ 9]=1.05e-12 | overall_time(s)=3.393e+02 warm_time(s)=3.279e+01
Taylor Hood Problem has been set up
Setting up the solver..
{'ksp_atol': 1e-15,
 'ksp_error_if_not_converged': False,
 'ksp_max_it': 80,
 'ksp_monitor': None,
 'ksp_rtol': 1e-11,
 'ksp_type': 'fgmres',
 'mat_type': 'aij',
 'mg_coarse': {'assembled': {'pc_factor_mat_solver_type': 'mumps',
                             'pc_type': 'lu'},
               'ksp_type': 'preonly',
               'mat_type': 'aij',
               'pc_python_type': 'firedrake.AssembledPC',
               'pc_type': 'python'},
 'mg_levels': {'ksp_chebyshev_esteig': '0,0.25,0,1.1',
               'ksp_convergence_test': 'skip',
               'ksp_max_it': 3,
               'ksp_type': 'chebyshev',
               'pc_python_type': 'phmg.preconditioners.rlx_params.ASMVankaStarPC',
               'pc_type': 'python',
               'pc_vankastar_construct_dim': 0,
               'pc_vankastar_exclude_subspaces': '1',
               'pc_vankastar_sub_sub_pc_factor_shift_type': 'nonzero'},
 'pc_mg_multiplicative_cycles': 1,
 'pc_type': 'mg',
 'petscpartitioner_parmetis_debug': 'true',
 'petscpartitioner_type': 'parmetis',
 'snes_atol': 1e-10,
 'snes_convergence_test': 'skip',
 'snes_lag_jacobian': -2,
 'snes_lag_preconditioner': -2,
 'snes_max_it': 1,
 'snes_rtol': 1e-10,
 'snes_stol': 1e-10,
 'snes_type': 'ksponly'}
Warm-up run complete.
Warm run complete.
order= 7 nref= 1 baseN(quad=False)=22 | ndofs=  261187 | rel_resid[ 8]=5.43e-12 | overall_time(s)=2.442e+01 warm_time(s)=1.954e+00
Taylor Hood Problem has been set up
Setting up the solver..
{'ksp_atol': 1e-15,
 'ksp_error_if_not_converged': False,
 'ksp_max_it': 80,
 'ksp_monitor': None,
 'ksp_rtol': 1e-11,
 'ksp_type': 'fgmres',
 'mat_type': 'aij',
 'mg_coarse': {'assembled': {'pc_factor_mat_solver_type': 'mumps',
                             'pc_type': 'lu'},
               'ksp_type': 'preonly',
               'mat_type': 'aij',
               'pc_python_type': 'firedrake.AssembledPC',
               'pc_type': 'python'},
 'mg_levels': {'ksp_chebyshev_esteig': '0,0.25,0,1.1',
               'ksp_convergence_test': 'skip',
               'ksp_max_it': 3,
               'ksp_type': 'chebyshev',
               'pc_python_type': 'phmg.preconditioners.rlx_params.ASMVankaStarPC',
               'pc_type': 'python',
               'pc_vankastar_construct_dim': 0,
               'pc_vankastar_exclude_subspaces': '1',
               'pc_vankastar_sub_sub_pc_factor_shift_type': 'nonzero'},
 'pc_mg_multiplicative_cycles': 1,
 'pc_type': 'mg',
 'petscpartitioner_parmetis_debug': 'true',
 'petscpartitioner_type': 'parmetis',
 'snes_atol': 1e-10,
 'snes_convergence_test': 'skip',
 'snes_lag_jacobian': -2,
 'snes_lag_preconditioner': -2,
 'snes_max_it': 1,
 'snes_rtol': 1e-10,
 'snes_stol': 1e-10,
 'snes_type': 'ksponly'}
Warm-up run complete.
Warm run complete.
order= 7 nref= 2 baseN(quad=False)=22 | ndofs= 1041219 | rel_resid[ 9]=1.83e-12 | overall_time(s)=5.076e+01 warm_time(s)=1.010e+01
Taylor Hood Problem has been set up
Setting up the solver..
{'ksp_atol': 1e-15,
 'ksp_error_if_not_converged': False,
 'ksp_max_it': 80,
 'ksp_monitor': None,
 'ksp_rtol': 1e-11,
 'ksp_type': 'fgmres',
 'mat_type': 'aij',
 'mg_coarse': {'assembled': {'pc_factor_mat_solver_type': 'mumps',
                             'pc_type': 'lu'},
               'ksp_type': 'preonly',
               'mat_type': 'aij',
               'pc_python_type': 'firedrake.AssembledPC',
               'pc_type': 'python'},
 'mg_levels': {'ksp_chebyshev_esteig': '0,0.25,0,1.1',
               'ksp_convergence_test': 'skip',
               'ksp_max_it': 3,
               'ksp_type': 'chebyshev',
               'pc_python_type': 'phmg.preconditioners.rlx_params.ASMVankaStarPC',
               'pc_type': 'python',
               'pc_vankastar_construct_dim': 0,
               'pc_vankastar_exclude_subspaces': '1',
               'pc_vankastar_sub_sub_pc_factor_shift_type': 'nonzero'},
 'pc_mg_multiplicative_cycles': 1,
 'pc_type': 'mg',
 'petscpartitioner_parmetis_debug': 'true',
 'petscpartitioner_type': 'parmetis',
 'snes_atol': 1e-10,
 'snes_convergence_test': 'skip',
 'snes_lag_jacobian': -2,
 'snes_lag_preconditioner': -2,
 'snes_max_it': 1,
 'snes_rtol': 1e-10,
 'snes_stol': 1e-10,
 'snes_type': 'ksponly'}
Warm-up run complete.
Warm run complete.
order= 7 nref= 3 baseN(quad=False)=22 | ndofs= 4157827 | rel_resid[ 9]=5.90e-12 | overall_time(s)=3.075e+02 warm_time(s)=4.041e+01
Taylor Hood Problem has been set up
Setting up the solver..
{'ksp_atol': 1e-15,
 'ksp_error_if_not_converged': False,
 'ksp_max_it': 80,
 'ksp_monitor': None,
 'ksp_rtol': 1e-11,
 'ksp_type': 'fgmres',
 'mat_type': 'aij',
 'mg_coarse': {'assembled': {'pc_factor_mat_solver_type': 'mumps',
                             'pc_type': 'lu'},
               'ksp_type': 'preonly',
               'mat_type': 'aij',
               'pc_python_type': 'firedrake.AssembledPC',
               'pc_type': 'python'},
 'mg_levels': {'ksp_chebyshev_esteig': '0,0.25,0,1.1',
               'ksp_convergence_test': 'skip',
               'ksp_max_it': 3,
               'ksp_type': 'chebyshev',
               'pc_python_type': 'phmg.preconditioners.rlx_params.ASMVankaStarPC',
               'pc_type': 'python',
               'pc_vankastar_construct_dim': 0,
               'pc_vankastar_exclude_subspaces': '1',
               'pc_vankastar_sub_sub_pc_factor_shift_type': 'nonzero'},
 'pc_mg_multiplicative_cycles': 1,
 'pc_type': 'mg',
 'petscpartitioner_parmetis_debug': 'true',
 'petscpartitioner_type': 'parmetis',
 'snes_atol': 1e-10,
 'snes_convergence_test': 'skip',
 'snes_lag_jacobian': -2,
 'snes_lag_preconditioner': -2,
 'snes_max_it': 1,
 'snes_rtol': 1e-10,
 'snes_stol': 1e-10,
 'snes_type': 'ksponly'}
Warm-up run complete.
Warm run complete.
order= 8 nref= 1 baseN(quad=False)=20 | ndofs=  285043 | rel_resid[ 8]=3.66e-12 | overall_time(s)=3.703e+01 warm_time(s)=2.575e+00
Taylor Hood Problem has been set up
Setting up the solver..
{'ksp_atol': 1e-15,
 'ksp_error_if_not_converged': False,
 'ksp_max_it': 80,
 'ksp_monitor': None,
 'ksp_rtol': 1e-11,
 'ksp_type': 'fgmres',
 'mat_type': 'aij',
 'mg_coarse': {'assembled': {'pc_factor_mat_solver_type': 'mumps',
                             'pc_type': 'lu'},
               'ksp_type': 'preonly',
               'mat_type': 'aij',
               'pc_python_type': 'firedrake.AssembledPC',
               'pc_type': 'python'},
 'mg_levels': {'ksp_chebyshev_esteig': '0,0.25,0,1.1',
               'ksp_convergence_test': 'skip',
               'ksp_max_it': 3,
               'ksp_type': 'chebyshev',
               'pc_python_type': 'phmg.preconditioners.rlx_params.ASMVankaStarPC',
               'pc_type': 'python',
               'pc_vankastar_construct_dim': 0,
               'pc_vankastar_exclude_subspaces': '1',
               'pc_vankastar_sub_sub_pc_factor_shift_type': 'nonzero'},
 'pc_mg_multiplicative_cycles': 1,
 'pc_type': 'mg',
 'petscpartitioner_parmetis_debug': 'true',
 'petscpartitioner_type': 'parmetis',
 'snes_atol': 1e-10,
 'snes_convergence_test': 'skip',
 'snes_lag_jacobian': -2,
 'snes_lag_preconditioner': -2,
 'snes_max_it': 1,
 'snes_rtol': 1e-10,
 'snes_stol': 1e-10,
 'snes_type': 'ksponly'}
Warm-up run complete.
Warm run complete.
order= 8 nref= 2 baseN(quad=False)=20 | ndofs= 1136483 | rel_resid[ 8]=3.17e-12 | overall_time(s)=7.735e+01 warm_time(s)=1.182e+01
Taylor Hood Problem has been set up
Setting up the solver..
{'ksp_atol': 1e-15,
 'ksp_error_if_not_converged': False,
 'ksp_max_it': 80,
 'ksp_monitor': None,
 'ksp_rtol': 1e-11,
 'ksp_type': 'fgmres',
 'mat_type': 'aij',
 'mg_coarse': {'assembled': {'pc_factor_mat_solver_type': 'mumps',
                             'pc_type': 'lu'},
               'ksp_type': 'preonly',
               'mat_type': 'aij',
               'pc_python_type': 'firedrake.AssembledPC',
               'pc_type': 'python'},
 'mg_levels': {'ksp_chebyshev_esteig': '0,0.25,0,1.1',
               'ksp_convergence_test': 'skip',
               'ksp_max_it': 3,
               'ksp_type': 'chebyshev',
               'pc_python_type': 'phmg.preconditioners.rlx_params.ASMVankaStarPC',
               'pc_type': 'python',
               'pc_vankastar_construct_dim': 0,
               'pc_vankastar_exclude_subspaces': '1',
               'pc_vankastar_sub_sub_pc_factor_shift_type': 'nonzero'},
 'pc_mg_multiplicative_cycles': 1,
 'pc_type': 'mg',
 'petscpartitioner_parmetis_debug': 'true',
 'petscpartitioner_type': 'parmetis',
 'snes_atol': 1e-10,
 'snes_convergence_test': 'skip',
 'snes_lag_jacobian': -2,
 'snes_lag_preconditioner': -2,
 'snes_max_it': 1,
 'snes_rtol': 1e-10,
 'snes_stol': 1e-10,
 'snes_type': 'ksponly'}
Warm-up run complete.
Warm run complete.
order= 8 nref= 3 baseN(quad=False)=20 | ndofs= 4538563 | rel_resid[ 8]=6.23e-12 | overall_time(s)=3.429e+02 warm_time(s)=5.017e+01
Taylor Hood Problem has been set up
Setting up the solver..
{'ksp_atol': 1e-15,
 'ksp_error_if_not_converged': False,
 'ksp_max_it': 80,
 'ksp_monitor': None,
 'ksp_rtol': 1e-11,
 'ksp_type': 'fgmres',
 'mat_type': 'aij',
 'mg_coarse': {'assembled': {'pc_factor_mat_solver_type': 'mumps',
                             'pc_type': 'lu'},
               'ksp_type': 'preonly',
               'mat_type': 'aij',
               'pc_python_type': 'firedrake.AssembledPC',
               'pc_type': 'python'},
 'mg_levels': {'ksp_chebyshev_esteig': '0,0.25,0,1.1',
               'ksp_convergence_test': 'skip',
               'ksp_max_it': 3,
               'ksp_type': 'chebyshev',
               'pc_python_type': 'phmg.preconditioners.rlx_params.ASMVankaStarPC',
               'pc_type': 'python',
               'pc_vankastar_construct_dim': 0,
               'pc_vankastar_exclude_subspaces': '1',
               'pc_vankastar_sub_sub_pc_factor_shift_type': 'nonzero'},
 'pc_mg_multiplicative_cycles': 1,
 'pc_type': 'mg',
 'petscpartitioner_parmetis_debug': 'true',
 'petscpartitioner_type': 'parmetis',
 'snes_atol': 1e-10,
 'snes_convergence_test': 'skip',
 'snes_lag_jacobian': -2,
 'snes_lag_preconditioner': -2,
 'snes_max_it': 1,
 'snes_rtol': 1e-10,
 'snes_stol': 1e-10,
 'snes_type': 'ksponly'}
Warm-up run complete.
Warm run complete.
order= 9 nref= 1 baseN(quad=False)=18 | ndofs=  294771 | rel_resid[ 8]=3.80e-12 | overall_time(s)=5.667e+01 warm_time(s)=3.516e+00
Taylor Hood Problem has been set up
Setting up the solver..
{'ksp_atol': 1e-15,
 'ksp_error_if_not_converged': False,
 'ksp_max_it': 80,
 'ksp_monitor': None,
 'ksp_rtol': 1e-11,
 'ksp_type': 'fgmres',
 'mat_type': 'aij',
 'mg_coarse': {'assembled': {'pc_factor_mat_solver_type': 'mumps',
                             'pc_type': 'lu'},
               'ksp_type': 'preonly',
               'mat_type': 'aij',
               'pc_python_type': 'firedrake.AssembledPC',
               'pc_type': 'python'},
 'mg_levels': {'ksp_chebyshev_esteig': '0,0.25,0,1.1',
               'ksp_convergence_test': 'skip',
               'ksp_max_it': 3,
               'ksp_type': 'chebyshev',
               'pc_python_type': 'phmg.preconditioners.rlx_params.ASMVankaStarPC',
               'pc_type': 'python',
               'pc_vankastar_construct_dim': 0,
               'pc_vankastar_exclude_subspaces': '1',
               'pc_vankastar_sub_sub_pc_factor_shift_type': 'nonzero'},
 'pc_mg_multiplicative_cycles': 1,
 'pc_type': 'mg',
 'petscpartitioner_parmetis_debug': 'true',
 'petscpartitioner_type': 'parmetis',
 'snes_atol': 1e-10,
 'snes_convergence_test': 'skip',
 'snes_lag_jacobian': -2,
 'snes_lag_preconditioner': -2,
 'snes_max_it': 1,
 'snes_rtol': 1e-10,
 'snes_stol': 1e-10,
 'snes_type': 'ksponly'}
Warm-up run complete.
Warm run complete.
order= 9 nref= 2 baseN(quad=False)=18 | ndofs= 1175331 | rel_resid[ 8]=6.17e-12 | overall_time(s)=1.053e+02 warm_time(s)=1.565e+01
Taylor Hood Problem has been set up
Setting up the solver..
{'ksp_atol': 1e-15,
 'ksp_error_if_not_converged': False,
 'ksp_max_it': 80,
 'ksp_monitor': None,
 'ksp_rtol': 1e-11,
 'ksp_type': 'fgmres',
 'mat_type': 'aij',
 'mg_coarse': {'assembled': {'pc_factor_mat_solver_type': 'mumps',
                             'pc_type': 'lu'},
               'ksp_type': 'preonly',
               'mat_type': 'aij',
               'pc_python_type': 'firedrake.AssembledPC',
               'pc_type': 'python'},
 'mg_levels': {'ksp_chebyshev_esteig': '0,0.25,0,1.1',
               'ksp_convergence_test': 'skip',
               'ksp_max_it': 3,
               'ksp_type': 'chebyshev',
               'pc_python_type': 'phmg.preconditioners.rlx_params.ASMVankaStarPC',
               'pc_type': 'python',
               'pc_vankastar_construct_dim': 0,
               'pc_vankastar_exclude_subspaces': '1',
               'pc_vankastar_sub_sub_pc_factor_shift_type': 'nonzero'},
 'pc_mg_multiplicative_cycles': 1,
 'pc_type': 'mg',
 'petscpartitioner_parmetis_debug': 'true',
 'petscpartitioner_type': 'parmetis',
 'snes_atol': 1e-10,
 'snes_convergence_test': 'skip',
 'snes_lag_jacobian': -2,
 'snes_lag_preconditioner': -2,
 'snes_max_it': 1,
 'snes_rtol': 1e-10,
 'snes_stol': 1e-10,
 'snes_type': 'ksponly'}
Warm-up run complete.
Warm run complete.
order= 9 nref= 3 baseN(quad=False)=18 | ndofs= 4693827 | rel_resid[ 9]=1.53e-12 | overall_time(s)=4.120e+02 warm_time(s)=7.314e+01
Taylor Hood Problem has been set up
Setting up the solver..
{'ksp_atol': 1e-15,
 'ksp_error_if_not_converged': False,
 'ksp_max_it': 80,
 'ksp_monitor': None,
 'ksp_rtol': 1e-11,
 'ksp_type': 'fgmres',
 'mat_type': 'aij',
 'mg_coarse': {'assembled': {'pc_factor_mat_solver_type': 'mumps',
                             'pc_type': 'lu'},
               'ksp_type': 'preonly',
               'mat_type': 'aij',
               'pc_python_type': 'firedrake.AssembledPC',
               'pc_type': 'python'},
 'mg_levels': {'ksp_chebyshev_esteig': '0,0.25,0,1.1',
               'ksp_convergence_test': 'skip',
               'ksp_max_it': 3,
               'ksp_type': 'chebyshev',
               'pc_python_type': 'phmg.preconditioners.rlx_params.ASMVankaStarPC',
               'pc_type': 'python',
               'pc_vankastar_construct_dim': 0,
               'pc_vankastar_exclude_subspaces': '1',
               'pc_vankastar_sub_sub_pc_factor_shift_type': 'nonzero'},
 'pc_mg_multiplicative_cycles': 1,
 'pc_type': 'mg',
 'petscpartitioner_parmetis_debug': 'true',
 'petscpartitioner_type': 'parmetis',
 'snes_atol': 1e-10,
 'snes_convergence_test': 'skip',
 'snes_lag_jacobian': -2,
 'snes_lag_preconditioner': -2,
 'snes_max_it': 1,
 'snes_rtol': 1e-10,
 'snes_stol': 1e-10,
 'snes_type': 'ksponly'}
Warm-up run complete.
Warm run complete.
order=10 nref= 1 baseN(quad=False)=16 | ndofs=  289603 | rel_resid[ 8]=4.14e-12 | overall_time(s)=8.082e+01 warm_time(s)=4.303e+00
Taylor Hood Problem has been set up
Setting up the solver..
{'ksp_atol': 1e-15,
 'ksp_error_if_not_converged': False,
 'ksp_max_it': 80,
 'ksp_monitor': None,
 'ksp_rtol': 1e-11,
 'ksp_type': 'fgmres',
 'mat_type': 'aij',
 'mg_coarse': {'assembled': {'pc_factor_mat_solver_type': 'mumps',
                             'pc_type': 'lu'},
               'ksp_type': 'preonly',
               'mat_type': 'aij',
               'pc_python_type': 'firedrake.AssembledPC',
               'pc_type': 'python'},
 'mg_levels': {'ksp_chebyshev_esteig': '0,0.25,0,1.1',
               'ksp_convergence_test': 'skip',
               'ksp_max_it': 3,
               'ksp_type': 'chebyshev',
               'pc_python_type': 'phmg.preconditioners.rlx_params.ASMVankaStarPC',
               'pc_type': 'python',
               'pc_vankastar_construct_dim': 0,
               'pc_vankastar_exclude_subspaces': '1',
               'pc_vankastar_sub_sub_pc_factor_shift_type': 'nonzero'},
 'pc_mg_multiplicative_cycles': 1,
 'pc_type': 'mg',
 'petscpartitioner_parmetis_debug': 'true',
 'petscpartitioner_type': 'parmetis',
 'snes_atol': 1e-10,
 'snes_convergence_test': 'skip',
 'snes_lag_jacobian': -2,
 'snes_lag_preconditioner': -2,
 'snes_max_it': 1,
 'snes_rtol': 1e-10,
 'snes_stol': 1e-10,
 'snes_type': 'ksponly'}
Warm-up run complete.
Warm run complete.
order=10 nref= 2 baseN(quad=False)=16 | ndofs= 1154691 | rel_resid[ 8]=5.94e-12 | overall_time(s)=1.384e+02 warm_time(s)=1.897e+01
Taylor Hood Problem has been set up
Setting up the solver..
{'ksp_atol': 1e-15,
 'ksp_error_if_not_converged': False,
 'ksp_max_it': 80,
 'ksp_monitor': None,
 'ksp_rtol': 1e-11,
 'ksp_type': 'fgmres',
 'mat_type': 'aij',
 'mg_coarse': {'assembled': {'pc_factor_mat_solver_type': 'mumps',
                             'pc_type': 'lu'},
               'ksp_type': 'preonly',
               'mat_type': 'aij',
               'pc_python_type': 'firedrake.AssembledPC',
               'pc_type': 'python'},
 'mg_levels': {'ksp_chebyshev_esteig': '0,0.25,0,1.1',
               'ksp_convergence_test': 'skip',
               'ksp_max_it': 3,
               'ksp_type': 'chebyshev',
               'pc_python_type': 'phmg.preconditioners.rlx_params.ASMVankaStarPC',
               'pc_type': 'python',
               'pc_vankastar_construct_dim': 0,
               'pc_vankastar_exclude_subspaces': '1',
               'pc_vankastar_sub_sub_pc_factor_shift_type': 'nonzero'},
 'pc_mg_multiplicative_cycles': 1,
 'pc_type': 'mg',
 'petscpartitioner_parmetis_debug': 'true',
 'petscpartitioner_type': 'parmetis',
 'snes_atol': 1e-10,
 'snes_convergence_test': 'skip',
 'snes_lag_jacobian': -2,
 'snes_lag_preconditioner': -2,
 'snes_max_it': 1,
 'snes_rtol': 1e-10,
 'snes_stol': 1e-10,
 'snes_type': 'ksponly'}
Warm-up run complete.
Warm run complete.
order=10 nref= 3 baseN(quad=False)=16 | ndofs= 4611331 | rel_resid[ 8]=7.66e-12 | overall_time(s)=4.446e+02 warm_time(s)=8.036e+01
