order= 3 nref= 1 baseN(quad=False)=8 | ndofs=  154151 | rel_resid[10]=7.87e-12 | overall_time(s)=5.709e+00 warm_time(s)=9.166e-01
order= 3 nref= 2 baseN(quad=False)=8 | ndofs=  613219 | rel_resid[12]=2.28e-12 | overall_time(s)=1.728e+01 warm_time(s)=4.855e+00
order= 3 nref= 3 baseN(quad=False)=8 | ndofs= 2446115 | rel_resid[13]=4.29e-12 | overall_time(s)=3.287e+02 warm_time(s)=2.121e+01
order= 4 nref= 1 baseN(quad=False)=7 | ndofs=  149931 | rel_resid[ 8]=5.86e-12 | overall_time(s)=6.405e+00 warm_time(s)=7.285e-01
order= 4 nref= 2 baseN(quad=False)=7 | ndofs=  596371 | rel_resid[ 9]=1.69e-12 | overall_time(s)=1.579e+01 warm_time(s)=3.748e+00
order= 4 nref= 3 baseN(quad=False)=7 | ndofs= 2378787 | rel_resid[10]=1.63e-12 | overall_time(s)=6.343e+01 warm_time(s)=1.596e+01
order= 5 nref= 1 baseN(quad=False)=6 | ndofs=  126533 | rel_resid[ 9]=9.33e-13 | overall_time(s)=1.032e+01 warm_time(s)=8.899e-01
order= 5 nref= 2 baseN(quad=False)=6 | ndofs=  503071 | rel_resid[10]=1.45e-12 | overall_time(s)=1.748e+01 warm_time(s)=3.659e+00
order= 5 nref= 3 baseN(quad=False)=6 | ndofs= 2006171 | rel_resid[11]=9.59e-12 | overall_time(s)=6.223e+01 warm_time(s)=1.706e+01
order= 6 nref= 1 baseN(quad=False)=6 | ndofs=  185574 | rel_resid[ 8]=1.77e-12 | overall_time(s)=1.495e+01 warm_time(s)=1.215e+00
order= 6 nref= 2 baseN(quad=False)=6 | ndofs=  738581 | rel_resid[ 8]=5.59e-12 | overall_time(s)=2.895e+01 warm_time(s)=5.375e+00
order= 6 nref= 3 baseN(quad=False)=6 | ndofs= 2946903 | rel_resid[ 9]=2.31e-12 | overall_time(s)=9.654e+01 warm_time(s)=2.361e+01
order= 7 nref= 1 baseN(quad=False)=5 | ndofs=  137747 | rel_resid[ 9]=3.76e-13 | overall_time(s)=2.323e+01 warm_time(s)=1.109e+00
order= 7 nref= 2 baseN(quad=False)=5 | ndofs=  547779 | rel_resid[ 9]=2.92e-12 | overall_time(s)=3.395e+01 warm_time(s)=5.106e+00
order= 7 nref= 3 baseN(quad=False)=5 | ndofs= 2184707 | rel_resid[10]=1.29e-12 | overall_time(s)=1.291e+02 warm_time(s)=2.266e+01
order= 8 nref= 1 baseN(quad=False)=4 | ndofs=   99749 | rel_resid[ 8]=2.18e-12 | overall_time(s)=3.072e+01 warm_time(s)=9.319e-01
order= 8 nref= 2 baseN(quad=False)=4 | ndofs=  396319 | rel_resid[ 8]=4.51e-12 | overall_time(s)=4.108e+01 warm_time(s)=4.175e+00
order= 8 nref= 3 baseN(quad=False)=4 | ndofs= 1579931 | rel_resid[ 9]=8.57e-13 | overall_time(s)=9.332e+01 warm_time(s)=1.942e+01
order= 9 nref= 1 baseN(quad=False)=3 | ndofs=   65279 | rel_resid[ 9]=1.43e-12 | overall_time(s)=4.668e+01 warm_time(s)=8.812e-01
order= 9 nref= 2 baseN(quad=False)=3 | ndofs=  258923 | rel_resid[11]=2.10e-12 | overall_time(s)=5.719e+01 warm_time(s)=4.763e+00
order= 9 nref= 3 baseN(quad=False)=3 | ndofs= 1031315 | rel_resid[12]=1.67e-12 | overall_time(s)=1.074e+02 warm_time(s)=2.108e+01
order=10 nref= 1 baseN(quad=False)=3 | ndofs=   81025 | rel_resid[10]=3.81e-13 | overall_time(s)=7.142e+01 warm_time(s)=1.453e+00
order=10 nref= 2 baseN(quad=False)=3 | ndofs=  321655 | rel_resid[10]=3.14e-12 | overall_time(s)=8.615e+01 warm_time(s)=6.681e+00
order=10 nref= 3 baseN(quad=False)=3 | ndofs= 1281739 | rel_resid[11]=7.85e-13 | overall_time(s)=1.590e+02 warm_time(s)=2.956e+01
Overall run-time: 0h 27min 59s
