order= 3 nref= 1 baseN(quad=False)=52 | ndofs=  243986 | rel_resid[21]=4.72e-12 | overall_time(s)=1.296e+01 warm_time(s)=4.306e+00
order= 3 nref= 2 baseN(quad=False)=52 | ndofs=  974690 | rel_resid[20]=7.64e-12 | overall_time(s)=4.695e+01 warm_time(s)=1.833e+01
order= 3 nref= 3 baseN(quad=False)=52 | ndofs= 3896258 | rel_resid[19]=8.83e-12 | overall_time(s)=1.773e+02 warm_time(s)=7.056e+01
order= 4 nref= 1 baseN(quad=False)=40 | ndofs=  250242 | rel_resid[19]=6.02e-12 | overall_time(s)=9.205e+00 warm_time(s)=3.217e+00
order= 4 nref= 2 baseN(quad=False)=40 | ndofs=  999682 | rel_resid[18]=8.35e-12 | overall_time(s)=3.212e+01 warm_time(s)=1.280e+01
order= 4 nref= 3 baseN(quad=False)=40 | ndofs= 3996162 | rel_resid[17]=8.10e-12 | overall_time(s)=1.246e+02 warm_time(s)=4.869e+01
order= 5 nref= 1 baseN(quad=False)=32 | ndofs=  246402 | rel_resid[19]=7.68e-12 | overall_time(s)=8.166e+00 warm_time(s)=2.906e+00
order= 5 nref= 2 baseN(quad=False)=32 | ndofs=  984322 | rel_resid[18]=7.97e-12 | overall_time(s)=2.879e+01 warm_time(s)=1.149e+01
order= 5 nref= 3 baseN(quad=False)=32 | ndofs= 3934722 | rel_resid[18]=4.88e-12 | overall_time(s)=1.112e+02 warm_time(s)=4.519e+01
order= 6 nref= 1 baseN(quad=False)=26 | ndofs=  231818 | rel_resid[18]=6.10e-12 | overall_time(s)=8.279e+00 warm_time(s)=2.731e+00
order= 6 nref= 2 baseN(quad=False)=26 | ndofs=  926018 | rel_resid[17]=9.41e-12 | overall_time(s)=2.762e+01 warm_time(s)=1.087e+01
order= 6 nref= 3 baseN(quad=False)=26 | ndofs= 3701570 | rel_resid[17]=5.89e-12 | overall_time(s)=1.035e+02 warm_time(s)=4.127e+01
order= 7 nref= 1 baseN(quad=False)=22 | ndofs=  224226 | rel_resid[18]=7.05e-12 | overall_time(s)=9.138e+00 warm_time(s)=3.314e+00
order= 7 nref= 2 baseN(quad=False)=22 | ndofs=  895666 | rel_resid[18]=3.86e-12 | overall_time(s)=3.122e+01 warm_time(s)=1.216e+01
order= 7 nref= 3 baseN(quad=False)=22 | ndofs= 3580194 | rel_resid[17]=6.00e-12 | overall_time(s)=1.110e+02 warm_time(s)=4.379e+01
order= 8 nref= 1 baseN(quad=False)=20 | ndofs=  240642 | rel_resid[17]=9.65e-12 | overall_time(s)=1.114e+01 warm_time(s)=3.695e+00
order= 8 nref= 2 baseN(quad=False)=20 | ndofs=  961282 | rel_resid[17]=6.10e-12 | overall_time(s)=3.725e+01 warm_time(s)=1.438e+01
order= 8 nref= 3 baseN(quad=False)=20 | ndofs= 3842562 | rel_resid[17]=3.75e-12 | overall_time(s)=1.379e+02 warm_time(s)=5.367e+01
order= 9 nref= 1 baseN(quad=False)=16 | ndofs=  194114 | rel_resid[18]=4.12e-12 | overall_time(s)=1.117e+01 warm_time(s)=3.924e+00
order= 9 nref= 2 baseN(quad=False)=16 | ndofs=  775298 | rel_resid[17]=6.52e-12 | overall_time(s)=3.398e+01 warm_time(s)=1.312e+01
order= 9 nref= 3 baseN(quad=False)=16 | ndofs= 3098882 | rel_resid[17]=3.67e-12 | overall_time(s)=1.258e+02 warm_time(s)=4.896e+01
order=10 nref= 1 baseN(quad=False)=16 | ndofs=  238722 | rel_resid[17]=5.77e-12 | overall_time(s)=1.387e+01 warm_time(s)=4.927e+00
order=10 nref= 2 baseN(quad=False)=16 | ndofs=  953602 | rel_resid[17]=3.49e-12 | overall_time(s)=4.904e+01 warm_time(s)=1.872e+01
order=10 nref= 3 baseN(quad=False)=16 | ndofs= 3811842 | rel_resid[16]=8.62e-12 | overall_time(s)=1.709e+02 warm_time(s)=6.504e+01
Overall run-time: 0h 25min 40s
