order= 3 nref= 1 baseN(quad=False)=8 | ndofs=  154151 | rel_resid[12]=5.06e-12 | overall_time(s)=9.146e+00 warm_time(s)=2.239e+00
order= 3 nref= 2 baseN(quad=False)=8 | ndofs=  613219 | rel_resid[12]=1.57e-12 | overall_time(s)=2.714e+01 warm_time(s)=8.796e+00
order= 3 nref= 3 baseN(quad=False)=8 | ndofs= 2446115 | rel_resid[11]=6.21e-12 | overall_time(s)=3.610e+02 warm_time(s)=3.112e+01
order= 4 nref= 1 baseN(quad=False)=7 | ndofs=  149931 | rel_resid[11]=1.89e-12 | overall_time(s)=5.258e+00 warm_time(s)=1.393e+00
order= 4 nref= 2 baseN(quad=False)=7 | ndofs=  596371 | rel_resid[11]=1.73e-12 | overall_time(s)=1.724e+01 warm_time(s)=5.562e+00
order= 4 nref= 3 baseN(quad=False)=7 | ndofs= 2378787 | rel_resid[11]=3.08e-12 | overall_time(s)=7.457e+01 warm_time(s)=2.157e+01
order= 5 nref= 1 baseN(quad=False)=6 | ndofs=  126533 | rel_resid[12]=1.60e-12 | overall_time(s)=4.674e+00 warm_time(s)=1.190e+00
order= 5 nref= 2 baseN(quad=False)=6 | ndofs=  503071 | rel_resid[12]=3.79e-12 | overall_time(s)=1.345e+01 warm_time(s)=4.312e+00
order= 5 nref= 3 baseN(quad=False)=6 | ndofs= 2006171 | rel_resid[12]=5.62e-12 | overall_time(s)=6.553e+01 warm_time(s)=1.616e+01
order= 6 nref= 1 baseN(quad=False)=6 | ndofs=  185574 | rel_resid[10]=2.75e-12 | overall_time(s)=7.459e+00 warm_time(s)=1.597e+00
order= 6 nref= 2 baseN(quad=False)=6 | ndofs=  738581 | rel_resid[10]=1.06e-12 | overall_time(s)=2.118e+01 warm_time(s)=5.893e+00
order= 6 nref= 3 baseN(quad=False)=6 | ndofs= 2946903 | rel_resid[10]=9.08e-13 | overall_time(s)=8.746e+01 warm_time(s)=2.257e+01
order= 7 nref= 1 baseN(quad=False)=5 | ndofs=  137747 | rel_resid[11]=2.47e-12 | overall_time(s)=6.116e+00 warm_time(s)=1.235e+00
order= 7 nref= 2 baseN(quad=False)=5 | ndofs=  547779 | rel_resid[11]=1.15e-12 | overall_time(s)=1.706e+01 warm_time(s)=4.767e+00
order= 7 nref= 3 baseN(quad=False)=5 | ndofs= 2184707 | rel_resid[11]=7.52e-13 | overall_time(s)=9.886e+01 warm_time(s)=1.801e+01
order= 8 nref= 1 baseN(quad=False)=4 | ndofs=   99749 | rel_resid[10]=8.04e-12 | overall_time(s)=5.063e+00 warm_time(s)=1.072e+00
order= 8 nref= 2 baseN(quad=False)=4 | ndofs=  396319 | rel_resid[10]=2.84e-12 | overall_time(s)=1.409e+01 warm_time(s)=3.525e+00
order= 8 nref= 3 baseN(quad=False)=4 | ndofs= 1579931 | rel_resid[10]=2.24e-12 | overall_time(s)=5.188e+01 warm_time(s)=1.317e+01
order= 9 nref= 1 baseN(quad=False)=3 | ndofs=   65279 | rel_resid[11]=9.74e-12 | overall_time(s)=4.593e+00 warm_time(s)=8.028e-01
order= 9 nref= 2 baseN(quad=False)=3 | ndofs=  258923 | rel_resid[13]=3.57e-12 | overall_time(s)=1.157e+01 warm_time(s)=3.151e+00
order= 9 nref= 3 baseN(quad=False)=3 | ndofs= 1031315 | rel_resid[14]=1.80e-12 | overall_time(s)=4.385e+01 warm_time(s)=1.279e+01
order=10 nref= 1 baseN(quad=False)=3 | ndofs=   81025 | rel_resid[13]=1.05e-12 | overall_time(s)=6.398e+00 warm_time(s)=1.409e+00
order=10 nref= 2 baseN(quad=False)=3 | ndofs=  321655 | rel_resid[12]=6.89e-12 | overall_time(s)=1.591e+01 warm_time(s)=3.871e+00
order=10 nref= 3 baseN(quad=False)=3 | ndofs= 1281739 | rel_resid[11]=9.49e-12 | overall_time(s)=5.217e+01 warm_time(s)=1.337e+01
Overall run-time: 0h 19min 23s
