order= 3 nref= 1 baseN(quad=False)=6 | ndofs=  171116 | rel_resid[32]=7.30e-12 | overall_time(s)=1.050e+01 warm_time(s)=3.262e+00
order= 3 nref= 2 baseN(quad=False)=6 | ndofs=  683150 | rel_resid[32]=6.97e-12 | overall_time(s)=3.462e+01 warm_time(s)=1.453e+01
order= 3 nref= 3 baseN(quad=False)=6 | ndofs= 2729978 | rel_resid[32]=5.79e-12 | overall_time(s)=1.418e+02 warm_time(s)=5.874e+01
order= 4 nref= 1 baseN(quad=False)=6 | ndofs=  296338 | rel_resid[29]=6.03e-12 | overall_time(s)=1.338e+01 warm_time(s)=4.363e+00
order= 4 nref= 2 baseN(quad=False)=6 | ndofs= 1183602 | rel_resid[29]=5.72e-12 | overall_time(s)=5.005e+01 warm_time(s)=1.984e+01
order= 4 nref= 3 baseN(quad=False)=6 | ndofs= 4730914 | rel_resid[28]=7.49e-12 | overall_time(s)=1.921e+02 warm_time(s)=7.625e+01
order= 5 nref= 1 baseN(quad=False)=5 | ndofs=  244642 | rel_resid[28]=9.96e-12 | overall_time(s)=1.377e+01 warm_time(s)=3.557e+00
order= 5 nref= 2 baseN(quad=False)=5 | ndofs=  976962 | rel_resid[28]=8.61e-12 | overall_time(s)=4.299e+01 warm_time(s)=1.646e+01
order= 5 nref= 3 baseN(quad=False)=5 | ndofs= 3904642 | rel_resid[28]=6.42e-12 | overall_time(s)=1.609e+02 warm_time(s)=6.467e+01
order= 6 nref= 1 baseN(quad=False)=4 | ndofs=  190850 | rel_resid[28]=8.22e-12 | overall_time(s)=1.542e+01 warm_time(s)=3.076e+00
order= 6 nref= 2 baseN(quad=False)=4 | ndofs=  762002 | rel_resid[28]=6.60e-12 | overall_time(s)=4.109e+01 warm_time(s)=1.419e+01
order= 6 nref= 3 baseN(quad=False)=4 | ndofs= 3045218 | rel_resid[28]=5.03e-12 | overall_time(s)=1.909e+02 warm_time(s)=5.537e+01
order= 7 nref= 1 baseN(quad=False)=4 | ndofs=  257686 | rel_resid[28]=6.64e-12 | overall_time(s)=2.461e+01 warm_time(s)=4.982e+00
order= 7 nref= 2 baseN(quad=False)=4 | ndofs= 1029114 | rel_resid[28]=5.16e-12 | overall_time(s)=6.760e+01 warm_time(s)=2.343e+01
order= 7 nref= 3 baseN(quad=False)=4 | ndofs= 4113202 | rel_resid[28]=4.05e-12 | overall_time(s)=2.903e+02 warm_time(s)=9.190e+01
order= 8 nref= 1 baseN(quad=False)=4 | ndofs=  334530 | rel_resid[28]=5.34e-12 | overall_time(s)=4.412e+01 warm_time(s)=8.118e+00
order= 8 nref= 2 baseN(quad=False)=4 | ndofs= 1336258 | rel_resid[28]=4.13e-12 | overall_time(s)=1.097e+02 warm_time(s)=3.840e+01
order= 8 nref= 3 baseN(quad=False)=4 | ndofs= 5341314 | rel_resid[28]=3.20e-12 | overall_time(s)=4.870e+02 warm_time(s)=1.564e+02
order= 9 nref= 1 baseN(quad=False)=3 | ndofs=  215462 | rel_resid[28]=4.16e-12 | overall_time(s)=5.091e+01 warm_time(s)=6.676e+00
order= 9 nref= 2 baseN(quad=False)=3 | ndofs=  860330 | rel_resid[28]=3.57e-12 | overall_time(s)=1.058e+02 warm_time(s)=3.209e+01
order= 9 nref= 3 baseN(quad=False)=3 | ndofs= 3438290 | rel_resid[27]=8.38e-12 | overall_time(s)=3.571e+02 warm_time(s)=1.297e+02
order=10 nref= 1 baseN(quad=False)=3 | ndofs=  264962 | rel_resid[28]=3.60e-12 | overall_time(s)=7.492e+01 warm_time(s)=1.087e+01
order=10 nref= 2 baseN(quad=False)=3 | ndofs= 1058162 | rel_resid[27]=8.64e-12 | overall_time(s)=1.652e+02 warm_time(s)=5.112e+01
order=10 nref= 3 baseN(quad=False)=3 | ndofs= 4229282 | rel_resid[27]=6.55e-12 | overall_time(s)=5.689e+02 warm_time(s)=2.172e+02
Overall run-time: 0h 56min 8s
