order= 3 nref= 1 baseN(quad=False)=52 | ndofs=  243986 | rel_resid[22]=3.35e-12 | overall_time(s)=1.768e+01 warm_time(s)=6.625e+00
order= 3 nref= 2 baseN(quad=False)=52 | ndofs=  974690 | rel_resid[21]=6.54e-12 | overall_time(s)=6.438e+01 warm_time(s)=2.618e+01
order= 3 nref= 3 baseN(quad=False)=52 | ndofs= 3896258 | rel_resid[20]=8.19e-12 | overall_time(s)=5.431e+02 warm_time(s)=9.950e+01
order= 4 nref= 1 baseN(quad=False)=40 | ndofs=  250242 | rel_resid[19]=6.42e-12 | overall_time(s)=1.087e+01 warm_time(s)=4.176e+00
order= 4 nref= 2 baseN(quad=False)=40 | ndofs=  999682 | rel_resid[19]=5.85e-12 | overall_time(s)=4.198e+01 warm_time(s)=1.733e+01
order= 4 nref= 3 baseN(quad=False)=40 | ndofs= 3996162 | rel_resid[18]=6.77e-12 | overall_time(s)=1.753e+02 warm_time(s)=6.812e+01
order= 5 nref= 1 baseN(quad=False)=32 | ndofs=  246402 | rel_resid[19]=7.94e-12 | overall_time(s)=1.042e+01 warm_time(s)=3.809e+00
order= 5 nref= 2 baseN(quad=False)=32 | ndofs=  984322 | rel_resid[19]=5.85e-12 | overall_time(s)=3.468e+01 warm_time(s)=1.441e+01
order= 5 nref= 3 baseN(quad=False)=32 | ndofs= 3934722 | rel_resid[19]=5.79e-12 | overall_time(s)=2.485e+02 warm_time(s)=5.518e+01
order= 6 nref= 1 baseN(quad=False)=26 | ndofs=  231818 | rel_resid[18]=9.94e-12 | overall_time(s)=9.023e+00 warm_time(s)=3.293e+00
order= 6 nref= 2 baseN(quad=False)=26 | ndofs=  926018 | rel_resid[18]=6.74e-12 | overall_time(s)=3.072e+01 warm_time(s)=1.239e+01
order= 6 nref= 3 baseN(quad=False)=26 | ndofs= 3701570 | rel_resid[18]=4.46e-12 | overall_time(s)=1.870e+02 warm_time(s)=4.697e+01
order= 7 nref= 1 baseN(quad=False)=22 | ndofs=  224226 | rel_resid[19]=3.94e-12 | overall_time(s)=9.422e+00 warm_time(s)=3.553e+00
order= 7 nref= 2 baseN(quad=False)=22 | ndofs=  895666 | rel_resid[18]=7.85e-12 | overall_time(s)=3.045e+01 warm_time(s)=1.263e+01
order= 7 nref= 3 baseN(quad=False)=22 | ndofs= 3580194 | rel_resid[18]=4.67e-12 | overall_time(s)=1.675e+02 warm_time(s)=4.796e+01
order= 8 nref= 1 baseN(quad=False)=20 | ndofs=  240642 | rel_resid[18]=6.40e-12 | overall_time(s)=1.153e+01 warm_time(s)=4.140e+00
order= 8 nref= 2 baseN(quad=False)=20 | ndofs=  961282 | rel_resid[18]=4.43e-12 | overall_time(s)=3.708e+01 warm_time(s)=1.546e+01
order= 8 nref= 3 baseN(quad=False)=20 | ndofs= 3842562 | rel_resid[18]=2.88e-12 | overall_time(s)=1.839e+02 warm_time(s)=5.764e+01
order= 9 nref= 1 baseN(quad=False)=16 | ndofs=  194114 | rel_resid[18]=7.52e-12 | overall_time(s)=1.026e+01 warm_time(s)=3.759e+00
order= 9 nref= 2 baseN(quad=False)=16 | ndofs=  775298 | rel_resid[18]=4.92e-12 | overall_time(s)=3.334e+01 warm_time(s)=1.368e+01
order= 9 nref= 3 baseN(quad=False)=16 | ndofs= 3098882 | rel_resid[17]=9.14e-12 | overall_time(s)=1.465e+02 warm_time(s)=4.920e+01
order=10 nref= 1 baseN(quad=False)=16 | ndofs=  238722 | rel_resid[17]=6.82e-12 | overall_time(s)=1.381e+01 warm_time(s)=5.064e+00
order=10 nref= 2 baseN(quad=False)=16 | ndofs=  953602 | rel_resid[17]=8.00e-12 | overall_time(s)=4.510e+01 warm_time(s)=1.837e+01
order=10 nref= 3 baseN(quad=False)=16 | ndofs= 3811842 | rel_resid[17]=6.31e-12 | overall_time(s)=1.997e+02 warm_time(s)=6.947e+01
Overall run-time: 0h 39min 29s
