order= 3 nref= 1 baseN(quad=False)=52 | ndofs=  243986 | rel_resid[21]=4.71e-12 | overall_time(s)=2.691e+01 warm_time(s)=1.100e+01
order= 3 nref= 2 baseN(quad=False)=52 | ndofs=  974690 | rel_resid[20]=7.63e-12 | overall_time(s)=1.075e+02 warm_time(s)=4.803e+01
order= 3 nref= 3 baseN(quad=False)=52 | ndofs= 3896258 | rel_resid[19]=8.82e-12 | overall_time(s)=7.212e+02 warm_time(s)=1.887e+02
order= 4 nref= 1 baseN(quad=False)=40 | ndofs=  250242 | rel_resid[19]=6.02e-12 | overall_time(s)=1.561e+01 warm_time(s)=6.462e+00
order= 4 nref= 2 baseN(quad=False)=40 | ndofs=  999682 | rel_resid[18]=8.34e-12 | overall_time(s)=6.119e+01 warm_time(s)=2.702e+01
order= 4 nref= 3 baseN(quad=False)=40 | ndofs= 3996162 | rel_resid[17]=8.09e-12 | overall_time(s)=2.477e+02 warm_time(s)=1.041e+02
order= 5 nref= 1 baseN(quad=False)=32 | ndofs=  246402 | rel_resid[19]=7.68e-12 | overall_time(s)=1.284e+01 warm_time(s)=5.098e+00
order= 5 nref= 2 baseN(quad=False)=32 | ndofs=  984322 | rel_resid[18]=7.96e-12 | overall_time(s)=4.751e+01 warm_time(s)=2.083e+01
order= 5 nref= 3 baseN(quad=False)=32 | ndofs= 3934722 | rel_resid[18]=4.88e-12 | overall_time(s)=3.018e+02 warm_time(s)=8.161e+01
order= 6 nref= 1 baseN(quad=False)=26 | ndofs=  231818 | rel_resid[18]=6.09e-12 | overall_time(s)=1.117e+01 warm_time(s)=4.205e+00
order= 6 nref= 2 baseN(quad=False)=26 | ndofs=  926018 | rel_resid[17]=9.41e-12 | overall_time(s)=3.930e+01 warm_time(s)=1.691e+01
order= 6 nref= 3 baseN(quad=False)=26 | ndofs= 3701570 | rel_resid[17]=5.89e-12 | overall_time(s)=2.242e+02 warm_time(s)=6.559e+01
order= 7 nref= 1 baseN(quad=False)=22 | ndofs=  224226 | rel_resid[18]=7.05e-12 | overall_time(s)=1.070e+01 warm_time(s)=4.062e+00
order= 7 nref= 2 baseN(quad=False)=22 | ndofs=  895666 | rel_resid[18]=3.86e-12 | overall_time(s)=3.829e+01 warm_time(s)=1.644e+01
order= 7 nref= 3 baseN(quad=False)=22 | ndofs= 3580194 | rel_resid[17]=6.00e-12 | overall_time(s)=1.915e+02 warm_time(s)=6.020e+01
order= 8 nref= 1 baseN(quad=False)=20 | ndofs=  240642 | rel_resid[17]=9.65e-12 | overall_time(s)=1.161e+01 warm_time(s)=4.453e+00
order= 8 nref= 2 baseN(quad=False)=20 | ndofs=  961282 | rel_resid[17]=6.10e-12 | overall_time(s)=4.070e+01 warm_time(s)=1.708e+01
order= 8 nref= 3 baseN(quad=False)=20 | ndofs= 3842562 | rel_resid[17]=3.75e-12 | overall_time(s)=2.008e+02 warm_time(s)=6.592e+01
order= 9 nref= 1 baseN(quad=False)=16 | ndofs=  194114 | rel_resid[18]=4.12e-12 | overall_time(s)=1.236e+01 warm_time(s)=4.546e+00
order= 9 nref= 2 baseN(quad=False)=16 | ndofs=  775298 | rel_resid[17]=6.52e-12 | overall_time(s)=3.696e+01 warm_time(s)=1.538e+01
order= 9 nref= 3 baseN(quad=False)=16 | ndofs= 3098882 | rel_resid[17]=3.67e-12 | overall_time(s)=1.639e+02 warm_time(s)=5.791e+01
order=10 nref= 1 baseN(quad=False)=16 | ndofs=  238722 | rel_resid[17]=5.77e-12 | overall_time(s)=1.505e+01 warm_time(s)=5.407e+00
order=10 nref= 2 baseN(quad=False)=16 | ndofs=  953602 | rel_resid[17]=3.49e-12 | overall_time(s)=4.797e+01 warm_time(s)=1.987e+01
order=10 nref= 3 baseN(quad=False)=16 | ndofs= 3811842 | rel_resid[16]=8.62e-12 | overall_time(s)=2.062e+02 warm_time(s)=7.275e+01
Overall run-time: 0h 48min 16s
