order= 2 nref= 1 baseN(quad=False)=7 | ndofs=  152482 | rel_resid[12]=3.14e-12 | overall_time(s)=1.044e+01 warm_time(s)=2.706e+00
order= 2 nref= 2 baseN(quad=False)=7 | ndofs=  608706 | rel_resid[12]=6.59e-12 | overall_time(s)=3.847e+01 warm_time(s)=1.105e+01
order= 2 nref= 3 baseN(quad=False)=7 | ndofs= 2432386 | rel_resid[13]=2.24e-12 | overall_time(s)=7.782e+02 warm_time(s)=4.485e+01
order= 3 nref= 1 baseN(quad=False)=6 | ndofs=  171116 | rel_resid[13]=2.75e-12 | overall_time(s)=6.307e+00 warm_time(s)=1.705e+00
order= 3 nref= 2 baseN(quad=False)=6 | ndofs=  683150 | rel_resid[13]=1.59e-12 | overall_time(s)=2.217e+01 warm_time(s)=7.100e+00
order= 3 nref= 3 baseN(quad=False)=6 | ndofs= 2729978 | rel_resid[12]=7.45e-12 | overall_time(s)=9.951e+01 warm_time(s)=2.632e+01
order= 4 nref= 1 baseN(quad=False)=6 | ndofs=  296338 | rel_resid[15]=3.90e-12 | overall_time(s)=9.324e+00 warm_time(s)=2.717e+00
order= 4 nref= 2 baseN(quad=False)=6 | ndofs= 1183602 | rel_resid[14]=6.60e-12 | overall_time(s)=3.166e+01 warm_time(s)=1.017e+01
order= 4 nref= 3 baseN(quad=False)=6 | ndofs= 4730914 | rel_resid[14]=5.20e-12 | overall_time(s)=1.512e+02 warm_time(s)=4.030e+01
order= 5 nref= 1 baseN(quad=False)=5 | ndofs=  244642 | rel_resid[17]=5.11e-12 | overall_time(s)=7.785e+00 warm_time(s)=2.318e+00
order= 5 nref= 2 baseN(quad=False)=5 | ndofs=  976962 | rel_resid[17]=2.92e-12 | overall_time(s)=2.740e+01 warm_time(s)=9.397e+00
order= 5 nref= 3 baseN(quad=False)=5 | ndofs= 3904642 | rel_resid[16]=8.62e-12 | overall_time(s)=1.129e+02 warm_time(s)=3.454e+01
order= 6 nref= 1 baseN(quad=False)=4 | ndofs=  190850 | rel_resid[20]=6.89e-12 | overall_time(s)=7.989e+00 warm_time(s)=2.393e+00
order= 6 nref= 2 baseN(quad=False)=4 | ndofs=  762002 | rel_resid[20]=5.84e-12 | overall_time(s)=2.459e+01 warm_time(s)=8.533e+00
order= 6 nref= 3 baseN(quad=False)=4 | ndofs= 3045218 | rel_resid[20]=8.15e-12 | overall_time(s)=1.973e+02 warm_time(s)=3.171e+01
order= 7 nref= 1 baseN(quad=False)=4 | ndofs=  257686 | rel_resid[22]=6.32e-12 | overall_time(s)=1.096e+01 warm_time(s)=3.533e+00
order= 7 nref= 2 baseN(quad=False)=4 | ndofs= 1029114 | rel_resid[22]=6.33e-12 | overall_time(s)=3.724e+01 warm_time(s)=1.326e+01
order= 7 nref= 3 baseN(quad=False)=4 | ndofs= 4113202 | rel_resid[23]=3.80e-12 | overall_time(s)=2.749e+02 warm_time(s)=5.469e+01
order= 8 nref= 1 baseN(quad=False)=4 | ndofs=  334530 | rel_resid[24]=4.99e-12 | overall_time(s)=1.615e+01 warm_time(s)=5.373e+00
order= 8 nref= 2 baseN(quad=False)=4 | ndofs= 1336258 | rel_resid[24]=6.32e-12 | overall_time(s)=5.737e+01 warm_time(s)=2.057e+01
order= 8 nref= 3 baseN(quad=False)=4 | ndofs= 5341314 | rel_resid[24]=8.75e-12 | overall_time(s)=3.720e+02 warm_time(s)=8.005e+01
order= 9 nref= 1 baseN(quad=False)=3 | ndofs=  215462 | rel_resid[27]=4.62e-12 | overall_time(s)=1.429e+01 warm_time(s)=4.870e+00
order= 9 nref= 2 baseN(quad=False)=3 | ndofs=  860330 | rel_resid[25]=7.34e-12 | overall_time(s)=4.492e+01 warm_time(s)=1.591e+01
order= 9 nref= 3 baseN(quad=False)=3 | ndofs= 3438290 | rel_resid[31]=5.17e-12 | overall_time(s)=2.564e+02 warm_time(s)=7.554e+01
order=10 nref= 1 baseN(quad=False)=3 | ndofs=  264962 | rel_resid[27]=8.68e-12 | overall_time(s)=2.011e+01 warm_time(s)=6.893e+00
order=10 nref= 2 baseN(quad=False)=3 | ndofs= 1058162 | rel_resid[28]=4.64e-12 | overall_time(s)=6.748e+01 warm_time(s)=2.446e+01
order=10 nref= 3 baseN(quad=False)=3 | ndofs= 4229282 | rel_resid[37]=6.81e-12 | overall_time(s)=3.900e+02 warm_time(s)=1.259e+02
Overall run-time: 0h 55min 39s
