order= 4 nref= 3 baseN(quad=False)=40 | ndofs= 3996162 | rel_resid[22]=5.99e-12 | overall_time(s)=1.381e+02 warm_time(s)=4.660e+01
Overall run-time: 0h 2min 22s
order= 3 nref= 1 baseN(quad=False)=52 | ndofs=  243986 | rel_resid[26]=5.14e-12 | overall_time(s)=1.127e+01 warm_time(s)=3.712e+00
order= 3 nref= 2 baseN(quad=False)=52 | ndofs=  974690 | rel_resid[25]=9.53e-12 | overall_time(s)=4.069e+01 warm_time(s)=1.617e+01
order= 3 nref= 3 baseN(quad=False)=52 | ndofs= 3896258 | rel_resid[25]=6.75e-12 | overall_time(s)=4.537e+02 warm_time(s)=6.493e+01
order= 4 nref= 1 baseN(quad=False)=40 | ndofs=  250242 | rel_resid[22]=9.75e-12 | overall_time(s)=1.007e+01 warm_time(s)=2.827e+00
order= 4 nref= 2 baseN(quad=False)=40 | ndofs=  999682 | rel_resid[22]=7.92e-12 | overall_time(s)=3.363e+01 warm_time(s)=1.258e+01
order= 4 nref= 3 baseN(quad=False)=40 | ndofs= 3996162 | rel_resid[22]=5.99e-12 | overall_time(s)=1.360e+02 warm_time(s)=4.999e+01
order= 5 nref= 1 baseN(quad=False)=32 | ndofs=  246402 | rel_resid[23]=5.85e-12 | overall_time(s)=1.272e+01 warm_time(s)=3.063e+00
order= 5 nref= 2 baseN(quad=False)=32 | ndofs=  984322 | rel_resid[22]=8.41e-12 | overall_time(s)=3.671e+01 warm_time(s)=1.315e+01
order= 5 nref= 3 baseN(quad=False)=32 | ndofs= 3934722 | rel_resid[22]=7.05e-12 | overall_time(s)=2.436e+02 warm_time(s)=5.006e+01
order= 6 nref= 1 baseN(quad=False)=26 | ndofs=  231818 | rel_resid[21]=8.04e-12 | overall_time(s)=1.632e+01 warm_time(s)=2.817e+00
order= 6 nref= 2 baseN(quad=False)=26 | ndofs=  926018 | rel_resid[21]=6.58e-12 | overall_time(s)=3.992e+01 warm_time(s)=1.313e+01
order= 6 nref= 3 baseN(quad=False)=26 | ndofs= 3701570 | rel_resid[21]=5.59e-12 | overall_time(s)=2.028e+02 warm_time(s)=5.007e+01
order= 7 nref= 1 baseN(quad=False)=22 | ndofs=  224226 | rel_resid[21]=8.54e-12 | overall_time(s)=2.131e+01 warm_time(s)=3.387e+00
order= 7 nref= 2 baseN(quad=False)=22 | ndofs=  895666 | rel_resid[21]=6.40e-12 | overall_time(s)=4.994e+01 warm_time(s)=1.530e+01
order= 7 nref= 3 baseN(quad=False)=22 | ndofs= 3580194 | rel_resid[21]=5.07e-12 | overall_time(s)=2.080e+02 warm_time(s)=5.982e+01
order= 8 nref= 1 baseN(quad=False)=20 | ndofs=  240642 | rel_resid[21]=4.18e-12 | overall_time(s)=3.301e+01 warm_time(s)=4.503e+00
order= 8 nref= 2 baseN(quad=False)=20 | ndofs=  961282 | rel_resid[20]=9.97e-12 | overall_time(s)=7.045e+01 warm_time(s)=2.010e+01
order= 8 nref= 3 baseN(quad=False)=20 | ndofs= 3842562 | rel_resid[20]=9.21e-12 | overall_time(s)=2.569e+02 warm_time(s)=8.031e+01
order= 9 nref= 1 baseN(quad=False)=16 | ndofs=  194114 | rel_resid[21]=5.08e-12 | overall_time(s)=4.442e+01 warm_time(s)=4.654e+00
order= 9 nref= 2 baseN(quad=False)=16 | ndofs=  775298 | rel_resid[21]=3.89e-12 | overall_time(s)=8.506e+01 warm_time(s)=2.215e+01
order= 9 nref= 3 baseN(quad=False)=16 | ndofs= 3098882 | rel_resid[21]=3.01e-12 | overall_time(s)=2.664e+02 warm_time(s)=8.849e+01
order=10 nref= 1 baseN(quad=False)=16 | ndofs=  238722 | rel_resid[20]=6.95e-12 | overall_time(s)=6.988e+01 warm_time(s)=7.235e+00
order=10 nref= 2 baseN(quad=False)=16 | ndofs=  953602 | rel_resid[20]=5.70e-12 | overall_time(s)=1.321e+02 warm_time(s)=3.497e+01
order=10 nref= 3 baseN(quad=False)=16 | ndofs= 3811842 | rel_resid[20]=5.16e-12 | overall_time(s)=4.112e+02 warm_time(s)=1.436e+02
Overall run-time: 0h 49min 49s
