Scott Vogelius Problem has been set up
Setting up the solver..
{'fieldsplit_0': {'ksp_type': 'preonly',
                  'mat_type': 'aij',
                  'mg_coarse_assembled': {'mat_type': 'aij',
                                          'pc_factor_mat_solver_type': 'mumps',
                                          'pc_type': 'lu'},
                  'mg_coarse_pc_python_type': 'firedrake.AssembledPC',
                  'mg_coarse_pc_type': 'python',
                  'mg_levels': {'ksp_chebyshev_esteig': '0,0.25,0,1.1',
                                'ksp_convergence_test': 'skip',
                                'ksp_max_it': '3',
                                'ksp_norm_type': 'unpreconditioned',
                                'ksp_type': 'chebyshev',
                                'patch_pc_patch_construct_dim': 0,
                                'patch_pc_patch_construct_type': 'star',
                                'patch_pc_patch_local_type': 'additive',
                                'patch_pc_patch_partition_of_unity': False,
                                'patch_pc_patch_precompute_element_tensors': True,
                                'patch_pc_patch_save_operators': True,
                                'patch_pc_patch_statistics': False,
                                'patch_pc_patch_sub_mat_type': 'seqaij',
                                'patch_pc_patch_symmetrise_sweep': False,
                                'patch_sub_ksp_type': 'preonly',
                                'patch_sub_pc_factor_mat_solver_type': 'petsc',
                                'patch_sub_pc_type': 'lu',
                                'pc_python_type': 'firedrake.PatchPC',
                                'pc_type': 'python'},
                  'pc_cycle_type': 'V',
                  'pc_mg_type': 'multiplicative',
                  'pc_type': 'mg'},
 'fieldsplit_1': {'ksp_type': 'preonly',
                  'pc_python_type': 'alfi.solver.DGMassInv',
                  'pc_type': 'python'},
 'ksp_atol': 1e-15,
 'ksp_error_if_not_converged': False,
 'ksp_max_it': 80,
 'ksp_rtol': 1e-11,
 'ksp_type': 'fgmres',
 'mat_type': 'nest',
 'pc_fieldsplit_schur_factorization_type': 'full',
 'pc_fieldsplit_schur_precondition': 'user',
 'pc_fieldsplit_type': 'schur',
 'pc_type': 'fieldsplit',
 'petscpartitioner_parmetis_debug': 'true',
 'petscpartitioner_type': 'parmetis',
 'snes_atol': 1e-10,
 'snes_convergence_test': 'skip',
 'snes_lag_jacobian': -2,
 'snes_lag_preconditioner': -2,
 'snes_max_it': 1,
 'snes_rtol': 1e-10,
 'snes_stol': 1e-10,
 'snes_type': 'ksponly'}
Warm-up run complete.
Warm run complete.
order= 3 nref= 1 baseN(quad=False)=6 | ndofs=  171116 | rel_resid[28]=7.97e-12 | overall_time(s)=7.574e+00 warm_time(s)=2.051e+00
Scott Vogelius Problem has been set up
Setting up the solver..
{'fieldsplit_0': {'ksp_type': 'preonly',
                  'mat_type': 'aij',
                  'mg_coarse_assembled': {'mat_type': 'aij',
                                          'pc_factor_mat_solver_type': 'mumps',
                                          'pc_type': 'lu'},
                  'mg_coarse_pc_python_type': 'firedrake.AssembledPC',
                  'mg_coarse_pc_type': 'python',
                  'mg_levels': {'ksp_chebyshev_esteig': '0,0.25,0,1.1',
                                'ksp_convergence_test': 'skip',
                                'ksp_max_it': '3',
                                'ksp_norm_type': 'unpreconditioned',
                                'ksp_type': 'chebyshev',
                                'patch_pc_patch_construct_dim': 0,
                                'patch_pc_patch_construct_type': 'star',
                                'patch_pc_patch_local_type': 'additive',
                                'patch_pc_patch_partition_of_unity': False,
                                'patch_pc_patch_precompute_element_tensors': True,
                                'patch_pc_patch_save_operators': True,
                                'patch_pc_patch_statistics': False,
                                'patch_pc_patch_sub_mat_type': 'seqaij',
                                'patch_pc_patch_symmetrise_sweep': False,
                                'patch_sub_ksp_type': 'preonly',
                                'patch_sub_pc_factor_mat_solver_type': 'petsc',
                                'patch_sub_pc_type': 'lu',
                                'pc_python_type': 'firedrake.PatchPC',
                                'pc_type': 'python'},
                  'pc_cycle_type': 'V',
                  'pc_mg_type': 'multiplicative',
                  'pc_type': 'mg'},
 'fieldsplit_1': {'ksp_type': 'preonly',
                  'pc_python_type': 'alfi.solver.DGMassInv',
                  'pc_type': 'python'},
 'ksp_atol': 1e-15,
 'ksp_error_if_not_converged': False,
 'ksp_max_it': 80,
 'ksp_rtol': 1e-11,
 'ksp_type': 'fgmres',
 'mat_type': 'nest',
 'pc_fieldsplit_schur_factorization_type': 'full',
 'pc_fieldsplit_schur_precondition': 'user',
 'pc_fieldsplit_type': 'schur',
 'pc_type': 'fieldsplit',
 'petscpartitioner_parmetis_debug': 'true',
 'petscpartitioner_type': 'parmetis',
 'snes_atol': 1e-10,
 'snes_convergence_test': 'skip',
 'snes_lag_jacobian': -2,
 'snes_lag_preconditioner': -2,
 'snes_max_it': 1,
 'snes_rtol': 1e-10,
 'snes_stol': 1e-10,
 'snes_type': 'ksponly'}
Warm-up run complete.
Warm run complete.
order= 3 nref= 2 baseN(quad=False)=6 | ndofs=  683150 | rel_resid[27]=9.09e-12 | overall_time(s)=2.193e+01 warm_time(s)=8.677e+00
Scott Vogelius Problem has been set up
Setting up the solver..
{'fieldsplit_0': {'ksp_type': 'preonly',
                  'mat_type': 'aij',
                  'mg_coarse_assembled': {'mat_type': 'aij',
                                          'pc_factor_mat_solver_type': 'mumps',
                                          'pc_type': 'lu'},
                  'mg_coarse_pc_python_type': 'firedrake.AssembledPC',
                  'mg_coarse_pc_type': 'python',
                  'mg_levels': {'ksp_chebyshev_esteig': '0,0.25,0,1.1',
                                'ksp_convergence_test': 'skip',
                                'ksp_max_it': '3',
                                'ksp_norm_type': 'unpreconditioned',
                                'ksp_type': 'chebyshev',
                                'patch_pc_patch_construct_dim': 0,
                                'patch_pc_patch_construct_type': 'star',
                                'patch_pc_patch_local_type': 'additive',
                                'patch_pc_patch_partition_of_unity': False,
                                'patch_pc_patch_precompute_element_tensors': True,
                                'patch_pc_patch_save_operators': True,
                                'patch_pc_patch_statistics': False,
                                'patch_pc_patch_sub_mat_type': 'seqaij',
                                'patch_pc_patch_symmetrise_sweep': False,
                                'patch_sub_ksp_type': 'preonly',
                                'patch_sub_pc_factor_mat_solver_type': 'petsc',
                                'patch_sub_pc_type': 'lu',
                                'pc_python_type': 'firedrake.PatchPC',
                                'pc_type': 'python'},
                  'pc_cycle_type': 'V',
                  'pc_mg_type': 'multiplicative',
                  'pc_type': 'mg'},
 'fieldsplit_1': {'ksp_type': 'preonly',
                  'pc_python_type': 'alfi.solver.DGMassInv',
                  'pc_type': 'python'},
 'ksp_atol': 1e-15,
 'ksp_error_if_not_converged': False,
 'ksp_max_it': 80,
 'ksp_rtol': 1e-11,
 'ksp_type': 'fgmres',
 'mat_type': 'nest',
 'pc_fieldsplit_schur_factorization_type': 'full',
 'pc_fieldsplit_schur_precondition': 'user',
 'pc_fieldsplit_type': 'schur',
 'pc_type': 'fieldsplit',
 'petscpartitioner_parmetis_debug': 'true',
 'petscpartitioner_type': 'parmetis',
 'snes_atol': 1e-10,
 'snes_convergence_test': 'skip',
 'snes_lag_jacobian': -2,
 'snes_lag_preconditioner': -2,
 'snes_max_it': 1,
 'snes_rtol': 1e-10,
 'snes_stol': 1e-10,
 'snes_type': 'ksponly'}
Warm-up run complete.
Warm run complete.
order= 3 nref= 3 baseN(quad=False)=6 | ndofs= 2729978 | rel_resid[27]=4.68e-12 | overall_time(s)=8.747e+01 warm_time(s)=3.549e+01
Scott Vogelius Problem has been set up
Setting up the solver..
{'fieldsplit_0': {'ksp_type': 'preonly',
                  'mat_type': 'aij',
                  'mg_coarse_assembled': {'mat_type': 'aij',
                                          'pc_factor_mat_solver_type': 'mumps',
                                          'pc_type': 'lu'},
                  'mg_coarse_pc_python_type': 'firedrake.AssembledPC',
                  'mg_coarse_pc_type': 'python',
                  'mg_levels': {'ksp_chebyshev_esteig': '0,0.25,0,1.1',
                                'ksp_convergence_test': 'skip',
                                'ksp_max_it': '3',
                                'ksp_norm_type': 'unpreconditioned',
                                'ksp_type': 'chebyshev',
                                'patch_pc_patch_construct_dim': 0,
                                'patch_pc_patch_construct_type': 'star',
                                'patch_pc_patch_local_type': 'additive',
                                'patch_pc_patch_partition_of_unity': False,
                                'patch_pc_patch_precompute_element_tensors': True,
                                'patch_pc_patch_save_operators': True,
                                'patch_pc_patch_statistics': False,
                                'patch_pc_patch_sub_mat_type': 'seqaij',
                                'patch_pc_patch_symmetrise_sweep': False,
                                'patch_sub_ksp_type': 'preonly',
                                'patch_sub_pc_factor_mat_solver_type': 'petsc',
                                'patch_sub_pc_type': 'lu',
                                'pc_python_type': 'firedrake.PatchPC',
                                'pc_type': 'python'},
                  'pc_cycle_type': 'V',
                  'pc_mg_type': 'multiplicative',
                  'pc_type': 'mg'},
 'fieldsplit_1': {'ksp_type': 'preonly',
                  'pc_python_type': 'alfi.solver.DGMassInv',
                  'pc_type': 'python'},
 'ksp_atol': 1e-15,
 'ksp_error_if_not_converged': False,
 'ksp_max_it': 80,
 'ksp_rtol': 1e-11,
 'ksp_type': 'fgmres',
 'mat_type': 'nest',
 'pc_fieldsplit_schur_factorization_type': 'full',
 'pc_fieldsplit_schur_precondition': 'user',
 'pc_fieldsplit_type': 'schur',
 'pc_type': 'fieldsplit',
 'petscpartitioner_parmetis_debug': 'true',
 'petscpartitioner_type': 'parmetis',
 'snes_atol': 1e-10,
 'snes_convergence_test': 'skip',
 'snes_lag_jacobian': -2,
 'snes_lag_preconditioner': -2,
 'snes_max_it': 1,
 'snes_rtol': 1e-10,
 'snes_stol': 1e-10,
 'snes_type': 'ksponly'}
Warm-up run complete.
Warm run complete.
order= 4 nref= 1 baseN(quad=False)=6 | ndofs=  296338 | rel_resid[26]=6.83e-12 | overall_time(s)=1.186e+01 warm_time(s)=3.534e+00
Scott Vogelius Problem has been set up
Setting up the solver..
{'fieldsplit_0': {'ksp_type': 'preonly',
                  'mat_type': 'aij',
                  'mg_coarse_assembled': {'mat_type': 'aij',
                                          'pc_factor_mat_solver_type': 'mumps',
                                          'pc_type': 'lu'},
                  'mg_coarse_pc_python_type': 'firedrake.AssembledPC',
                  'mg_coarse_pc_type': 'python',
                  'mg_levels': {'ksp_chebyshev_esteig': '0,0.25,0,1.1',
                                'ksp_convergence_test': 'skip',
                                'ksp_max_it': '3',
                                'ksp_norm_type': 'unpreconditioned',
                                'ksp_type': 'chebyshev',
                                'patch_pc_patch_construct_dim': 0,
                                'patch_pc_patch_construct_type': 'star',
                                'patch_pc_patch_local_type': 'additive',
                                'patch_pc_patch_partition_of_unity': False,
                                'patch_pc_patch_precompute_element_tensors': True,
                                'patch_pc_patch_save_operators': True,
                                'patch_pc_patch_statistics': False,
                                'patch_pc_patch_sub_mat_type': 'seqaij',
                                'patch_pc_patch_symmetrise_sweep': False,
                                'patch_sub_ksp_type': 'preonly',
                                'patch_sub_pc_factor_mat_solver_type': 'petsc',
                                'patch_sub_pc_type': 'lu',
                                'pc_python_type': 'firedrake.PatchPC',
                                'pc_type': 'python'},
                  'pc_cycle_type': 'V',
                  'pc_mg_type': 'multiplicative',
                  'pc_type': 'mg'},
 'fieldsplit_1': {'ksp_type': 'preonly',
                  'pc_python_type': 'alfi.solver.DGMassInv',
                  'pc_type': 'python'},
 'ksp_atol': 1e-15,
 'ksp_error_if_not_converged': False,
 'ksp_max_it': 80,
 'ksp_rtol': 1e-11,
 'ksp_type': 'fgmres',
 'mat_type': 'nest',
 'pc_fieldsplit_schur_factorization_type': 'full',
 'pc_fieldsplit_schur_precondition': 'user',
 'pc_fieldsplit_type': 'schur',
 'pc_type': 'fieldsplit',
 'petscpartitioner_parmetis_debug': 'true',
 'petscpartitioner_type': 'parmetis',
 'snes_atol': 1e-10,
 'snes_convergence_test': 'skip',
 'snes_lag_jacobian': -2,
 'snes_lag_preconditioner': -2,
 'snes_max_it': 1,
 'snes_rtol': 1e-10,
 'snes_stol': 1e-10,
 'snes_type': 'ksponly'}
Warm-up run complete.
Warm run complete.
order= 4 nref= 2 baseN(quad=False)=6 | ndofs= 1183602 | rel_resid[25]=8.63e-12 | overall_time(s)=3.906e+01 warm_time(s)=1.501e+01
Scott Vogelius Problem has been set up
Setting up the solver..
{'fieldsplit_0': {'ksp_type': 'preonly',
                  'mat_type': 'aij',
                  'mg_coarse_assembled': {'mat_type': 'aij',
                                          'pc_factor_mat_solver_type': 'mumps',
                                          'pc_type': 'lu'},
                  'mg_coarse_pc_python_type': 'firedrake.AssembledPC',
                  'mg_coarse_pc_type': 'python',
                  'mg_levels': {'ksp_chebyshev_esteig': '0,0.25,0,1.1',
                                'ksp_convergence_test': 'skip',
                                'ksp_max_it': '3',
                                'ksp_norm_type': 'unpreconditioned',
                                'ksp_type': 'chebyshev',
                                'patch_pc_patch_construct_dim': 0,
                                'patch_pc_patch_construct_type': 'star',
                                'patch_pc_patch_local_type': 'additive',
                                'patch_pc_patch_partition_of_unity': False,
                                'patch_pc_patch_precompute_element_tensors': True,
                                'patch_pc_patch_save_operators': True,
                                'patch_pc_patch_statistics': False,
                                'patch_pc_patch_sub_mat_type': 'seqaij',
                                'patch_pc_patch_symmetrise_sweep': False,
                                'patch_sub_ksp_type': 'preonly',
                                'patch_sub_pc_factor_mat_solver_type': 'petsc',
                                'patch_sub_pc_type': 'lu',
                                'pc_python_type': 'firedrake.PatchPC',
                                'pc_type': 'python'},
                  'pc_cycle_type': 'V',
                  'pc_mg_type': 'multiplicative',
                  'pc_type': 'mg'},
 'fieldsplit_1': {'ksp_type': 'preonly',
                  'pc_python_type': 'alfi.solver.DGMassInv',
                  'pc_type': 'python'},
 'ksp_atol': 1e-15,
 'ksp_error_if_not_converged': False,
 'ksp_max_it': 80,
 'ksp_rtol': 1e-11,
 'ksp_type': 'fgmres',
 'mat_type': 'nest',
 'pc_fieldsplit_schur_factorization_type': 'full',
 'pc_fieldsplit_schur_precondition': 'user',
 'pc_fieldsplit_type': 'schur',
 'pc_type': 'fieldsplit',
 'petscpartitioner_parmetis_debug': 'true',
 'petscpartitioner_type': 'parmetis',
 'snes_atol': 1e-10,
 'snes_convergence_test': 'skip',
 'snes_lag_jacobian': -2,
 'snes_lag_preconditioner': -2,
 'snes_max_it': 1,
 'snes_rtol': 1e-10,
 'snes_stol': 1e-10,
 'snes_type': 'ksponly'}
Warm-up run complete.
Warm run complete.
order= 4 nref= 3 baseN(quad=False)=6 | ndofs= 4730914 | rel_resid[25]=4.84e-12 | overall_time(s)=1.470e+02 warm_time(s)=5.986e+01
Scott Vogelius Problem has been set up
Setting up the solver..
{'fieldsplit_0': {'ksp_type': 'preonly',
                  'mat_type': 'aij',
                  'mg_coarse_assembled': {'mat_type': 'aij',
                                          'pc_factor_mat_solver_type': 'mumps',
                                          'pc_type': 'lu'},
                  'mg_coarse_pc_python_type': 'firedrake.AssembledPC',
                  'mg_coarse_pc_type': 'python',
                  'mg_levels': {'ksp_chebyshev_esteig': '0,0.25,0,1.1',
                                'ksp_convergence_test': 'skip',
                                'ksp_max_it': '3',
                                'ksp_norm_type': 'unpreconditioned',
                                'ksp_type': 'chebyshev',
                                'patch_pc_patch_construct_dim': 0,
                                'patch_pc_patch_construct_type': 'star',
                                'patch_pc_patch_local_type': 'additive',
                                'patch_pc_patch_partition_of_unity': False,
                                'patch_pc_patch_precompute_element_tensors': True,
                                'patch_pc_patch_save_operators': True,
                                'patch_pc_patch_statistics': False,
                                'patch_pc_patch_sub_mat_type': 'seqaij',
                                'patch_pc_patch_symmetrise_sweep': False,
                                'patch_sub_ksp_type': 'preonly',
                                'patch_sub_pc_factor_mat_solver_type': 'petsc',
                                'patch_sub_pc_type': 'lu',
                                'pc_python_type': 'firedrake.PatchPC',
                                'pc_type': 'python'},
                  'pc_cycle_type': 'V',
                  'pc_mg_type': 'multiplicative',
                  'pc_type': 'mg'},
 'fieldsplit_1': {'ksp_type': 'preonly',
                  'pc_python_type': 'alfi.solver.DGMassInv',
                  'pc_type': 'python'},
 'ksp_atol': 1e-15,
 'ksp_error_if_not_converged': False,
 'ksp_max_it': 80,
 'ksp_rtol': 1e-11,
 'ksp_type': 'fgmres',
 'mat_type': 'nest',
 'pc_fieldsplit_schur_factorization_type': 'full',
 'pc_fieldsplit_schur_precondition': 'user',
 'pc_fieldsplit_type': 'schur',
 'pc_type': 'fieldsplit',
 'petscpartitioner_parmetis_debug': 'true',
 'petscpartitioner_type': 'parmetis',
 'snes_atol': 1e-10,
 'snes_convergence_test': 'skip',
 'snes_lag_jacobian': -2,
 'snes_lag_preconditioner': -2,
 'snes_max_it': 1,
 'snes_rtol': 1e-10,
 'snes_stol': 1e-10,
 'snes_type': 'ksponly'}
Warm-up run complete.
Warm run complete.
order= 5 nref= 1 baseN(quad=False)=5 | ndofs=  244642 | rel_resid[26]=4.97e-12 | overall_time(s)=1.367e+01 warm_time(s)=3.534e+00
Scott Vogelius Problem has been set up
Setting up the solver..
{'fieldsplit_0': {'ksp_type': 'preonly',
                  'mat_type': 'aij',
                  'mg_coarse_assembled': {'mat_type': 'aij',
                                          'pc_factor_mat_solver_type': 'mumps',
                                          'pc_type': 'lu'},
                  'mg_coarse_pc_python_type': 'firedrake.AssembledPC',
                  'mg_coarse_pc_type': 'python',
                  'mg_levels': {'ksp_chebyshev_esteig': '0,0.25,0,1.1',
                                'ksp_convergence_test': 'skip',
                                'ksp_max_it': '3',
                                'ksp_norm_type': 'unpreconditioned',
                                'ksp_type': 'chebyshev',
                                'patch_pc_patch_construct_dim': 0,
                                'patch_pc_patch_construct_type': 'star',
                                'patch_pc_patch_local_type': 'additive',
                                'patch_pc_patch_partition_of_unity': False,
                                'patch_pc_patch_precompute_element_tensors': True,
                                'patch_pc_patch_save_operators': True,
                                'patch_pc_patch_statistics': False,
                                'patch_pc_patch_sub_mat_type': 'seqaij',
                                'patch_pc_patch_symmetrise_sweep': False,
                                'patch_sub_ksp_type': 'preonly',
                                'patch_sub_pc_factor_mat_solver_type': 'petsc',
                                'patch_sub_pc_type': 'lu',
                                'pc_python_type': 'firedrake.PatchPC',
                                'pc_type': 'python'},
                  'pc_cycle_type': 'V',
                  'pc_mg_type': 'multiplicative',
                  'pc_type': 'mg'},
 'fieldsplit_1': {'ksp_type': 'preonly',
                  'pc_python_type': 'alfi.solver.DGMassInv',
                  'pc_type': 'python'},
 'ksp_atol': 1e-15,
 'ksp_error_if_not_converged': False,
 'ksp_max_it': 80,
 'ksp_rtol': 1e-11,
 'ksp_type': 'fgmres',
 'mat_type': 'nest',
 'pc_fieldsplit_schur_factorization_type': 'full',
 'pc_fieldsplit_schur_precondition': 'user',
 'pc_fieldsplit_type': 'schur',
 'pc_type': 'fieldsplit',
 'petscpartitioner_parmetis_debug': 'true',
 'petscpartitioner_type': 'parmetis',
 'snes_atol': 1e-10,
 'snes_convergence_test': 'skip',
 'snes_lag_jacobian': -2,
 'snes_lag_preconditioner': -2,
 'snes_max_it': 1,
 'snes_rtol': 1e-10,
 'snes_stol': 1e-10,
 'snes_type': 'ksponly'}
Warm-up run complete.
Warm run complete.
order= 5 nref= 2 baseN(quad=False)=5 | ndofs=  976962 | rel_resid[25]=6.42e-12 | overall_time(s)=4.021e+01 warm_time(s)=1.481e+01
Scott Vogelius Problem has been set up
Setting up the solver..
{'fieldsplit_0': {'ksp_type': 'preonly',
                  'mat_type': 'aij',
                  'mg_coarse_assembled': {'mat_type': 'aij',
                                          'pc_factor_mat_solver_type': 'mumps',
                                          'pc_type': 'lu'},
                  'mg_coarse_pc_python_type': 'firedrake.AssembledPC',
                  'mg_coarse_pc_type': 'python',
                  'mg_levels': {'ksp_chebyshev_esteig': '0,0.25,0,1.1',
                                'ksp_convergence_test': 'skip',
                                'ksp_max_it': '3',
                                'ksp_norm_type': 'unpreconditioned',
                                'ksp_type': 'chebyshev',
                                'patch_pc_patch_construct_dim': 0,
                                'patch_pc_patch_construct_type': 'star',
                                'patch_pc_patch_local_type': 'additive',
                                'patch_pc_patch_partition_of_unity': False,
                                'patch_pc_patch_precompute_element_tensors': True,
                                'patch_pc_patch_save_operators': True,
                                'patch_pc_patch_statistics': False,
                                'patch_pc_patch_sub_mat_type': 'seqaij',
                                'patch_pc_patch_symmetrise_sweep': False,
                                'patch_sub_ksp_type': 'preonly',
                                'patch_sub_pc_factor_mat_solver_type': 'petsc',
                                'patch_sub_pc_type': 'lu',
                                'pc_python_type': 'firedrake.PatchPC',
                                'pc_type': 'python'},
                  'pc_cycle_type': 'V',
                  'pc_mg_type': 'multiplicative',
                  'pc_type': 'mg'},
 'fieldsplit_1': {'ksp_type': 'preonly',
                  'pc_python_type': 'alfi.solver.DGMassInv',
                  'pc_type': 'python'},
 'ksp_atol': 1e-15,
 'ksp_error_if_not_converged': False,
 'ksp_max_it': 80,
 'ksp_rtol': 1e-11,
 'ksp_type': 'fgmres',
 'mat_type': 'nest',
 'pc_fieldsplit_schur_factorization_type': 'full',
 'pc_fieldsplit_schur_precondition': 'user',
 'pc_fieldsplit_type': 'schur',
 'pc_type': 'fieldsplit',
 'petscpartitioner_parmetis_debug': 'true',
 'petscpartitioner_type': 'parmetis',
 'snes_atol': 1e-10,
 'snes_convergence_test': 'skip',
 'snes_lag_jacobian': -2,
 'snes_lag_preconditioner': -2,
 'snes_max_it': 1,
 'snes_rtol': 1e-10,
 'snes_stol': 1e-10,
 'snes_type': 'ksponly'}
Warm-up run complete.
Warm run complete.
order= 5 nref= 3 baseN(quad=False)=5 | ndofs= 3904642 | rel_resid[25]=3.83e-12 | overall_time(s)=1.493e+02 warm_time(s)=5.948e+01
Scott Vogelius Problem has been set up
Setting up the solver..
{'fieldsplit_0': {'ksp_type': 'preonly',
                  'mat_type': 'aij',
                  'mg_coarse_assembled': {'mat_type': 'aij',
                                          'pc_factor_mat_solver_type': 'mumps',
                                          'pc_type': 'lu'},
                  'mg_coarse_pc_python_type': 'firedrake.AssembledPC',
                  'mg_coarse_pc_type': 'python',
                  'mg_levels': {'ksp_chebyshev_esteig': '0,0.25,0,1.1',
                                'ksp_convergence_test': 'skip',
                                'ksp_max_it': '3',
                                'ksp_norm_type': 'unpreconditioned',
                                'ksp_type': 'chebyshev',
                                'patch_pc_patch_construct_dim': 0,
                                'patch_pc_patch_construct_type': 'star',
                                'patch_pc_patch_local_type': 'additive',
                                'patch_pc_patch_partition_of_unity': False,
                                'patch_pc_patch_precompute_element_tensors': True,
                                'patch_pc_patch_save_operators': True,
                                'patch_pc_patch_statistics': False,
                                'patch_pc_patch_sub_mat_type': 'seqaij',
                                'patch_pc_patch_symmetrise_sweep': False,
                                'patch_sub_ksp_type': 'preonly',
                                'patch_sub_pc_factor_mat_solver_type': 'petsc',
                                'patch_sub_pc_type': 'lu',
                                'pc_python_type': 'firedrake.PatchPC',
                                'pc_type': 'python'},
                  'pc_cycle_type': 'V',
                  'pc_mg_type': 'multiplicative',
                  'pc_type': 'mg'},
 'fieldsplit_1': {'ksp_type': 'preonly',
                  'pc_python_type': 'alfi.solver.DGMassInv',
                  'pc_type': 'python'},
 'ksp_atol': 1e-15,
 'ksp_error_if_not_converged': False,
 'ksp_max_it': 80,
 'ksp_rtol': 1e-11,
 'ksp_type': 'fgmres',
 'mat_type': 'nest',
 'pc_fieldsplit_schur_factorization_type': 'full',
 'pc_fieldsplit_schur_precondition': 'user',
 'pc_fieldsplit_type': 'schur',
 'pc_type': 'fieldsplit',
 'petscpartitioner_parmetis_debug': 'true',
 'petscpartitioner_type': 'parmetis',
 'snes_atol': 1e-10,
 'snes_convergence_test': 'skip',
 'snes_lag_jacobian': -2,
 'snes_lag_preconditioner': -2,
 'snes_max_it': 1,
 'snes_rtol': 1e-10,
 'snes_stol': 1e-10,
 'snes_type': 'ksponly'}
Warm-up run complete.
Warm run complete.
order= 6 nref= 1 baseN(quad=False)=4 | ndofs=  190850 | rel_resid[26]=4.61e-12 | overall_time(s)=1.596e+01 warm_time(s)=3.251e+00
Scott Vogelius Problem has been set up
Setting up the solver..
{'fieldsplit_0': {'ksp_type': 'preonly',
                  'mat_type': 'aij',
                  'mg_coarse_assembled': {'mat_type': 'aij',
                                          'pc_factor_mat_solver_type': 'mumps',
                                          'pc_type': 'lu'},
                  'mg_coarse_pc_python_type': 'firedrake.AssembledPC',
                  'mg_coarse_pc_type': 'python',
                  'mg_levels': {'ksp_chebyshev_esteig': '0,0.25,0,1.1',
                                'ksp_convergence_test': 'skip',
                                'ksp_max_it': '3',
                                'ksp_norm_type': 'unpreconditioned',
                                'ksp_type': 'chebyshev',
                                'patch_pc_patch_construct_dim': 0,
                                'patch_pc_patch_construct_type': 'star',
                                'patch_pc_patch_local_type': 'additive',
                                'patch_pc_patch_partition_of_unity': False,
                                'patch_pc_patch_precompute_element_tensors': True,
                                'patch_pc_patch_save_operators': True,
                                'patch_pc_patch_statistics': False,
                                'patch_pc_patch_sub_mat_type': 'seqaij',
                                'patch_pc_patch_symmetrise_sweep': False,
                                'patch_sub_ksp_type': 'preonly',
                                'patch_sub_pc_factor_mat_solver_type': 'petsc',
                                'patch_sub_pc_type': 'lu',
                                'pc_python_type': 'firedrake.PatchPC',
                                'pc_type': 'python'},
                  'pc_cycle_type': 'V',
                  'pc_mg_type': 'multiplicative',
                  'pc_type': 'mg'},
 'fieldsplit_1': {'ksp_type': 'preonly',
                  'pc_python_type': 'alfi.solver.DGMassInv',
                  'pc_type': 'python'},
 'ksp_atol': 1e-15,
 'ksp_error_if_not_converged': False,
 'ksp_max_it': 80,
 'ksp_rtol': 1e-11,
 'ksp_type': 'fgmres',
 'mat_type': 'nest',
 'pc_fieldsplit_schur_factorization_type': 'full',
 'pc_fieldsplit_schur_precondition': 'user',
 'pc_fieldsplit_type': 'schur',
 'pc_type': 'fieldsplit',
 'petscpartitioner_parmetis_debug': 'true',
 'petscpartitioner_type': 'parmetis',
 'snes_atol': 1e-10,
 'snes_convergence_test': 'skip',
 'snes_lag_jacobian': -2,
 'snes_lag_preconditioner': -2,
 'snes_max_it': 1,
 'snes_rtol': 1e-10,
 'snes_stol': 1e-10,
 'snes_type': 'ksponly'}
Warm-up run complete.
Warm run complete.
order= 6 nref= 2 baseN(quad=False)=4 | ndofs=  762002 | rel_resid[25]=5.45e-12 | overall_time(s)=4.141e+01 warm_time(s)=1.430e+01
Scott Vogelius Problem has been set up
Setting up the solver..
{'fieldsplit_0': {'ksp_type': 'preonly',
                  'mat_type': 'aij',
                  'mg_coarse_assembled': {'mat_type': 'aij',
                                          'pc_factor_mat_solver_type': 'mumps',
                                          'pc_type': 'lu'},
                  'mg_coarse_pc_python_type': 'firedrake.AssembledPC',
                  'mg_coarse_pc_type': 'python',
                  'mg_levels': {'ksp_chebyshev_esteig': '0,0.25,0,1.1',
                                'ksp_convergence_test': 'skip',
                                'ksp_max_it': '3',
                                'ksp_norm_type': 'unpreconditioned',
                                'ksp_type': 'chebyshev',
                                'patch_pc_patch_construct_dim': 0,
                                'patch_pc_patch_construct_type': 'star',
                                'patch_pc_patch_local_type': 'additive',
                                'patch_pc_patch_partition_of_unity': False,
                                'patch_pc_patch_precompute_element_tensors': True,
                                'patch_pc_patch_save_operators': True,
                                'patch_pc_patch_statistics': False,
                                'patch_pc_patch_sub_mat_type': 'seqaij',
                                'patch_pc_patch_symmetrise_sweep': False,
                                'patch_sub_ksp_type': 'preonly',
                                'patch_sub_pc_factor_mat_solver_type': 'petsc',
                                'patch_sub_pc_type': 'lu',
                                'pc_python_type': 'firedrake.PatchPC',
                                'pc_type': 'python'},
                  'pc_cycle_type': 'V',
                  'pc_mg_type': 'multiplicative',
                  'pc_type': 'mg'},
 'fieldsplit_1': {'ksp_type': 'preonly',
                  'pc_python_type': 'alfi.solver.DGMassInv',
                  'pc_type': 'python'},
 'ksp_atol': 1e-15,
 'ksp_error_if_not_converged': False,
 'ksp_max_it': 80,
 'ksp_rtol': 1e-11,
 'ksp_type': 'fgmres',
 'mat_type': 'nest',
 'pc_fieldsplit_schur_factorization_type': 'full',
 'pc_fieldsplit_schur_precondition': 'user',
 'pc_fieldsplit_type': 'schur',
 'pc_type': 'fieldsplit',
 'petscpartitioner_parmetis_debug': 'true',
 'petscpartitioner_type': 'parmetis',
 'snes_atol': 1e-10,
 'snes_convergence_test': 'skip',
 'snes_lag_jacobian': -2,
 'snes_lag_preconditioner': -2,
 'snes_max_it': 1,
 'snes_rtol': 1e-10,
 'snes_stol': 1e-10,
 'snes_type': 'ksponly'}
Warm-up run complete.
Warm run complete.
order= 6 nref= 3 baseN(quad=False)=4 | ndofs= 3045218 | rel_resid[24]=8.62e-12 | overall_time(s)=1.444e+02 warm_time(s)=5.623e+01
Scott Vogelius Problem has been set up
Setting up the solver..
{'fieldsplit_0': {'ksp_type': 'preonly',
                  'mat_type': 'aij',
                  'mg_coarse_assembled': {'mat_type': 'aij',
                                          'pc_factor_mat_solver_type': 'mumps',
                                          'pc_type': 'lu'},
                  'mg_coarse_pc_python_type': 'firedrake.AssembledPC',
                  'mg_coarse_pc_type': 'python',
                  'mg_levels': {'ksp_chebyshev_esteig': '0,0.25,0,1.1',
                                'ksp_convergence_test': 'skip',
                                'ksp_max_it': '3',
                                'ksp_norm_type': 'unpreconditioned',
                                'ksp_type': 'chebyshev',
                                'patch_pc_patch_construct_dim': 0,
                                'patch_pc_patch_construct_type': 'star',
                                'patch_pc_patch_local_type': 'additive',
                                'patch_pc_patch_partition_of_unity': False,
                                'patch_pc_patch_precompute_element_tensors': True,
                                'patch_pc_patch_save_operators': True,
                                'patch_pc_patch_statistics': False,
                                'patch_pc_patch_sub_mat_type': 'seqaij',
                                'patch_pc_patch_symmetrise_sweep': False,
                                'patch_sub_ksp_type': 'preonly',
                                'patch_sub_pc_factor_mat_solver_type': 'petsc',
                                'patch_sub_pc_type': 'lu',
                                'pc_python_type': 'firedrake.PatchPC',
                                'pc_type': 'python'},
                  'pc_cycle_type': 'V',
                  'pc_mg_type': 'multiplicative',
                  'pc_type': 'mg'},
 'fieldsplit_1': {'ksp_type': 'preonly',
                  'pc_python_type': 'alfi.solver.DGMassInv',
                  'pc_type': 'python'},
 'ksp_atol': 1e-15,
 'ksp_error_if_not_converged': False,
 'ksp_max_it': 80,
 'ksp_rtol': 1e-11,
 'ksp_type': 'fgmres',
 'mat_type': 'nest',
 'pc_fieldsplit_schur_factorization_type': 'full',
 'pc_fieldsplit_schur_precondition': 'user',
 'pc_fieldsplit_type': 'schur',
 'pc_type': 'fieldsplit',
 'petscpartitioner_parmetis_debug': 'true',
 'petscpartitioner_type': 'parmetis',
 'snes_atol': 1e-10,
 'snes_convergence_test': 'skip',
 'snes_lag_jacobian': -2,
 'snes_lag_preconditioner': -2,
 'snes_max_it': 1,
 'snes_rtol': 1e-10,
 'snes_stol': 1e-10,
 'snes_type': 'ksponly'}
Warm-up run complete.
Warm run complete.
order= 7 nref= 1 baseN(quad=False)=4 | ndofs=  257686 | rel_resid[25]=6.52e-12 | overall_time(s)=2.585e+01 warm_time(s)=5.292e+00
Scott Vogelius Problem has been set up
Setting up the solver..
{'fieldsplit_0': {'ksp_type': 'preonly',
                  'mat_type': 'aij',
                  'mg_coarse_assembled': {'mat_type': 'aij',
                                          'pc_factor_mat_solver_type': 'mumps',
                                          'pc_type': 'lu'},
                  'mg_coarse_pc_python_type': 'firedrake.AssembledPC',
                  'mg_coarse_pc_type': 'python',
                  'mg_levels': {'ksp_chebyshev_esteig': '0,0.25,0,1.1',
                                'ksp_convergence_test': 'skip',
                                'ksp_max_it': '3',
                                'ksp_norm_type': 'unpreconditioned',
                                'ksp_type': 'chebyshev',
                                'patch_pc_patch_construct_dim': 0,
                                'patch_pc_patch_construct_type': 'star',
                                'patch_pc_patch_local_type': 'additive',
                                'patch_pc_patch_partition_of_unity': False,
                                'patch_pc_patch_precompute_element_tensors': True,
                                'patch_pc_patch_save_operators': True,
                                'patch_pc_patch_statistics': False,
                                'patch_pc_patch_sub_mat_type': 'seqaij',
                                'patch_pc_patch_symmetrise_sweep': False,
                                'patch_sub_ksp_type': 'preonly',
                                'patch_sub_pc_factor_mat_solver_type': 'petsc',
                                'patch_sub_pc_type': 'lu',
                                'pc_python_type': 'firedrake.PatchPC',
                                'pc_type': 'python'},
                  'pc_cycle_type': 'V',
                  'pc_mg_type': 'multiplicative',
                  'pc_type': 'mg'},
 'fieldsplit_1': {'ksp_type': 'preonly',
                  'pc_python_type': 'alfi.solver.DGMassInv',
                  'pc_type': 'python'},
 'ksp_atol': 1e-15,
 'ksp_error_if_not_converged': False,
 'ksp_max_it': 80,
 'ksp_rtol': 1e-11,
 'ksp_type': 'fgmres',
 'mat_type': 'nest',
 'pc_fieldsplit_schur_factorization_type': 'full',
 'pc_fieldsplit_schur_precondition': 'user',
 'pc_fieldsplit_type': 'schur',
 'pc_type': 'fieldsplit',
 'petscpartitioner_parmetis_debug': 'true',
 'petscpartitioner_type': 'parmetis',
 'snes_atol': 1e-10,
 'snes_convergence_test': 'skip',
 'snes_lag_jacobian': -2,
 'snes_lag_preconditioner': -2,
 'snes_max_it': 1,
 'snes_rtol': 1e-10,
 'snes_stol': 1e-10,
 'snes_type': 'ksponly'}
Warm-up run complete.
Warm run complete.
order= 7 nref= 2 baseN(quad=False)=4 | ndofs= 1029114 | rel_resid[24]=9.46e-12 | overall_time(s)=6.936e+01 warm_time(s)=2.379e+01
Scott Vogelius Problem has been set up
Setting up the solver..
{'fieldsplit_0': {'ksp_type': 'preonly',
                  'mat_type': 'aij',
                  'mg_coarse_assembled': {'mat_type': 'aij',
                                          'pc_factor_mat_solver_type': 'mumps',
                                          'pc_type': 'lu'},
                  'mg_coarse_pc_python_type': 'firedrake.AssembledPC',
                  'mg_coarse_pc_type': 'python',
                  'mg_levels': {'ksp_chebyshev_esteig': '0,0.25,0,1.1',
                                'ksp_convergence_test': 'skip',
                                'ksp_max_it': '3',
                                'ksp_norm_type': 'unpreconditioned',
                                'ksp_type': 'chebyshev',
                                'patch_pc_patch_construct_dim': 0,
                                'patch_pc_patch_construct_type': 'star',
                                'patch_pc_patch_local_type': 'additive',
                                'patch_pc_patch_partition_of_unity': False,
                                'patch_pc_patch_precompute_element_tensors': True,
                                'patch_pc_patch_save_operators': True,
                                'patch_pc_patch_statistics': False,
                                'patch_pc_patch_sub_mat_type': 'seqaij',
                                'patch_pc_patch_symmetrise_sweep': False,
                                'patch_sub_ksp_type': 'preonly',
                                'patch_sub_pc_factor_mat_solver_type': 'petsc',
                                'patch_sub_pc_type': 'lu',
                                'pc_python_type': 'firedrake.PatchPC',
                                'pc_type': 'python'},
                  'pc_cycle_type': 'V',
                  'pc_mg_type': 'multiplicative',
                  'pc_type': 'mg'},
 'fieldsplit_1': {'ksp_type': 'preonly',
                  'pc_python_type': 'alfi.solver.DGMassInv',
                  'pc_type': 'python'},
 'ksp_atol': 1e-15,
 'ksp_error_if_not_converged': False,
 'ksp_max_it': 80,
 'ksp_rtol': 1e-11,
 'ksp_type': 'fgmres',
 'mat_type': 'nest',
 'pc_fieldsplit_schur_factorization_type': 'full',
 'pc_fieldsplit_schur_precondition': 'user',
 'pc_fieldsplit_type': 'schur',
 'pc_type': 'fieldsplit',
 'petscpartitioner_parmetis_debug': 'true',
 'petscpartitioner_type': 'parmetis',
 'snes_atol': 1e-10,
 'snes_convergence_test': 'skip',
 'snes_lag_jacobian': -2,
 'snes_lag_preconditioner': -2,
 'snes_max_it': 1,
 'snes_rtol': 1e-10,
 'snes_stol': 1e-10,
 'snes_type': 'ksponly'}
Warm-up run complete.
Warm run complete.
order= 7 nref= 3 baseN(quad=False)=4 | ndofs= 4113202 | rel_resid[24]=6.36e-12 | overall_time(s)=2.393e+02 warm_time(s)=9.495e+01
Scott Vogelius Problem has been set up
Setting up the solver..
{'fieldsplit_0': {'ksp_type': 'preonly',
                  'mat_type': 'aij',
                  'mg_coarse_assembled': {'mat_type': 'aij',
                                          'pc_factor_mat_solver_type': 'mumps',
                                          'pc_type': 'lu'},
                  'mg_coarse_pc_python_type': 'firedrake.AssembledPC',
                  'mg_coarse_pc_type': 'python',
                  'mg_levels': {'ksp_chebyshev_esteig': '0,0.25,0,1.1',
                                'ksp_convergence_test': 'skip',
                                'ksp_max_it': '3',
                                'ksp_norm_type': 'unpreconditioned',
                                'ksp_type': 'chebyshev',
                                'patch_pc_patch_construct_dim': 0,
                                'patch_pc_patch_construct_type': 'star',
                                'patch_pc_patch_local_type': 'additive',
                                'patch_pc_patch_partition_of_unity': False,
                                'patch_pc_patch_precompute_element_tensors': True,
                                'patch_pc_patch_save_operators': True,
                                'patch_pc_patch_statistics': False,
                                'patch_pc_patch_sub_mat_type': 'seqaij',
                                'patch_pc_patch_symmetrise_sweep': False,
                                'patch_sub_ksp_type': 'preonly',
                                'patch_sub_pc_factor_mat_solver_type': 'petsc',
                                'patch_sub_pc_type': 'lu',
                                'pc_python_type': 'firedrake.PatchPC',
                                'pc_type': 'python'},
                  'pc_cycle_type': 'V',
                  'pc_mg_type': 'multiplicative',
                  'pc_type': 'mg'},
 'fieldsplit_1': {'ksp_type': 'preonly',
                  'pc_python_type': 'alfi.solver.DGMassInv',
                  'pc_type': 'python'},
 'ksp_atol': 1e-15,
 'ksp_error_if_not_converged': False,
 'ksp_max_it': 80,
 'ksp_rtol': 1e-11,
 'ksp_type': 'fgmres',
 'mat_type': 'nest',
 'pc_fieldsplit_schur_factorization_type': 'full',
 'pc_fieldsplit_schur_precondition': 'user',
 'pc_fieldsplit_type': 'schur',
 'pc_type': 'fieldsplit',
 'petscpartitioner_parmetis_debug': 'true',
 'petscpartitioner_type': 'parmetis',
 'snes_atol': 1e-10,
 'snes_convergence_test': 'skip',
 'snes_lag_jacobian': -2,
 'snes_lag_preconditioner': -2,
 'snes_max_it': 1,
 'snes_rtol': 1e-10,
 'snes_stol': 1e-10,
 'snes_type': 'ksponly'}
Warm-up run complete.
Warm run complete.
order= 8 nref= 1 baseN(quad=False)=4 | ndofs=  334530 | rel_resid[25]=4.22e-12 | overall_time(s)=4.179e+01 warm_time(s)=8.700e+00
Scott Vogelius Problem has been set up
Setting up the solver..
{'fieldsplit_0': {'ksp_type': 'preonly',
                  'mat_type': 'aij',
                  'mg_coarse_assembled': {'mat_type': 'aij',
                                          'pc_factor_mat_solver_type': 'mumps',
                                          'pc_type': 'lu'},
                  'mg_coarse_pc_python_type': 'firedrake.AssembledPC',
                  'mg_coarse_pc_type': 'python',
                  'mg_levels': {'ksp_chebyshev_esteig': '0,0.25,0,1.1',
                                'ksp_convergence_test': 'skip',
                                'ksp_max_it': '3',
                                'ksp_norm_type': 'unpreconditioned',
                                'ksp_type': 'chebyshev',
                                'patch_pc_patch_construct_dim': 0,
                                'patch_pc_patch_construct_type': 'star',
                                'patch_pc_patch_local_type': 'additive',
                                'patch_pc_patch_partition_of_unity': False,
                                'patch_pc_patch_precompute_element_tensors': True,
                                'patch_pc_patch_save_operators': True,
                                'patch_pc_patch_statistics': False,
                                'patch_pc_patch_sub_mat_type': 'seqaij',
                                'patch_pc_patch_symmetrise_sweep': False,
                                'patch_sub_ksp_type': 'preonly',
                                'patch_sub_pc_factor_mat_solver_type': 'petsc',
                                'patch_sub_pc_type': 'lu',
                                'pc_python_type': 'firedrake.PatchPC',
                                'pc_type': 'python'},
                  'pc_cycle_type': 'V',
                  'pc_mg_type': 'multiplicative',
                  'pc_type': 'mg'},
 'fieldsplit_1': {'ksp_type': 'preonly',
                  'pc_python_type': 'alfi.solver.DGMassInv',
                  'pc_type': 'python'},
 'ksp_atol': 1e-15,
 'ksp_error_if_not_converged': False,
 'ksp_max_it': 80,
 'ksp_rtol': 1e-11,
 'ksp_type': 'fgmres',
 'mat_type': 'nest',
 'pc_fieldsplit_schur_factorization_type': 'full',
 'pc_fieldsplit_schur_precondition': 'user',
 'pc_fieldsplit_type': 'schur',
 'pc_type': 'fieldsplit',
 'petscpartitioner_parmetis_debug': 'true',
 'petscpartitioner_type': 'parmetis',
 'snes_atol': 1e-10,
 'snes_convergence_test': 'skip',
 'snes_lag_jacobian': -2,
 'snes_lag_preconditioner': -2,
 'snes_max_it': 1,
 'snes_rtol': 1e-10,
 'snes_stol': 1e-10,
 'snes_type': 'ksponly'}
Warm-up run complete.
Warm run complete.
order= 8 nref= 2 baseN(quad=False)=4 | ndofs= 1336258 | rel_resid[24]=7.06e-12 | overall_time(s)=1.158e+02 warm_time(s)=3.973e+01
Scott Vogelius Problem has been set up
Setting up the solver..
{'fieldsplit_0': {'ksp_type': 'preonly',
                  'mat_type': 'aij',
                  'mg_coarse_assembled': {'mat_type': 'aij',
                                          'pc_factor_mat_solver_type': 'mumps',
                                          'pc_type': 'lu'},
                  'mg_coarse_pc_python_type': 'firedrake.AssembledPC',
                  'mg_coarse_pc_type': 'python',
                  'mg_levels': {'ksp_chebyshev_esteig': '0,0.25,0,1.1',
                                'ksp_convergence_test': 'skip',
                                'ksp_max_it': '3',
                                'ksp_norm_type': 'unpreconditioned',
                                'ksp_type': 'chebyshev',
                                'patch_pc_patch_construct_dim': 0,
                                'patch_pc_patch_construct_type': 'star',
                                'patch_pc_patch_local_type': 'additive',
                                'patch_pc_patch_partition_of_unity': False,
                                'patch_pc_patch_precompute_element_tensors': True,
                                'patch_pc_patch_save_operators': True,
                                'patch_pc_patch_statistics': False,
                                'patch_pc_patch_sub_mat_type': 'seqaij',
                                'patch_pc_patch_symmetrise_sweep': False,
                                'patch_sub_ksp_type': 'preonly',
                                'patch_sub_pc_factor_mat_solver_type': 'petsc',
                                'patch_sub_pc_type': 'lu',
                                'pc_python_type': 'firedrake.PatchPC',
                                'pc_type': 'python'},
                  'pc_cycle_type': 'V',
                  'pc_mg_type': 'multiplicative',
                  'pc_type': 'mg'},
 'fieldsplit_1': {'ksp_type': 'preonly',
                  'pc_python_type': 'alfi.solver.DGMassInv',
                  'pc_type': 'python'},
 'ksp_atol': 1e-15,
 'ksp_error_if_not_converged': False,
 'ksp_max_it': 80,
 'ksp_rtol': 1e-11,
 'ksp_type': 'fgmres',
 'mat_type': 'nest',
 'pc_fieldsplit_schur_factorization_type': 'full',
 'pc_fieldsplit_schur_precondition': 'user',
 'pc_fieldsplit_type': 'schur',
 'pc_type': 'fieldsplit',
 'petscpartitioner_parmetis_debug': 'true',
 'petscpartitioner_type': 'parmetis',
 'snes_atol': 1e-10,
 'snes_convergence_test': 'skip',
 'snes_lag_jacobian': -2,
 'snes_lag_preconditioner': -2,
 'snes_max_it': 1,
 'snes_rtol': 1e-10,
 'snes_stol': 1e-10,
 'snes_type': 'ksponly'}
Warm-up run complete.
Warm run complete.
order= 8 nref= 3 baseN(quad=False)=4 | ndofs= 5341314 | rel_resid[24]=4.86e-12 | overall_time(s)=4.070e+02 warm_time(s)=1.660e+02
Scott Vogelius Problem has been set up
Setting up the solver..
{'fieldsplit_0': {'ksp_type': 'preonly',
                  'mat_type': 'aij',
                  'mg_coarse_assembled': {'mat_type': 'aij',
                                          'pc_factor_mat_solver_type': 'mumps',
                                          'pc_type': 'lu'},
                  'mg_coarse_pc_python_type': 'firedrake.AssembledPC',
                  'mg_coarse_pc_type': 'python',
                  'mg_levels': {'ksp_chebyshev_esteig': '0,0.25,0,1.1',
                                'ksp_convergence_test': 'skip',
                                'ksp_max_it': '3',
                                'ksp_norm_type': 'unpreconditioned',
                                'ksp_type': 'chebyshev',
                                'patch_pc_patch_construct_dim': 0,
                                'patch_pc_patch_construct_type': 'star',
                                'patch_pc_patch_local_type': 'additive',
                                'patch_pc_patch_partition_of_unity': False,
                                'patch_pc_patch_precompute_element_tensors': True,
                                'patch_pc_patch_save_operators': True,
                                'patch_pc_patch_statistics': False,
                                'patch_pc_patch_sub_mat_type': 'seqaij',
                                'patch_pc_patch_symmetrise_sweep': False,
                                'patch_sub_ksp_type': 'preonly',
                                'patch_sub_pc_factor_mat_solver_type': 'petsc',
                                'patch_sub_pc_type': 'lu',
                                'pc_python_type': 'firedrake.PatchPC',
                                'pc_type': 'python'},
                  'pc_cycle_type': 'V',
                  'pc_mg_type': 'multiplicative',
                  'pc_type': 'mg'},
 'fieldsplit_1': {'ksp_type': 'preonly',
                  'pc_python_type': 'alfi.solver.DGMassInv',
                  'pc_type': 'python'},
 'ksp_atol': 1e-15,
 'ksp_error_if_not_converged': False,
 'ksp_max_it': 80,
 'ksp_rtol': 1e-11,
 'ksp_type': 'fgmres',
 'mat_type': 'nest',
 'pc_fieldsplit_schur_factorization_type': 'full',
 'pc_fieldsplit_schur_precondition': 'user',
 'pc_fieldsplit_type': 'schur',
 'pc_type': 'fieldsplit',
 'petscpartitioner_parmetis_debug': 'true',
 'petscpartitioner_type': 'parmetis',
 'snes_atol': 1e-10,
 'snes_convergence_test': 'skip',
 'snes_lag_jacobian': -2,
 'snes_lag_preconditioner': -2,
 'snes_max_it': 1,
 'snes_rtol': 1e-10,
 'snes_stol': 1e-10,
 'snes_type': 'ksponly'}
Warm-up run complete.
Warm run complete.
order= 9 nref= 1 baseN(quad=False)=3 | ndofs=  215462 | rel_resid[25]=3.95e-12 | overall_time(s)=4.958e+01 warm_time(s)=7.128e+00
Scott Vogelius Problem has been set up
Setting up the solver..
{'fieldsplit_0': {'ksp_type': 'preonly',
                  'mat_type': 'aij',
                  'mg_coarse_assembled': {'mat_type': 'aij',
                                          'pc_factor_mat_solver_type': 'mumps',
                                          'pc_type': 'lu'},
                  'mg_coarse_pc_python_type': 'firedrake.AssembledPC',
                  'mg_coarse_pc_type': 'python',
                  'mg_levels': {'ksp_chebyshev_esteig': '0,0.25,0,1.1',
                                'ksp_convergence_test': 'skip',
                                'ksp_max_it': '3',
                                'ksp_norm_type': 'unpreconditioned',
                                'ksp_type': 'chebyshev',
                                'patch_pc_patch_construct_dim': 0,
                                'patch_pc_patch_construct_type': 'star',
                                'patch_pc_patch_local_type': 'additive',
                                'patch_pc_patch_partition_of_unity': False,
                                'patch_pc_patch_precompute_element_tensors': True,
                                'patch_pc_patch_save_operators': True,
                                'patch_pc_patch_statistics': False,
                                'patch_pc_patch_sub_mat_type': 'seqaij',
                                'patch_pc_patch_symmetrise_sweep': False,
                                'patch_sub_ksp_type': 'preonly',
                                'patch_sub_pc_factor_mat_solver_type': 'petsc',
                                'patch_sub_pc_type': 'lu',
                                'pc_python_type': 'firedrake.PatchPC',
                                'pc_type': 'python'},
                  'pc_cycle_type': 'V',
                  'pc_mg_type': 'multiplicative',
                  'pc_type': 'mg'},
 'fieldsplit_1': {'ksp_type': 'preonly',
                  'pc_python_type': 'alfi.solver.DGMassInv',
                  'pc_type': 'python'},
 'ksp_atol': 1e-15,
 'ksp_error_if_not_converged': False,
 'ksp_max_it': 80,
 'ksp_rtol': 1e-11,
 'ksp_type': 'fgmres',
 'mat_type': 'nest',
 'pc_fieldsplit_schur_factorization_type': 'full',
 'pc_fieldsplit_schur_precondition': 'user',
 'pc_fieldsplit_type': 'schur',
 'pc_type': 'fieldsplit',
 'petscpartitioner_parmetis_debug': 'true',
 'petscpartitioner_type': 'parmetis',
 'snes_atol': 1e-10,
 'snes_convergence_test': 'skip',
 'snes_lag_jacobian': -2,
 'snes_lag_preconditioner': -2,
 'snes_max_it': 1,
 'snes_rtol': 1e-10,
 'snes_stol': 1e-10,
 'snes_type': 'ksponly'}
Warm-up run complete.
Warm run complete.
order= 9 nref= 2 baseN(quad=False)=3 | ndofs=  860330 | rel_resid[24]=6.31e-12 | overall_time(s)=1.099e+02 warm_time(s)=3.342e+01
Scott Vogelius Problem has been set up
Setting up the solver..
{'fieldsplit_0': {'ksp_type': 'preonly',
                  'mat_type': 'aij',
                  'mg_coarse_assembled': {'mat_type': 'aij',
                                          'pc_factor_mat_solver_type': 'mumps',
                                          'pc_type': 'lu'},
                  'mg_coarse_pc_python_type': 'firedrake.AssembledPC',
                  'mg_coarse_pc_type': 'python',
                  'mg_levels': {'ksp_chebyshev_esteig': '0,0.25,0,1.1',
                                'ksp_convergence_test': 'skip',
                                'ksp_max_it': '3',
                                'ksp_norm_type': 'unpreconditioned',
                                'ksp_type': 'chebyshev',
                                'patch_pc_patch_construct_dim': 0,
                                'patch_pc_patch_construct_type': 'star',
                                'patch_pc_patch_local_type': 'additive',
                                'patch_pc_patch_partition_of_unity': False,
                                'patch_pc_patch_precompute_element_tensors': True,
                                'patch_pc_patch_save_operators': True,
                                'patch_pc_patch_statistics': False,
                                'patch_pc_patch_sub_mat_type': 'seqaij',
                                'patch_pc_patch_symmetrise_sweep': False,
                                'patch_sub_ksp_type': 'preonly',
                                'patch_sub_pc_factor_mat_solver_type': 'petsc',
                                'patch_sub_pc_type': 'lu',
                                'pc_python_type': 'firedrake.PatchPC',
                                'pc_type': 'python'},
                  'pc_cycle_type': 'V',
                  'pc_mg_type': 'multiplicative',
                  'pc_type': 'mg'},
 'fieldsplit_1': {'ksp_type': 'preonly',
                  'pc_python_type': 'alfi.solver.DGMassInv',
                  'pc_type': 'python'},
 'ksp_atol': 1e-15,
 'ksp_error_if_not_converged': False,
 'ksp_max_it': 80,
 'ksp_rtol': 1e-11,
 'ksp_type': 'fgmres',
 'mat_type': 'nest',
 'pc_fieldsplit_schur_factorization_type': 'full',
 'pc_fieldsplit_schur_precondition': 'user',
 'pc_fieldsplit_type': 'schur',
 'pc_type': 'fieldsplit',
 'petscpartitioner_parmetis_debug': 'true',
 'petscpartitioner_type': 'parmetis',
 'snes_atol': 1e-10,
 'snes_convergence_test': 'skip',
 'snes_lag_jacobian': -2,
 'snes_lag_preconditioner': -2,
 'snes_max_it': 1,
 'snes_rtol': 1e-10,
 'snes_stol': 1e-10,
 'snes_type': 'ksponly'}
Warm-up run complete.
Warm run complete.
order= 9 nref= 3 baseN(quad=False)=3 | ndofs= 3438290 | rel_resid[23]=9.25e-12 | overall_time(s)=3.520e+02 warm_time(s)=1.345e+02
Scott Vogelius Problem has been set up
Setting up the solver..
{'fieldsplit_0': {'ksp_type': 'preonly',
                  'mat_type': 'aij',
                  'mg_coarse_assembled': {'mat_type': 'aij',
                                          'pc_factor_mat_solver_type': 'mumps',
                                          'pc_type': 'lu'},
                  'mg_coarse_pc_python_type': 'firedrake.AssembledPC',
                  'mg_coarse_pc_type': 'python',
                  'mg_levels': {'ksp_chebyshev_esteig': '0,0.25,0,1.1',
                                'ksp_convergence_test': 'skip',
                                'ksp_max_it': '3',
                                'ksp_norm_type': 'unpreconditioned',
                                'ksp_type': 'chebyshev',
                                'patch_pc_patch_construct_dim': 0,
                                'patch_pc_patch_construct_type': 'star',
                                'patch_pc_patch_local_type': 'additive',
                                'patch_pc_patch_partition_of_unity': False,
                                'patch_pc_patch_precompute_element_tensors': True,
                                'patch_pc_patch_save_operators': True,
                                'patch_pc_patch_statistics': False,
                                'patch_pc_patch_sub_mat_type': 'seqaij',
                                'patch_pc_patch_symmetrise_sweep': False,
                                'patch_sub_ksp_type': 'preonly',
                                'patch_sub_pc_factor_mat_solver_type': 'petsc',
                                'patch_sub_pc_type': 'lu',
                                'pc_python_type': 'firedrake.PatchPC',
                                'pc_type': 'python'},
                  'pc_cycle_type': 'V',
                  'pc_mg_type': 'multiplicative',
                  'pc_type': 'mg'},
 'fieldsplit_1': {'ksp_type': 'preonly',
                  'pc_python_type': 'alfi.solver.DGMassInv',
                  'pc_type': 'python'},
 'ksp_atol': 1e-15,
 'ksp_error_if_not_converged': False,
 'ksp_max_it': 80,
 'ksp_rtol': 1e-11,
 'ksp_type': 'fgmres',
 'mat_type': 'nest',
 'pc_fieldsplit_schur_factorization_type': 'full',
 'pc_fieldsplit_schur_precondition': 'user',
 'pc_fieldsplit_type': 'schur',
 'pc_type': 'fieldsplit',
 'petscpartitioner_parmetis_debug': 'true',
 'petscpartitioner_type': 'parmetis',
 'snes_atol': 1e-10,
 'snes_convergence_test': 'skip',
 'snes_lag_jacobian': -2,
 'snes_lag_preconditioner': -2,
 'snes_max_it': 1,
 'snes_rtol': 1e-10,
 'snes_stol': 1e-10,
 'snes_type': 'ksponly'}
Warm-up run complete.
Warm run complete.
order=10 nref= 1 baseN(quad=False)=3 | ndofs=  264962 | rel_resid[24]=9.19e-12 | overall_time(s)=7.498e+01 warm_time(s)=1.083e+01
Scott Vogelius Problem has been set up
Setting up the solver..
{'fieldsplit_0': {'ksp_type': 'preonly',
                  'mat_type': 'aij',
                  'mg_coarse_assembled': {'mat_type': 'aij',
                                          'pc_factor_mat_solver_type': 'mumps',
                                          'pc_type': 'lu'},
                  'mg_coarse_pc_python_type': 'firedrake.AssembledPC',
                  'mg_coarse_pc_type': 'python',
                  'mg_levels': {'ksp_chebyshev_esteig': '0,0.25,0,1.1',
                                'ksp_convergence_test': 'skip',
                                'ksp_max_it': '3',
                                'ksp_norm_type': 'unpreconditioned',
                                'ksp_type': 'chebyshev',
                                'patch_pc_patch_construct_dim': 0,
                                'patch_pc_patch_construct_type': 'star',
                                'patch_pc_patch_local_type': 'additive',
                                'patch_pc_patch_partition_of_unity': False,
                                'patch_pc_patch_precompute_element_tensors': True,
                                'patch_pc_patch_save_operators': True,
                                'patch_pc_patch_statistics': False,
                                'patch_pc_patch_sub_mat_type': 'seqaij',
                                'patch_pc_patch_symmetrise_sweep': False,
                                'patch_sub_ksp_type': 'preonly',
                                'patch_sub_pc_factor_mat_solver_type': 'petsc',
                                'patch_sub_pc_type': 'lu',
                                'pc_python_type': 'firedrake.PatchPC',
                                'pc_type': 'python'},
                  'pc_cycle_type': 'V',
                  'pc_mg_type': 'multiplicative',
                  'pc_type': 'mg'},
 'fieldsplit_1': {'ksp_type': 'preonly',
                  'pc_python_type': 'alfi.solver.DGMassInv',
                  'pc_type': 'python'},
 'ksp_atol': 1e-15,
 'ksp_error_if_not_converged': False,
 'ksp_max_it': 80,
 'ksp_rtol': 1e-11,
 'ksp_type': 'fgmres',
 'mat_type': 'nest',
 'pc_fieldsplit_schur_factorization_type': 'full',
 'pc_fieldsplit_schur_precondition': 'user',
 'pc_fieldsplit_type': 'schur',
 'pc_type': 'fieldsplit',
 'petscpartitioner_parmetis_debug': 'true',
 'petscpartitioner_type': 'parmetis',
 'snes_atol': 1e-10,
 'snes_convergence_test': 'skip',
 'snes_lag_jacobian': -2,
 'snes_lag_preconditioner': -2,
 'snes_max_it': 1,
 'snes_rtol': 1e-10,
 'snes_stol': 1e-10,
 'snes_type': 'ksponly'}
Warm-up run complete.
Warm run complete.
order=10 nref= 2 baseN(quad=False)=3 | ndofs= 1058162 | rel_resid[24]=4.85e-12 | overall_time(s)=1.809e+02 warm_time(s)=5.270e+01
Scott Vogelius Problem has been set up
Setting up the solver..
{'fieldsplit_0': {'ksp_type': 'preonly',
                  'mat_type': 'aij',
                  'mg_coarse_assembled': {'mat_type': 'aij',
                                          'pc_factor_mat_solver_type': 'mumps',
                                          'pc_type': 'lu'},
                  'mg_coarse_pc_python_type': 'firedrake.AssembledPC',
                  'mg_coarse_pc_type': 'python',
                  'mg_levels': {'ksp_chebyshev_esteig': '0,0.25,0,1.1',
                                'ksp_convergence_test': 'skip',
                                'ksp_max_it': '3',
                                'ksp_norm_type': 'unpreconditioned',
                                'ksp_type': 'chebyshev',
                                'patch_pc_patch_construct_dim': 0,
                                'patch_pc_patch_construct_type': 'star',
                                'patch_pc_patch_local_type': 'additive',
                                'patch_pc_patch_partition_of_unity': False,
                                'patch_pc_patch_precompute_element_tensors': True,
                                'patch_pc_patch_save_operators': True,
                                'patch_pc_patch_statistics': False,
                                'patch_pc_patch_sub_mat_type': 'seqaij',
                                'patch_pc_patch_symmetrise_sweep': False,
                                'patch_sub_ksp_type': 'preonly',
                                'patch_sub_pc_factor_mat_solver_type': 'petsc',
                                'patch_sub_pc_type': 'lu',
                                'pc_python_type': 'firedrake.PatchPC',
                                'pc_type': 'python'},
                  'pc_cycle_type': 'V',
                  'pc_mg_type': 'multiplicative',
                  'pc_type': 'mg'},
 'fieldsplit_1': {'ksp_type': 'preonly',
                  'pc_python_type': 'alfi.solver.DGMassInv',
                  'pc_type': 'python'},
 'ksp_atol': 1e-15,
 'ksp_error_if_not_converged': False,
 'ksp_max_it': 80,
 'ksp_rtol': 1e-11,
 'ksp_type': 'fgmres',
 'mat_type': 'nest',
 'pc_fieldsplit_schur_factorization_type': 'full',
 'pc_fieldsplit_schur_precondition': 'user',
 'pc_fieldsplit_type': 'schur',
 'pc_type': 'fieldsplit',
 'petscpartitioner_parmetis_debug': 'true',
 'petscpartitioner_type': 'parmetis',
 'snes_atol': 1e-10,
 'snes_convergence_test': 'skip',
 'snes_lag_jacobian': -2,
 'snes_lag_preconditioner': -2,
 'snes_max_it': 1,
 'snes_rtol': 1e-10,
 'snes_stol': 1e-10,
 'snes_type': 'ksponly'}
Warm-up run complete.
Warm run complete.
order=10 nref= 3 baseN(quad=False)=3 | ndofs= 4229282 | rel_resid[23]=7.38e-12 | overall_time(s)=5.448e+02 warm_time(s)=2.150e+02
