order= 3 nref= 1 baseN(quad=False)=8 | ndofs=  154151 | rel_resid[11]=1.57e-12 | overall_time(s)=7.830e+00 warm_time(s)=1.515e+00
order= 3 nref= 2 baseN(quad=False)=8 | ndofs=  613219 | rel_resid[12]=1.53e-12 | overall_time(s)=2.246e+01 warm_time(s)=6.442e+00
order= 3 nref= 3 baseN(quad=False)=8 | ndofs= 2446115 | rel_resid[13]=2.52e-12 | overall_time(s)=3.536e+02 warm_time(s)=2.613e+01
order= 4 nref= 1 baseN(quad=False)=7 | ndofs=  149931 | rel_resid[ 9]=2.10e-12 | overall_time(s)=4.254e+00 warm_time(s)=9.161e-01
order= 4 nref= 2 baseN(quad=False)=7 | ndofs=  596371 | rel_resid[10]=1.30e-12 | overall_time(s)=1.492e+01 warm_time(s)=4.274e+00
order= 4 nref= 3 baseN(quad=False)=7 | ndofs= 2378787 | rel_resid[12]=2.26e-12 | overall_time(s)=7.133e+01 warm_time(s)=2.002e+01
order= 5 nref= 1 baseN(quad=False)=6 | ndofs=  126533 | rel_resid[10]=5.36e-12 | overall_time(s)=4.296e+00 warm_time(s)=9.797e-01
order= 5 nref= 2 baseN(quad=False)=6 | ndofs=  503071 | rel_resid[12]=1.54e-12 | overall_time(s)=1.285e+01 warm_time(s)=4.002e+00
order= 5 nref= 3 baseN(quad=False)=6 | ndofs= 2006171 | rel_resid[15]=2.69e-12 | overall_time(s)=5.941e+01 warm_time(s)=1.921e+01
order= 6 nref= 1 baseN(quad=False)=6 | ndofs=  185574 | rel_resid[ 8]=7.36e-12 | overall_time(s)=6.807e+00 warm_time(s)=1.477e+00
order= 6 nref= 2 baseN(quad=False)=6 | ndofs=  738581 | rel_resid[ 9]=5.25e-12 | overall_time(s)=2.144e+01 warm_time(s)=6.067e+00
order= 6 nref= 3 baseN(quad=False)=6 | ndofs= 2946903 | rel_resid[10]=7.69e-12 | overall_time(s)=9.427e+01 warm_time(s)=2.565e+01
order= 7 nref= 1 baseN(quad=False)=5 | ndofs=  137747 | rel_resid[ 9]=4.78e-12 | overall_time(s)=6.030e+00 warm_time(s)=1.217e+00
order= 7 nref= 2 baseN(quad=False)=5 | ndofs=  547779 | rel_resid[10]=4.06e-12 | overall_time(s)=1.813e+01 warm_time(s)=5.281e+00
order= 7 nref= 3 baseN(quad=False)=5 | ndofs= 2184707 | rel_resid[12]=1.23e-12 | overall_time(s)=1.105e+02 warm_time(s)=2.348e+01
order= 8 nref= 1 baseN(quad=False)=4 | ndofs=   99749 | rel_resid[ 9]=1.62e-12 | overall_time(s)=5.139e+00 warm_time(s)=1.127e+00
order= 8 nref= 2 baseN(quad=False)=4 | ndofs=  396319 | rel_resid[10]=5.42e-12 | overall_time(s)=1.602e+01 warm_time(s)=4.491e+00
order= 8 nref= 3 baseN(quad=False)=4 | ndofs= 1579931 | rel_resid[13]=2.23e-12 | overall_time(s)=6.945e+01 warm_time(s)=2.191e+01
order= 9 nref= 1 baseN(quad=False)=3 | ndofs=   65279 | rel_resid[10]=9.02e-13 | overall_time(s)=4.777e+00 warm_time(s)=9.294e-01
order= 9 nref= 2 baseN(quad=False)=3 | ndofs=  258923 | rel_resid[13]=3.24e-12 | overall_time(s)=1.352e+01 warm_time(s)=4.045e+00
order= 9 nref= 3 baseN(quad=False)=3 | ndofs= 1031315 | rel_resid[19]=2.71e-12 | overall_time(s)=6.373e+01 warm_time(s)=2.262e+01
order=10 nref= 1 baseN(quad=False)=3 | ndofs=   81025 | rel_resid[11]=1.29e-12 | overall_time(s)=6.065e+00 warm_time(s)=1.374e+00
order=10 nref= 2 baseN(quad=False)=3 | ndofs=  321655 | rel_resid[12]=3.93e-12 | overall_time(s)=1.796e+01 warm_time(s)=5.084e+00
order=10 nref= 3 baseN(quad=False)=3 | ndofs= 1281739 | rel_resid[17]=3.45e-12 | overall_time(s)=8.107e+01 warm_time(s)=2.775e+01
Overall run-time: 0h 20min 20s
