order= 3 nref= 1 baseN(quad=False)=8 | ndofs=  154151 | rel_resid[11]=7.91e-13 | overall_time(s)=1.047e+01 warm_time(s)=2.286e+00
order= 3 nref= 2 baseN(quad=False)=8 | ndofs=  613219 | rel_resid[11]=1.11e-12 | overall_time(s)=2.822e+01 warm_time(s)=9.365e+00
order= 3 nref= 3 baseN(quad=False)=8 | ndofs= 2446115 | rel_resid[11]=1.86e-12 | overall_time(s)=3.688e+02 warm_time(s)=3.518e+01
order= 4 nref= 1 baseN(quad=False)=7 | ndofs=  149931 | rel_resid[ 9]=7.04e-13 | overall_time(s)=5.178e+00 warm_time(s)=1.389e+00
order= 4 nref= 2 baseN(quad=False)=7 | ndofs=  596371 | rel_resid[ 8]=9.15e-12 | overall_time(s)=1.572e+01 warm_time(s)=4.787e+00
order= 4 nref= 3 baseN(quad=False)=7 | ndofs= 2378787 | rel_resid[ 9]=1.54e-12 | overall_time(s)=7.344e+01 warm_time(s)=2.130e+01
order= 5 nref= 1 baseN(quad=False)=6 | ndofs=  126533 | rel_resid[10]=1.85e-12 | overall_time(s)=4.719e+00 warm_time(s)=1.236e+00
order= 5 nref= 2 baseN(quad=False)=6 | ndofs=  503071 | rel_resid[10]=3.96e-12 | overall_time(s)=1.398e+01 warm_time(s)=4.590e+00
order= 5 nref= 3 baseN(quad=False)=6 | ndofs= 2006171 | rel_resid[11]=1.87e-12 | overall_time(s)=5.941e+01 warm_time(s)=1.849e+01
order= 6 nref= 1 baseN(quad=False)=6 | ndofs=  185574 | rel_resid[ 8]=3.01e-12 | overall_time(s)=7.187e+00 warm_time(s)=1.690e+00
order= 6 nref= 2 baseN(quad=False)=6 | ndofs=  738581 | rel_resid[ 8]=2.81e-12 | overall_time(s)=2.187e+01 warm_time(s)=6.279e+00
order= 6 nref= 3 baseN(quad=False)=6 | ndofs= 2946903 | rel_resid[ 9]=4.78e-13 | overall_time(s)=9.578e+01 warm_time(s)=2.626e+01
order= 7 nref= 1 baseN(quad=False)=5 | ndofs=  137747 | rel_resid[ 9]=3.48e-12 | overall_time(s)=6.713e+00 warm_time(s)=1.408e+00
order= 7 nref= 2 baseN(quad=False)=5 | ndofs=  547779 | rel_resid[ 9]=2.89e-12 | overall_time(s)=1.809e+01 warm_time(s)=5.236e+00
order= 7 nref= 3 baseN(quad=False)=5 | ndofs= 2184707 | rel_resid[ 9]=7.26e-12 | overall_time(s)=1.038e+02 warm_time(s)=1.998e+01
order= 8 nref= 1 baseN(quad=False)=4 | ndofs=   99749 | rel_resid[ 9]=1.33e-12 | overall_time(s)=5.387e+00 warm_time(s)=1.252e+00
order= 8 nref= 2 baseN(quad=False)=4 | ndofs=  396319 | rel_resid[ 9]=1.75e-12 | overall_time(s)=1.591e+01 warm_time(s)=4.472e+00
order= 8 nref= 3 baseN(quad=False)=4 | ndofs= 1579931 | rel_resid[ 9]=3.26e-12 | overall_time(s)=5.862e+01 warm_time(s)=1.654e+01
order= 9 nref= 1 baseN(quad=False)=3 | ndofs=   65279 | rel_resid[ 9]=8.34e-12 | overall_time(s)=4.849e+00 warm_time(s)=9.426e-01
order= 9 nref= 2 baseN(quad=False)=3 | ndofs=  258923 | rel_resid[12]=7.62e-13 | overall_time(s)=1.349e+01 warm_time(s)=4.128e+00
order= 9 nref= 3 baseN(quad=False)=3 | ndofs= 1031315 | rel_resid[13]=2.83e-12 | overall_time(s)=5.161e+01 warm_time(s)=1.669e+01
order=10 nref= 1 baseN(quad=False)=3 | ndofs=   81025 | rel_resid[10]=9.59e-12 | overall_time(s)=5.936e+00 warm_time(s)=1.338e+00
order=10 nref= 2 baseN(quad=False)=3 | ndofs=  321655 | rel_resid[11]=1.83e-12 | overall_time(s)=1.795e+01 warm_time(s)=4.909e+00
order=10 nref= 3 baseN(quad=False)=3 | ndofs= 1281739 | rel_resid[11]=2.87e-12 | overall_time(s)=6.335e+01 warm_time(s)=1.894e+01
Overall run-time: 0h 20min 16s
