order= 3 nref= 1 baseN(quad=False)=8 | ndofs=  154151 | rel_resid[12]=5.40e-12 | overall_time(s)=8.332e+00 warm_time(s)=1.889e+00
order= 3 nref= 2 baseN(quad=False)=8 | ndofs=  613219 | rel_resid[12]=1.59e-12 | overall_time(s)=2.436e+01 warm_time(s)=7.371e+00
order= 3 nref= 3 baseN(quad=False)=8 | ndofs= 2446115 | rel_resid[12]=2.14e-12 | overall_time(s)=3.588e+02 warm_time(s)=2.826e+01
order= 4 nref= 1 baseN(quad=False)=7 | ndofs=  149931 | rel_resid[11]=2.70e-12 | overall_time(s)=4.966e+00 warm_time(s)=1.167e+00
order= 4 nref= 2 baseN(quad=False)=7 | ndofs=  596371 | rel_resid[11]=1.94e-12 | overall_time(s)=1.572e+01 warm_time(s)=4.682e+00
order= 4 nref= 3 baseN(quad=False)=7 | ndofs= 2378787 | rel_resid[11]=3.28e-12 | overall_time(s)=6.822e+01 warm_time(s)=1.833e+01
order= 5 nref= 1 baseN(quad=False)=6 | ndofs=  126533 | rel_resid[12]=2.52e-12 | overall_time(s)=4.207e+00 warm_time(s)=9.895e-01
order= 5 nref= 2 baseN(quad=False)=6 | ndofs=  503071 | rel_resid[12]=2.96e-12 | overall_time(s)=1.224e+01 warm_time(s)=3.738e+00
order= 5 nref= 3 baseN(quad=False)=6 | ndofs= 2006171 | rel_resid[13]=2.86e-12 | overall_time(s)=5.074e+01 warm_time(s)=1.497e+01
order= 6 nref= 1 baseN(quad=False)=6 | ndofs=  185574 | rel_resid[12]=1.56e-12 | overall_time(s)=6.212e+00 warm_time(s)=1.450e+00
order= 6 nref= 2 baseN(quad=False)=6 | ndofs=  738581 | rel_resid[11]=4.39e-12 | overall_time(s)=1.642e+01 warm_time(s)=4.759e+00
order= 6 nref= 3 baseN(quad=False)=6 | ndofs= 2946903 | rel_resid[12]=1.26e-12 | overall_time(s)=7.067e+01 warm_time(s)=2.006e+01
order= 7 nref= 1 baseN(quad=False)=5 | ndofs=  137747 | rel_resid[13]=1.94e-12 | overall_time(s)=5.690e+00 warm_time(s)=1.224e+00
order= 7 nref= 2 baseN(quad=False)=5 | ndofs=  547779 | rel_resid[12]=4.60e-12 | overall_time(s)=1.447e+01 warm_time(s)=4.151e+00
order= 7 nref= 3 baseN(quad=False)=5 | ndofs= 2184707 | rel_resid[13]=3.29e-12 | overall_time(s)=9.038e+01 warm_time(s)=1.691e+01
order= 8 nref= 1 baseN(quad=False)=4 | ndofs=   99749 | rel_resid[13]=1.98e-12 | overall_time(s)=4.861e+00 warm_time(s)=1.196e+00
order= 8 nref= 2 baseN(quad=False)=4 | ndofs=  396319 | rel_resid[12]=9.93e-12 | overall_time(s)=1.199e+01 warm_time(s)=3.307e+00
order= 8 nref= 3 baseN(quad=False)=4 | ndofs= 1579931 | rel_resid[13]=3.71e-12 | overall_time(s)=4.667e+01 warm_time(s)=1.351e+01
order= 9 nref= 1 baseN(quad=False)=3 | ndofs=   65279 | rel_resid[15]=1.72e-12 | overall_time(s)=6.093e+00 warm_time(s)=9.597e-01
order= 9 nref= 2 baseN(quad=False)=3 | ndofs=  258923 | rel_resid[17]=5.35e-12 | overall_time(s)=1.195e+01 warm_time(s)=3.531e+00
order= 9 nref= 3 baseN(quad=False)=3 | ndofs= 1031315 | rel_resid[22]=4.54e-12 | overall_time(s)=4.949e+01 warm_time(s)=1.680e+01
order=10 nref= 1 baseN(quad=False)=3 | ndofs=   81025 | rel_resid[17]=4.01e-12 | overall_time(s)=5.713e+00 warm_time(s)=1.354e+00
order=10 nref= 2 baseN(quad=False)=3 | ndofs=  321655 | rel_resid[17]=3.77e-12 | overall_time(s)=1.588e+01 warm_time(s)=4.838e+00
order=10 nref= 3 baseN(quad=False)=3 | ndofs= 1281739 | rel_resid[20]=3.45e-12 | overall_time(s)=6.539e+01 warm_time(s)=2.137e+01
Overall run-time: 0h 18min 23s
