Scott Vogelius Problem has been set up
Setting up the solver..
{'fieldsplit_0': {'ksp_convergence_test': 'skip',
                  'ksp_max_it': 1,
                  'ksp_norm_type': 'unpreconditioned',
                  'ksp_richardson_self_scale': False,
                  'ksp_type': 'richardson',
                  'pc_python_type': 'phmg.Direct_Coarsening_Pk',
                  'pc_type': 'python',
                  'pmg_mg_coarse': {'degree': 2,
                                    'mg_coarse_assembled': {'mat_type': 'aij',
                                                            'pc_factor_mat_solver_type': 'mumps',
                                                            'pc_type': 'lu'},
                                    'mg_coarse_pc_python_type': 'firedrake.AssembledPC',
                                    'mg_coarse_pc_type': 'python',
                                    'mg_levels': {'ksp_chebyshev_esteig': '0,0.25,0,1.1',
                                                  'ksp_convergence_test': 'skip',
                                                  'ksp_max_it': '3',
                                                  'ksp_norm_type': 'unpreconditioned',
                                                  'ksp_type': 'chebyshev',
                                                  'pc_python_type': 'firedrake.ASMStarPC',
                                                  'pc_star': {'patch_precompute_element_tensors': True,
                                                              'patch_save_operators': True,
                                                              'patch_statistics': False,
                                                              'patch_sub_mat_type': 'seqaij',
                                                              'patch_symmetrise_sweep': False},
                                                  'pc_star_construct_dim': 0,
                                                  'pc_type': 'python'},
                                    'pc_cycle_type': 'V',
                                    'pc_mg_multiplicative_cycles': 1,
                                    'pc_mg_type': 'multiplicative',
                                    'pc_type': 'mg'},
                  'pmg_mg_levels': {'ksp_chebyshev_esteig': '0,0.25,0,1.1',
                                    'ksp_convergence_test': 'skip',
                                    'ksp_max_it': '2',
                                    'ksp_norm_type': 'unpreconditioned',
                                    'ksp_type': 'chebyshev',
                                    'pc_python_type': 'firedrake.ASMStarPC',
                                    'pc_star': {'patch_precompute_element_tensors': True,
                                                'patch_save_operators': True,
                                                'patch_statistics': False,
                                                'patch_sub_mat_type': 'seqaij',
                                                'patch_symmetrise_sweep': False},
                                    'pc_star_construct_dim': 0,
                                    'pc_type': 'python'}},
 'fieldsplit_1': {'ksp_type': 'preonly',
                  'pc_python_type': 'alfi.solver.DGMassInv',
                  'pc_type': 'python'},
 'ksp_atol': 1e-15,
 'ksp_error_if_not_converged': False,
 'ksp_max_it': 80,
 'ksp_rtol': 1e-11,
 'ksp_type': 'fgmres',
 'mat_type': 'nest',
 'pc_fieldsplit_schur_factorization_type': 'full',
 'pc_fieldsplit_schur_precondition': 'user',
 'pc_fieldsplit_type': 'schur',
 'pc_type': 'fieldsplit',
 'petscpartitioner_parmetis_debug': 'true',
 'petscpartitioner_type': 'parmetis',
 'snes_atol': 1e-10,
 'snes_convergence_test': 'skip',
 'snes_lag_jacobian': -2,
 'snes_lag_preconditioner': -2,
 'snes_max_it': 1,
 'snes_rtol': 1e-10,
 'snes_stol': 1e-10,
 'snes_type': 'ksponly'}
Warm-up run complete.
Warm run complete.
order= 3 nref= 1 baseN(quad=False)=6 | ndofs=  171116 | rel_resid[31]=8.73e-12 | overall_time(s)=1.666e+01 warm_time(s)=6.681e+00
Scott Vogelius Problem has been set up
Setting up the solver..
{'fieldsplit_0': {'ksp_convergence_test': 'skip',
                  'ksp_max_it': 1,
                  'ksp_norm_type': 'unpreconditioned',
                  'ksp_richardson_self_scale': False,
                  'ksp_type': 'richardson',
                  'pc_python_type': 'phmg.Direct_Coarsening_Pk',
                  'pc_type': 'python',
                  'pmg_mg_coarse': {'degree': 2,
                                    'mg_coarse_assembled': {'mat_type': 'aij',
                                                            'pc_factor_mat_solver_type': 'mumps',
                                                            'pc_type': 'lu'},
                                    'mg_coarse_pc_python_type': 'firedrake.AssembledPC',
                                    'mg_coarse_pc_type': 'python',
                                    'mg_levels': {'ksp_chebyshev_esteig': '0,0.25,0,1.1',
                                                  'ksp_convergence_test': 'skip',
                                                  'ksp_max_it': '3',
                                                  'ksp_norm_type': 'unpreconditioned',
                                                  'ksp_type': 'chebyshev',
                                                  'pc_python_type': 'firedrake.ASMStarPC',
                                                  'pc_star': {'patch_precompute_element_tensors': True,
                                                              'patch_save_operators': True,
                                                              'patch_statistics': False,
                                                              'patch_sub_mat_type': 'seqaij',
                                                              'patch_symmetrise_sweep': False},
                                                  'pc_star_construct_dim': 0,
                                                  'pc_type': 'python'},
                                    'pc_cycle_type': 'V',
                                    'pc_mg_multiplicative_cycles': 1,
                                    'pc_mg_type': 'multiplicative',
                                    'pc_type': 'mg'},
                  'pmg_mg_levels': {'ksp_chebyshev_esteig': '0,0.25,0,1.1',
                                    'ksp_convergence_test': 'skip',
                                    'ksp_max_it': '2',
                                    'ksp_norm_type': 'unpreconditioned',
                                    'ksp_type': 'chebyshev',
                                    'pc_python_type': 'firedrake.ASMStarPC',
                                    'pc_star': {'patch_precompute_element_tensors': True,
                                                'patch_save_operators': True,
                                                'patch_statistics': False,
                                                'patch_sub_mat_type': 'seqaij',
                                                'patch_symmetrise_sweep': False},
                                    'pc_star_construct_dim': 0,
                                    'pc_type': 'python'}},
 'fieldsplit_1': {'ksp_type': 'preonly',
                  'pc_python_type': 'alfi.solver.DGMassInv',
                  'pc_type': 'python'},
 'ksp_atol': 1e-15,
 'ksp_error_if_not_converged': False,
 'ksp_max_it': 80,
 'ksp_rtol': 1e-11,
 'ksp_type': 'fgmres',
 'mat_type': 'nest',
 'pc_fieldsplit_schur_factorization_type': 'full',
 'pc_fieldsplit_schur_precondition': 'user',
 'pc_fieldsplit_type': 'schur',
 'pc_type': 'fieldsplit',
 'petscpartitioner_parmetis_debug': 'true',
 'petscpartitioner_type': 'parmetis',
 'snes_atol': 1e-10,
 'snes_convergence_test': 'skip',
 'snes_lag_jacobian': -2,
 'snes_lag_preconditioner': -2,
 'snes_max_it': 1,
 'snes_rtol': 1e-10,
 'snes_stol': 1e-10,
 'snes_type': 'ksponly'}
Warm-up run complete.
Warm run complete.
order= 3 nref= 2 baseN(quad=False)=6 | ndofs=  683150 | rel_resid[30]=9.52e-12 | overall_time(s)=6.691e+01 warm_time(s)=2.922e+01
Scott Vogelius Problem has been set up
Setting up the solver..
{'fieldsplit_0': {'ksp_convergence_test': 'skip',
                  'ksp_max_it': 1,
                  'ksp_norm_type': 'unpreconditioned',
                  'ksp_richardson_self_scale': False,
                  'ksp_type': 'richardson',
                  'pc_python_type': 'phmg.Direct_Coarsening_Pk',
                  'pc_type': 'python',
                  'pmg_mg_coarse': {'degree': 2,
                                    'mg_coarse_assembled': {'mat_type': 'aij',
                                                            'pc_factor_mat_solver_type': 'mumps',
                                                            'pc_type': 'lu'},
                                    'mg_coarse_pc_python_type': 'firedrake.AssembledPC',
                                    'mg_coarse_pc_type': 'python',
                                    'mg_levels': {'ksp_chebyshev_esteig': '0,0.25,0,1.1',
                                                  'ksp_convergence_test': 'skip',
                                                  'ksp_max_it': '3',
                                                  'ksp_norm_type': 'unpreconditioned',
                                                  'ksp_type': 'chebyshev',
                                                  'pc_python_type': 'firedrake.ASMStarPC',
                                                  'pc_star': {'patch_precompute_element_tensors': True,
                                                              'patch_save_operators': True,
                                                              'patch_statistics': False,
                                                              'patch_sub_mat_type': 'seqaij',
                                                              'patch_symmetrise_sweep': False},
                                                  'pc_star_construct_dim': 0,
                                                  'pc_type': 'python'},
                                    'pc_cycle_type': 'V',
                                    'pc_mg_multiplicative_cycles': 1,
                                    'pc_mg_type': 'multiplicative',
                                    'pc_type': 'mg'},
                  'pmg_mg_levels': {'ksp_chebyshev_esteig': '0,0.25,0,1.1',
                                    'ksp_convergence_test': 'skip',
                                    'ksp_max_it': '2',
                                    'ksp_norm_type': 'unpreconditioned',
                                    'ksp_type': 'chebyshev',
                                    'pc_python_type': 'firedrake.ASMStarPC',
                                    'pc_star': {'patch_precompute_element_tensors': True,
                                                'patch_save_operators': True,
                                                'patch_statistics': False,
                                                'patch_sub_mat_type': 'seqaij',
                                                'patch_symmetrise_sweep': False},
                                    'pc_star_construct_dim': 0,
                                    'pc_type': 'python'}},
 'fieldsplit_1': {'ksp_type': 'preonly',
                  'pc_python_type': 'alfi.solver.DGMassInv',
                  'pc_type': 'python'},
 'ksp_atol': 1e-15,
 'ksp_error_if_not_converged': False,
 'ksp_max_it': 80,
 'ksp_rtol': 1e-11,
 'ksp_type': 'fgmres',
 'mat_type': 'nest',
 'pc_fieldsplit_schur_factorization_type': 'full',
 'pc_fieldsplit_schur_precondition': 'user',
 'pc_fieldsplit_type': 'schur',
 'pc_type': 'fieldsplit',
 'petscpartitioner_parmetis_debug': 'true',
 'petscpartitioner_type': 'parmetis',
 'snes_atol': 1e-10,
 'snes_convergence_test': 'skip',
 'snes_lag_jacobian': -2,
 'snes_lag_preconditioner': -2,
 'snes_max_it': 1,
 'snes_rtol': 1e-10,
 'snes_stol': 1e-10,
 'snes_type': 'ksponly'}
Warm-up run complete.
Warm run complete.
order= 3 nref= 3 baseN(quad=False)=6 | ndofs= 2729978 | rel_resid[30]=7.31e-12 | overall_time(s)=2.695e+02 warm_time(s)=1.181e+02
Scott Vogelius Problem has been set up
Setting up the solver..
{'fieldsplit_0': {'ksp_convergence_test': 'skip',
                  'ksp_max_it': 1,
                  'ksp_norm_type': 'unpreconditioned',
                  'ksp_richardson_self_scale': False,
                  'ksp_type': 'richardson',
                  'pc_python_type': 'phmg.Direct_Coarsening_Pk',
                  'pc_type': 'python',
                  'pmg_mg_coarse': {'degree': 2,
                                    'mg_coarse_assembled': {'mat_type': 'aij',
                                                            'pc_factor_mat_solver_type': 'mumps',
                                                            'pc_type': 'lu'},
                                    'mg_coarse_pc_python_type': 'firedrake.AssembledPC',
                                    'mg_coarse_pc_type': 'python',
                                    'mg_levels': {'ksp_chebyshev_esteig': '0,0.25,0,1.1',
                                                  'ksp_convergence_test': 'skip',
                                                  'ksp_max_it': '3',
                                                  'ksp_norm_type': 'unpreconditioned',
                                                  'ksp_type': 'chebyshev',
                                                  'pc_python_type': 'firedrake.ASMStarPC',
                                                  'pc_star': {'patch_precompute_element_tensors': True,
                                                              'patch_save_operators': True,
                                                              'patch_statistics': False,
                                                              'patch_sub_mat_type': 'seqaij',
                                                              'patch_symmetrise_sweep': False},
                                                  'pc_star_construct_dim': 0,
                                                  'pc_type': 'python'},
                                    'pc_cycle_type': 'V',
                                    'pc_mg_multiplicative_cycles': 1,
                                    'pc_mg_type': 'multiplicative',
                                    'pc_type': 'mg'},
                  'pmg_mg_levels': {'ksp_chebyshev_esteig': '0,0.25,0,1.1',
                                    'ksp_convergence_test': 'skip',
                                    'ksp_max_it': '2',
                                    'ksp_norm_type': 'unpreconditioned',
                                    'ksp_type': 'chebyshev',
                                    'pc_python_type': 'firedrake.ASMStarPC',
                                    'pc_star': {'patch_precompute_element_tensors': True,
                                                'patch_save_operators': True,
                                                'patch_statistics': False,
                                                'patch_sub_mat_type': 'seqaij',
                                                'patch_symmetrise_sweep': False},
                                    'pc_star_construct_dim': 0,
                                    'pc_type': 'python'}},
 'fieldsplit_1': {'ksp_type': 'preonly',
                  'pc_python_type': 'alfi.solver.DGMassInv',
                  'pc_type': 'python'},
 'ksp_atol': 1e-15,
 'ksp_error_if_not_converged': False,
 'ksp_max_it': 80,
 'ksp_rtol': 1e-11,
 'ksp_type': 'fgmres',
 'mat_type': 'nest',
 'pc_fieldsplit_schur_factorization_type': 'full',
 'pc_fieldsplit_schur_precondition': 'user',
 'pc_fieldsplit_type': 'schur',
 'pc_type': 'fieldsplit',
 'petscpartitioner_parmetis_debug': 'true',
 'petscpartitioner_type': 'parmetis',
 'snes_atol': 1e-10,
 'snes_convergence_test': 'skip',
 'snes_lag_jacobian': -2,
 'snes_lag_preconditioner': -2,
 'snes_max_it': 1,
 'snes_rtol': 1e-10,
 'snes_stol': 1e-10,
 'snes_type': 'ksponly'}
Warm-up run complete.
Warm run complete.
order= 4 nref= 1 baseN(quad=False)=6 | ndofs=  296338 | rel_resid[29]=6.64e-12 | overall_time(s)=1.767e+01 warm_time(s)=7.367e+00
Scott Vogelius Problem has been set up
Setting up the solver..
{'fieldsplit_0': {'ksp_convergence_test': 'skip',
                  'ksp_max_it': 1,
                  'ksp_norm_type': 'unpreconditioned',
                  'ksp_richardson_self_scale': False,
                  'ksp_type': 'richardson',
                  'pc_python_type': 'phmg.Direct_Coarsening_Pk',
                  'pc_type': 'python',
                  'pmg_mg_coarse': {'degree': 2,
                                    'mg_coarse_assembled': {'mat_type': 'aij',
                                                            'pc_factor_mat_solver_type': 'mumps',
                                                            'pc_type': 'lu'},
                                    'mg_coarse_pc_python_type': 'firedrake.AssembledPC',
                                    'mg_coarse_pc_type': 'python',
                                    'mg_levels': {'ksp_chebyshev_esteig': '0,0.25,0,1.1',
                                                  'ksp_convergence_test': 'skip',
                                                  'ksp_max_it': '3',
                                                  'ksp_norm_type': 'unpreconditioned',
                                                  'ksp_type': 'chebyshev',
                                                  'pc_python_type': 'firedrake.ASMStarPC',
                                                  'pc_star': {'patch_precompute_element_tensors': True,
                                                              'patch_save_operators': True,
                                                              'patch_statistics': False,
                                                              'patch_sub_mat_type': 'seqaij',
                                                              'patch_symmetrise_sweep': False},
                                                  'pc_star_construct_dim': 0,
                                                  'pc_type': 'python'},
                                    'pc_cycle_type': 'V',
                                    'pc_mg_multiplicative_cycles': 1,
                                    'pc_mg_type': 'multiplicative',
                                    'pc_type': 'mg'},
                  'pmg_mg_levels': {'ksp_chebyshev_esteig': '0,0.25,0,1.1',
                                    'ksp_convergence_test': 'skip',
                                    'ksp_max_it': '2',
                                    'ksp_norm_type': 'unpreconditioned',
                                    'ksp_type': 'chebyshev',
                                    'pc_python_type': 'firedrake.ASMStarPC',
                                    'pc_star': {'patch_precompute_element_tensors': True,
                                                'patch_save_operators': True,
                                                'patch_statistics': False,
                                                'patch_sub_mat_type': 'seqaij',
                                                'patch_symmetrise_sweep': False},
                                    'pc_star_construct_dim': 0,
                                    'pc_type': 'python'}},
 'fieldsplit_1': {'ksp_type': 'preonly',
                  'pc_python_type': 'alfi.solver.DGMassInv',
                  'pc_type': 'python'},
 'ksp_atol': 1e-15,
 'ksp_error_if_not_converged': False,
 'ksp_max_it': 80,
 'ksp_rtol': 1e-11,
 'ksp_type': 'fgmres',
 'mat_type': 'nest',
 'pc_fieldsplit_schur_factorization_type': 'full',
 'pc_fieldsplit_schur_precondition': 'user',
 'pc_fieldsplit_type': 'schur',
 'pc_type': 'fieldsplit',
 'petscpartitioner_parmetis_debug': 'true',
 'petscpartitioner_type': 'parmetis',
 'snes_atol': 1e-10,
 'snes_convergence_test': 'skip',
 'snes_lag_jacobian': -2,
 'snes_lag_preconditioner': -2,
 'snes_max_it': 1,
 'snes_rtol': 1e-10,
 'snes_stol': 1e-10,
 'snes_type': 'ksponly'}
Warm-up run complete.
Warm run complete.
order= 4 nref= 2 baseN(quad=False)=6 | ndofs= 1183602 | rel_resid[29]=5.72e-12 | overall_time(s)=7.236e+01 warm_time(s)=3.184e+01
Scott Vogelius Problem has been set up
Setting up the solver..
{'fieldsplit_0': {'ksp_convergence_test': 'skip',
                  'ksp_max_it': 1,
                  'ksp_norm_type': 'unpreconditioned',
                  'ksp_richardson_self_scale': False,
                  'ksp_type': 'richardson',
                  'pc_python_type': 'phmg.Direct_Coarsening_Pk',
                  'pc_type': 'python',
                  'pmg_mg_coarse': {'degree': 2,
                                    'mg_coarse_assembled': {'mat_type': 'aij',
                                                            'pc_factor_mat_solver_type': 'mumps',
                                                            'pc_type': 'lu'},
                                    'mg_coarse_pc_python_type': 'firedrake.AssembledPC',
                                    'mg_coarse_pc_type': 'python',
                                    'mg_levels': {'ksp_chebyshev_esteig': '0,0.25,0,1.1',
                                                  'ksp_convergence_test': 'skip',
                                                  'ksp_max_it': '3',
                                                  'ksp_norm_type': 'unpreconditioned',
                                                  'ksp_type': 'chebyshev',
                                                  'pc_python_type': 'firedrake.ASMStarPC',
                                                  'pc_star': {'patch_precompute_element_tensors': True,
                                                              'patch_save_operators': True,
                                                              'patch_statistics': False,
                                                              'patch_sub_mat_type': 'seqaij',
                                                              'patch_symmetrise_sweep': False},
                                                  'pc_star_construct_dim': 0,
                                                  'pc_type': 'python'},
                                    'pc_cycle_type': 'V',
                                    'pc_mg_multiplicative_cycles': 1,
                                    'pc_mg_type': 'multiplicative',
                                    'pc_type': 'mg'},
                  'pmg_mg_levels': {'ksp_chebyshev_esteig': '0,0.25,0,1.1',
                                    'ksp_convergence_test': 'skip',
                                    'ksp_max_it': '2',
                                    'ksp_norm_type': 'unpreconditioned',
                                    'ksp_type': 'chebyshev',
                                    'pc_python_type': 'firedrake.ASMStarPC',
                                    'pc_star': {'patch_precompute_element_tensors': True,
                                                'patch_save_operators': True,
                                                'patch_statistics': False,
                                                'patch_sub_mat_type': 'seqaij',
                                                'patch_symmetrise_sweep': False},
                                    'pc_star_construct_dim': 0,
                                    'pc_type': 'python'}},
 'fieldsplit_1': {'ksp_type': 'preonly',
                  'pc_python_type': 'alfi.solver.DGMassInv',
                  'pc_type': 'python'},
 'ksp_atol': 1e-15,
 'ksp_error_if_not_converged': False,
 'ksp_max_it': 80,
 'ksp_rtol': 1e-11,
 'ksp_type': 'fgmres',
 'mat_type': 'nest',
 'pc_fieldsplit_schur_factorization_type': 'full',
 'pc_fieldsplit_schur_precondition': 'user',
 'pc_fieldsplit_type': 'schur',
 'pc_type': 'fieldsplit',
 'petscpartitioner_parmetis_debug': 'true',
 'petscpartitioner_type': 'parmetis',
 'snes_atol': 1e-10,
 'snes_convergence_test': 'skip',
 'snes_lag_jacobian': -2,
 'snes_lag_preconditioner': -2,
 'snes_max_it': 1,
 'snes_rtol': 1e-10,
 'snes_stol': 1e-10,
 'snes_type': 'ksponly'}
Warm-up run complete.
Warm run complete.
order= 4 nref= 3 baseN(quad=False)=6 | ndofs= 4730914 | rel_resid[28]=7.50e-12 | overall_time(s)=2.940e+02 warm_time(s)=1.251e+02
Scott Vogelius Problem has been set up
Setting up the solver..
{'fieldsplit_0': {'ksp_convergence_test': 'skip',
                  'ksp_max_it': 1,
                  'ksp_norm_type': 'unpreconditioned',
                  'ksp_richardson_self_scale': False,
                  'ksp_type': 'richardson',
                  'pc_python_type': 'phmg.Direct_Coarsening_Pk',
                  'pc_type': 'python',
                  'pmg_mg_coarse': {'degree': 2,
                                    'mg_coarse_assembled': {'mat_type': 'aij',
                                                            'pc_factor_mat_solver_type': 'mumps',
                                                            'pc_type': 'lu'},
                                    'mg_coarse_pc_python_type': 'firedrake.AssembledPC',
                                    'mg_coarse_pc_type': 'python',
                                    'mg_levels': {'ksp_chebyshev_esteig': '0,0.25,0,1.1',
                                                  'ksp_convergence_test': 'skip',
                                                  'ksp_max_it': '3',
                                                  'ksp_norm_type': 'unpreconditioned',
                                                  'ksp_type': 'chebyshev',
                                                  'pc_python_type': 'firedrake.ASMStarPC',
                                                  'pc_star': {'patch_precompute_element_tensors': True,
                                                              'patch_save_operators': True,
                                                              'patch_statistics': False,
                                                              'patch_sub_mat_type': 'seqaij',
                                                              'patch_symmetrise_sweep': False},
                                                  'pc_star_construct_dim': 0,
                                                  'pc_type': 'python'},
                                    'pc_cycle_type': 'V',
                                    'pc_mg_multiplicative_cycles': 1,
                                    'pc_mg_type': 'multiplicative',
                                    'pc_type': 'mg'},
                  'pmg_mg_levels': {'ksp_chebyshev_esteig': '0,0.25,0,1.1',
                                    'ksp_convergence_test': 'skip',
                                    'ksp_max_it': '2',
                                    'ksp_norm_type': 'unpreconditioned',
                                    'ksp_type': 'chebyshev',
                                    'pc_python_type': 'firedrake.ASMStarPC',
                                    'pc_star': {'patch_precompute_element_tensors': True,
                                                'patch_save_operators': True,
                                                'patch_statistics': False,
                                                'patch_sub_mat_type': 'seqaij',
                                                'patch_symmetrise_sweep': False},
                                    'pc_star_construct_dim': 0,
                                    'pc_type': 'python'}},
 'fieldsplit_1': {'ksp_type': 'preonly',
                  'pc_python_type': 'alfi.solver.DGMassInv',
                  'pc_type': 'python'},
 'ksp_atol': 1e-15,
 'ksp_error_if_not_converged': False,
 'ksp_max_it': 80,
 'ksp_rtol': 1e-11,
 'ksp_type': 'fgmres',
 'mat_type': 'nest',
 'pc_fieldsplit_schur_factorization_type': 'full',
 'pc_fieldsplit_schur_precondition': 'user',
 'pc_fieldsplit_type': 'schur',
 'pc_type': 'fieldsplit',
 'petscpartitioner_parmetis_debug': 'true',
 'petscpartitioner_type': 'parmetis',
 'snes_atol': 1e-10,
 'snes_convergence_test': 'skip',
 'snes_lag_jacobian': -2,
 'snes_lag_preconditioner': -2,
 'snes_max_it': 1,
 'snes_rtol': 1e-10,
 'snes_stol': 1e-10,
 'snes_type': 'ksponly'}
Warm-up run complete.
Warm run complete.
order= 5 nref= 1 baseN(quad=False)=5 | ndofs=  244642 | rel_resid[29]=5.42e-12 | overall_time(s)=1.258e+01 warm_time(s)=4.964e+00
Scott Vogelius Problem has been set up
Setting up the solver..
{'fieldsplit_0': {'ksp_convergence_test': 'skip',
                  'ksp_max_it': 1,
                  'ksp_norm_type': 'unpreconditioned',
                  'ksp_richardson_self_scale': False,
                  'ksp_type': 'richardson',
                  'pc_python_type': 'phmg.Direct_Coarsening_Pk',
                  'pc_type': 'python',
                  'pmg_mg_coarse': {'degree': 2,
                                    'mg_coarse_assembled': {'mat_type': 'aij',
                                                            'pc_factor_mat_solver_type': 'mumps',
                                                            'pc_type': 'lu'},
                                    'mg_coarse_pc_python_type': 'firedrake.AssembledPC',
                                    'mg_coarse_pc_type': 'python',
                                    'mg_levels': {'ksp_chebyshev_esteig': '0,0.25,0,1.1',
                                                  'ksp_convergence_test': 'skip',
                                                  'ksp_max_it': '3',
                                                  'ksp_norm_type': 'unpreconditioned',
                                                  'ksp_type': 'chebyshev',
                                                  'pc_python_type': 'firedrake.ASMStarPC',
                                                  'pc_star': {'patch_precompute_element_tensors': True,
                                                              'patch_save_operators': True,
                                                              'patch_statistics': False,
                                                              'patch_sub_mat_type': 'seqaij',
                                                              'patch_symmetrise_sweep': False},
                                                  'pc_star_construct_dim': 0,
                                                  'pc_type': 'python'},
                                    'pc_cycle_type': 'V',
                                    'pc_mg_multiplicative_cycles': 1,
                                    'pc_mg_type': 'multiplicative',
                                    'pc_type': 'mg'},
                  'pmg_mg_levels': {'ksp_chebyshev_esteig': '0,0.25,0,1.1',
                                    'ksp_convergence_test': 'skip',
                                    'ksp_max_it': '2',
                                    'ksp_norm_type': 'unpreconditioned',
                                    'ksp_type': 'chebyshev',
                                    'pc_python_type': 'firedrake.ASMStarPC',
                                    'pc_star': {'patch_precompute_element_tensors': True,
                                                'patch_save_operators': True,
                                                'patch_statistics': False,
                                                'patch_sub_mat_type': 'seqaij',
                                                'patch_symmetrise_sweep': False},
                                    'pc_star_construct_dim': 0,
                                    'pc_type': 'python'}},
 'fieldsplit_1': {'ksp_type': 'preonly',
                  'pc_python_type': 'alfi.solver.DGMassInv',
                  'pc_type': 'python'},
 'ksp_atol': 1e-15,
 'ksp_error_if_not_converged': False,
 'ksp_max_it': 80,
 'ksp_rtol': 1e-11,
 'ksp_type': 'fgmres',
 'mat_type': 'nest',
 'pc_fieldsplit_schur_factorization_type': 'full',
 'pc_fieldsplit_schur_precondition': 'user',
 'pc_fieldsplit_type': 'schur',
 'pc_type': 'fieldsplit',
 'petscpartitioner_parmetis_debug': 'true',
 'petscpartitioner_type': 'parmetis',
 'snes_atol': 1e-10,
 'snes_convergence_test': 'skip',
 'snes_lag_jacobian': -2,
 'snes_lag_preconditioner': -2,
 'snes_max_it': 1,
 'snes_rtol': 1e-10,
 'snes_stol': 1e-10,
 'snes_type': 'ksponly'}
Warm-up run complete.
Warm run complete.
order= 5 nref= 2 baseN(quad=False)=5 | ndofs=  976962 | rel_resid[28]=8.40e-12 | overall_time(s)=4.640e+01 warm_time(s)=2.022e+01
Scott Vogelius Problem has been set up
Setting up the solver..
{'fieldsplit_0': {'ksp_convergence_test': 'skip',
                  'ksp_max_it': 1,
                  'ksp_norm_type': 'unpreconditioned',
                  'ksp_richardson_self_scale': False,
                  'ksp_type': 'richardson',
                  'pc_python_type': 'phmg.Direct_Coarsening_Pk',
                  'pc_type': 'python',
                  'pmg_mg_coarse': {'degree': 2,
                                    'mg_coarse_assembled': {'mat_type': 'aij',
                                                            'pc_factor_mat_solver_type': 'mumps',
                                                            'pc_type': 'lu'},
                                    'mg_coarse_pc_python_type': 'firedrake.AssembledPC',
                                    'mg_coarse_pc_type': 'python',
                                    'mg_levels': {'ksp_chebyshev_esteig': '0,0.25,0,1.1',
                                                  'ksp_convergence_test': 'skip',
                                                  'ksp_max_it': '3',
                                                  'ksp_norm_type': 'unpreconditioned',
                                                  'ksp_type': 'chebyshev',
                                                  'pc_python_type': 'firedrake.ASMStarPC',
                                                  'pc_star': {'patch_precompute_element_tensors': True,
                                                              'patch_save_operators': True,
                                                              'patch_statistics': False,
                                                              'patch_sub_mat_type': 'seqaij',
                                                              'patch_symmetrise_sweep': False},
                                                  'pc_star_construct_dim': 0,
                                                  'pc_type': 'python'},
                                    'pc_cycle_type': 'V',
                                    'pc_mg_multiplicative_cycles': 1,
                                    'pc_mg_type': 'multiplicative',
                                    'pc_type': 'mg'},
                  'pmg_mg_levels': {'ksp_chebyshev_esteig': '0,0.25,0,1.1',
                                    'ksp_convergence_test': 'skip',
                                    'ksp_max_it': '2',
                                    'ksp_norm_type': 'unpreconditioned',
                                    'ksp_type': 'chebyshev',
                                    'pc_python_type': 'firedrake.ASMStarPC',
                                    'pc_star': {'patch_precompute_element_tensors': True,
                                                'patch_save_operators': True,
                                                'patch_statistics': False,
                                                'patch_sub_mat_type': 'seqaij',
                                                'patch_symmetrise_sweep': False},
                                    'pc_star_construct_dim': 0,
                                    'pc_type': 'python'}},
 'fieldsplit_1': {'ksp_type': 'preonly',
                  'pc_python_type': 'alfi.solver.DGMassInv',
                  'pc_type': 'python'},
 'ksp_atol': 1e-15,
 'ksp_error_if_not_converged': False,
 'ksp_max_it': 80,
 'ksp_rtol': 1e-11,
 'ksp_type': 'fgmres',
 'mat_type': 'nest',
 'pc_fieldsplit_schur_factorization_type': 'full',
 'pc_fieldsplit_schur_precondition': 'user',
 'pc_fieldsplit_type': 'schur',
 'pc_type': 'fieldsplit',
 'petscpartitioner_parmetis_debug': 'true',
 'petscpartitioner_type': 'parmetis',
 'snes_atol': 1e-10,
 'snes_convergence_test': 'skip',
 'snes_lag_jacobian': -2,
 'snes_lag_preconditioner': -2,
 'snes_max_it': 1,
 'snes_rtol': 1e-10,
 'snes_stol': 1e-10,
 'snes_type': 'ksponly'}
Warm-up run complete.
Warm run complete.
order= 5 nref= 3 baseN(quad=False)=5 | ndofs= 3904642 | rel_resid[28]=6.05e-12 | overall_time(s)=1.863e+02 warm_time(s)=8.016e+01
Scott Vogelius Problem has been set up
Setting up the solver..
{'fieldsplit_0': {'ksp_convergence_test': 'skip',
                  'ksp_max_it': 1,
                  'ksp_norm_type': 'unpreconditioned',
                  'ksp_richardson_self_scale': False,
                  'ksp_type': 'richardson',
                  'pc_python_type': 'phmg.Direct_Coarsening_Pk',
                  'pc_type': 'python',
                  'pmg_mg_coarse': {'degree': 2,
                                    'mg_coarse_assembled': {'mat_type': 'aij',
                                                            'pc_factor_mat_solver_type': 'mumps',
                                                            'pc_type': 'lu'},
                                    'mg_coarse_pc_python_type': 'firedrake.AssembledPC',
                                    'mg_coarse_pc_type': 'python',
                                    'mg_levels': {'ksp_chebyshev_esteig': '0,0.25,0,1.1',
                                                  'ksp_convergence_test': 'skip',
                                                  'ksp_max_it': '3',
                                                  'ksp_norm_type': 'unpreconditioned',
                                                  'ksp_type': 'chebyshev',
                                                  'pc_python_type': 'firedrake.ASMStarPC',
                                                  'pc_star': {'patch_precompute_element_tensors': True,
                                                              'patch_save_operators': True,
                                                              'patch_statistics': False,
                                                              'patch_sub_mat_type': 'seqaij',
                                                              'patch_symmetrise_sweep': False},
                                                  'pc_star_construct_dim': 0,
                                                  'pc_type': 'python'},
                                    'pc_cycle_type': 'V',
                                    'pc_mg_multiplicative_cycles': 1,
                                    'pc_mg_type': 'multiplicative',
                                    'pc_type': 'mg'},
                  'pmg_mg_levels': {'ksp_chebyshev_esteig': '0,0.25,0,1.1',
                                    'ksp_convergence_test': 'skip',
                                    'ksp_max_it': '2',
                                    'ksp_norm_type': 'unpreconditioned',
                                    'ksp_type': 'chebyshev',
                                    'pc_python_type': 'firedrake.ASMStarPC',
                                    'pc_star': {'patch_precompute_element_tensors': True,
                                                'patch_save_operators': True,
                                                'patch_statistics': False,
                                                'patch_sub_mat_type': 'seqaij',
                                                'patch_symmetrise_sweep': False},
                                    'pc_star_construct_dim': 0,
                                    'pc_type': 'python'}},
 'fieldsplit_1': {'ksp_type': 'preonly',
                  'pc_python_type': 'alfi.solver.DGMassInv',
                  'pc_type': 'python'},
 'ksp_atol': 1e-15,
 'ksp_error_if_not_converged': False,
 'ksp_max_it': 80,
 'ksp_rtol': 1e-11,
 'ksp_type': 'fgmres',
 'mat_type': 'nest',
 'pc_fieldsplit_schur_factorization_type': 'full',
 'pc_fieldsplit_schur_precondition': 'user',
 'pc_fieldsplit_type': 'schur',
 'pc_type': 'fieldsplit',
 'petscpartitioner_parmetis_debug': 'true',
 'petscpartitioner_type': 'parmetis',
 'snes_atol': 1e-10,
 'snes_convergence_test': 'skip',
 'snes_lag_jacobian': -2,
 'snes_lag_preconditioner': -2,
 'snes_max_it': 1,
 'snes_rtol': 1e-10,
 'snes_stol': 1e-10,
 'snes_type': 'ksponly'}
Warm-up run complete.
Warm run complete.
order= 6 nref= 1 baseN(quad=False)=4 | ndofs=  190850 | rel_resid[29]=5.47e-12 | overall_time(s)=9.259e+00 warm_time(s)=3.596e+00
Scott Vogelius Problem has been set up
Setting up the solver..
{'fieldsplit_0': {'ksp_convergence_test': 'skip',
                  'ksp_max_it': 1,
                  'ksp_norm_type': 'unpreconditioned',
                  'ksp_richardson_self_scale': False,
                  'ksp_type': 'richardson',
                  'pc_python_type': 'phmg.Direct_Coarsening_Pk',
                  'pc_type': 'python',
                  'pmg_mg_coarse': {'degree': 2,
                                    'mg_coarse_assembled': {'mat_type': 'aij',
                                                            'pc_factor_mat_solver_type': 'mumps',
                                                            'pc_type': 'lu'},
                                    'mg_coarse_pc_python_type': 'firedrake.AssembledPC',
                                    'mg_coarse_pc_type': 'python',
                                    'mg_levels': {'ksp_chebyshev_esteig': '0,0.25,0,1.1',
                                                  'ksp_convergence_test': 'skip',
                                                  'ksp_max_it': '3',
                                                  'ksp_norm_type': 'unpreconditioned',
                                                  'ksp_type': 'chebyshev',
                                                  'pc_python_type': 'firedrake.ASMStarPC',
                                                  'pc_star': {'patch_precompute_element_tensors': True,
                                                              'patch_save_operators': True,
                                                              'patch_statistics': False,
                                                              'patch_sub_mat_type': 'seqaij',
                                                              'patch_symmetrise_sweep': False},
                                                  'pc_star_construct_dim': 0,
                                                  'pc_type': 'python'},
                                    'pc_cycle_type': 'V',
                                    'pc_mg_multiplicative_cycles': 1,
                                    'pc_mg_type': 'multiplicative',
                                    'pc_type': 'mg'},
                  'pmg_mg_levels': {'ksp_chebyshev_esteig': '0,0.25,0,1.1',
                                    'ksp_convergence_test': 'skip',
                                    'ksp_max_it': '2',
                                    'ksp_norm_type': 'unpreconditioned',
                                    'ksp_type': 'chebyshev',
                                    'pc_python_type': 'firedrake.ASMStarPC',
                                    'pc_star': {'patch_precompute_element_tensors': True,
                                                'patch_save_operators': True,
                                                'patch_statistics': False,
                                                'patch_sub_mat_type': 'seqaij',
                                                'patch_symmetrise_sweep': False},
                                    'pc_star_construct_dim': 0,
                                    'pc_type': 'python'}},
 'fieldsplit_1': {'ksp_type': 'preonly',
                  'pc_python_type': 'alfi.solver.DGMassInv',
                  'pc_type': 'python'},
 'ksp_atol': 1e-15,
 'ksp_error_if_not_converged': False,
 'ksp_max_it': 80,
 'ksp_rtol': 1e-11,
 'ksp_type': 'fgmres',
 'mat_type': 'nest',
 'pc_fieldsplit_schur_factorization_type': 'full',
 'pc_fieldsplit_schur_precondition': 'user',
 'pc_fieldsplit_type': 'schur',
 'pc_type': 'fieldsplit',
 'petscpartitioner_parmetis_debug': 'true',
 'petscpartitioner_type': 'parmetis',
 'snes_atol': 1e-10,
 'snes_convergence_test': 'skip',
 'snes_lag_jacobian': -2,
 'snes_lag_preconditioner': -2,
 'snes_max_it': 1,
 'snes_rtol': 1e-10,
 'snes_stol': 1e-10,
 'snes_type': 'ksponly'}
Warm-up run complete.
Warm run complete.
order= 6 nref= 2 baseN(quad=False)=4 | ndofs=  762002 | rel_resid[29]=4.68e-12 | overall_time(s)=3.365e+01 warm_time(s)=1.462e+01
Scott Vogelius Problem has been set up
Setting up the solver..
{'fieldsplit_0': {'ksp_convergence_test': 'skip',
                  'ksp_max_it': 1,
                  'ksp_norm_type': 'unpreconditioned',
                  'ksp_richardson_self_scale': False,
                  'ksp_type': 'richardson',
                  'pc_python_type': 'phmg.Direct_Coarsening_Pk',
                  'pc_type': 'python',
                  'pmg_mg_coarse': {'degree': 2,
                                    'mg_coarse_assembled': {'mat_type': 'aij',
                                                            'pc_factor_mat_solver_type': 'mumps',
                                                            'pc_type': 'lu'},
                                    'mg_coarse_pc_python_type': 'firedrake.AssembledPC',
                                    'mg_coarse_pc_type': 'python',
                                    'mg_levels': {'ksp_chebyshev_esteig': '0,0.25,0,1.1',
                                                  'ksp_convergence_test': 'skip',
                                                  'ksp_max_it': '3',
                                                  'ksp_norm_type': 'unpreconditioned',
                                                  'ksp_type': 'chebyshev',
                                                  'pc_python_type': 'firedrake.ASMStarPC',
                                                  'pc_star': {'patch_precompute_element_tensors': True,
                                                              'patch_save_operators': True,
                                                              'patch_statistics': False,
                                                              'patch_sub_mat_type': 'seqaij',
                                                              'patch_symmetrise_sweep': False},
                                                  'pc_star_construct_dim': 0,
                                                  'pc_type': 'python'},
                                    'pc_cycle_type': 'V',
                                    'pc_mg_multiplicative_cycles': 1,
                                    'pc_mg_type': 'multiplicative',
                                    'pc_type': 'mg'},
                  'pmg_mg_levels': {'ksp_chebyshev_esteig': '0,0.25,0,1.1',
                                    'ksp_convergence_test': 'skip',
                                    'ksp_max_it': '2',
                                    'ksp_norm_type': 'unpreconditioned',
                                    'ksp_type': 'chebyshev',
                                    'pc_python_type': 'firedrake.ASMStarPC',
                                    'pc_star': {'patch_precompute_element_tensors': True,
                                                'patch_save_operators': True,
                                                'patch_statistics': False,
                                                'patch_sub_mat_type': 'seqaij',
                                                'patch_symmetrise_sweep': False},
                                    'pc_star_construct_dim': 0,
                                    'pc_type': 'python'}},
 'fieldsplit_1': {'ksp_type': 'preonly',
                  'pc_python_type': 'alfi.solver.DGMassInv',
                  'pc_type': 'python'},
 'ksp_atol': 1e-15,
 'ksp_error_if_not_converged': False,
 'ksp_max_it': 80,
 'ksp_rtol': 1e-11,
 'ksp_type': 'fgmres',
 'mat_type': 'nest',
 'pc_fieldsplit_schur_factorization_type': 'full',
 'pc_fieldsplit_schur_precondition': 'user',
 'pc_fieldsplit_type': 'schur',
 'pc_type': 'fieldsplit',
 'petscpartitioner_parmetis_debug': 'true',
 'petscpartitioner_type': 'parmetis',
 'snes_atol': 1e-10,
 'snes_convergence_test': 'skip',
 'snes_lag_jacobian': -2,
 'snes_lag_preconditioner': -2,
 'snes_max_it': 1,
 'snes_rtol': 1e-10,
 'snes_stol': 1e-10,
 'snes_type': 'ksponly'}
Warm-up run complete.
Warm run complete.
order= 6 nref= 3 baseN(quad=False)=4 | ndofs= 3045218 | rel_resid[29]=3.66e-12 | overall_time(s)=1.813e+02 warm_time(s)=5.535e+01
Scott Vogelius Problem has been set up
Setting up the solver..
{'fieldsplit_0': {'ksp_convergence_test': 'skip',
                  'ksp_max_it': 1,
                  'ksp_norm_type': 'unpreconditioned',
                  'ksp_richardson_self_scale': False,
                  'ksp_type': 'richardson',
                  'pc_python_type': 'phmg.Direct_Coarsening_Pk',
                  'pc_type': 'python',
                  'pmg_mg_coarse': {'degree': 2,
                                    'mg_coarse_assembled': {'mat_type': 'aij',
                                                            'pc_factor_mat_solver_type': 'mumps',
                                                            'pc_type': 'lu'},
                                    'mg_coarse_pc_python_type': 'firedrake.AssembledPC',
                                    'mg_coarse_pc_type': 'python',
                                    'mg_levels': {'ksp_chebyshev_esteig': '0,0.25,0,1.1',
                                                  'ksp_convergence_test': 'skip',
                                                  'ksp_max_it': '3',
                                                  'ksp_norm_type': 'unpreconditioned',
                                                  'ksp_type': 'chebyshev',
                                                  'pc_python_type': 'firedrake.ASMStarPC',
                                                  'pc_star': {'patch_precompute_element_tensors': True,
                                                              'patch_save_operators': True,
                                                              'patch_statistics': False,
                                                              'patch_sub_mat_type': 'seqaij',
                                                              'patch_symmetrise_sweep': False},
                                                  'pc_star_construct_dim': 0,
                                                  'pc_type': 'python'},
                                    'pc_cycle_type': 'V',
                                    'pc_mg_multiplicative_cycles': 1,
                                    'pc_mg_type': 'multiplicative',
                                    'pc_type': 'mg'},
                  'pmg_mg_levels': {'ksp_chebyshev_esteig': '0,0.25,0,1.1',
                                    'ksp_convergence_test': 'skip',
                                    'ksp_max_it': '2',
                                    'ksp_norm_type': 'unpreconditioned',
                                    'ksp_type': 'chebyshev',
                                    'pc_python_type': 'firedrake.ASMStarPC',
                                    'pc_star': {'patch_precompute_element_tensors': True,
                                                'patch_save_operators': True,
                                                'patch_statistics': False,
                                                'patch_sub_mat_type': 'seqaij',
                                                'patch_symmetrise_sweep': False},
                                    'pc_star_construct_dim': 0,
                                    'pc_type': 'python'}},
 'fieldsplit_1': {'ksp_type': 'preonly',
                  'pc_python_type': 'alfi.solver.DGMassInv',
                  'pc_type': 'python'},
 'ksp_atol': 1e-15,
 'ksp_error_if_not_converged': False,
 'ksp_max_it': 80,
 'ksp_rtol': 1e-11,
 'ksp_type': 'fgmres',
 'mat_type': 'nest',
 'pc_fieldsplit_schur_factorization_type': 'full',
 'pc_fieldsplit_schur_precondition': 'user',
 'pc_fieldsplit_type': 'schur',
 'pc_type': 'fieldsplit',
 'petscpartitioner_parmetis_debug': 'true',
 'petscpartitioner_type': 'parmetis',
 'snes_atol': 1e-10,
 'snes_convergence_test': 'skip',
 'snes_lag_jacobian': -2,
 'snes_lag_preconditioner': -2,
 'snes_max_it': 1,
 'snes_rtol': 1e-10,
 'snes_stol': 1e-10,
 'snes_type': 'ksponly'}
Warm-up run complete.
Warm run complete.
order= 7 nref= 1 baseN(quad=False)=4 | ndofs=  257686 | rel_resid[29]=4.61e-12 | overall_time(s)=1.370e+01 warm_time(s)=5.041e+00
Scott Vogelius Problem has been set up
Setting up the solver..
{'fieldsplit_0': {'ksp_convergence_test': 'skip',
                  'ksp_max_it': 1,
                  'ksp_norm_type': 'unpreconditioned',
                  'ksp_richardson_self_scale': False,
                  'ksp_type': 'richardson',
                  'pc_python_type': 'phmg.Direct_Coarsening_Pk',
                  'pc_type': 'python',
                  'pmg_mg_coarse': {'degree': 2,
                                    'mg_coarse_assembled': {'mat_type': 'aij',
                                                            'pc_factor_mat_solver_type': 'mumps',
                                                            'pc_type': 'lu'},
                                    'mg_coarse_pc_python_type': 'firedrake.AssembledPC',
                                    'mg_coarse_pc_type': 'python',
                                    'mg_levels': {'ksp_chebyshev_esteig': '0,0.25,0,1.1',
                                                  'ksp_convergence_test': 'skip',
                                                  'ksp_max_it': '3',
                                                  'ksp_norm_type': 'unpreconditioned',
                                                  'ksp_type': 'chebyshev',
                                                  'pc_python_type': 'firedrake.ASMStarPC',
                                                  'pc_star': {'patch_precompute_element_tensors': True,
                                                              'patch_save_operators': True,
                                                              'patch_statistics': False,
                                                              'patch_sub_mat_type': 'seqaij',
                                                              'patch_symmetrise_sweep': False},
                                                  'pc_star_construct_dim': 0,
                                                  'pc_type': 'python'},
                                    'pc_cycle_type': 'V',
                                    'pc_mg_multiplicative_cycles': 1,
                                    'pc_mg_type': 'multiplicative',
                                    'pc_type': 'mg'},
                  'pmg_mg_levels': {'ksp_chebyshev_esteig': '0,0.25,0,1.1',
                                    'ksp_convergence_test': 'skip',
                                    'ksp_max_it': '2',
                                    'ksp_norm_type': 'unpreconditioned',
                                    'ksp_type': 'chebyshev',
                                    'pc_python_type': 'firedrake.ASMStarPC',
                                    'pc_star': {'patch_precompute_element_tensors': True,
                                                'patch_save_operators': True,
                                                'patch_statistics': False,
                                                'patch_sub_mat_type': 'seqaij',
                                                'patch_symmetrise_sweep': False},
                                    'pc_star_construct_dim': 0,
                                    'pc_type': 'python'}},
 'fieldsplit_1': {'ksp_type': 'preonly',
                  'pc_python_type': 'alfi.solver.DGMassInv',
                  'pc_type': 'python'},
 'ksp_atol': 1e-15,
 'ksp_error_if_not_converged': False,
 'ksp_max_it': 80,
 'ksp_rtol': 1e-11,
 'ksp_type': 'fgmres',
 'mat_type': 'nest',
 'pc_fieldsplit_schur_factorization_type': 'full',
 'pc_fieldsplit_schur_precondition': 'user',
 'pc_fieldsplit_type': 'schur',
 'pc_type': 'fieldsplit',
 'petscpartitioner_parmetis_debug': 'true',
 'petscpartitioner_type': 'parmetis',
 'snes_atol': 1e-10,
 'snes_convergence_test': 'skip',
 'snes_lag_jacobian': -2,
 'snes_lag_preconditioner': -2,
 'snes_max_it': 1,
 'snes_rtol': 1e-10,
 'snes_stol': 1e-10,
 'snes_type': 'ksponly'}
Warm-up run complete.
Warm run complete.
order= 7 nref= 2 baseN(quad=False)=4 | ndofs= 1029114 | rel_resid[29]=3.52e-12 | overall_time(s)=4.606e+01 warm_time(s)=1.970e+01
Scott Vogelius Problem has been set up
Setting up the solver..
{'fieldsplit_0': {'ksp_convergence_test': 'skip',
                  'ksp_max_it': 1,
                  'ksp_norm_type': 'unpreconditioned',
                  'ksp_richardson_self_scale': False,
                  'ksp_type': 'richardson',
                  'pc_python_type': 'phmg.Direct_Coarsening_Pk',
                  'pc_type': 'python',
                  'pmg_mg_coarse': {'degree': 2,
                                    'mg_coarse_assembled': {'mat_type': 'aij',
                                                            'pc_factor_mat_solver_type': 'mumps',
                                                            'pc_type': 'lu'},
                                    'mg_coarse_pc_python_type': 'firedrake.AssembledPC',
                                    'mg_coarse_pc_type': 'python',
                                    'mg_levels': {'ksp_chebyshev_esteig': '0,0.25,0,1.1',
                                                  'ksp_convergence_test': 'skip',
                                                  'ksp_max_it': '3',
                                                  'ksp_norm_type': 'unpreconditioned',
                                                  'ksp_type': 'chebyshev',
                                                  'pc_python_type': 'firedrake.ASMStarPC',
                                                  'pc_star': {'patch_precompute_element_tensors': True,
                                                              'patch_save_operators': True,
                                                              'patch_statistics': False,
                                                              'patch_sub_mat_type': 'seqaij',
                                                              'patch_symmetrise_sweep': False},
                                                  'pc_star_construct_dim': 0,
                                                  'pc_type': 'python'},
                                    'pc_cycle_type': 'V',
                                    'pc_mg_multiplicative_cycles': 1,
                                    'pc_mg_type': 'multiplicative',
                                    'pc_type': 'mg'},
                  'pmg_mg_levels': {'ksp_chebyshev_esteig': '0,0.25,0,1.1',
                                    'ksp_convergence_test': 'skip',
                                    'ksp_max_it': '2',
                                    'ksp_norm_type': 'unpreconditioned',
                                    'ksp_type': 'chebyshev',
                                    'pc_python_type': 'firedrake.ASMStarPC',
                                    'pc_star': {'patch_precompute_element_tensors': True,
                                                'patch_save_operators': True,
                                                'patch_statistics': False,
                                                'patch_sub_mat_type': 'seqaij',
                                                'patch_symmetrise_sweep': False},
                                    'pc_star_construct_dim': 0,
                                    'pc_type': 'python'}},
 'fieldsplit_1': {'ksp_type': 'preonly',
                  'pc_python_type': 'alfi.solver.DGMassInv',
                  'pc_type': 'python'},
 'ksp_atol': 1e-15,
 'ksp_error_if_not_converged': False,
 'ksp_max_it': 80,
 'ksp_rtol': 1e-11,
 'ksp_type': 'fgmres',
 'mat_type': 'nest',
 'pc_fieldsplit_schur_factorization_type': 'full',
 'pc_fieldsplit_schur_precondition': 'user',
 'pc_fieldsplit_type': 'schur',
 'pc_type': 'fieldsplit',
 'petscpartitioner_parmetis_debug': 'true',
 'petscpartitioner_type': 'parmetis',
 'snes_atol': 1e-10,
 'snes_convergence_test': 'skip',
 'snes_lag_jacobian': -2,
 'snes_lag_preconditioner': -2,
 'snes_max_it': 1,
 'snes_rtol': 1e-10,
 'snes_stol': 1e-10,
 'snes_type': 'ksponly'}
Warm-up run complete.
Warm run complete.
order= 7 nref= 3 baseN(quad=False)=4 | ndofs= 4113202 | rel_resid[28]=9.53e-12 | overall_time(s)=2.334e+02 warm_time(s)=7.242e+01
Scott Vogelius Problem has been set up
Setting up the solver..
{'fieldsplit_0': {'ksp_convergence_test': 'skip',
                  'ksp_max_it': 1,
                  'ksp_norm_type': 'unpreconditioned',
                  'ksp_richardson_self_scale': False,
                  'ksp_type': 'richardson',
                  'pc_python_type': 'phmg.Direct_Coarsening_Pk',
                  'pc_type': 'python',
                  'pmg_mg_coarse': {'degree': 2,
                                    'mg_coarse_assembled': {'mat_type': 'aij',
                                                            'pc_factor_mat_solver_type': 'mumps',
                                                            'pc_type': 'lu'},
                                    'mg_coarse_pc_python_type': 'firedrake.AssembledPC',
                                    'mg_coarse_pc_type': 'python',
                                    'mg_levels': {'ksp_chebyshev_esteig': '0,0.25,0,1.1',
                                                  'ksp_convergence_test': 'skip',
                                                  'ksp_max_it': '3',
                                                  'ksp_norm_type': 'unpreconditioned',
                                                  'ksp_type': 'chebyshev',
                                                  'pc_python_type': 'firedrake.ASMStarPC',
                                                  'pc_star': {'patch_precompute_element_tensors': True,
                                                              'patch_save_operators': True,
                                                              'patch_statistics': False,
                                                              'patch_sub_mat_type': 'seqaij',
                                                              'patch_symmetrise_sweep': False},
                                                  'pc_star_construct_dim': 0,
                                                  'pc_type': 'python'},
                                    'pc_cycle_type': 'V',
                                    'pc_mg_multiplicative_cycles': 1,
                                    'pc_mg_type': 'multiplicative',
                                    'pc_type': 'mg'},
                  'pmg_mg_levels': {'ksp_chebyshev_esteig': '0,0.25,0,1.1',
                                    'ksp_convergence_test': 'skip',
                                    'ksp_max_it': '2',
                                    'ksp_norm_type': 'unpreconditioned',
                                    'ksp_type': 'chebyshev',
                                    'pc_python_type': 'firedrake.ASMStarPC',
                                    'pc_star': {'patch_precompute_element_tensors': True,
                                                'patch_save_operators': True,
                                                'patch_statistics': False,
                                                'patch_sub_mat_type': 'seqaij',
                                                'patch_symmetrise_sweep': False},
                                    'pc_star_construct_dim': 0,
                                    'pc_type': 'python'}},
 'fieldsplit_1': {'ksp_type': 'preonly',
                  'pc_python_type': 'alfi.solver.DGMassInv',
                  'pc_type': 'python'},
 'ksp_atol': 1e-15,
 'ksp_error_if_not_converged': False,
 'ksp_max_it': 80,
 'ksp_rtol': 1e-11,
 'ksp_type': 'fgmres',
 'mat_type': 'nest',
 'pc_fieldsplit_schur_factorization_type': 'full',
 'pc_fieldsplit_schur_precondition': 'user',
 'pc_fieldsplit_type': 'schur',
 'pc_type': 'fieldsplit',
 'petscpartitioner_parmetis_debug': 'true',
 'petscpartitioner_type': 'parmetis',
 'snes_atol': 1e-10,
 'snes_convergence_test': 'skip',
 'snes_lag_jacobian': -2,
 'snes_lag_preconditioner': -2,
 'snes_max_it': 1,
 'snes_rtol': 1e-10,
 'snes_stol': 1e-10,
 'snes_type': 'ksponly'}
Warm-up run complete.
Warm run complete.
order= 8 nref= 1 baseN(quad=False)=4 | ndofs=  334530 | rel_resid[28]=9.68e-12 | overall_time(s)=1.749e+01 warm_time(s)=6.738e+00
Scott Vogelius Problem has been set up
Setting up the solver..
{'fieldsplit_0': {'ksp_convergence_test': 'skip',
                  'ksp_max_it': 1,
                  'ksp_norm_type': 'unpreconditioned',
                  'ksp_richardson_self_scale': False,
                  'ksp_type': 'richardson',
                  'pc_python_type': 'phmg.Direct_Coarsening_Pk',
                  'pc_type': 'python',
                  'pmg_mg_coarse': {'degree': 2,
                                    'mg_coarse_assembled': {'mat_type': 'aij',
                                                            'pc_factor_mat_solver_type': 'mumps',
                                                            'pc_type': 'lu'},
                                    'mg_coarse_pc_python_type': 'firedrake.AssembledPC',
                                    'mg_coarse_pc_type': 'python',
                                    'mg_levels': {'ksp_chebyshev_esteig': '0,0.25,0,1.1',
                                                  'ksp_convergence_test': 'skip',
                                                  'ksp_max_it': '3',
                                                  'ksp_norm_type': 'unpreconditioned',
                                                  'ksp_type': 'chebyshev',
                                                  'pc_python_type': 'firedrake.ASMStarPC',
                                                  'pc_star': {'patch_precompute_element_tensors': True,
                                                              'patch_save_operators': True,
                                                              'patch_statistics': False,
                                                              'patch_sub_mat_type': 'seqaij',
                                                              'patch_symmetrise_sweep': False},
                                                  'pc_star_construct_dim': 0,
                                                  'pc_type': 'python'},
                                    'pc_cycle_type': 'V',
                                    'pc_mg_multiplicative_cycles': 1,
                                    'pc_mg_type': 'multiplicative',
                                    'pc_type': 'mg'},
                  'pmg_mg_levels': {'ksp_chebyshev_esteig': '0,0.25,0,1.1',
                                    'ksp_convergence_test': 'skip',
                                    'ksp_max_it': '2',
                                    'ksp_norm_type': 'unpreconditioned',
                                    'ksp_type': 'chebyshev',
                                    'pc_python_type': 'firedrake.ASMStarPC',
                                    'pc_star': {'patch_precompute_element_tensors': True,
                                                'patch_save_operators': True,
                                                'patch_statistics': False,
                                                'patch_sub_mat_type': 'seqaij',
                                                'patch_symmetrise_sweep': False},
                                    'pc_star_construct_dim': 0,
                                    'pc_type': 'python'}},
 'fieldsplit_1': {'ksp_type': 'preonly',
                  'pc_python_type': 'alfi.solver.DGMassInv',
                  'pc_type': 'python'},
 'ksp_atol': 1e-15,
 'ksp_error_if_not_converged': False,
 'ksp_max_it': 80,
 'ksp_rtol': 1e-11,
 'ksp_type': 'fgmres',
 'mat_type': 'nest',
 'pc_fieldsplit_schur_factorization_type': 'full',
 'pc_fieldsplit_schur_precondition': 'user',
 'pc_fieldsplit_type': 'schur',
 'pc_type': 'fieldsplit',
 'petscpartitioner_parmetis_debug': 'true',
 'petscpartitioner_type': 'parmetis',
 'snes_atol': 1e-10,
 'snes_convergence_test': 'skip',
 'snes_lag_jacobian': -2,
 'snes_lag_preconditioner': -2,
 'snes_max_it': 1,
 'snes_rtol': 1e-10,
 'snes_stol': 1e-10,
 'snes_type': 'ksponly'}
Warm-up run complete.
Warm run complete.
order= 8 nref= 2 baseN(quad=False)=4 | ndofs= 1336258 | rel_resid[29]=2.94e-12 | overall_time(s)=6.205e+01 warm_time(s)=2.670e+01
Scott Vogelius Problem has been set up
Setting up the solver..
{'fieldsplit_0': {'ksp_convergence_test': 'skip',
                  'ksp_max_it': 1,
                  'ksp_norm_type': 'unpreconditioned',
                  'ksp_richardson_self_scale': False,
                  'ksp_type': 'richardson',
                  'pc_python_type': 'phmg.Direct_Coarsening_Pk',
                  'pc_type': 'python',
                  'pmg_mg_coarse': {'degree': 2,
                                    'mg_coarse_assembled': {'mat_type': 'aij',
                                                            'pc_factor_mat_solver_type': 'mumps',
                                                            'pc_type': 'lu'},
                                    'mg_coarse_pc_python_type': 'firedrake.AssembledPC',
                                    'mg_coarse_pc_type': 'python',
                                    'mg_levels': {'ksp_chebyshev_esteig': '0,0.25,0,1.1',
                                                  'ksp_convergence_test': 'skip',
                                                  'ksp_max_it': '3',
                                                  'ksp_norm_type': 'unpreconditioned',
                                                  'ksp_type': 'chebyshev',
                                                  'pc_python_type': 'firedrake.ASMStarPC',
                                                  'pc_star': {'patch_precompute_element_tensors': True,
                                                              'patch_save_operators': True,
                                                              'patch_statistics': False,
                                                              'patch_sub_mat_type': 'seqaij',
                                                              'patch_symmetrise_sweep': False},
                                                  'pc_star_construct_dim': 0,
                                                  'pc_type': 'python'},
                                    'pc_cycle_type': 'V',
                                    'pc_mg_multiplicative_cycles': 1,
                                    'pc_mg_type': 'multiplicative',
                                    'pc_type': 'mg'},
                  'pmg_mg_levels': {'ksp_chebyshev_esteig': '0,0.25,0,1.1',
                                    'ksp_convergence_test': 'skip',
                                    'ksp_max_it': '2',
                                    'ksp_norm_type': 'unpreconditioned',
                                    'ksp_type': 'chebyshev',
                                    'pc_python_type': 'firedrake.ASMStarPC',
                                    'pc_star': {'patch_precompute_element_tensors': True,
                                                'patch_save_operators': True,
                                                'patch_statistics': False,
                                                'patch_sub_mat_type': 'seqaij',
                                                'patch_symmetrise_sweep': False},
                                    'pc_star_construct_dim': 0,
                                    'pc_type': 'python'}},
 'fieldsplit_1': {'ksp_type': 'preonly',
                  'pc_python_type': 'alfi.solver.DGMassInv',
                  'pc_type': 'python'},
 'ksp_atol': 1e-15,
 'ksp_error_if_not_converged': False,
 'ksp_max_it': 80,
 'ksp_rtol': 1e-11,
 'ksp_type': 'fgmres',
 'mat_type': 'nest',
 'pc_fieldsplit_schur_factorization_type': 'full',
 'pc_fieldsplit_schur_precondition': 'user',
 'pc_fieldsplit_type': 'schur',
 'pc_type': 'fieldsplit',
 'petscpartitioner_parmetis_debug': 'true',
 'petscpartitioner_type': 'parmetis',
 'snes_atol': 1e-10,
 'snes_convergence_test': 'skip',
 'snes_lag_jacobian': -2,
 'snes_lag_preconditioner': -2,
 'snes_max_it': 1,
 'snes_rtol': 1e-10,
 'snes_stol': 1e-10,
 'snes_type': 'ksponly'}
Warm-up run complete.
Warm run complete.
order= 8 nref= 3 baseN(quad=False)=4 | ndofs= 5341314 | rel_resid[28]=7.64e-12 | overall_time(s)=3.441e+02 warm_time(s)=1.014e+02
Scott Vogelius Problem has been set up
Setting up the solver..
{'fieldsplit_0': {'ksp_convergence_test': 'skip',
                  'ksp_max_it': 1,
                  'ksp_norm_type': 'unpreconditioned',
                  'ksp_richardson_self_scale': False,
                  'ksp_type': 'richardson',
                  'pc_python_type': 'phmg.Direct_Coarsening_Pk',
                  'pc_type': 'python',
                  'pmg_mg_coarse': {'degree': 2,
                                    'mg_coarse_assembled': {'mat_type': 'aij',
                                                            'pc_factor_mat_solver_type': 'mumps',
                                                            'pc_type': 'lu'},
                                    'mg_coarse_pc_python_type': 'firedrake.AssembledPC',
                                    'mg_coarse_pc_type': 'python',
                                    'mg_levels': {'ksp_chebyshev_esteig': '0,0.25,0,1.1',
                                                  'ksp_convergence_test': 'skip',
                                                  'ksp_max_it': '3',
                                                  'ksp_norm_type': 'unpreconditioned',
                                                  'ksp_type': 'chebyshev',
                                                  'pc_python_type': 'firedrake.ASMStarPC',
                                                  'pc_star': {'patch_precompute_element_tensors': True,
                                                              'patch_save_operators': True,
                                                              'patch_statistics': False,
                                                              'patch_sub_mat_type': 'seqaij',
                                                              'patch_symmetrise_sweep': False},
                                                  'pc_star_construct_dim': 0,
                                                  'pc_type': 'python'},
                                    'pc_cycle_type': 'V',
                                    'pc_mg_multiplicative_cycles': 1,
                                    'pc_mg_type': 'multiplicative',
                                    'pc_type': 'mg'},
                  'pmg_mg_levels': {'ksp_chebyshev_esteig': '0,0.25,0,1.1',
                                    'ksp_convergence_test': 'skip',
                                    'ksp_max_it': '2',
                                    'ksp_norm_type': 'unpreconditioned',
                                    'ksp_type': 'chebyshev',
                                    'pc_python_type': 'firedrake.ASMStarPC',
                                    'pc_star': {'patch_precompute_element_tensors': True,
                                                'patch_save_operators': True,
                                                'patch_statistics': False,
                                                'patch_sub_mat_type': 'seqaij',
                                                'patch_symmetrise_sweep': False},
                                    'pc_star_construct_dim': 0,
                                    'pc_type': 'python'}},
 'fieldsplit_1': {'ksp_type': 'preonly',
                  'pc_python_type': 'alfi.solver.DGMassInv',
                  'pc_type': 'python'},
 'ksp_atol': 1e-15,
 'ksp_error_if_not_converged': False,
 'ksp_max_it': 80,
 'ksp_rtol': 1e-11,
 'ksp_type': 'fgmres',
 'mat_type': 'nest',
 'pc_fieldsplit_schur_factorization_type': 'full',
 'pc_fieldsplit_schur_precondition': 'user',
 'pc_fieldsplit_type': 'schur',
 'pc_type': 'fieldsplit',
 'petscpartitioner_parmetis_debug': 'true',
 'petscpartitioner_type': 'parmetis',
 'snes_atol': 1e-10,
 'snes_convergence_test': 'skip',
 'snes_lag_jacobian': -2,
 'snes_lag_preconditioner': -2,
 'snes_max_it': 1,
 'snes_rtol': 1e-10,
 'snes_stol': 1e-10,
 'snes_type': 'ksponly'}
Warm-up run complete.
Warm run complete.
order= 9 nref= 1 baseN(quad=False)=3 | ndofs=  215462 | rel_resid[28]=4.89e-12 | overall_time(s)=1.358e+01 warm_time(s)=5.045e+00
Scott Vogelius Problem has been set up
Setting up the solver..
{'fieldsplit_0': {'ksp_convergence_test': 'skip',
                  'ksp_max_it': 1,
                  'ksp_norm_type': 'unpreconditioned',
                  'ksp_richardson_self_scale': False,
                  'ksp_type': 'richardson',
                  'pc_python_type': 'phmg.Direct_Coarsening_Pk',
                  'pc_type': 'python',
                  'pmg_mg_coarse': {'degree': 2,
                                    'mg_coarse_assembled': {'mat_type': 'aij',
                                                            'pc_factor_mat_solver_type': 'mumps',
                                                            'pc_type': 'lu'},
                                    'mg_coarse_pc_python_type': 'firedrake.AssembledPC',
                                    'mg_coarse_pc_type': 'python',
                                    'mg_levels': {'ksp_chebyshev_esteig': '0,0.25,0,1.1',
                                                  'ksp_convergence_test': 'skip',
                                                  'ksp_max_it': '3',
                                                  'ksp_norm_type': 'unpreconditioned',
                                                  'ksp_type': 'chebyshev',
                                                  'pc_python_type': 'firedrake.ASMStarPC',
                                                  'pc_star': {'patch_precompute_element_tensors': True,
                                                              'patch_save_operators': True,
                                                              'patch_statistics': False,
                                                              'patch_sub_mat_type': 'seqaij',
                                                              'patch_symmetrise_sweep': False},
                                                  'pc_star_construct_dim': 0,
                                                  'pc_type': 'python'},
                                    'pc_cycle_type': 'V',
                                    'pc_mg_multiplicative_cycles': 1,
                                    'pc_mg_type': 'multiplicative',
                                    'pc_type': 'mg'},
                  'pmg_mg_levels': {'ksp_chebyshev_esteig': '0,0.25,0,1.1',
                                    'ksp_convergence_test': 'skip',
                                    'ksp_max_it': '2',
                                    'ksp_norm_type': 'unpreconditioned',
                                    'ksp_type': 'chebyshev',
                                    'pc_python_type': 'firedrake.ASMStarPC',
                                    'pc_star': {'patch_precompute_element_tensors': True,
                                                'patch_save_operators': True,
                                                'patch_statistics': False,
                                                'patch_sub_mat_type': 'seqaij',
                                                'patch_symmetrise_sweep': False},
                                    'pc_star_construct_dim': 0,
                                    'pc_type': 'python'}},
 'fieldsplit_1': {'ksp_type': 'preonly',
                  'pc_python_type': 'alfi.solver.DGMassInv',
                  'pc_type': 'python'},
 'ksp_atol': 1e-15,
 'ksp_error_if_not_converged': False,
 'ksp_max_it': 80,
 'ksp_rtol': 1e-11,
 'ksp_type': 'fgmres',
 'mat_type': 'nest',
 'pc_fieldsplit_schur_factorization_type': 'full',
 'pc_fieldsplit_schur_precondition': 'user',
 'pc_fieldsplit_type': 'schur',
 'pc_type': 'fieldsplit',
 'petscpartitioner_parmetis_debug': 'true',
 'petscpartitioner_type': 'parmetis',
 'snes_atol': 1e-10,
 'snes_convergence_test': 'skip',
 'snes_lag_jacobian': -2,
 'snes_lag_preconditioner': -2,
 'snes_max_it': 1,
 'snes_rtol': 1e-10,
 'snes_stol': 1e-10,
 'snes_type': 'ksponly'}
Warm-up run complete.
Warm run complete.
order= 9 nref= 2 baseN(quad=False)=3 | ndofs=  860330 | rel_resid[28]=4.90e-12 | overall_time(s)=4.503e+01 warm_time(s)=1.904e+01
Scott Vogelius Problem has been set up
Setting up the solver..
{'fieldsplit_0': {'ksp_convergence_test': 'skip',
                  'ksp_max_it': 1,
                  'ksp_norm_type': 'unpreconditioned',
                  'ksp_richardson_self_scale': False,
                  'ksp_type': 'richardson',
                  'pc_python_type': 'phmg.Direct_Coarsening_Pk',
                  'pc_type': 'python',
                  'pmg_mg_coarse': {'degree': 2,
                                    'mg_coarse_assembled': {'mat_type': 'aij',
                                                            'pc_factor_mat_solver_type': 'mumps',
                                                            'pc_type': 'lu'},
                                    'mg_coarse_pc_python_type': 'firedrake.AssembledPC',
                                    'mg_coarse_pc_type': 'python',
                                    'mg_levels': {'ksp_chebyshev_esteig': '0,0.25,0,1.1',
                                                  'ksp_convergence_test': 'skip',
                                                  'ksp_max_it': '3',
                                                  'ksp_norm_type': 'unpreconditioned',
                                                  'ksp_type': 'chebyshev',
                                                  'pc_python_type': 'firedrake.ASMStarPC',
                                                  'pc_star': {'patch_precompute_element_tensors': True,
                                                              'patch_save_operators': True,
                                                              'patch_statistics': False,
                                                              'patch_sub_mat_type': 'seqaij',
                                                              'patch_symmetrise_sweep': False},
                                                  'pc_star_construct_dim': 0,
                                                  'pc_type': 'python'},
                                    'pc_cycle_type': 'V',
                                    'pc_mg_multiplicative_cycles': 1,
                                    'pc_mg_type': 'multiplicative',
                                    'pc_type': 'mg'},
                  'pmg_mg_levels': {'ksp_chebyshev_esteig': '0,0.25,0,1.1',
                                    'ksp_convergence_test': 'skip',
                                    'ksp_max_it': '2',
                                    'ksp_norm_type': 'unpreconditioned',
                                    'ksp_type': 'chebyshev',
                                    'pc_python_type': 'firedrake.ASMStarPC',
                                    'pc_star': {'patch_precompute_element_tensors': True,
                                                'patch_save_operators': True,
                                                'patch_statistics': False,
                                                'patch_sub_mat_type': 'seqaij',
                                                'patch_symmetrise_sweep': False},
                                    'pc_star_construct_dim': 0,
                                    'pc_type': 'python'}},
 'fieldsplit_1': {'ksp_type': 'preonly',
                  'pc_python_type': 'alfi.solver.DGMassInv',
                  'pc_type': 'python'},
 'ksp_atol': 1e-15,
 'ksp_error_if_not_converged': False,
 'ksp_max_it': 80,
 'ksp_rtol': 1e-11,
 'ksp_type': 'fgmres',
 'mat_type': 'nest',
 'pc_fieldsplit_schur_factorization_type': 'full',
 'pc_fieldsplit_schur_precondition': 'user',
 'pc_fieldsplit_type': 'schur',
 'pc_type': 'fieldsplit',
 'petscpartitioner_parmetis_debug': 'true',
 'petscpartitioner_type': 'parmetis',
 'snes_atol': 1e-10,
 'snes_convergence_test': 'skip',
 'snes_lag_jacobian': -2,
 'snes_lag_preconditioner': -2,
 'snes_max_it': 1,
 'snes_rtol': 1e-10,
 'snes_stol': 1e-10,
 'snes_type': 'ksponly'}
Warm-up run complete.
Warm run complete.
order= 9 nref= 3 baseN(quad=False)=3 | ndofs= 3438290 | rel_resid[28]=3.54e-12 | overall_time(s)=2.001e+02 warm_time(s)=7.242e+01
Scott Vogelius Problem has been set up
Setting up the solver..
{'fieldsplit_0': {'ksp_convergence_test': 'skip',
                  'ksp_max_it': 1,
                  'ksp_norm_type': 'unpreconditioned',
                  'ksp_richardson_self_scale': False,
                  'ksp_type': 'richardson',
                  'pc_python_type': 'phmg.Direct_Coarsening_Pk',
                  'pc_type': 'python',
                  'pmg_mg_coarse': {'degree': 2,
                                    'mg_coarse_assembled': {'mat_type': 'aij',
                                                            'pc_factor_mat_solver_type': 'mumps',
                                                            'pc_type': 'lu'},
                                    'mg_coarse_pc_python_type': 'firedrake.AssembledPC',
                                    'mg_coarse_pc_type': 'python',
                                    'mg_levels': {'ksp_chebyshev_esteig': '0,0.25,0,1.1',
                                                  'ksp_convergence_test': 'skip',
                                                  'ksp_max_it': '3',
                                                  'ksp_norm_type': 'unpreconditioned',
                                                  'ksp_type': 'chebyshev',
                                                  'pc_python_type': 'firedrake.ASMStarPC',
                                                  'pc_star': {'patch_precompute_element_tensors': True,
                                                              'patch_save_operators': True,
                                                              'patch_statistics': False,
                                                              'patch_sub_mat_type': 'seqaij',
                                                              'patch_symmetrise_sweep': False},
                                                  'pc_star_construct_dim': 0,
                                                  'pc_type': 'python'},
                                    'pc_cycle_type': 'V',
                                    'pc_mg_multiplicative_cycles': 1,
                                    'pc_mg_type': 'multiplicative',
                                    'pc_type': 'mg'},
                  'pmg_mg_levels': {'ksp_chebyshev_esteig': '0,0.25,0,1.1',
                                    'ksp_convergence_test': 'skip',
                                    'ksp_max_it': '2',
                                    'ksp_norm_type': 'unpreconditioned',
                                    'ksp_type': 'chebyshev',
                                    'pc_python_type': 'firedrake.ASMStarPC',
                                    'pc_star': {'patch_precompute_element_tensors': True,
                                                'patch_save_operators': True,
                                                'patch_statistics': False,
                                                'patch_sub_mat_type': 'seqaij',
                                                'patch_symmetrise_sweep': False},
                                    'pc_star_construct_dim': 0,
                                    'pc_type': 'python'}},
 'fieldsplit_1': {'ksp_type': 'preonly',
                  'pc_python_type': 'alfi.solver.DGMassInv',
                  'pc_type': 'python'},
 'ksp_atol': 1e-15,
 'ksp_error_if_not_converged': False,
 'ksp_max_it': 80,
 'ksp_rtol': 1e-11,
 'ksp_type': 'fgmres',
 'mat_type': 'nest',
 'pc_fieldsplit_schur_factorization_type': 'full',
 'pc_fieldsplit_schur_precondition': 'user',
 'pc_fieldsplit_type': 'schur',
 'pc_type': 'fieldsplit',
 'petscpartitioner_parmetis_debug': 'true',
 'petscpartitioner_type': 'parmetis',
 'snes_atol': 1e-10,
 'snes_convergence_test': 'skip',
 'snes_lag_jacobian': -2,
 'snes_lag_preconditioner': -2,
 'snes_max_it': 1,
 'snes_rtol': 1e-10,
 'snes_stol': 1e-10,
 'snes_type': 'ksponly'}
Warm-up run complete.
Warm run complete.
order=10 nref= 1 baseN(quad=False)=3 | ndofs=  264962 | rel_resid[28]=4.16e-12 | overall_time(s)=1.777e+01 warm_time(s)=6.754e+00
Scott Vogelius Problem has been set up
Setting up the solver..
{'fieldsplit_0': {'ksp_convergence_test': 'skip',
                  'ksp_max_it': 1,
                  'ksp_norm_type': 'unpreconditioned',
                  'ksp_richardson_self_scale': False,
                  'ksp_type': 'richardson',
                  'pc_python_type': 'phmg.Direct_Coarsening_Pk',
                  'pc_type': 'python',
                  'pmg_mg_coarse': {'degree': 2,
                                    'mg_coarse_assembled': {'mat_type': 'aij',
                                                            'pc_factor_mat_solver_type': 'mumps',
                                                            'pc_type': 'lu'},
                                    'mg_coarse_pc_python_type': 'firedrake.AssembledPC',
                                    'mg_coarse_pc_type': 'python',
                                    'mg_levels': {'ksp_chebyshev_esteig': '0,0.25,0,1.1',
                                                  'ksp_convergence_test': 'skip',
                                                  'ksp_max_it': '3',
                                                  'ksp_norm_type': 'unpreconditioned',
                                                  'ksp_type': 'chebyshev',
                                                  'pc_python_type': 'firedrake.ASMStarPC',
                                                  'pc_star': {'patch_precompute_element_tensors': True,
                                                              'patch_save_operators': True,
                                                              'patch_statistics': False,
                                                              'patch_sub_mat_type': 'seqaij',
                                                              'patch_symmetrise_sweep': False},
                                                  'pc_star_construct_dim': 0,
                                                  'pc_type': 'python'},
                                    'pc_cycle_type': 'V',
                                    'pc_mg_multiplicative_cycles': 1,
                                    'pc_mg_type': 'multiplicative',
                                    'pc_type': 'mg'},
                  'pmg_mg_levels': {'ksp_chebyshev_esteig': '0,0.25,0,1.1',
                                    'ksp_convergence_test': 'skip',
                                    'ksp_max_it': '2',
                                    'ksp_norm_type': 'unpreconditioned',
                                    'ksp_type': 'chebyshev',
                                    'pc_python_type': 'firedrake.ASMStarPC',
                                    'pc_star': {'patch_precompute_element_tensors': True,
                                                'patch_save_operators': True,
                                                'patch_statistics': False,
                                                'patch_sub_mat_type': 'seqaij',
                                                'patch_symmetrise_sweep': False},
                                    'pc_star_construct_dim': 0,
                                    'pc_type': 'python'}},
 'fieldsplit_1': {'ksp_type': 'preonly',
                  'pc_python_type': 'alfi.solver.DGMassInv',
                  'pc_type': 'python'},
 'ksp_atol': 1e-15,
 'ksp_error_if_not_converged': False,
 'ksp_max_it': 80,
 'ksp_rtol': 1e-11,
 'ksp_type': 'fgmres',
 'mat_type': 'nest',
 'pc_fieldsplit_schur_factorization_type': 'full',
 'pc_fieldsplit_schur_precondition': 'user',
 'pc_fieldsplit_type': 'schur',
 'pc_type': 'fieldsplit',
 'petscpartitioner_parmetis_debug': 'true',
 'petscpartitioner_type': 'parmetis',
 'snes_atol': 1e-10,
 'snes_convergence_test': 'skip',
 'snes_lag_jacobian': -2,
 'snes_lag_preconditioner': -2,
 'snes_max_it': 1,
 'snes_rtol': 1e-10,
 'snes_stol': 1e-10,
 'snes_type': 'ksponly'}
Warm-up run complete.
Warm run complete.
order=10 nref= 2 baseN(quad=False)=3 | ndofs= 1058162 | rel_resid[28]=3.79e-12 | overall_time(s)=5.988e+01 warm_time(s)=2.508e+01
Scott Vogelius Problem has been set up
Setting up the solver..
{'fieldsplit_0': {'ksp_convergence_test': 'skip',
                  'ksp_max_it': 1,
                  'ksp_norm_type': 'unpreconditioned',
                  'ksp_richardson_self_scale': False,
                  'ksp_type': 'richardson',
                  'pc_python_type': 'phmg.Direct_Coarsening_Pk',
                  'pc_type': 'python',
                  'pmg_mg_coarse': {'degree': 2,
                                    'mg_coarse_assembled': {'mat_type': 'aij',
                                                            'pc_factor_mat_solver_type': 'mumps',
                                                            'pc_type': 'lu'},
                                    'mg_coarse_pc_python_type': 'firedrake.AssembledPC',
                                    'mg_coarse_pc_type': 'python',
                                    'mg_levels': {'ksp_chebyshev_esteig': '0,0.25,0,1.1',
                                                  'ksp_convergence_test': 'skip',
                                                  'ksp_max_it': '3',
                                                  'ksp_norm_type': 'unpreconditioned',
                                                  'ksp_type': 'chebyshev',
                                                  'pc_python_type': 'firedrake.ASMStarPC',
                                                  'pc_star': {'patch_precompute_element_tensors': True,
                                                              'patch_save_operators': True,
                                                              'patch_statistics': False,
                                                              'patch_sub_mat_type': 'seqaij',
                                                              'patch_symmetrise_sweep': False},
                                                  'pc_star_construct_dim': 0,
                                                  'pc_type': 'python'},
                                    'pc_cycle_type': 'V',
                                    'pc_mg_multiplicative_cycles': 1,
                                    'pc_mg_type': 'multiplicative',
                                    'pc_type': 'mg'},
                  'pmg_mg_levels': {'ksp_chebyshev_esteig': '0,0.25,0,1.1',
                                    'ksp_convergence_test': 'skip',
                                    'ksp_max_it': '2',
                                    'ksp_norm_type': 'unpreconditioned',
                                    'ksp_type': 'chebyshev',
                                    'pc_python_type': 'firedrake.ASMStarPC',
                                    'pc_star': {'patch_precompute_element_tensors': True,
                                                'patch_save_operators': True,
                                                'patch_statistics': False,
                                                'patch_sub_mat_type': 'seqaij',
                                                'patch_symmetrise_sweep': False},
                                    'pc_star_construct_dim': 0,
                                    'pc_type': 'python'}},
 'fieldsplit_1': {'ksp_type': 'preonly',
                  'pc_python_type': 'alfi.solver.DGMassInv',
                  'pc_type': 'python'},
 'ksp_atol': 1e-15,
 'ksp_error_if_not_converged': False,
 'ksp_max_it': 80,
 'ksp_rtol': 1e-11,
 'ksp_type': 'fgmres',
 'mat_type': 'nest',
 'pc_fieldsplit_schur_factorization_type': 'full',
 'pc_fieldsplit_schur_precondition': 'user',
 'pc_fieldsplit_type': 'schur',
 'pc_type': 'fieldsplit',
 'petscpartitioner_parmetis_debug': 'true',
 'petscpartitioner_type': 'parmetis',
 'snes_atol': 1e-10,
 'snes_convergence_test': 'skip',
 'snes_lag_jacobian': -2,
 'snes_lag_preconditioner': -2,
 'snes_max_it': 1,
 'snes_rtol': 1e-10,
 'snes_stol': 1e-10,
 'snes_type': 'ksponly'}
Warm-up run complete.
Warm run complete.
order=10 nref= 3 baseN(quad=False)=3 | ndofs= 4229282 | rel_resid[27]=8.68e-12 | overall_time(s)=2.584e+02 warm_time(s)=9.386e+01
